[2023-06-20 15:21:22.640 +05:30  INF]  User profile is available. Using 'C:\Users\arshadm\AppData\Local\ASP.NET\DataProtection-Keys' as key repository and Windows DPAPI to encrypt keys at rest.
[2023-06-20 15:21:23.472 +05:30  INF]  Now listening on: https://localhost:7215
[2023-06-20 15:21:23.472 +05:30  INF]  Now listening on: http://localhost:5215
[2023-06-20 15:21:23.475 +05:30  INF]  Application started. Press Ctrl+C to shut down.
[2023-06-20 15:21:23.475 +05:30  INF]  Hosting environment: Development
[2023-06-20 15:21:23.475 +05:30  INF]  Content root path: D:\Arshad Backup\Backup\KopkeHome-FMRS\KopkeHome-FMRS_API\
[2023-06-20 15:21:26.481 +05:30  INF]  Request starting HTTP/2 GET https://localhost:7215/swagger/index.html - -
[2023-06-20 15:21:27.537 +05:30  INF]  Request finished HTTP/2 GET https://localhost:7215/swagger/index.html - - - 200 - text/html;charset=utf-8 1058.1375ms
[2023-06-20 15:21:27.570 +05:30  INF]  Request starting HTTP/2 GET https://localhost:7215/_framework/aspnetcore-browser-refresh.js - -
[2023-06-20 15:21:27.572 +05:30  INF]  Request finished HTTP/2 GET https://localhost:7215/_framework/aspnetcore-browser-refresh.js - - - 200 11952 application/javascript;+charset=utf-8 2.1013ms
[2023-06-20 15:21:28.225 +05:30  INF]  Request starting HTTP/2 GET https://localhost:7215/swagger/v1/swagger.json - -
[2023-06-20 15:21:28.329 +05:30  INF]  Request finished HTTP/2 GET https://localhost:7215/swagger/v1/swagger.json - - - 200 - application/json;charset=utf-8 104.4834ms
[2023-06-20 15:21:28.541 +05:30  INF]  Request starting HTTP/1.1 GET https://localhost:7215/Admin/GetAllPromoVideos - -
[2023-06-20 15:21:28.541 +05:30  INF]  Request starting HTTP/1.1 GET https://localhost:7215/Admin/GetAllProhzLegalFiles - -
[2023-06-20 15:21:28.552 +05:30  INF]  Executing endpoint 'KopkeHome_FMRS_API.Controllers.AdminController.GetAllPromoVideos (KopkeHome-FMRS_API)'
[2023-06-20 15:21:28.552 +05:30  INF]  Executing endpoint 'KopkeHome_FMRS_API.Controllers.AdminController.GetAllProhzLegalFiles (KopkeHome-FMRS_API)'
[2023-06-20 15:21:28.567 +05:30  INF]  Route matched with {action = "GetAllPromoVideos", controller = "Admin"}. Executing controller action with signature System.Threading.Tasks.Task`1[System.Collections.Generic.List`1[KopkeHome_ModelLayer.DataModel.PromoVideos]] GetAllPromoVideos() on controller KopkeHome_FMRS_API.Controllers.AdminController (KopkeHome-FMRS_API).
[2023-06-20 15:21:28.567 +05:30  INF]  Route matched with {action = "GetAllProhzLegalFiles", controller = "Admin"}. Executing controller action with signature System.Threading.Tasks.Task`1[System.Collections.Generic.List`1[KopkeHome_ModelLayer.DataModel.ProhzLegalFiles]] GetAllProhzLegalFiles() on controller KopkeHome_FMRS_API.Controllers.AdminController (KopkeHome-FMRS_API).
[2023-06-20 15:21:31.050 +05:30  INF]  Entity Framework Core 6.0.4 initialized 'ApplicationDbContext' using provider 'Microsoft.EntityFrameworkCore.SqlServer:6.0.2' with options: NoTracking 
[2023-06-20 15:21:31.050 +05:30  INF]  Entity Framework Core 6.0.4 initialized 'ApplicationDbContext' using provider 'Microsoft.EntityFrameworkCore.SqlServer:6.0.2' with options: NoTracking 
[2023-06-20 15:21:33.794 +05:30  INF]  Executed DbCommand (246ms) [Parameters=[], CommandType='"Text"', CommandTimeout='30']
SELECT [p].[Id], [p].[FilePath], [p].[FileType], [p].[Name]
FROM [ProhzLegalFiles] AS [p]
[2023-06-20 15:21:33.820 +05:30  INF]  Executing ObjectResult, writing value of type 'System.Collections.Generic.List`1[[KopkeHome_ModelLayer.DataModel.ProhzLegalFiles, KopkeHome-ModelLayer, Version=1.0.0.0, Culture=neutral, PublicKeyToken=null]]'.
[2023-06-20 15:21:33.827 +05:30  INF]  Executed action KopkeHome_FMRS_API.Controllers.AdminController.GetAllProhzLegalFiles (KopkeHome-FMRS_API) in 5256.096ms
[2023-06-20 15:21:33.827 +05:30  INF]  Executed endpoint 'KopkeHome_FMRS_API.Controllers.AdminController.GetAllProhzLegalFiles (KopkeHome-FMRS_API)'
[2023-06-20 15:21:33.831 +05:30  INF]  Request finished HTTP/1.1 GET https://localhost:7215/Admin/GetAllProhzLegalFiles - - - 200 - application/json;+charset=utf-8 5289.5466ms
[2023-06-20 15:21:34.661 +05:30  INF]  Executed DbCommand (225ms) [Parameters=[], CommandType='"Text"', CommandTimeout='30']
SELECT [p].[Id], [p].[FileName], [p].[FilePath], [p].[IsActive], [p].[OriginalName]
FROM [PromoVideos] AS [p]
WHERE [p].[IsActive] = CAST(1 AS bit)
[2023-06-20 15:21:34.661 +05:30  INF]  Executing ObjectResult, writing value of type 'System.Collections.Generic.List`1[[KopkeHome_ModelLayer.DataModel.PromoVideos, KopkeHome-ModelLayer, Version=1.0.0.0, Culture=neutral, PublicKeyToken=null]]'.
[2023-06-20 15:21:34.662 +05:30  INF]  Executed action KopkeHome_FMRS_API.Controllers.AdminController.GetAllPromoVideos (KopkeHome-FMRS_API) in 6094.8306ms
[2023-06-20 15:21:34.662 +05:30  INF]  Executed endpoint 'KopkeHome_FMRS_API.Controllers.AdminController.GetAllPromoVideos (KopkeHome-FMRS_API)'
[2023-06-20 15:21:34.662 +05:30  INF]  Request finished HTTP/1.1 GET https://localhost:7215/Admin/GetAllPromoVideos - - - 200 - application/json;+charset=utf-8 6120.7108ms
[2023-06-20 15:21:48.052 +05:30  INF]  Request starting HTTP/1.1 GET https://localhost:7215/Admin/GetAllProhzLegalFiles - -
[2023-06-20 15:21:48.052 +05:30  INF]  Request starting HTTP/1.1 GET https://localhost:7215/Admin/GetAllPromoVideos - -
[2023-06-20 15:21:48.060 +05:30  INF]  Executing endpoint 'KopkeHome_FMRS_API.Controllers.AdminController.GetAllProhzLegalFiles (KopkeHome-FMRS_API)'
[2023-06-20 15:21:48.060 +05:30  INF]  Executing endpoint 'KopkeHome_FMRS_API.Controllers.AdminController.GetAllPromoVideos (KopkeHome-FMRS_API)'
[2023-06-20 15:21:48.060 +05:30  INF]  Route matched with {action = "GetAllProhzLegalFiles", controller = "Admin"}. Executing controller action with signature System.Threading.Tasks.Task`1[System.Collections.Generic.List`1[KopkeHome_ModelLayer.DataModel.ProhzLegalFiles]] GetAllProhzLegalFiles() on controller KopkeHome_FMRS_API.Controllers.AdminController (KopkeHome-FMRS_API).
[2023-06-20 15:21:48.060 +05:30  INF]  Route matched with {action = "GetAllPromoVideos", controller = "Admin"}. Executing controller action with signature System.Threading.Tasks.Task`1[System.Collections.Generic.List`1[KopkeHome_ModelLayer.DataModel.PromoVideos]] GetAllPromoVideos() on controller KopkeHome_FMRS_API.Controllers.AdminController (KopkeHome-FMRS_API).
[2023-06-20 15:21:48.113 +05:30  INF]  Entity Framework Core 6.0.4 initialized 'ApplicationDbContext' using provider 'Microsoft.EntityFrameworkCore.SqlServer:6.0.2' with options: NoTracking 
[2023-06-20 15:21:48.113 +05:30  INF]  Entity Framework Core 6.0.4 initialized 'ApplicationDbContext' using provider 'Microsoft.EntityFrameworkCore.SqlServer:6.0.2' with options: NoTracking 
[2023-06-20 15:21:48.339 +05:30  INF]  Executed DbCommand (225ms) [Parameters=[], CommandType='"Text"', CommandTimeout='30']
SELECT [p].[Id], [p].[FilePath], [p].[FileType], [p].[Name]
FROM [ProhzLegalFiles] AS [p]
[2023-06-20 15:21:48.340 +05:30  INF]  Executing ObjectResult, writing value of type 'System.Collections.Generic.List`1[[KopkeHome_ModelLayer.DataModel.ProhzLegalFiles, KopkeHome-ModelLayer, Version=1.0.0.0, Culture=neutral, PublicKeyToken=null]]'.
[2023-06-20 15:21:48.340 +05:30  INF]  Executed action KopkeHome_FMRS_API.Controllers.AdminController.GetAllProhzLegalFiles (KopkeHome-FMRS_API) in 279.9153ms
[2023-06-20 15:21:48.340 +05:30  INF]  Executed endpoint 'KopkeHome_FMRS_API.Controllers.AdminController.GetAllProhzLegalFiles (KopkeHome-FMRS_API)'
[2023-06-20 15:21:48.340 +05:30  INF]  Request finished HTTP/1.1 GET https://localhost:7215/Admin/GetAllProhzLegalFiles - - - 200 - application/json;+charset=utf-8 287.7165ms
[2023-06-20 15:21:48.340 +05:30  INF]  Executed DbCommand (225ms) [Parameters=[], CommandType='"Text"', CommandTimeout='30']
SELECT [p].[Id], [p].[FileName], [p].[FilePath], [p].[IsActive], [p].[OriginalName]
FROM [PromoVideos] AS [p]
WHERE [p].[IsActive] = CAST(1 AS bit)
[2023-06-20 15:21:48.341 +05:30  INF]  Executing ObjectResult, writing value of type 'System.Collections.Generic.List`1[[KopkeHome_ModelLayer.DataModel.PromoVideos, KopkeHome-ModelLayer, Version=1.0.0.0, Culture=neutral, PublicKeyToken=null]]'.
[2023-06-20 15:21:48.341 +05:30  INF]  Executed action KopkeHome_FMRS_API.Controllers.AdminController.GetAllPromoVideos (KopkeHome-FMRS_API) in 280.8771ms
[2023-06-20 15:21:48.341 +05:30  INF]  Executed endpoint 'KopkeHome_FMRS_API.Controllers.AdminController.GetAllPromoVideos (KopkeHome-FMRS_API)'
[2023-06-20 15:21:48.341 +05:30  INF]  Request finished HTTP/1.1 GET https://localhost:7215/Admin/GetAllPromoVideos - - - 200 - application/json;+charset=utf-8 288.7241ms
[2023-06-20 15:21:48.655 +05:30  INF]  Request starting HTTP/1.1 GET https://localhost:7215/Admin/GetAllPromoVideos - -
[2023-06-20 15:21:48.657 +05:30  INF]  Request starting HTTP/1.1 GET https://localhost:7215/Admin/GetAllProhzLegalFiles - -
[2023-06-20 15:21:48.657 +05:30  INF]  Executing endpoint 'KopkeHome_FMRS_API.Controllers.AdminController.GetAllPromoVideos (KopkeHome-FMRS_API)'
[2023-06-20 15:21:48.657 +05:30  INF]  Executing endpoint 'KopkeHome_FMRS_API.Controllers.AdminController.GetAllProhzLegalFiles (KopkeHome-FMRS_API)'
[2023-06-20 15:21:48.657 +05:30  INF]  Route matched with {action = "GetAllPromoVideos", controller = "Admin"}. Executing controller action with signature System.Threading.Tasks.Task`1[System.Collections.Generic.List`1[KopkeHome_ModelLayer.DataModel.PromoVideos]] GetAllPromoVideos() on controller KopkeHome_FMRS_API.Controllers.AdminController (KopkeHome-FMRS_API).
[2023-06-20 15:21:48.657 +05:30  INF]  Route matched with {action = "GetAllProhzLegalFiles", controller = "Admin"}. Executing controller action with signature System.Threading.Tasks.Task`1[System.Collections.Generic.List`1[KopkeHome_ModelLayer.DataModel.ProhzLegalFiles]] GetAllProhzLegalFiles() on controller KopkeHome_FMRS_API.Controllers.AdminController (KopkeHome-FMRS_API).
[2023-06-20 15:21:48.658 +05:30  INF]  Entity Framework Core 6.0.4 initialized 'ApplicationDbContext' using provider 'Microsoft.EntityFrameworkCore.SqlServer:6.0.2' with options: NoTracking 
[2023-06-20 15:21:48.658 +05:30  INF]  Entity Framework Core 6.0.4 initialized 'ApplicationDbContext' using provider 'Microsoft.EntityFrameworkCore.SqlServer:6.0.2' with options: NoTracking 
[2023-06-20 15:21:48.834 +05:30  INF]  Request starting HTTP/1.1 GET https://localhost:7215/Admin/GetAllProhzLegalFiles - -
[2023-06-20 15:21:48.834 +05:30  INF]  Request starting HTTP/1.1 GET https://localhost:7215/Admin/GetAllPromoVideos - -
[2023-06-20 15:21:48.835 +05:30  INF]  Executing endpoint 'KopkeHome_FMRS_API.Controllers.AdminController.GetAllPromoVideos (KopkeHome-FMRS_API)'
[2023-06-20 15:21:48.835 +05:30  INF]  Executing endpoint 'KopkeHome_FMRS_API.Controllers.AdminController.GetAllProhzLegalFiles (KopkeHome-FMRS_API)'
[2023-06-20 15:21:48.835 +05:30  INF]  Route matched with {action = "GetAllProhzLegalFiles", controller = "Admin"}. Executing controller action with signature System.Threading.Tasks.Task`1[System.Collections.Generic.List`1[KopkeHome_ModelLayer.DataModel.ProhzLegalFiles]] GetAllProhzLegalFiles() on controller KopkeHome_FMRS_API.Controllers.AdminController (KopkeHome-FMRS_API).
[2023-06-20 15:21:48.835 +05:30  INF]  Route matched with {action = "GetAllPromoVideos", controller = "Admin"}. Executing controller action with signature System.Threading.Tasks.Task`1[System.Collections.Generic.List`1[KopkeHome_ModelLayer.DataModel.PromoVideos]] GetAllPromoVideos() on controller KopkeHome_FMRS_API.Controllers.AdminController (KopkeHome-FMRS_API).
[2023-06-20 15:21:48.835 +05:30  INF]  Entity Framework Core 6.0.4 initialized 'ApplicationDbContext' using provider 'Microsoft.EntityFrameworkCore.SqlServer:6.0.2' with options: NoTracking 
[2023-06-20 15:21:48.835 +05:30  INF]  Entity Framework Core 6.0.4 initialized 'ApplicationDbContext' using provider 'Microsoft.EntityFrameworkCore.SqlServer:6.0.2' with options: NoTracking 
[2023-06-20 15:21:48.881 +05:30  INF]  Executed DbCommand (223ms) [Parameters=[], CommandType='"Text"', CommandTimeout='30']
SELECT [p].[Id], [p].[FileName], [p].[FilePath], [p].[IsActive], [p].[OriginalName]
FROM [PromoVideos] AS [p]
WHERE [p].[IsActive] = CAST(1 AS bit)
[2023-06-20 15:21:48.881 +05:30  INF]  Executing ObjectResult, writing value of type 'System.Collections.Generic.List`1[[KopkeHome_ModelLayer.DataModel.PromoVideos, KopkeHome-ModelLayer, Version=1.0.0.0, Culture=neutral, PublicKeyToken=null]]'.
[2023-06-20 15:21:48.881 +05:30  INF]  Executed action KopkeHome_FMRS_API.Controllers.AdminController.GetAllPromoVideos (KopkeHome-FMRS_API) in 224.3388ms
[2023-06-20 15:21:48.881 +05:30  INF]  Executed endpoint 'KopkeHome_FMRS_API.Controllers.AdminController.GetAllPromoVideos (KopkeHome-FMRS_API)'
[2023-06-20 15:21:48.881 +05:30  INF]  Request finished HTTP/1.1 GET https://localhost:7215/Admin/GetAllPromoVideos - - - 200 - application/json;+charset=utf-8 225.9967ms
[2023-06-20 15:21:48.882 +05:30  INF]  Executed DbCommand (225ms) [Parameters=[], CommandType='"Text"', CommandTimeout='30']
SELECT [p].[Id], [p].[FilePath], [p].[FileType], [p].[Name]
FROM [ProhzLegalFiles] AS [p]
[2023-06-20 15:21:48.883 +05:30  INF]  Executing ObjectResult, writing value of type 'System.Collections.Generic.List`1[[KopkeHome_ModelLayer.DataModel.ProhzLegalFiles, KopkeHome-ModelLayer, Version=1.0.0.0, Culture=neutral, PublicKeyToken=null]]'.
[2023-06-20 15:21:48.883 +05:30  INF]  Executed action KopkeHome_FMRS_API.Controllers.AdminController.GetAllProhzLegalFiles (KopkeHome-FMRS_API) in 225.7157ms
[2023-06-20 15:21:48.883 +05:30  INF]  Executed endpoint 'KopkeHome_FMRS_API.Controllers.AdminController.GetAllProhzLegalFiles (KopkeHome-FMRS_API)'
[2023-06-20 15:21:48.883 +05:30  INF]  Request finished HTTP/1.1 GET https://localhost:7215/Admin/GetAllProhzLegalFiles - - - 200 - application/json;+charset=utf-8 226.1171ms
[2023-06-20 15:21:49.007 +05:30  INF]  Request starting HTTP/1.1 GET https://localhost:7215/Admin/GetAllProhzLegalFiles - -
[2023-06-20 15:21:49.012 +05:30  INF]  Executing endpoint 'KopkeHome_FMRS_API.Controllers.AdminController.GetAllProhzLegalFiles (KopkeHome-FMRS_API)'
[2023-06-20 15:21:49.013 +05:30  INF]  Route matched with {action = "GetAllProhzLegalFiles", controller = "Admin"}. Executing controller action with signature System.Threading.Tasks.Task`1[System.Collections.Generic.List`1[KopkeHome_ModelLayer.DataModel.ProhzLegalFiles]] GetAllProhzLegalFiles() on controller KopkeHome_FMRS_API.Controllers.AdminController (KopkeHome-FMRS_API).
[2023-06-20 15:21:49.013 +05:30  INF]  Request starting HTTP/1.1 GET https://localhost:7215/Admin/GetAllPromoVideos - -
[2023-06-20 15:21:49.013 +05:30  INF]  Executing endpoint 'KopkeHome_FMRS_API.Controllers.AdminController.GetAllPromoVideos (KopkeHome-FMRS_API)'
[2023-06-20 15:21:49.013 +05:30  INF]  Route matched with {action = "GetAllPromoVideos", controller = "Admin"}. Executing controller action with signature System.Threading.Tasks.Task`1[System.Collections.Generic.List`1[KopkeHome_ModelLayer.DataModel.PromoVideos]] GetAllPromoVideos() on controller KopkeHome_FMRS_API.Controllers.AdminController (KopkeHome-FMRS_API).
[2023-06-20 15:21:49.014 +05:30  INF]  Entity Framework Core 6.0.4 initialized 'ApplicationDbContext' using provider 'Microsoft.EntityFrameworkCore.SqlServer:6.0.2' with options: NoTracking 
[2023-06-20 15:21:49.014 +05:30  INF]  Entity Framework Core 6.0.4 initialized 'ApplicationDbContext' using provider 'Microsoft.EntityFrameworkCore.SqlServer:6.0.2' with options: NoTracking 
[2023-06-20 15:21:49.237 +05:30  INF]  Executed DbCommand (223ms) [Parameters=[], CommandType='"Text"', CommandTimeout='30']
SELECT [p].[Id], [p].[FileName], [p].[FilePath], [p].[IsActive], [p].[OriginalName]
FROM [PromoVideos] AS [p]
WHERE [p].[IsActive] = CAST(1 AS bit)
[2023-06-20 15:21:49.237 +05:30  INF]  Executing ObjectResult, writing value of type 'System.Collections.Generic.List`1[[KopkeHome_ModelLayer.DataModel.PromoVideos, KopkeHome-ModelLayer, Version=1.0.0.0, Culture=neutral, PublicKeyToken=null]]'.
[2023-06-20 15:21:49.237 +05:30  INF]  Executed action KopkeHome_FMRS_API.Controllers.AdminController.GetAllPromoVideos (KopkeHome-FMRS_API) in 224.15ms
[2023-06-20 15:21:49.237 +05:30  INF]  Executed endpoint 'KopkeHome_FMRS_API.Controllers.AdminController.GetAllPromoVideos (KopkeHome-FMRS_API)'
[2023-06-20 15:21:49.238 +05:30  INF]  Request finished HTTP/1.1 GET https://localhost:7215/Admin/GetAllPromoVideos - - - 200 - application/json;+charset=utf-8 225.8426ms
[2023-06-20 15:21:49.238 +05:30  INF]  Executed DbCommand (224ms) [Parameters=[], CommandType='"Text"', CommandTimeout='30']
SELECT [p].[Id], [p].[FilePath], [p].[FileType], [p].[Name]
FROM [ProhzLegalFiles] AS [p]
[2023-06-20 15:21:49.238 +05:30  INF]  Executing ObjectResult, writing value of type 'System.Collections.Generic.List`1[[KopkeHome_ModelLayer.DataModel.ProhzLegalFiles, KopkeHome-ModelLayer, Version=1.0.0.0, Culture=neutral, PublicKeyToken=null]]'.
[2023-06-20 15:21:49.238 +05:30  INF]  Executed action KopkeHome_FMRS_API.Controllers.AdminController.GetAllProhzLegalFiles (KopkeHome-FMRS_API) in 225.6726ms
[2023-06-20 15:21:49.239 +05:30  INF]  Executed endpoint 'KopkeHome_FMRS_API.Controllers.AdminController.GetAllProhzLegalFiles (KopkeHome-FMRS_API)'
[2023-06-20 15:21:49.239 +05:30  INF]  Request finished HTTP/1.1 GET https://localhost:7215/Admin/GetAllProhzLegalFiles - - - 200 - application/json;+charset=utf-8 231.1552ms
[2023-06-20 15:21:49.953 +05:30  INF]  Executed DbCommand (214ms) [Parameters=[], CommandType='"Text"', CommandTimeout='30']
SELECT [p].[Id], [p].[FilePath], [p].[FileType], [p].[Name]
FROM [ProhzLegalFiles] AS [p]
[2023-06-20 15:21:49.953 +05:30  INF]  Executing ObjectResult, writing value of type 'System.Collections.Generic.List`1[[KopkeHome_ModelLayer.DataModel.ProhzLegalFiles, KopkeHome-ModelLayer, Version=1.0.0.0, Culture=neutral, PublicKeyToken=null]]'.
[2023-06-20 15:21:49.953 +05:30  INF]  Executed action KopkeHome_FMRS_API.Controllers.AdminController.GetAllProhzLegalFiles (KopkeHome-FMRS_API) in 1118.3292ms
[2023-06-20 15:21:49.953 +05:30  INF]  Executed endpoint 'KopkeHome_FMRS_API.Controllers.AdminController.GetAllProhzLegalFiles (KopkeHome-FMRS_API)'
[2023-06-20 15:21:49.953 +05:30  INF]  Request finished HTTP/1.1 GET https://localhost:7215/Admin/GetAllProhzLegalFiles - - - 200 - application/json;+charset=utf-8 1118.7470ms
[2023-06-20 15:21:49.963 +05:30  INF]  Executed DbCommand (225ms) [Parameters=[], CommandType='"Text"', CommandTimeout='30']
SELECT [p].[Id], [p].[FileName], [p].[FilePath], [p].[IsActive], [p].[OriginalName]
FROM [PromoVideos] AS [p]
WHERE [p].[IsActive] = CAST(1 AS bit)
[2023-06-20 15:21:49.963 +05:30  INF]  Executing ObjectResult, writing value of type 'System.Collections.Generic.List`1[[KopkeHome_ModelLayer.DataModel.PromoVideos, KopkeHome-ModelLayer, Version=1.0.0.0, Culture=neutral, PublicKeyToken=null]]'.
[2023-06-20 15:21:49.963 +05:30  INF]  Executed action KopkeHome_FMRS_API.Controllers.AdminController.GetAllPromoVideos (KopkeHome-FMRS_API) in 1128.1444ms
[2023-06-20 15:21:49.963 +05:30  INF]  Executed endpoint 'KopkeHome_FMRS_API.Controllers.AdminController.GetAllPromoVideos (KopkeHome-FMRS_API)'
[2023-06-20 15:21:49.963 +05:30  INF]  Request finished HTTP/1.1 GET https://localhost:7215/Admin/GetAllPromoVideos - - - 200 - application/json;+charset=utf-8 1128.5625ms
[2023-06-20 15:21:55.628 +05:30  INF]  Request starting HTTP/1.1 GET https://localhost:7215/Account/GetStates - -
[2023-06-20 15:21:55.628 +05:30  INF]  Executing endpoint 'KopkeHome_FMRS_API.Controllers.AccountController.GetStates (KopkeHome-FMRS_API)'
[2023-06-20 15:21:55.630 +05:30  INF]  Route matched with {action = "GetStates", controller = "Account"}. Executing controller action with signature System.Threading.Tasks.Task`1[System.Collections.Generic.List`1[KopkeHome_ModelLayer.DataModel.State]] GetStates() on controller KopkeHome_FMRS_API.Controllers.AccountController (KopkeHome-FMRS_API).
[2023-06-20 15:21:55.632 +05:30  INF]  Entity Framework Core 6.0.4 initialized 'ApplicationDbContext' using provider 'Microsoft.EntityFrameworkCore.SqlServer:6.0.2' with options: NoTracking 
[2023-06-20 15:21:56.170 +05:30  INF]  Executed DbCommand (535ms) [Parameters=[], CommandType='"Text"', CommandTimeout='30']
SELECT [s].[StateId], [s].[CountryId], [s].[StateName], [s].[USAStateCode]
FROM [State] AS [s]
[2023-06-20 15:21:56.170 +05:30  INF]  Executing ObjectResult, writing value of type 'System.Collections.Generic.List`1[[KopkeHome_ModelLayer.DataModel.State, KopkeHome-ModelLayer, Version=1.0.0.0, Culture=neutral, PublicKeyToken=null]]'.
[2023-06-20 15:21:56.171 +05:30  INF]  Executed action KopkeHome_FMRS_API.Controllers.AccountController.GetStates (KopkeHome-FMRS_API) in 540.7048ms
[2023-06-20 15:21:56.171 +05:30  INF]  Executed endpoint 'KopkeHome_FMRS_API.Controllers.AccountController.GetStates (KopkeHome-FMRS_API)'
[2023-06-20 15:21:56.171 +05:30  INF]  Request finished HTTP/1.1 GET https://localhost:7215/Account/GetStates - - - 200 - application/json;+charset=utf-8 543.4700ms
[2023-06-20 15:21:56.913 +05:30  INF]  Request starting HTTP/1.1 GET https://localhost:7215/Admin/GetAllPromoVideos - -
[2023-06-20 15:21:56.913 +05:30  INF]  Executing endpoint 'KopkeHome_FMRS_API.Controllers.AdminController.GetAllPromoVideos (KopkeHome-FMRS_API)'
[2023-06-20 15:21:56.914 +05:30  INF]  Route matched with {action = "GetAllPromoVideos", controller = "Admin"}. Executing controller action with signature System.Threading.Tasks.Task`1[System.Collections.Generic.List`1[KopkeHome_ModelLayer.DataModel.PromoVideos]] GetAllPromoVideos() on controller KopkeHome_FMRS_API.Controllers.AdminController (KopkeHome-FMRS_API).
[2023-06-20 15:21:56.914 +05:30  INF]  Entity Framework Core 6.0.4 initialized 'ApplicationDbContext' using provider 'Microsoft.EntityFrameworkCore.SqlServer:6.0.2' with options: NoTracking 
[2023-06-20 15:21:56.931 +05:30  INF]  Request starting HTTP/1.1 GET https://localhost:7215/Admin/GetAllProhzLegalFiles - -
[2023-06-20 15:21:56.932 +05:30  INF]  Executing endpoint 'KopkeHome_FMRS_API.Controllers.AdminController.GetAllProhzLegalFiles (KopkeHome-FMRS_API)'
[2023-06-20 15:21:56.932 +05:30  INF]  Route matched with {action = "GetAllProhzLegalFiles", controller = "Admin"}. Executing controller action with signature System.Threading.Tasks.Task`1[System.Collections.Generic.List`1[KopkeHome_ModelLayer.DataModel.ProhzLegalFiles]] GetAllProhzLegalFiles() on controller KopkeHome_FMRS_API.Controllers.AdminController (KopkeHome-FMRS_API).
[2023-06-20 15:21:56.933 +05:30  INF]  Entity Framework Core 6.0.4 initialized 'ApplicationDbContext' using provider 'Microsoft.EntityFrameworkCore.SqlServer:6.0.2' with options: NoTracking 
[2023-06-20 15:21:57.139 +05:30  INF]  Executed DbCommand (225ms) [Parameters=[], CommandType='"Text"', CommandTimeout='30']
SELECT [p].[Id], [p].[FileName], [p].[FilePath], [p].[IsActive], [p].[OriginalName]
FROM [PromoVideos] AS [p]
WHERE [p].[IsActive] = CAST(1 AS bit)
[2023-06-20 15:21:57.139 +05:30  INF]  Executing ObjectResult, writing value of type 'System.Collections.Generic.List`1[[KopkeHome_ModelLayer.DataModel.PromoVideos, KopkeHome-ModelLayer, Version=1.0.0.0, Culture=neutral, PublicKeyToken=null]]'.
[2023-06-20 15:21:57.139 +05:30  INF]  Executed action KopkeHome_FMRS_API.Controllers.AdminController.GetAllPromoVideos (KopkeHome-FMRS_API) in 225.841ms
[2023-06-20 15:21:57.139 +05:30  INF]  Executed endpoint 'KopkeHome_FMRS_API.Controllers.AdminController.GetAllPromoVideos (KopkeHome-FMRS_API)'
[2023-06-20 15:21:57.140 +05:30  INF]  Request finished HTTP/1.1 GET https://localhost:7215/Admin/GetAllPromoVideos - - - 200 - application/json;+charset=utf-8 226.3439ms
[2023-06-20 15:21:57.148 +05:30  INF]  Executed DbCommand (214ms) [Parameters=[], CommandType='"Text"', CommandTimeout='30']
SELECT [p].[Id], [p].[FilePath], [p].[FileType], [p].[Name]
FROM [ProhzLegalFiles] AS [p]
[2023-06-20 15:21:57.148 +05:30  INF]  Executing ObjectResult, writing value of type 'System.Collections.Generic.List`1[[KopkeHome_ModelLayer.DataModel.ProhzLegalFiles, KopkeHome-ModelLayer, Version=1.0.0.0, Culture=neutral, PublicKeyToken=null]]'.
[2023-06-20 15:21:57.149 +05:30  INF]  Executed action KopkeHome_FMRS_API.Controllers.AdminController.GetAllProhzLegalFiles (KopkeHome-FMRS_API) in 216.528ms
[2023-06-20 15:21:57.149 +05:30  INF]  Executed endpoint 'KopkeHome_FMRS_API.Controllers.AdminController.GetAllProhzLegalFiles (KopkeHome-FMRS_API)'
[2023-06-20 15:21:57.149 +05:30  INF]  Request finished HTTP/1.1 GET https://localhost:7215/Admin/GetAllProhzLegalFiles - - - 200 - application/json;+charset=utf-8 217.5014ms
