[2024-01-27 15:30:26.538 -05:00  INF]  User profile is available. Using 'C:\Users\Percival\AppData\Local\ASP.NET\DataProtection-Keys' as key repository and Windows DPAPI to encrypt keys at rest.
[2024-01-27 15:30:26.694 -05:00  INF]  Now listening on: https://localhost:7215
[2024-01-27 15:30:26.694 -05:00  INF]  Now listening on: http://localhost:5215
[2024-01-27 15:30:26.696 -05:00  INF]  Application started. Press Ctrl+C to shut down.
[2024-01-27 15:30:26.696 -05:00  INF]  Hosting environment: Development
[2024-01-27 15:30:26.696 -05:00  INF]  Content root path: C:\Users\Percival\Development\prohz\KopkeHome-FMRS_API\
[2024-01-27 15:30:26.953 -05:00  INF]  Request starting HTTP/2 GET https://localhost:7215/swagger - -
[2024-01-27 15:30:27.000 -05:00  INF]  Request finished HTTP/2 GET https://localhost:7215/swagger - - - 301 0 - 49.6307ms
[2024-01-27 15:30:27.006 -05:00  INF]  Request starting HTTP/2 GET https://localhost:7215/swagger/index.html - -
[2024-01-27 15:30:27.047 -05:00  INF]  Request finished HTTP/2 GET https://localhost:7215/swagger/index.html - - - 200 - text/html;charset=utf-8 40.9139ms
[2024-01-27 15:30:27.058 -05:00  INF]  Request starting HTTP/2 GET https://localhost:7215/swagger/swagger-ui.css - -
[2024-01-27 15:30:27.058 -05:00  INF]  Request starting HTTP/2 GET https://localhost:7215/swagger/swagger-ui-bundle.js - -
[2024-01-27 15:30:27.058 -05:00  INF]  Request starting HTTP/2 GET https://localhost:7215/_framework/aspnetcore-browser-refresh.js - -
[2024-01-27 15:30:27.058 -05:00  INF]  Request starting HTTP/2 GET https://localhost:7215/swagger/swagger-ui-standalone-preset.js - -
[2024-01-27 15:30:27.060 -05:00  INF]  Request finished HTTP/2 GET https://localhost:7215/_framework/aspnetcore-browser-refresh.js - - - 200 13732 application/javascript;+charset=utf-8 1.7699ms
[2024-01-27 15:30:27.067 -05:00  INF]  Sending file. Request path: '/swagger-ui.css'. Physical path: 'N/A'
[2024-01-27 15:30:27.069 -05:00  INF]  Sending file. Request path: '/swagger-ui-standalone-preset.js'. Physical path: 'N/A'
[2024-01-27 15:30:27.070 -05:00  INF]  Request finished HTTP/2 GET https://localhost:7215/swagger/swagger-ui.css - - - 200 143632 text/css 11.6425ms
[2024-01-27 15:30:27.074 -05:00  INF]  Request finished HTTP/2 GET https://localhost:7215/swagger/swagger-ui-standalone-preset.js - - - 200 337162 application/javascript 15.6672ms
[2024-01-27 15:30:27.077 -05:00  INF]  Sending file. Request path: '/swagger-ui-bundle.js'. Physical path: 'N/A'
[2024-01-27 15:30:27.078 -05:00  INF]  Request finished HTTP/2 GET https://localhost:7215/swagger/swagger-ui-bundle.js - - - 200 1092889 application/javascript 19.7260ms
[2024-01-27 15:30:27.303 -05:00  INF]  Request starting HTTP/2 GET https://localhost:7215/swagger/v1/swagger.json - -
[2024-01-27 15:30:27.323 -05:00  INF]  Request starting HTTP/2 GET https://localhost:7215/swagger/favicon-32x32.png - -
[2024-01-27 15:30:27.324 -05:00  INF]  Sending file. Request path: '/favicon-32x32.png'. Physical path: 'N/A'
[2024-01-27 15:30:27.324 -05:00  INF]  Request finished HTTP/2 GET https://localhost:7215/swagger/favicon-32x32.png - - - 200 628 image/png 0.7558ms
[2024-01-27 15:30:27.427 -05:00  INF]  Request finished HTTP/2 GET https://localhost:7215/swagger/v1/swagger.json - - - 200 - application/json;charset=utf-8 124.6954ms
