[2022-11-12 17:14:18.064 +05:30  INF]  User profile is available. Using 'C:\Users\mirh\AppData\Local\ASP.NET\DataProtection-Keys' as key repository and Windows DPAPI to encrypt keys at rest.
[2022-11-12 17:14:18.716 +05:30  INF]  Now listening on: https://localhost:7215
[2022-11-12 17:14:18.716 +05:30  INF]  Now listening on: http://localhost:5215
[2022-11-12 17:14:18.719 +05:30  INF]  Application started. Press Ctrl+C to shut down.
[2022-11-12 17:14:18.719 +05:30  INF]  Hosting environment: Development
[2022-11-12 17:14:18.719 +05:30  INF]  Content root path: D:\KopkeHome-FMRS\KopkeHome-FMRS_API\
[2022-11-12 17:14:20.541 +05:30  INF]  Request starting HTTP/2 GET https://localhost:7215/swagger/index.html - -
[2022-11-12 17:14:21.224 +05:30  INF]  Request finished HTTP/2 GET https://localhost:7215/swagger/index.html - - - 200 - text/html;charset=utf-8 685.1385ms
[2022-11-12 17:14:21.235 +05:30  INF]  Request starting HTTP/2 GET https://localhost:7215/_framework/aspnetcore-browser-refresh.js - -
[2022-11-12 17:14:21.243 +05:30  INF]  Request finished HTTP/2 GET https://localhost:7215/_framework/aspnetcore-browser-refresh.js - - - 200 11952 application/javascript;+charset=utf-8 7.6051ms
[2022-11-12 17:14:21.339 +05:30  INF]  Request starting HTTP/2 GET https://localhost:7215/swagger/v1/swagger.json - -
[2022-11-12 17:14:21.523 +05:30  INF]  Request finished HTTP/2 GET https://localhost:7215/swagger/v1/swagger.json - - - 200 - application/json;charset=utf-8 184.1185ms
[2022-11-12 17:14:22.704 +05:30  INF]  Request starting HTTP/1.1 GET https://localhost:7215/Account/GetStates - -
[2022-11-12 17:14:22.724 +05:30  INF]  Executing endpoint 'KopkeHome_FMRS_API.Controllers.AccountController.GetStates (KopkeHome-FMRS_API)'
[2022-11-12 17:14:22.745 +05:30  INF]  Route matched with {action = "GetStates", controller = "Account"}. Executing controller action with signature System.Threading.Tasks.Task`1[System.Collections.Generic.List`1[KopkeHome_ModelLayer.DataModel.State]] GetStates() on controller KopkeHome_FMRS_API.Controllers.AccountController (KopkeHome-FMRS_API).
[2022-11-12 17:14:24.485 +05:30  INF]  Entity Framework Core 6.0.4 initialized 'ApplicationDbContext' using provider 'Microsoft.EntityFrameworkCore.SqlServer:6.0.2' with options: None
[2022-11-12 17:14:25.250 +05:30  INF]  Executed DbCommand (30ms) [Parameters=[], CommandType='"Text"', CommandTimeout='30']
SELECT [s].[StateId], [s].[CountryId], [s].[StateName]
FROM [State] AS [s]
[2022-11-12 17:14:25.313 +05:30  INF]  Executing ObjectResult, writing value of type 'System.Collections.Generic.List`1[[KopkeHome_ModelLayer.DataModel.State, KopkeHome-ModelLayer, Version=1.0.0.0, Culture=neutral, PublicKeyToken=null]]'.
[2022-11-12 17:14:25.322 +05:30  INF]  Executed action KopkeHome_FMRS_API.Controllers.AccountController.GetStates (KopkeHome-FMRS_API) in 2572.3285ms
[2022-11-12 17:14:25.323 +05:30  INF]  Executed endpoint 'KopkeHome_FMRS_API.Controllers.AccountController.GetStates (KopkeHome-FMRS_API)'
[2022-11-12 17:14:25.327 +05:30  INF]  Request finished HTTP/1.1 GET https://localhost:7215/Account/GetStates - - - 200 - application/json;+charset=utf-8 2622.4481ms
[2022-11-12 17:22:15.221 +05:30  INF]  Request starting HTTP/1.1 POST https://localhost:7215/Account/SignIn application/json;+charset=utf-8 -
[2022-11-12 17:22:15.225 +05:30  INF]  Executing endpoint 'KopkeHome_FMRS_API.Controllers.AccountController.SignIn (KopkeHome-FMRS_API)'
[2022-11-12 17:22:15.241 +05:30  INF]  Route matched with {action = "SignIn", controller = "Account"}. Executing controller action with signature System.Threading.Tasks.Task`1[KopkeHome_ModelLayer.Response] SignIn(KopkeHome_ModelLayer.SignIn) on controller KopkeHome_FMRS_API.Controllers.AccountController (KopkeHome-FMRS_API).
[2022-11-12 17:22:15.351 +05:30  INF]  Entity Framework Core 6.0.4 initialized 'ApplicationDbContext' using provider 'Microsoft.EntityFrameworkCore.SqlServer:6.0.2' with options: None
[2022-11-12 17:22:15.505 +05:30  INF]  Executed DbCommand (27ms) [Parameters=[@__ISignIn_Email_0='?' (Size = 256)], CommandType='"Text"', CommandTimeout='30']
SELECT [a].[Id], [a].[AccessFailedCount], [a].[BusinessAddress], [a].[BusinessName], [a].[City], [a].[ConcurrencyStamp], [a].[CreatedOn], [a].[Email], [a].[EmailConfirmed], [a].[FirstName], [a].[IsEmailVerified], [a].[LastName], [a].[LockoutEnabled], [a].[LockoutEnd], [a].[ModifiedOn], [a].[NormalizedEmail], [a].[NormalizedUserName], [a].[PasswordHash], [a].[PhoneNumber], [a].[PhoneNumberConfirmed], [a].[PhoneNumberOffice], [a].[ProfilePicture], [a].[RoleId], [a].[SecurityStamp], [a].[State], [a].[TwoFactorEnabled], [a].[UniqueMemberId], [a].[UserName], [a].[WorkStatus], [a].[WorkStatusModifiedOn], [a].[ZipCode]
FROM [AspNetUsers] AS [a]
WHERE ([a].[Email] = @__ISignIn_Email_0) AND ([a].[IsEmailVerified] = CAST(1 AS bit))
[2022-11-12 17:22:15.575 +05:30  INF]  Executed DbCommand (3ms) [Parameters=[@__normalizedEmail_0='?' (Size = 256)], CommandType='"Text"', CommandTimeout='30']
SELECT TOP(2) [a].[Id], [a].[AccessFailedCount], [a].[BusinessAddress], [a].[BusinessName], [a].[City], [a].[ConcurrencyStamp], [a].[CreatedOn], [a].[Email], [a].[EmailConfirmed], [a].[FirstName], [a].[IsEmailVerified], [a].[LastName], [a].[LockoutEnabled], [a].[LockoutEnd], [a].[ModifiedOn], [a].[NormalizedEmail], [a].[NormalizedUserName], [a].[PasswordHash], [a].[PhoneNumber], [a].[PhoneNumberConfirmed], [a].[PhoneNumberOffice], [a].[ProfilePicture], [a].[RoleId], [a].[SecurityStamp], [a].[State], [a].[TwoFactorEnabled], [a].[UniqueMemberId], [a].[UserName], [a].[WorkStatus], [a].[WorkStatusModifiedOn], [a].[ZipCode]
FROM [AspNetUsers] AS [a]
WHERE [a].[NormalizedEmail] = @__normalizedEmail_0
[2022-11-12 17:22:15.628 +05:30  INF]  Executed DbCommand (3ms) [Parameters=[@__userModel_Id_0='?' (DbType = Int32)], CommandType='"Text"', CommandTimeout='30']
SELECT TOP(1) [u].[Id], [u].[CancelledOn], [u].[CreatedOn], [u].[DowngradedOn], [u].[Email], [u].[InvoiceNumber], [u].[InvoiceUrl], [u].[IsActive], [u].[PaymentStatus], [u].[PeriodEndDate], [u].[PeriodStartDate], [u].[PlanId], [u].[StripeCustomerID], [u].[StripePriceId], [u].[StripeStatus], [u].[StripeSubscriptionId], [u].[UpgradedOn], [u].[UserId]
FROM [UserMembershipSubscriptions] AS [u]
WHERE ([u].[UserId] = @__userModel_Id_0) AND ([u].[IsActive] = CAST(1 AS bit))
[2022-11-12 17:22:15.656 +05:30  INF]  Executed DbCommand (3ms) [Parameters=[@__user_Id_0='?' (DbType = Int32)], CommandType='"Text"', CommandTimeout='30']
SELECT [u].[Id], [u].[CategoriesId], [u].[PlanId], [u].[UserId]
FROM [UserMembershipCategories] AS [u]
WHERE [u].[UserId] = @__user_Id_0
[2022-11-12 17:22:15.661 +05:30  INF]  Executed DbCommand (1ms) [Parameters=[@__user_Id_0='?' (DbType = Int32)], CommandType='"Text"', CommandTimeout='30']
SELECT [u].[Id], [u].[PlanId], [u].[UserId], [u].[ZipCodeId]
FROM [UserMembershipZipcodes] AS [u]
WHERE [u].[UserId] = @__user_Id_0
[2022-11-12 17:22:15.665 +05:30  INF]  Executed DbCommand (1ms) [Parameters=[@__user_Id_0='?' (DbType = Int32)], CommandType='"Text"', CommandTimeout='30']
SELECT TOP(1) [u].[Id], [u].[CategoriesId], [u].[PlanId], [u].[UserId]
FROM [UserMembershipCategories] AS [u]
WHERE [u].[UserId] = @__user_Id_0
[2022-11-12 17:22:15.669 +05:30  INF]  Executed DbCommand (1ms) [Parameters=[@__user_Id_0='?' (DbType = Int32)], CommandType='"Text"', CommandTimeout='30']
SELECT TOP(1) [u].[Id], [u].[CancelledOn], [u].[CreatedOn], [u].[DowngradedOn], [u].[Email], [u].[InvoiceNumber], [u].[InvoiceUrl], [u].[IsActive], [u].[PaymentStatus], [u].[PeriodEndDate], [u].[PeriodStartDate], [u].[PlanId], [u].[StripeCustomerID], [u].[StripePriceId], [u].[StripeStatus], [u].[StripeSubscriptionId], [u].[UpgradedOn], [u].[UserId]
FROM [UserMembershipSubscriptions] AS [u]
WHERE [u].[UserId] = @__user_Id_0
[2022-11-12 17:22:15.675 +05:30  INF]  Executed DbCommand (1ms) [Parameters=[@__Email_0='?' (Size = 256)], CommandType='"Text"', CommandTimeout='30']
SELECT TOP(1) [a].[Id], [a].[AccessFailedCount], [a].[BusinessAddress], [a].[BusinessName], [a].[City], [a].[ConcurrencyStamp], [a].[CreatedOn], [a].[Email], [a].[EmailConfirmed], [a].[FirstName], [a].[IsEmailVerified], [a].[LastName], [a].[LockoutEnabled], [a].[LockoutEnd], [a].[ModifiedOn], [a].[NormalizedEmail], [a].[NormalizedUserName], [a].[PasswordHash], [a].[PhoneNumber], [a].[PhoneNumberConfirmed], [a].[PhoneNumberOffice], [a].[ProfilePicture], [a].[RoleId], [a].[SecurityStamp], [a].[State], [a].[TwoFactorEnabled], [a].[UniqueMemberId], [a].[UserName], [a].[WorkStatus], [a].[WorkStatusModifiedOn], [a].[ZipCode]
FROM [AspNetUsers] AS [a]
WHERE ([a].[Email] = @__Email_0) AND ([a].[IsEmailVerified] = CAST(1 AS bit))
[2022-11-12 17:22:15.918 +05:30  INF]  Executing ObjectResult, writing value of type 'KopkeHome_ModelLayer.Response'.
[2022-11-12 17:22:15.920 +05:30  INF]  Executed action KopkeHome_FMRS_API.Controllers.AccountController.SignIn (KopkeHome-FMRS_API) in 678.683ms
[2022-11-12 17:22:15.920 +05:30  INF]  Executed endpoint 'KopkeHome_FMRS_API.Controllers.AccountController.SignIn (KopkeHome-FMRS_API)'
[2022-11-12 17:22:15.920 +05:30  INF]  Request finished HTTP/1.1 POST https://localhost:7215/Account/SignIn application/json;+charset=utf-8 - - 200 - application/json;+charset=utf-8 699.5023ms
[2022-11-12 17:22:15.931 +05:30  INF]  Request starting HTTP/1.1 POST https://localhost:7215/Account/GetUserByEmail application/x-www-form-urlencoded 26
[2022-11-12 17:22:15.933 +05:30  INF]  Executing endpoint 'KopkeHome_FMRS_API.Controllers.AccountController.GetUserByEmail (KopkeHome-FMRS_API)'
[2022-11-12 17:22:15.936 +05:30  INF]  Route matched with {action = "GetUserByEmail", controller = "Account"}. Executing controller action with signature System.Threading.Tasks.Task`1[KopkeHome_ModelLayer.DataModel.User] GetUserByEmail(System.String) on controller KopkeHome_FMRS_API.Controllers.AccountController (KopkeHome-FMRS_API).
[2022-11-12 17:22:15.987 +05:30  INF]  Entity Framework Core 6.0.4 initialized 'ApplicationDbContext' using provider 'Microsoft.EntityFrameworkCore.SqlServer:6.0.2' with options: None
[2022-11-12 17:22:15.992 +05:30  INF]  Executed DbCommand (3ms) [Parameters=[@__Email_0='?' (Size = 256)], CommandType='"Text"', CommandTimeout='30']
SELECT TOP(1) [a].[Id], [a].[AccessFailedCount], [a].[BusinessAddress], [a].[BusinessName], [a].[City], [a].[ConcurrencyStamp], [a].[CreatedOn], [a].[Email], [a].[EmailConfirmed], [a].[FirstName], [a].[IsEmailVerified], [a].[LastName], [a].[LockoutEnabled], [a].[LockoutEnd], [a].[ModifiedOn], [a].[NormalizedEmail], [a].[NormalizedUserName], [a].[PasswordHash], [a].[PhoneNumber], [a].[PhoneNumberConfirmed], [a].[PhoneNumberOffice], [a].[ProfilePicture], [a].[RoleId], [a].[SecurityStamp], [a].[State], [a].[TwoFactorEnabled], [a].[UniqueMemberId], [a].[UserName], [a].[WorkStatus], [a].[WorkStatusModifiedOn], [a].[ZipCode]
FROM [AspNetUsers] AS [a]
WHERE ([a].[Email] = @__Email_0) AND ([a].[IsEmailVerified] = CAST(1 AS bit))
[2022-11-12 17:22:15.992 +05:30  INF]  Executing ObjectResult, writing value of type 'KopkeHome_ModelLayer.DataModel.User'.
[2022-11-12 17:22:16.001 +05:30  INF]  Executed action KopkeHome_FMRS_API.Controllers.AccountController.GetUserByEmail (KopkeHome-FMRS_API) in 65.35ms
[2022-11-12 17:22:16.001 +05:30  INF]  Executed endpoint 'KopkeHome_FMRS_API.Controllers.AccountController.GetUserByEmail (KopkeHome-FMRS_API)'
[2022-11-12 17:22:16.002 +05:30  INF]  Request finished HTTP/1.1 POST https://localhost:7215/Account/GetUserByEmail application/x-www-form-urlencoded 26 - 200 - application/json;+charset=utf-8 70.4224ms
[2022-11-12 17:22:16.159 +05:30  INF]  Request starting HTTP/1.1 GET https://localhost:7215/Dashboard/GetContractors - -
[2022-11-12 17:22:16.248 +05:30  INF]  Executing endpoint 'KopkeHome_FMRS_API.Controllers.DashboardController.GetContractors (KopkeHome-FMRS_API)'
[2022-11-12 17:22:16.250 +05:30  INF]  Route matched with {action = "GetContractors", controller = "Dashboard"}. Executing controller action with signature System.Threading.Tasks.Task`1[KopkeHome_ModelLayer.DataModel.User] GetContractors() on controller KopkeHome_FMRS_API.Controllers.DashboardController (KopkeHome-FMRS_API).
[2022-11-12 17:22:16.250 +05:30  INF]  Executing ObjectResult, writing value of type 'null'.
[2022-11-12 17:22:16.251 +05:30  INF]  Executed action KopkeHome_FMRS_API.Controllers.DashboardController.GetContractors (KopkeHome-FMRS_API) in 0.7777ms
[2022-11-12 17:22:16.251 +05:30  INF]  Executed endpoint 'KopkeHome_FMRS_API.Controllers.DashboardController.GetContractors (KopkeHome-FMRS_API)'
[2022-11-12 17:22:16.251 +05:30  INF]  Request finished HTTP/1.1 GET https://localhost:7215/Dashboard/GetContractors - - - 204 0 - 91.6636ms
