[2023-06-16 23:35:27.056 +05:30  INF]  User profile is available. Using 'C:\Users\arshadm\AppData\Local\ASP.NET\DataProtection-Keys' as key repository and Windows DPAPI to encrypt keys at rest.
[2023-06-16 23:35:27.782 +05:30  INF]  Now listening on: https://localhost:7215
[2023-06-16 23:35:27.782 +05:30  INF]  Now listening on: http://localhost:5215
[2023-06-16 23:35:27.785 +05:30  INF]  Application started. Press Ctrl+C to shut down.
[2023-06-16 23:35:27.785 +05:30  INF]  Hosting environment: Development
[2023-06-16 23:35:27.785 +05:30  INF]  Content root path: D:\Arshad Backup\Backup\KopkeHome-FMRS\KopkeHome-FMRS_API\
[2023-06-16 23:35:35.977 +05:30  INF]  Request starting HTTP/2 GET https://localhost:7215/swagger/index.html - -
[2023-06-16 23:35:37.191 +05:30  INF]  Request finished HTTP/2 GET https://localhost:7215/swagger/index.html - - - 200 - text/html;charset=utf-8 1217.8289ms
[2023-06-16 23:35:37.196 +05:30  INF]  Request starting HTTP/2 GET https://localhost:7215/_framework/aspnetcore-browser-refresh.js - -
[2023-06-16 23:35:37.199 +05:30  INF]  Request finished HTTP/2 GET https://localhost:7215/_framework/aspnetcore-browser-refresh.js - - - 200 11952 application/javascript;+charset=utf-8 2.7607ms
[2023-06-16 23:35:38.379 +05:30  INF]  Request starting HTTP/1.1 GET https://localhost:7215/Admin/GetAllProhzLegalFiles - -
[2023-06-16 23:35:38.379 +05:30  INF]  Request starting HTTP/1.1 GET https://localhost:7215/Admin/GetAllPromoVideos - -
[2023-06-16 23:35:38.395 +05:30  INF]  Executing endpoint 'KopkeHome_FMRS_API.Controllers.AdminController.GetAllPromoVideos (KopkeHome-FMRS_API)'
[2023-06-16 23:35:38.395 +05:30  INF]  Executing endpoint 'KopkeHome_FMRS_API.Controllers.AdminController.GetAllProhzLegalFiles (KopkeHome-FMRS_API)'
[2023-06-16 23:35:38.421 +05:30  INF]  Route matched with {action = "GetAllPromoVideos", controller = "Admin"}. Executing controller action with signature System.Threading.Tasks.Task`1[System.Collections.Generic.List`1[KopkeHome_ModelLayer.DataModel.PromoVideos]] GetAllPromoVideos() on controller KopkeHome_FMRS_API.Controllers.AdminController (KopkeHome-FMRS_API).
[2023-06-16 23:35:38.421 +05:30  INF]  Route matched with {action = "GetAllProhzLegalFiles", controller = "Admin"}. Executing controller action with signature System.Threading.Tasks.Task`1[System.Collections.Generic.List`1[KopkeHome_ModelLayer.DataModel.ProhzLegalFiles]] GetAllProhzLegalFiles() on controller KopkeHome_FMRS_API.Controllers.AdminController (KopkeHome-FMRS_API).
[2023-06-16 23:35:38.472 +05:30  INF]  Request starting HTTP/2 GET https://localhost:7215/swagger/v1/swagger.json - -
[2023-06-16 23:35:40.262 +05:30  INF]  Request finished HTTP/2 GET https://localhost:7215/swagger/v1/swagger.json - - - 200 - application/json;charset=utf-8 1789.5379ms
[2023-06-16 23:35:42.037 +05:30  INF]  Entity Framework Core 6.0.4 initialized 'ApplicationDbContext' using provider 'Microsoft.EntityFrameworkCore.SqlServer:6.0.2' with options: NoTracking 
[2023-06-16 23:35:42.037 +05:30  INF]  Entity Framework Core 6.0.4 initialized 'ApplicationDbContext' using provider 'Microsoft.EntityFrameworkCore.SqlServer:6.0.2' with options: NoTracking 
[2023-06-16 23:35:44.660 +05:30  INF]  Executed DbCommand (233ms) [Parameters=[], CommandType='"Text"', CommandTimeout='30']
SELECT [p].[Id], [p].[FilePath], [p].[FileType], [p].[Name]
FROM [ProhzLegalFiles] AS [p]
[2023-06-16 23:35:44.689 +05:30  INF]  Executing ObjectResult, writing value of type 'System.Collections.Generic.List`1[[KopkeHome_ModelLayer.DataModel.ProhzLegalFiles, KopkeHome-ModelLayer, Version=1.0.0.0, Culture=neutral, PublicKeyToken=null]]'.
[2023-06-16 23:35:44.695 +05:30  INF]  Executed action KopkeHome_FMRS_API.Controllers.AdminController.GetAllProhzLegalFiles (KopkeHome-FMRS_API) in 6270.4974ms
[2023-06-16 23:35:44.696 +05:30  INF]  Executed endpoint 'KopkeHome_FMRS_API.Controllers.AdminController.GetAllProhzLegalFiles (KopkeHome-FMRS_API)'
[2023-06-16 23:35:44.699 +05:30  INF]  Request finished HTTP/1.1 GET https://localhost:7215/Admin/GetAllProhzLegalFiles - - - 200 - application/json;+charset=utf-8 6320.2987ms
[2023-06-16 23:35:45.522 +05:30  INF]  Executed DbCommand (217ms) [Parameters=[], CommandType='"Text"', CommandTimeout='30']
SELECT [p].[Id], [p].[FileName], [p].[FilePath], [p].[IsActive], [p].[OriginalName]
FROM [PromoVideos] AS [p]
WHERE [p].[IsActive] = CAST(1 AS bit)
[2023-06-16 23:35:45.522 +05:30  INF]  Executing ObjectResult, writing value of type 'System.Collections.Generic.List`1[[KopkeHome_ModelLayer.DataModel.PromoVideos, KopkeHome-ModelLayer, Version=1.0.0.0, Culture=neutral, PublicKeyToken=null]]'.
[2023-06-16 23:35:45.523 +05:30  INF]  Executed action KopkeHome_FMRS_API.Controllers.AdminController.GetAllPromoVideos (KopkeHome-FMRS_API) in 7101.0063ms
[2023-06-16 23:35:45.523 +05:30  INF]  Executed endpoint 'KopkeHome_FMRS_API.Controllers.AdminController.GetAllPromoVideos (KopkeHome-FMRS_API)'
[2023-06-16 23:35:45.523 +05:30  INF]  Request finished HTTP/1.1 GET https://localhost:7215/Admin/GetAllPromoVideos - - - 200 - application/json;+charset=utf-8 7144.0995ms
[2023-06-16 23:38:48.750 +05:30  INF]  Request starting HTTP/1.1 GET https://localhost:7215/Admin/GetAllPromoVideos - -
[2023-06-16 23:38:48.750 +05:30  INF]  Request starting HTTP/1.1 GET https://localhost:7215/Admin/GetAllProhzLegalFiles - -
[2023-06-16 23:38:48.755 +05:30  INF]  Executing endpoint 'KopkeHome_FMRS_API.Controllers.AdminController.GetAllProhzLegalFiles (KopkeHome-FMRS_API)'
[2023-06-16 23:38:48.755 +05:30  INF]  Executing endpoint 'KopkeHome_FMRS_API.Controllers.AdminController.GetAllPromoVideos (KopkeHome-FMRS_API)'
[2023-06-16 23:38:48.756 +05:30  INF]  Route matched with {action = "GetAllProhzLegalFiles", controller = "Admin"}. Executing controller action with signature System.Threading.Tasks.Task`1[System.Collections.Generic.List`1[KopkeHome_ModelLayer.DataModel.ProhzLegalFiles]] GetAllProhzLegalFiles() on controller KopkeHome_FMRS_API.Controllers.AdminController (KopkeHome-FMRS_API).
[2023-06-16 23:38:48.756 +05:30  INF]  Route matched with {action = "GetAllPromoVideos", controller = "Admin"}. Executing controller action with signature System.Threading.Tasks.Task`1[System.Collections.Generic.List`1[KopkeHome_ModelLayer.DataModel.PromoVideos]] GetAllPromoVideos() on controller KopkeHome_FMRS_API.Controllers.AdminController (KopkeHome-FMRS_API).
[2023-06-16 23:38:48.801 +05:30  INF]  Entity Framework Core 6.0.4 initialized 'ApplicationDbContext' using provider 'Microsoft.EntityFrameworkCore.SqlServer:6.0.2' with options: NoTracking 
[2023-06-16 23:38:48.801 +05:30  INF]  Entity Framework Core 6.0.4 initialized 'ApplicationDbContext' using provider 'Microsoft.EntityFrameworkCore.SqlServer:6.0.2' with options: NoTracking 
[2023-06-16 23:38:48.891 +05:30  INF]  Request starting HTTP/2 GET https://localhost:7215/swagger/index.html - -
[2023-06-16 23:38:48.899 +05:30  INF]  Request finished HTTP/2 GET https://localhost:7215/swagger/index.html - - - 200 - text/html;charset=utf-8 7.3467ms
[2023-06-16 23:38:48.906 +05:30  INF]  Request starting HTTP/2 GET https://localhost:7215/_framework/aspnetcore-browser-refresh.js - -
[2023-06-16 23:38:48.907 +05:30  INF]  Request finished HTTP/2 GET https://localhost:7215/_framework/aspnetcore-browser-refresh.js - - - 200 11952 application/javascript;+charset=utf-8 0.3059ms
[2023-06-16 23:38:48.975 +05:30  INF]  Request starting HTTP/2 GET https://localhost:7215/swagger/v1/swagger.json - -
[2023-06-16 23:38:49.016 +05:30  INF]  Executed DbCommand (213ms) [Parameters=[], CommandType='"Text"', CommandTimeout='30']
SELECT [p].[Id], [p].[FileName], [p].[FilePath], [p].[IsActive], [p].[OriginalName]
FROM [PromoVideos] AS [p]
WHERE [p].[IsActive] = CAST(1 AS bit)
[2023-06-16 23:38:49.017 +05:30  INF]  Executing ObjectResult, writing value of type 'System.Collections.Generic.List`1[[KopkeHome_ModelLayer.DataModel.PromoVideos, KopkeHome-ModelLayer, Version=1.0.0.0, Culture=neutral, PublicKeyToken=null]]'.
[2023-06-16 23:38:49.017 +05:30  INF]  Executed action KopkeHome_FMRS_API.Controllers.AdminController.GetAllPromoVideos (KopkeHome-FMRS_API) in 261.2613ms
[2023-06-16 23:38:49.017 +05:30  INF]  Executed endpoint 'KopkeHome_FMRS_API.Controllers.AdminController.GetAllPromoVideos (KopkeHome-FMRS_API)'
[2023-06-16 23:38:49.017 +05:30  INF]  Request finished HTTP/1.1 GET https://localhost:7215/Admin/GetAllPromoVideos - - - 200 - application/json;+charset=utf-8 267.6156ms
[2023-06-16 23:38:49.020 +05:30  INF]  Request finished HTTP/2 GET https://localhost:7215/swagger/v1/swagger.json - - - 200 - application/json;charset=utf-8 44.2487ms
[2023-06-16 23:38:49.021 +05:30  INF]  Executed DbCommand (218ms) [Parameters=[], CommandType='"Text"', CommandTimeout='30']
SELECT [p].[Id], [p].[FilePath], [p].[FileType], [p].[Name]
FROM [ProhzLegalFiles] AS [p]
[2023-06-16 23:38:49.021 +05:30  INF]  Executing ObjectResult, writing value of type 'System.Collections.Generic.List`1[[KopkeHome_ModelLayer.DataModel.ProhzLegalFiles, KopkeHome-ModelLayer, Version=1.0.0.0, Culture=neutral, PublicKeyToken=null]]'.
[2023-06-16 23:38:49.021 +05:30  INF]  Executed action KopkeHome_FMRS_API.Controllers.AdminController.GetAllProhzLegalFiles (KopkeHome-FMRS_API) in 265.7841ms
[2023-06-16 23:38:49.021 +05:30  INF]  Executed endpoint 'KopkeHome_FMRS_API.Controllers.AdminController.GetAllProhzLegalFiles (KopkeHome-FMRS_API)'
[2023-06-16 23:38:49.022 +05:30  INF]  Request finished HTTP/1.1 GET https://localhost:7215/Admin/GetAllProhzLegalFiles - - - 200 - application/json;+charset=utf-8 272.0048ms
