[2023-12-30 20:06:57.697 -05:00  INF]  User profile is available. Using 'C:\Users\Giuseppe\AppData\Local\ASP.NET\DataProtection-Keys' as key repository and Windows DPAPI to encrypt keys at rest.
[2023-12-30 20:06:58.305 -05:00  INF]  Now listening on: https://localhost:7215
[2023-12-30 20:06:58.308 -05:00  INF]  Now listening on: http://localhost:5215
[2023-12-30 20:06:58.319 -05:00  INF]  Application started. Press Ctrl+C to shut down.
[2023-12-30 20:06:58.322 -05:00  INF]  Hosting environment: Development
[2023-12-30 20:06:58.324 -05:00  INF]  Content root path: C:\Users\Giuseppe\Desktop\Personal Projects\Prohz\thegoods\KopkeHome-FMRS_API\
[2023-12-30 20:07:01.545 -05:00  INF]  Request starting HTTP/2 GET https://localhost:7215/swagger - -
[2023-12-30 20:07:01.750 -05:00  INF]  Request finished HTTP/2 GET https://localhost:7215/swagger - - - 301 0 - 208.0796ms
[2023-12-30 20:07:01.758 -05:00  INF]  Request starting HTTP/2 GET https://localhost:7215/swagger/index.html - -
[2023-12-30 20:07:01.841 -05:00  INF]  Request finished HTTP/2 GET https://localhost:7215/swagger/index.html - - - 200 - text/html;charset=utf-8 83.1302ms
[2023-12-30 20:07:01.850 -05:00  INF]  Request starting HTTP/2 GET https://localhost:7215/swagger/swagger-ui.css - -
[2023-12-30 20:07:01.856 -05:00  INF]  Request starting HTTP/2 GET https://localhost:7215/swagger/swagger-ui-bundle.js - -
[2023-12-30 20:07:01.856 -05:00  INF]  Request starting HTTP/2 GET https://localhost:7215/swagger/swagger-ui-standalone-preset.js - -
[2023-12-30 20:07:01.861 -05:00  INF]  Request starting HTTP/2 GET https://localhost:7215/_framework/aspnetcore-browser-refresh.js - -
[2023-12-30 20:07:01.873 -05:00  INF]  Request finished HTTP/2 GET https://localhost:7215/_framework/aspnetcore-browser-refresh.js - - - 200 13772 application/javascript;+charset=utf-8 12.1678ms
[2023-12-30 20:07:01.890 -05:00  INF]  Sending file. Request path: '/swagger-ui.css'. Physical path: 'N/A'
[2023-12-30 20:07:01.926 -05:00  INF]  Request starting HTTP/2 GET https://localhost:7215/_vs/browserLink - -
[2023-12-30 20:07:01.940 -05:00  INF]  Request finished HTTP/2 GET https://localhost:7215/swagger/swagger-ui.css - - - 200 143632 text/css 90.5813ms
[2023-12-30 20:07:01.944 -05:00  INF]  Sending file. Request path: '/swagger-ui-standalone-preset.js'. Physical path: 'N/A'
[2023-12-30 20:07:01.948 -05:00  INF]  Sending file. Request path: '/swagger-ui-bundle.js'. Physical path: 'N/A'
[2023-12-30 20:07:01.953 -05:00  INF]  Request finished HTTP/2 GET https://localhost:7215/swagger/swagger-ui-bundle.js - - - 200 1092889 application/javascript 97.7047ms
[2023-12-30 20:07:01.953 -05:00  INF]  Request finished HTTP/2 GET https://localhost:7215/swagger/swagger-ui-standalone-preset.js - - - 200 337162 application/javascript 97.5436ms
[2023-12-30 20:07:02.033 -05:00  INF]  Request finished HTTP/2 GET https://localhost:7215/_vs/browserLink - - - 200 - text/javascript;+charset=UTF-8 106.6819ms
[2023-12-30 20:07:02.281 -05:00  INF]  Request starting HTTP/2 GET https://localhost:7215/swagger/v1/swagger.json - -
[2023-12-30 20:07:02.328 -05:00  INF]  Request starting HTTP/2 GET https://localhost:7215/swagger/favicon-32x32.png - -
[2023-12-30 20:07:02.336 -05:00  INF]  Sending file. Request path: '/favicon-32x32.png'. Physical path: 'N/A'
[2023-12-30 20:07:02.338 -05:00  INF]  Request finished HTTP/2 GET https://localhost:7215/swagger/favicon-32x32.png - - - 200 628 image/png 10.5102ms
[2023-12-30 20:07:02.493 -05:00  INF]  Request finished HTTP/2 GET https://localhost:7215/swagger/v1/swagger.json - - - 200 - application/json;charset=utf-8 211.3144ms
[2023-12-30 20:07:12.042 -05:00  INF]  Request starting HTTP/2 GET https://localhost:7215/ - -
[2023-12-30 20:07:12.062 -05:00  INF]  Request finished HTTP/2 GET https://localhost:7215/ - - - 404 0 - 19.5151ms
[2023-12-30 20:09:17.031 -05:00  INF]  User profile is available. Using 'C:\Users\Giuseppe\AppData\Local\ASP.NET\DataProtection-Keys' as key repository and Windows DPAPI to encrypt keys at rest.
[2023-12-30 20:09:17.353 -05:00  INF]  Now listening on: https://localhost:7215
[2023-12-30 20:09:17.354 -05:00  INF]  Now listening on: http://localhost:5215
[2023-12-30 20:09:17.362 -05:00  INF]  Application started. Press Ctrl+C to shut down.
[2023-12-30 20:09:17.364 -05:00  INF]  Hosting environment: Development
[2023-12-30 20:09:17.365 -05:00  INF]  Content root path: C:\Users\Giuseppe\Desktop\Personal Projects\Prohz\thegoods\KopkeHome-FMRS_API\
[2023-12-30 20:09:21.066 -05:00  INF]  Request starting HTTP/2 GET https://localhost:7215/swagger - -
[2023-12-30 20:09:21.254 -05:00  INF]  Request finished HTTP/2 GET https://localhost:7215/swagger - - - 301 0 - 191.5992ms
[2023-12-30 20:09:21.263 -05:00  INF]  Request starting HTTP/2 GET https://localhost:7215/swagger/index.html - -
[2023-12-30 20:09:21.344 -05:00  INF]  Request finished HTTP/2 GET https://localhost:7215/swagger/index.html - - - 200 - text/html;charset=utf-8 81.1181ms
[2023-12-30 20:09:21.355 -05:00  INF]  Request starting HTTP/2 GET https://localhost:7215/swagger/swagger-ui.css - -
[2023-12-30 20:09:21.360 -05:00  INF]  Request starting HTTP/2 GET https://localhost:7215/swagger/swagger-ui-bundle.js - -
[2023-12-30 20:09:21.368 -05:00  INF]  Request starting HTTP/2 GET https://localhost:7215/swagger/swagger-ui-standalone-preset.js - -
[2023-12-30 20:09:21.370 -05:00  INF]  Request starting HTTP/2 GET https://localhost:7215/_framework/aspnetcore-browser-refresh.js - -
[2023-12-30 20:09:21.381 -05:00  INF]  Request finished HTTP/2 GET https://localhost:7215/_framework/aspnetcore-browser-refresh.js - - - 200 13772 application/javascript;+charset=utf-8 12.8381ms
[2023-12-30 20:09:21.443 -05:00  INF]  Request starting HTTP/2 GET https://localhost:7215/_vs/browserLink - -
[2023-12-30 20:09:21.481 -05:00  INF]  Sending file. Request path: '/swagger-ui.css'. Physical path: 'N/A'
[2023-12-30 20:09:21.481 -05:00  INF]  Sending file. Request path: '/swagger-ui-standalone-preset.js'. Physical path: 'N/A'
[2023-12-30 20:09:21.481 -05:00  INF]  Sending file. Request path: '/swagger-ui-bundle.js'. Physical path: 'N/A'
[2023-12-30 20:09:21.490 -05:00  INF]  Request finished HTTP/2 GET https://localhost:7215/swagger/swagger-ui.css - - - 200 143632 text/css 135.0069ms
[2023-12-30 20:09:21.490 -05:00  INF]  Request finished HTTP/2 GET https://localhost:7215/swagger/swagger-ui-standalone-preset.js - - - 200 337162 application/javascript 121.6197ms
[2023-12-30 20:09:21.493 -05:00  INF]  Request finished HTTP/2 GET https://localhost:7215/swagger/swagger-ui-bundle.js - - - 200 1092889 application/javascript 129.7354ms
[2023-12-30 20:09:21.559 -05:00  INF]  Request finished HTTP/2 GET https://localhost:7215/_vs/browserLink - - - 200 - text/javascript;+charset=UTF-8 115.7965ms
[2023-12-30 20:09:21.796 -05:00  INF]  Request starting HTTP/2 GET https://localhost:7215/swagger/v1/swagger.json - -
[2023-12-30 20:09:21.988 -05:00  INF]  Request finished HTTP/2 GET https://localhost:7215/swagger/v1/swagger.json - - - 200 - application/json;charset=utf-8 191.7680ms
[2023-12-30 20:19:03.170 -05:00  INF]  User profile is available. Using 'C:\Users\Giuseppe\AppData\Local\ASP.NET\DataProtection-Keys' as key repository and Windows DPAPI to encrypt keys at rest.
[2023-12-30 20:19:03.481 -05:00  INF]  Now listening on: https://localhost:7215
[2023-12-30 20:19:03.484 -05:00  INF]  Now listening on: http://localhost:5215
[2023-12-30 20:19:03.497 -05:00  INF]  Application started. Press Ctrl+C to shut down.
[2023-12-30 20:19:03.499 -05:00  INF]  Hosting environment: Development
[2023-12-30 20:19:03.502 -05:00  INF]  Content root path: C:\Users\Giuseppe\Desktop\Personal Projects\Prohz\thegoods\KopkeHome-FMRS_API\
[2023-12-30 20:19:09.968 -05:00  INF]  Request starting HTTP/2 GET https://localhost:7215/swagger - -
[2023-12-30 20:19:10.154 -05:00  INF]  Request finished HTTP/2 GET https://localhost:7215/swagger - - - 301 0 - 188.5588ms
[2023-12-30 20:19:10.161 -05:00  INF]  Request starting HTTP/2 GET https://localhost:7215/swagger/index.html - -
[2023-12-30 20:19:10.241 -05:00  INF]  Request finished HTTP/2 GET https://localhost:7215/swagger/index.html - - - 200 - text/html;charset=utf-8 80.4420ms
[2023-12-30 20:19:10.257 -05:00  INF]  Request starting HTTP/2 GET https://localhost:7215/swagger/swagger-ui.css - -
[2023-12-30 20:19:10.263 -05:00  INF]  Request starting HTTP/2 GET https://localhost:7215/swagger/swagger-ui-bundle.js - -
[2023-12-30 20:19:10.270 -05:00  INF]  Request starting HTTP/2 GET https://localhost:7215/swagger/swagger-ui-standalone-preset.js - -
[2023-12-30 20:19:10.273 -05:00  INF]  Request starting HTTP/2 GET https://localhost:7215/_framework/aspnetcore-browser-refresh.js - -
[2023-12-30 20:19:10.282 -05:00  INF]  Request finished HTTP/2 GET https://localhost:7215/_framework/aspnetcore-browser-refresh.js - - - 200 13772 application/javascript;+charset=utf-8 8.8898ms
[2023-12-30 20:19:10.322 -05:00  INF]  Request starting HTTP/2 GET https://localhost:7215/_vs/browserLink - -
[2023-12-30 20:19:10.347 -05:00  INF]  Sending file. Request path: '/swagger-ui.css'. Physical path: 'N/A'
[2023-12-30 20:19:10.347 -05:00  INF]  Sending file. Request path: '/swagger-ui-standalone-preset.js'. Physical path: 'N/A'
[2023-12-30 20:19:10.347 -05:00  INF]  Sending file. Request path: '/swagger-ui-bundle.js'. Physical path: 'N/A'
[2023-12-30 20:19:10.358 -05:00  INF]  Request finished HTTP/2 GET https://localhost:7215/swagger/swagger-ui-bundle.js - - - 200 1092889 application/javascript 94.6329ms
[2023-12-30 20:19:10.358 -05:00  INF]  Request finished HTTP/2 GET https://localhost:7215/swagger/swagger-ui-standalone-preset.js - - - 200 337162 application/javascript 88.3862ms
[2023-12-30 20:19:10.358 -05:00  INF]  Request finished HTTP/2 GET https://localhost:7215/swagger/swagger-ui.css - - - 200 143632 text/css 101.3192ms
[2023-12-30 20:19:10.404 -05:00  INF]  Request finished HTTP/2 GET https://localhost:7215/_vs/browserLink - - - 200 - text/javascript;+charset=UTF-8 82.0211ms
[2023-12-30 20:19:10.668 -05:00  INF]  Request starting HTTP/2 GET https://localhost:7215/swagger/v1/swagger.json - -
[2023-12-30 20:19:10.850 -05:00  INF]  Request finished HTTP/2 GET https://localhost:7215/swagger/v1/swagger.json - - - 200 - application/json;charset=utf-8 181.9052ms
[2023-12-30 20:33:51.893 -05:00  INF]  User profile is available. Using 'C:\Users\Giuseppe\AppData\Local\ASP.NET\DataProtection-Keys' as key repository and Windows DPAPI to encrypt keys at rest.
[2023-12-30 20:33:52.170 -05:00  INF]  Now listening on: https://localhost:7215
[2023-12-30 20:33:52.172 -05:00  INF]  Now listening on: http://localhost:5215
[2023-12-30 20:33:52.180 -05:00  INF]  Application started. Press Ctrl+C to shut down.
[2023-12-30 20:33:52.182 -05:00  INF]  Hosting environment: Development
[2023-12-30 20:33:52.183 -05:00  INF]  Content root path: C:\Users\Giuseppe\Desktop\Personal Projects\Prohz\thegoods\KopkeHome-FMRS_API\
[2023-12-30 20:33:52.957 -05:00  INF]  Request starting HTTP/2 GET https://localhost:7215/swagger - -
[2023-12-30 20:33:53.161 -05:00  INF]  Request finished HTTP/2 GET https://localhost:7215/swagger - - - 301 0 - 206.9932ms
[2023-12-30 20:33:53.174 -05:00  INF]  Request starting HTTP/2 GET https://localhost:7215/swagger/index.html - -
[2023-12-30 20:33:53.269 -05:00  INF]  Request finished HTTP/2 GET https://localhost:7215/swagger/index.html - - - 200 - text/html;charset=utf-8 94.2859ms
[2023-12-30 20:33:53.285 -05:00  INF]  Request starting HTTP/2 GET https://localhost:7215/swagger/swagger-ui.css - -
[2023-12-30 20:33:53.292 -05:00  INF]  Request starting HTTP/2 GET https://localhost:7215/swagger/swagger-ui-bundle.js - -
[2023-12-30 20:33:53.295 -05:00  INF]  Request starting HTTP/2 GET https://localhost:7215/swagger/swagger-ui-standalone-preset.js - -
[2023-12-30 20:33:53.299 -05:00  INF]  Request starting HTTP/2 GET https://localhost:7215/_framework/aspnetcore-browser-refresh.js - -
[2023-12-30 20:33:53.314 -05:00  INF]  Request finished HTTP/2 GET https://localhost:7215/_framework/aspnetcore-browser-refresh.js - - - 200 13772 application/javascript;+charset=utf-8 16.1590ms
[2023-12-30 20:33:53.328 -05:00  INF]  Sending file. Request path: '/swagger-ui-standalone-preset.js'. Physical path: 'N/A'
[2023-12-30 20:33:53.328 -05:00  INF]  Sending file. Request path: '/swagger-ui.css'. Physical path: 'N/A'
[2023-12-30 20:33:53.328 -05:00  INF]  Sending file. Request path: '/swagger-ui-bundle.js'. Physical path: 'N/A'
[2023-12-30 20:33:53.333 -05:00  INF]  Request finished HTTP/2 GET https://localhost:7215/swagger/swagger-ui-standalone-preset.js - - - 200 337162 application/javascript 36.8751ms
[2023-12-30 20:33:53.337 -05:00  INF]  Request finished HTTP/2 GET https://localhost:7215/swagger/swagger-ui-bundle.js - - - 200 1092889 application/javascript 45.3674ms
[2023-12-30 20:33:53.337 -05:00  INF]  Request finished HTTP/2 GET https://localhost:7215/swagger/swagger-ui.css - - - 200 143632 text/css 50.7495ms
[2023-12-30 20:33:53.422 -05:00  INF]  Request starting HTTP/2 GET https://localhost:7215/_vs/browserLink - -
[2023-12-30 20:33:53.539 -05:00  INF]  Request finished HTTP/2 GET https://localhost:7215/_vs/browserLink - - - 200 - text/javascript;+charset=UTF-8 119.5466ms
[2023-12-30 20:33:53.807 -05:00  INF]  Request starting HTTP/2 GET https://localhost:7215/swagger/v1/swagger.json - -
[2023-12-30 20:33:54.087 -05:00  INF]  Request finished HTTP/2 GET https://localhost:7215/swagger/v1/swagger.json - - - 200 - application/json;charset=utf-8 279.8129ms
[2023-12-30 20:44:53.434 -05:00  INF]  User profile is available. Using 'C:\Users\Giuseppe\AppData\Local\ASP.NET\DataProtection-Keys' as key repository and Windows DPAPI to encrypt keys at rest.
[2023-12-30 20:44:53.738 -05:00  INF]  Now listening on: https://localhost:7215
[2023-12-30 20:44:53.740 -05:00  INF]  Now listening on: http://localhost:5215
[2023-12-30 20:44:53.751 -05:00  INF]  Application started. Press Ctrl+C to shut down.
[2023-12-30 20:44:53.754 -05:00  INF]  Hosting environment: Development
[2023-12-30 20:44:53.756 -05:00  INF]  Content root path: C:\Users\Giuseppe\Desktop\Personal Projects\Prohz\thegoods\KopkeHome-FMRS_API\
[2023-12-30 20:45:00.177 -05:00  INF]  Request starting HTTP/2 GET https://localhost:7215/swagger - -
[2023-12-30 20:45:00.370 -05:00  INF]  Request finished HTTP/2 GET https://localhost:7215/swagger - - - 301 0 - 197.6347ms
[2023-12-30 20:45:00.378 -05:00  INF]  Request starting HTTP/2 GET https://localhost:7215/swagger/index.html - -
[2023-12-30 20:45:00.460 -05:00  INF]  Request finished HTTP/2 GET https://localhost:7215/swagger/index.html - - - 200 - text/html;charset=utf-8 81.5481ms
[2023-12-30 20:45:00.472 -05:00  INF]  Request starting HTTP/2 GET https://localhost:7215/swagger/swagger-ui.css - -
[2023-12-30 20:45:00.478 -05:00  INF]  Request starting HTTP/2 GET https://localhost:7215/swagger/swagger-ui-bundle.js - -
[2023-12-30 20:45:00.481 -05:00  INF]  Request starting HTTP/2 GET https://localhost:7215/swagger/swagger-ui-standalone-preset.js - -
[2023-12-30 20:45:00.485 -05:00  INF]  Request starting HTTP/2 GET https://localhost:7215/_framework/aspnetcore-browser-refresh.js - -
[2023-12-30 20:45:00.496 -05:00  INF]  Request finished HTTP/2 GET https://localhost:7215/_framework/aspnetcore-browser-refresh.js - - - 200 13772 application/javascript;+charset=utf-8 11.2062ms
[2023-12-30 20:45:00.507 -05:00  INF]  Sending file. Request path: '/swagger-ui-standalone-preset.js'. Physical path: 'N/A'
[2023-12-30 20:45:00.507 -05:00  INF]  Sending file. Request path: '/swagger-ui.css'. Physical path: 'N/A'
[2023-12-30 20:45:00.540 -05:00  INF]  Request starting HTTP/2 GET https://localhost:7215/_vs/browserLink - -
[2023-12-30 20:45:00.551 -05:00  INF]  Request finished HTTP/2 GET https://localhost:7215/swagger/swagger-ui-standalone-preset.js - - - 200 337162 application/javascript 71.7458ms
[2023-12-30 20:45:00.551 -05:00  INF]  Request finished HTTP/2 GET https://localhost:7215/swagger/swagger-ui.css - - - 200 143632 text/css 79.5627ms
[2023-12-30 20:45:00.560 -05:00  INF]  Sending file. Request path: '/swagger-ui-bundle.js'. Physical path: 'N/A'
[2023-12-30 20:45:00.568 -05:00  INF]  Request finished HTTP/2 GET https://localhost:7215/swagger/swagger-ui-bundle.js - - - 200 1092889 application/javascript 90.2251ms
[2023-12-30 20:45:00.623 -05:00  INF]  Request finished HTTP/2 GET https://localhost:7215/_vs/browserLink - - - 200 - text/javascript;+charset=UTF-8 83.5205ms
[2023-12-30 20:45:00.879 -05:00  INF]  Request starting HTTP/2 GET https://localhost:7215/swagger/v1/swagger.json - -
[2023-12-30 20:45:01.073 -05:00  INF]  Request finished HTTP/2 GET https://localhost:7215/swagger/v1/swagger.json - - - 200 - application/json;charset=utf-8 194.2585ms
[2023-12-30 20:53:59.116 -05:00  INF]  User profile is available. Using 'C:\Users\Giuseppe\AppData\Local\ASP.NET\DataProtection-Keys' as key repository and Windows DPAPI to encrypt keys at rest.
[2023-12-30 20:53:59.431 -05:00  INF]  Now listening on: https://localhost:7215
[2023-12-30 20:53:59.434 -05:00  INF]  Now listening on: http://localhost:5215
[2023-12-30 20:53:59.468 -05:00  INF]  Application started. Press Ctrl+C to shut down.
[2023-12-30 20:53:59.471 -05:00  INF]  Hosting environment: Development
[2023-12-30 20:53:59.474 -05:00  INF]  Content root path: C:\Users\Giuseppe\Desktop\Personal Projects\Prohz\thegoods\KopkeHome-FMRS_API\
[2023-12-30 20:53:59.917 -05:00  INF]  Request starting HTTP/2 GET https://localhost:7215/swagger - -
[2023-12-30 20:54:00.236 -05:00  INF]  Request finished HTTP/2 GET https://localhost:7215/swagger - - - 301 0 - 325.2842ms
[2023-12-30 20:54:00.247 -05:00  INF]  Request starting HTTP/2 GET https://localhost:7215/swagger/index.html - -
[2023-12-30 20:54:00.371 -05:00  INF]  Request finished HTTP/2 GET https://localhost:7215/swagger/index.html - - - 200 - text/html;charset=utf-8 124.0135ms
[2023-12-30 20:54:00.392 -05:00  INF]  Request starting HTTP/2 GET https://localhost:7215/swagger/swagger-ui.css - -
[2023-12-30 20:54:00.403 -05:00  INF]  Request starting HTTP/2 GET https://localhost:7215/swagger/swagger-ui-bundle.js - -
[2023-12-30 20:54:00.413 -05:00  INF]  Request starting HTTP/2 GET https://localhost:7215/swagger/swagger-ui-standalone-preset.js - -
[2023-12-30 20:54:00.418 -05:00  INF]  Request starting HTTP/2 GET https://localhost:7215/_framework/aspnetcore-browser-refresh.js - -
[2023-12-30 20:54:00.437 -05:00  INF]  Request finished HTTP/2 GET https://localhost:7215/_framework/aspnetcore-browser-refresh.js - - - 200 13772 application/javascript;+charset=utf-8 19.2139ms
[2023-12-30 20:54:00.452 -05:00  INF]  Sending file. Request path: '/swagger-ui.css'. Physical path: 'N/A'
[2023-12-30 20:54:00.459 -05:00  INF]  Request finished HTTP/2 GET https://localhost:7215/swagger/swagger-ui.css - - - 200 143632 text/css 67.1876ms
[2023-12-30 20:54:00.459 -05:00  INF]  Sending file. Request path: '/swagger-ui-standalone-preset.js'. Physical path: 'N/A'
[2023-12-30 20:54:00.465 -05:00  INF]  Request finished HTTP/2 GET https://localhost:7215/swagger/swagger-ui-standalone-preset.js - - - 200 337162 application/javascript 52.2686ms
[2023-12-30 20:54:00.477 -05:00  INF]  Request starting HTTP/2 GET https://localhost:7215/_vs/browserLink - -
[2023-12-30 20:54:00.495 -05:00  INF]  Sending file. Request path: '/swagger-ui-bundle.js'. Physical path: 'N/A'
[2023-12-30 20:54:00.501 -05:00  INF]  Request finished HTTP/2 GET https://localhost:7215/swagger/swagger-ui-bundle.js - - - 200 1092889 application/javascript 98.2157ms
[2023-12-30 20:54:00.558 -05:00  INF]  Request finished HTTP/2 GET https://localhost:7215/_vs/browserLink - - - 200 - text/javascript;+charset=UTF-8 81.2028ms
[2023-12-30 20:54:00.949 -05:00  INF]  Request starting HTTP/2 GET https://localhost:7215/swagger/v1/swagger.json - -
[2023-12-30 20:54:01.130 -05:00  INF]  Request finished HTTP/2 GET https://localhost:7215/swagger/v1/swagger.json - - - 200 - application/json;charset=utf-8 181.1996ms
[2023-12-30 21:31:30.368 -05:00  INF]  User profile is available. Using 'C:\Users\Giuseppe\AppData\Local\ASP.NET\DataProtection-Keys' as key repository and Windows DPAPI to encrypt keys at rest.
[2023-12-30 21:31:30.944 -05:00  INF]  Now listening on: https://localhost:7215
[2023-12-30 21:31:30.947 -05:00  INF]  Now listening on: http://localhost:5215
[2023-12-30 21:31:30.960 -05:00  INF]  Application started. Press Ctrl+C to shut down.
[2023-12-30 21:31:30.963 -05:00  INF]  Hosting environment: Development
[2023-12-30 21:31:30.965 -05:00  INF]  Content root path: C:\Users\Giuseppe\Desktop\Personal Projects\Prohz\thegoods\KopkeHome-FMRS_API\
[2023-12-30 21:31:31.386 -05:00  INF]  Request starting HTTP/2 GET https://localhost:7215/swagger - -
[2023-12-30 21:31:31.666 -05:00  INF]  Request finished HTTP/2 GET https://localhost:7215/swagger - - - 301 0 - 284.0529ms
[2023-12-30 21:31:31.676 -05:00  INF]  Request starting HTTP/2 GET https://localhost:7215/swagger/index.html - -
[2023-12-30 21:31:31.773 -05:00  INF]  Request finished HTTP/2 GET https://localhost:7215/swagger/index.html - - - 200 - text/html;charset=utf-8 96.8236ms
[2023-12-30 21:31:31.793 -05:00  INF]  Request starting HTTP/2 GET https://localhost:7215/swagger/swagger-ui.css - -
[2023-12-30 21:31:31.805 -05:00  INF]  Request starting HTTP/2 GET https://localhost:7215/swagger/swagger-ui-bundle.js - -
[2023-12-30 21:31:31.810 -05:00  INF]  Request starting HTTP/2 GET https://localhost:7215/swagger/swagger-ui-standalone-preset.js - -
[2023-12-30 21:31:31.844 -05:00  INF]  Sending file. Request path: '/swagger-ui.css'. Physical path: 'N/A'
[2023-12-30 21:31:31.863 -05:00  INF]  Request finished HTTP/2 GET https://localhost:7215/swagger/swagger-ui.css - - - 200 143632 text/css 69.9932ms
[2023-12-30 21:31:31.868 -05:00  INF]  Sending file. Request path: '/swagger-ui-standalone-preset.js'. Physical path: 'N/A'
[2023-12-30 21:31:31.888 -05:00  INF]  Request starting HTTP/2 GET https://localhost:7215/_framework/aspnetcore-browser-refresh.js - -
[2023-12-30 21:31:31.894 -05:00  INF]  Request finished HTTP/2 GET https://localhost:7215/swagger/swagger-ui-standalone-preset.js - - - 200 337162 application/javascript 83.0580ms
[2023-12-30 21:31:31.894 -05:00  INF]  Sending file. Request path: '/swagger-ui-bundle.js'. Physical path: 'N/A'
[2023-12-30 21:31:31.898 -05:00  INF]  Request finished HTTP/2 GET https://localhost:7215/swagger/swagger-ui-bundle.js - - - 200 1092889 application/javascript 93.7927ms
[2023-12-30 21:31:31.901 -05:00  INF]  Request starting HTTP/2 GET https://localhost:7215/_vs/browserLink - -
[2023-12-30 21:31:31.908 -05:00  INF]  Request finished HTTP/2 GET https://localhost:7215/_framework/aspnetcore-browser-refresh.js - - - 200 13772 application/javascript;+charset=utf-8 20.2181ms
[2023-12-30 21:31:32.011 -05:00  INF]  Request finished HTTP/2 GET https://localhost:7215/_vs/browserLink - - - 200 - text/javascript;+charset=UTF-8 110.2204ms
[2023-12-30 21:31:32.333 -05:00  INF]  Request starting HTTP/2 GET https://localhost:7215/swagger/v1/swagger.json - -
[2023-12-30 21:31:32.594 -05:00  INF]  Request finished HTTP/2 GET https://localhost:7215/swagger/v1/swagger.json - - - 200 - application/json;charset=utf-8 260.8003ms
[2023-12-30 21:34:27.864 -05:00  INF]  User profile is available. Using 'C:\Users\Giuseppe\AppData\Local\ASP.NET\DataProtection-Keys' as key repository and Windows DPAPI to encrypt keys at rest.
[2023-12-30 21:34:28.183 -05:00  INF]  Now listening on: https://localhost:7215
[2023-12-30 21:34:28.185 -05:00  INF]  Now listening on: http://localhost:5215
[2023-12-30 21:34:28.200 -05:00  INF]  Application started. Press Ctrl+C to shut down.
[2023-12-30 21:34:28.206 -05:00  INF]  Hosting environment: Development
[2023-12-30 21:34:28.209 -05:00  INF]  Content root path: C:\Users\Giuseppe\Desktop\Personal Projects\Prohz\thegoods\KopkeHome-FMRS_API\
[2023-12-30 21:34:34.564 -05:00  INF]  Request starting HTTP/2 GET https://localhost:7215/swagger - -
[2023-12-30 21:34:34.770 -05:00  INF]  Request finished HTTP/2 GET https://localhost:7215/swagger - - - 301 0 - 208.7981ms
[2023-12-30 21:34:34.778 -05:00  INF]  Request starting HTTP/2 GET https://localhost:7215/swagger/index.html - -
[2023-12-30 21:34:34.857 -05:00  INF]  Request finished HTTP/2 GET https://localhost:7215/swagger/index.html - - - 200 - text/html;charset=utf-8 79.7702ms
[2023-12-30 21:34:34.871 -05:00  INF]  Request starting HTTP/2 GET https://localhost:7215/swagger/swagger-ui.css - -
[2023-12-30 21:34:34.876 -05:00  INF]  Request starting HTTP/2 GET https://localhost:7215/swagger/swagger-ui-bundle.js - -
[2023-12-30 21:34:34.877 -05:00  INF]  Request starting HTTP/2 GET https://localhost:7215/swagger/swagger-ui-standalone-preset.js - -
[2023-12-30 21:34:34.877 -05:00  INF]  Request starting HTTP/2 GET https://localhost:7215/_framework/aspnetcore-browser-refresh.js - -
[2023-12-30 21:34:34.892 -05:00  INF]  Request finished HTTP/2 GET https://localhost:7215/_framework/aspnetcore-browser-refresh.js - - - 200 13772 application/javascript;+charset=utf-8 14.4402ms
[2023-12-30 21:34:34.901 -05:00  INF]  Sending file. Request path: '/swagger-ui-standalone-preset.js'. Physical path: 'N/A'
[2023-12-30 21:34:34.901 -05:00  INF]  Sending file. Request path: '/swagger-ui.css'. Physical path: 'N/A'
[2023-12-30 21:34:34.919 -05:00  INF]  Request finished HTTP/2 GET https://localhost:7215/swagger/swagger-ui.css - - - 200 143632 text/css 47.3618ms
[2023-12-30 21:34:34.919 -05:00  INF]  Request finished HTTP/2 GET https://localhost:7215/swagger/swagger-ui-standalone-preset.js - - - 200 337162 application/javascript 41.5847ms
[2023-12-30 21:34:34.936 -05:00  INF]  Request starting HTTP/2 GET https://localhost:7215/_vs/browserLink - -
[2023-12-30 21:34:34.946 -05:00  INF]  Sending file. Request path: '/swagger-ui-bundle.js'. Physical path: 'N/A'
[2023-12-30 21:34:34.952 -05:00  INF]  Request finished HTTP/2 GET https://localhost:7215/swagger/swagger-ui-bundle.js - - - 200 1092889 application/javascript 76.5279ms
[2023-12-30 21:34:35.020 -05:00  INF]  Request finished HTTP/2 GET https://localhost:7215/_vs/browserLink - - - 200 - text/javascript;+charset=UTF-8 84.9179ms
[2023-12-30 21:34:35.292 -05:00  INF]  Request starting HTTP/2 GET https://localhost:7215/swagger/v1/swagger.json - -
[2023-12-30 21:34:35.497 -05:00  INF]  Request finished HTTP/2 GET https://localhost:7215/swagger/v1/swagger.json - - - 200 - application/json;charset=utf-8 205.5832ms
[2023-12-30 21:35:19.010 -05:00  INF]  User profile is available. Using 'C:\Users\Giuseppe\AppData\Local\ASP.NET\DataProtection-Keys' as key repository and Windows DPAPI to encrypt keys at rest.
[2023-12-30 21:35:19.473 -05:00  INF]  Now listening on: https://localhost:7215
[2023-12-30 21:35:19.476 -05:00  INF]  Now listening on: http://localhost:5215
[2023-12-30 21:35:19.491 -05:00  INF]  Application started. Press Ctrl+C to shut down.
[2023-12-30 21:35:19.493 -05:00  INF]  Hosting environment: Development
[2023-12-30 21:35:19.495 -05:00  INF]  Content root path: C:\Users\Giuseppe\Desktop\Personal Projects\Prohz\thegoods\KopkeHome-FMRS_API\
[2023-12-30 21:35:20.106 -05:00  INF]  Request starting HTTP/2 GET https://localhost:7215/swagger - -
[2023-12-30 21:35:20.344 -05:00  INF]  Request finished HTTP/2 GET https://localhost:7215/swagger - - - 301 0 - 242.9532ms
[2023-12-30 21:35:20.353 -05:00  INF]  Request starting HTTP/2 GET https://localhost:7215/swagger/index.html - -
[2023-12-30 21:35:20.437 -05:00  INF]  Request finished HTTP/2 GET https://localhost:7215/swagger/index.html - - - 200 - text/html;charset=utf-8 83.9912ms
[2023-12-30 21:35:20.456 -05:00  INF]  Request starting HTTP/2 GET https://localhost:7215/swagger/swagger-ui.css - -
[2023-12-30 21:35:20.466 -05:00  INF]  Request starting HTTP/2 GET https://localhost:7215/swagger/swagger-ui-bundle.js - -
[2023-12-30 21:35:20.475 -05:00  INF]  Request starting HTTP/2 GET https://localhost:7215/swagger/swagger-ui-standalone-preset.js - -
[2023-12-30 21:35:20.476 -05:00  INF]  Request starting HTTP/2 GET https://localhost:7215/_framework/aspnetcore-browser-refresh.js - -
[2023-12-30 21:35:20.489 -05:00  INF]  Request finished HTTP/2 GET https://localhost:7215/_framework/aspnetcore-browser-refresh.js - - - 200 13772 application/javascript;+charset=utf-8 13.0657ms
[2023-12-30 21:35:20.494 -05:00  INF]  Sending file. Request path: '/swagger-ui.css'. Physical path: 'N/A'
[2023-12-30 21:35:20.494 -05:00  INF]  Sending file. Request path: '/swagger-ui-standalone-preset.js'. Physical path: 'N/A'
[2023-12-30 21:35:20.503 -05:00  INF]  Request finished HTTP/2 GET https://localhost:7215/swagger/swagger-ui-standalone-preset.js - - - 200 337162 application/javascript 27.4742ms
[2023-12-30 21:35:20.503 -05:00  INF]  Request finished HTTP/2 GET https://localhost:7215/swagger/swagger-ui.css - - - 200 143632 text/css 46.8769ms
[2023-12-30 21:35:20.528 -05:00  INF]  Request starting HTTP/2 GET https://localhost:7215/_vs/browserLink - -
[2023-12-30 21:35:20.532 -05:00  INF]  Sending file. Request path: '/swagger-ui-bundle.js'. Physical path: 'N/A'
[2023-12-30 21:35:20.539 -05:00  INF]  Request finished HTTP/2 GET https://localhost:7215/swagger/swagger-ui-bundle.js - - - 200 1092889 application/javascript 73.4246ms
[2023-12-30 21:35:20.603 -05:00  INF]  Request finished HTTP/2 GET https://localhost:7215/_vs/browserLink - - - 200 - text/javascript;+charset=UTF-8 75.0183ms
[2023-12-30 21:35:20.877 -05:00  INF]  Request starting HTTP/2 GET https://localhost:7215/swagger/v1/swagger.json - -
[2023-12-30 21:35:21.077 -05:00  INF]  Request finished HTTP/2 GET https://localhost:7215/swagger/v1/swagger.json - - - 200 - application/json;charset=utf-8 200.6448ms
[2023-12-30 21:40:15.622 -05:00  INF]  User profile is available. Using 'C:\Users\Giuseppe\AppData\Local\ASP.NET\DataProtection-Keys' as key repository and Windows DPAPI to encrypt keys at rest.
[2023-12-30 21:40:16.021 -05:00  INF]  Now listening on: https://localhost:7215
[2023-12-30 21:40:16.023 -05:00  INF]  Now listening on: http://localhost:5215
[2023-12-30 21:40:16.036 -05:00  INF]  Application started. Press Ctrl+C to shut down.
[2023-12-30 21:40:16.039 -05:00  INF]  Hosting environment: Development
[2023-12-30 21:40:16.041 -05:00  INF]  Content root path: C:\Users\Giuseppe\Desktop\Personal Projects\Prohz\thegoods\KopkeHome-FMRS_API\
[2023-12-30 21:40:22.539 -05:00  INF]  Request starting HTTP/2 GET https://localhost:7215/swagger - -
[2023-12-30 21:40:22.728 -05:00  INF]  Request finished HTTP/2 GET https://localhost:7215/swagger - - - 301 0 - 192.5627ms
[2023-12-30 21:40:22.735 -05:00  INF]  Request starting HTTP/2 GET https://localhost:7215/swagger/index.html - -
[2023-12-30 21:40:22.817 -05:00  INF]  Request finished HTTP/2 GET https://localhost:7215/swagger/index.html - - - 200 - text/html;charset=utf-8 81.1756ms
[2023-12-30 21:40:22.832 -05:00  INF]  Request starting HTTP/2 GET https://localhost:7215/swagger/swagger-ui.css - -
[2023-12-30 21:40:22.838 -05:00  INF]  Request starting HTTP/2 GET https://localhost:7215/swagger/swagger-ui-bundle.js - -
[2023-12-30 21:40:22.845 -05:00  INF]  Request starting HTTP/2 GET https://localhost:7215/swagger/swagger-ui-standalone-preset.js - -
[2023-12-30 21:40:22.850 -05:00  INF]  Request starting HTTP/2 GET https://localhost:7215/_framework/aspnetcore-browser-refresh.js - -
[2023-12-30 21:40:22.857 -05:00  INF]  Request finished HTTP/2 GET https://localhost:7215/_framework/aspnetcore-browser-refresh.js - - - 200 13772 application/javascript;+charset=utf-8 6.3671ms
[2023-12-30 21:40:22.900 -05:00  INF]  Request starting HTTP/2 GET https://localhost:7215/_vs/browserLink - -
[2023-12-30 21:40:22.905 -05:00  INF]  Sending file. Request path: '/swagger-ui.css'. Physical path: 'N/A'
[2023-12-30 21:40:22.905 -05:00  INF]  Sending file. Request path: '/swagger-ui-standalone-preset.js'. Physical path: 'N/A'
[2023-12-30 21:40:22.905 -05:00  INF]  Sending file. Request path: '/swagger-ui-bundle.js'. Physical path: 'N/A'
[2023-12-30 21:40:22.913 -05:00  INF]  Request finished HTTP/2 GET https://localhost:7215/swagger/swagger-ui-bundle.js - - - 200 1092889 application/javascript 75.0456ms
[2023-12-30 21:40:22.913 -05:00  INF]  Request finished HTTP/2 GET https://localhost:7215/swagger/swagger-ui.css - - - 200 143632 text/css 81.7118ms
[2023-12-30 21:40:22.913 -05:00  INF]  Request finished HTTP/2 GET https://localhost:7215/swagger/swagger-ui-standalone-preset.js - - - 200 337162 application/javascript 68.4575ms
[2023-12-30 21:40:22.965 -05:00  INF]  Request finished HTTP/2 GET https://localhost:7215/_vs/browserLink - - - 200 - text/javascript;+charset=UTF-8 65.4901ms
[2023-12-30 21:40:23.252 -05:00  INF]  Request starting HTTP/2 GET https://localhost:7215/swagger/v1/swagger.json - -
[2023-12-30 21:40:23.456 -05:00  INF]  Request finished HTTP/2 GET https://localhost:7215/swagger/v1/swagger.json - - - 200 - application/json;charset=utf-8 203.3504ms
[2023-12-30 21:48:57.349 -05:00  INF]  User profile is available. Using 'C:\Users\Giuseppe\AppData\Local\ASP.NET\DataProtection-Keys' as key repository and Windows DPAPI to encrypt keys at rest.
[2023-12-30 21:48:57.622 -05:00  INF]  Now listening on: https://localhost:7215
[2023-12-30 21:48:57.623 -05:00  INF]  Now listening on: http://localhost:5215
[2023-12-30 21:48:57.632 -05:00  INF]  Application started. Press Ctrl+C to shut down.
[2023-12-30 21:48:57.634 -05:00  INF]  Hosting environment: Development
[2023-12-30 21:48:57.635 -05:00  INF]  Content root path: C:\Users\Giuseppe\Desktop\Personal Projects\Prohz\thegoods\KopkeHome-FMRS_API\
[2023-12-30 21:49:01.287 -05:00  INF]  Request starting HTTP/2 GET https://localhost:7215/swagger - -
[2023-12-30 21:49:01.504 -05:00  INF]  Request finished HTTP/2 GET https://localhost:7215/swagger - - - 301 0 - 220.9672ms
[2023-12-30 21:49:01.521 -05:00  INF]  Request starting HTTP/2 GET https://localhost:7215/swagger/index.html - -
[2023-12-30 21:49:01.612 -05:00  INF]  Request finished HTTP/2 GET https://localhost:7215/swagger/index.html - - - 200 - text/html;charset=utf-8 90.4074ms
[2023-12-30 21:49:01.632 -05:00  INF]  Request starting HTTP/2 GET https://localhost:7215/swagger/swagger-ui.css - -
[2023-12-30 21:49:01.638 -05:00  INF]  Request starting HTTP/2 GET https://localhost:7215/swagger/swagger-ui-bundle.js - -
[2023-12-30 21:49:01.648 -05:00  INF]  Request starting HTTP/2 GET https://localhost:7215/swagger/swagger-ui-standalone-preset.js - -
[2023-12-30 21:49:01.648 -05:00  INF]  Request starting HTTP/2 GET https://localhost:7215/_framework/aspnetcore-browser-refresh.js - -
[2023-12-30 21:49:01.662 -05:00  INF]  Request finished HTTP/2 GET https://localhost:7215/_framework/aspnetcore-browser-refresh.js - - - 200 13772 application/javascript;+charset=utf-8 13.2378ms
[2023-12-30 21:49:01.673 -05:00  INF]  Sending file. Request path: '/swagger-ui.css'. Physical path: 'N/A'
[2023-12-30 21:49:01.713 -05:00  INF]  Request starting HTTP/2 GET https://localhost:7215/_vs/browserLink - -
[2023-12-30 21:49:01.719 -05:00  INF]  Request finished HTTP/2 GET https://localhost:7215/swagger/swagger-ui.css - - - 200 143632 text/css 87.1157ms
[2023-12-30 21:49:01.739 -05:00  INF]  Sending file. Request path: '/swagger-ui-standalone-preset.js'. Physical path: 'N/A'
[2023-12-30 21:49:01.741 -05:00  INF]  Sending file. Request path: '/swagger-ui-bundle.js'. Physical path: 'N/A'
[2023-12-30 21:49:01.747 -05:00  INF]  Request finished HTTP/2 GET https://localhost:7215/swagger/swagger-ui-standalone-preset.js - - - 200 337162 application/javascript 98.5018ms
[2023-12-30 21:49:01.747 -05:00  INF]  Request finished HTTP/2 GET https://localhost:7215/swagger/swagger-ui-bundle.js - - - 200 1092889 application/javascript 108.0550ms
[2023-12-30 21:49:01.804 -05:00  INF]  Request finished HTTP/2 GET https://localhost:7215/_vs/browserLink - - - 200 - text/javascript;+charset=UTF-8 91.2847ms
[2023-12-30 21:49:02.109 -05:00  INF]  Request starting HTTP/2 GET https://localhost:7215/swagger/v1/swagger.json - -
[2023-12-30 21:49:02.407 -05:00  INF]  Request finished HTTP/2 GET https://localhost:7215/swagger/v1/swagger.json - - - 200 - application/json;charset=utf-8 297.7905ms
[2023-12-30 21:54:33.661 -05:00  INF]  User profile is available. Using 'C:\Users\Giuseppe\AppData\Local\ASP.NET\DataProtection-Keys' as key repository and Windows DPAPI to encrypt keys at rest.
[2023-12-30 21:54:34.004 -05:00  INF]  Now listening on: https://localhost:7215
[2023-12-30 21:54:34.007 -05:00  INF]  Now listening on: http://localhost:5215
[2023-12-30 21:54:34.017 -05:00  INF]  Application started. Press Ctrl+C to shut down.
[2023-12-30 21:54:34.019 -05:00  INF]  Hosting environment: Development
[2023-12-30 21:54:34.021 -05:00  INF]  Content root path: C:\Users\Giuseppe\Desktop\Personal Projects\Prohz\thegoods\KopkeHome-FMRS_API\
[2023-12-30 21:54:34.547 -05:00  INF]  Request starting HTTP/2 GET https://localhost:7215/swagger - -
[2023-12-30 21:54:34.857 -05:00  INF]  Request finished HTTP/2 GET https://localhost:7215/swagger - - - 301 0 - 316.7626ms
[2023-12-30 21:54:34.870 -05:00  INF]  Request starting HTTP/2 GET https://localhost:7215/swagger/index.html - -
[2023-12-30 21:54:35.032 -05:00  INF]  Request finished HTTP/2 GET https://localhost:7215/swagger/index.html - - - 200 - text/html;charset=utf-8 161.8263ms
[2023-12-30 21:54:35.046 -05:00  INF]  Request starting HTTP/2 GET https://localhost:7215/swagger/swagger-ui.css - -
[2023-12-30 21:54:35.056 -05:00  INF]  Request starting HTTP/2 GET https://localhost:7215/swagger/swagger-ui-standalone-preset.js - -
[2023-12-30 21:54:35.058 -05:00  INF]  Request starting HTTP/2 GET https://localhost:7215/swagger/swagger-ui-bundle.js - -
[2023-12-30 21:54:35.147 -05:00  INF]  Sending file. Request path: '/swagger-ui-standalone-preset.js'. Physical path: 'N/A'
[2023-12-30 21:54:35.147 -05:00  INF]  Sending file. Request path: '/swagger-ui-bundle.js'. Physical path: 'N/A'
[2023-12-30 21:54:35.147 -05:00  INF]  Sending file. Request path: '/swagger-ui.css'. Physical path: 'N/A'
[2023-12-30 21:54:35.158 -05:00  INF]  Request finished HTTP/2 GET https://localhost:7215/swagger/swagger-ui-standalone-preset.js - - - 200 337162 application/javascript 102.2113ms
[2023-12-30 21:54:35.158 -05:00  INF]  Request finished HTTP/2 GET https://localhost:7215/swagger/swagger-ui-bundle.js - - - 200 1092889 application/javascript 102.2557ms
[2023-12-30 21:54:35.158 -05:00  INF]  Request finished HTTP/2 GET https://localhost:7215/swagger/swagger-ui.css - - - 200 143632 text/css 112.6070ms
[2023-12-30 21:54:35.182 -05:00  INF]  Request starting HTTP/2 GET https://localhost:7215/_framework/aspnetcore-browser-refresh.js - -
[2023-12-30 21:54:35.189 -05:00  INF]  Request starting HTTP/2 GET https://localhost:7215/_vs/browserLink - -
[2023-12-30 21:54:35.196 -05:00  INF]  Request finished HTTP/2 GET https://localhost:7215/_framework/aspnetcore-browser-refresh.js - - - 200 13772 application/javascript;+charset=utf-8 14.7044ms
[2023-12-30 21:54:35.263 -05:00  INF]  Request finished HTTP/2 GET https://localhost:7215/_vs/browserLink - - - 200 - text/javascript;+charset=UTF-8 73.7720ms
[2023-12-30 21:54:35.601 -05:00  INF]  Request starting HTTP/2 GET https://localhost:7215/swagger/v1/swagger.json - -
[2023-12-30 21:54:35.796 -05:00  INF]  Request finished HTTP/2 GET https://localhost:7215/swagger/v1/swagger.json - - - 200 - application/json;charset=utf-8 194.6158ms
[2023-12-30 21:59:24.084 -05:00  INF]  User profile is available. Using 'C:\Users\Giuseppe\AppData\Local\ASP.NET\DataProtection-Keys' as key repository and Windows DPAPI to encrypt keys at rest.
[2023-12-30 21:59:24.511 -05:00  INF]  Now listening on: https://localhost:7215
[2023-12-30 21:59:24.513 -05:00  INF]  Now listening on: http://localhost:5215
[2023-12-30 21:59:24.525 -05:00  INF]  Application started. Press Ctrl+C to shut down.
[2023-12-30 21:59:24.528 -05:00  INF]  Hosting environment: Development
[2023-12-30 21:59:24.530 -05:00  INF]  Content root path: C:\Users\Giuseppe\Desktop\Personal Projects\Prohz\thegoods\KopkeHome-FMRS_API\
[2023-12-30 21:59:24.889 -05:00  INF]  Request starting HTTP/2 GET https://localhost:7215/swagger - -
[2023-12-30 21:59:25.113 -05:00  INF]  Request finished HTTP/2 GET https://localhost:7215/swagger - - - 301 0 - 228.2135ms
[2023-12-30 21:59:25.122 -05:00  INF]  Request starting HTTP/2 GET https://localhost:7215/swagger/index.html - -
[2023-12-30 21:59:25.216 -05:00  INF]  Request finished HTTP/2 GET https://localhost:7215/swagger/index.html - - - 200 - text/html;charset=utf-8 93.4995ms
[2023-12-30 21:59:25.232 -05:00  INF]  Request starting HTTP/2 GET https://localhost:7215/swagger/swagger-ui.css - -
[2023-12-30 21:59:25.239 -05:00  INF]  Request starting HTTP/2 GET https://localhost:7215/swagger/swagger-ui-bundle.js - -
[2023-12-30 21:59:25.245 -05:00  INF]  Request starting HTTP/2 GET https://localhost:7215/swagger/swagger-ui-standalone-preset.js - -
[2023-12-30 21:59:25.249 -05:00  INF]  Request starting HTTP/2 GET https://localhost:7215/_framework/aspnetcore-browser-refresh.js - -
[2023-12-30 21:59:25.267 -05:00  INF]  Request finished HTTP/2 GET https://localhost:7215/_framework/aspnetcore-browser-refresh.js - - - 200 13772 application/javascript;+charset=utf-8 17.8534ms
[2023-12-30 21:59:25.331 -05:00  INF]  Request starting HTTP/2 GET https://localhost:7215/_vs/browserLink - -
[2023-12-30 21:59:25.370 -05:00  INF]  Sending file. Request path: '/swagger-ui-standalone-preset.js'. Physical path: 'N/A'
[2023-12-30 21:59:25.371 -05:00  INF]  Sending file. Request path: '/swagger-ui.css'. Physical path: 'N/A'
[2023-12-30 21:59:25.371 -05:00  INF]  Sending file. Request path: '/swagger-ui-bundle.js'. Physical path: 'N/A'
[2023-12-30 21:59:25.444 -05:00  INF]  Request finished HTTP/2 GET https://localhost:7215/swagger/swagger-ui.css - - - 200 143632 text/css 211.4186ms
[2023-12-30 21:59:25.444 -05:00  INF]  Request finished HTTP/2 GET https://localhost:7215/swagger/swagger-ui-standalone-preset.js - - - 200 337162 application/javascript 199.1455ms
[2023-12-30 21:59:25.444 -05:00  INF]  Request finished HTTP/2 GET https://localhost:7215/swagger/swagger-ui-bundle.js - - - 200 1092889 application/javascript 205.4037ms
[2023-12-30 21:59:25.499 -05:00  INF]  Request finished HTTP/2 GET https://localhost:7215/_vs/browserLink - - - 200 - text/javascript;+charset=UTF-8 169.4353ms
[2023-12-30 21:59:25.769 -05:00  INF]  Request starting HTTP/2 GET https://localhost:7215/swagger/v1/swagger.json - -
[2023-12-30 21:59:25.964 -05:00  INF]  Request finished HTTP/2 GET https://localhost:7215/swagger/v1/swagger.json - - - 200 - application/json;charset=utf-8 195.0746ms
[2023-12-30 22:02:37.084 -05:00  INF]  User profile is available. Using 'C:\Users\Giuseppe\AppData\Local\ASP.NET\DataProtection-Keys' as key repository and Windows DPAPI to encrypt keys at rest.
[2023-12-30 22:02:37.399 -05:00  INF]  Now listening on: https://localhost:7215
[2023-12-30 22:02:37.401 -05:00  INF]  Now listening on: http://localhost:5215
[2023-12-30 22:02:37.410 -05:00  INF]  Application started. Press Ctrl+C to shut down.
[2023-12-30 22:02:37.412 -05:00  INF]  Hosting environment: Development
[2023-12-30 22:02:37.414 -05:00  INF]  Content root path: C:\Users\Giuseppe\Desktop\Personal Projects\Prohz\thegoods\KopkeHome-FMRS_API\
[2023-12-30 22:02:42.323 -05:00  INF]  Request starting HTTP/2 GET https://localhost:7215/swagger - -
[2023-12-30 22:02:42.545 -05:00  INF]  Request finished HTTP/2 GET https://localhost:7215/swagger - - - 301 0 - 225.8666ms
[2023-12-30 22:02:42.553 -05:00  INF]  Request starting HTTP/2 GET https://localhost:7215/swagger/index.html - -
[2023-12-30 22:02:42.639 -05:00  INF]  Request finished HTTP/2 GET https://localhost:7215/swagger/index.html - - - 200 - text/html;charset=utf-8 86.5393ms
[2023-12-30 22:02:42.664 -05:00  INF]  Request starting HTTP/2 GET https://localhost:7215/swagger/swagger-ui.css - -
[2023-12-30 22:02:42.681 -05:00  INF]  Request starting HTTP/2 GET https://localhost:7215/swagger/swagger-ui-bundle.js - -
[2023-12-30 22:02:42.687 -05:00  INF]  Request starting HTTP/2 GET https://localhost:7215/swagger/swagger-ui-standalone-preset.js - -
[2023-12-30 22:02:42.692 -05:00  INF]  Request starting HTTP/2 GET https://localhost:7215/_framework/aspnetcore-browser-refresh.js - -
[2023-12-30 22:02:42.712 -05:00  INF]  Request finished HTTP/2 GET https://localhost:7215/_framework/aspnetcore-browser-refresh.js - - - 200 13772 application/javascript;+charset=utf-8 19.6049ms
[2023-12-30 22:02:42.721 -05:00  INF]  Sending file. Request path: '/swagger-ui.css'. Physical path: 'N/A'
[2023-12-30 22:02:42.751 -05:00  INF]  Request finished HTTP/2 GET https://localhost:7215/swagger/swagger-ui.css - - - 200 143632 text/css 87.2394ms
[2023-12-30 22:02:42.760 -05:00  INF]  Sending file. Request path: '/swagger-ui-standalone-preset.js'. Physical path: 'N/A'
[2023-12-30 22:02:42.760 -05:00  INF]  Sending file. Request path: '/swagger-ui-bundle.js'. Physical path: 'N/A'
[2023-12-30 22:02:42.762 -05:00  INF]  Request starting HTTP/2 GET https://localhost:7215/_vs/browserLink - -
[2023-12-30 22:02:42.773 -05:00  INF]  Request finished HTTP/2 GET https://localhost:7215/swagger/swagger-ui-standalone-preset.js - - - 200 337162 application/javascript 85.8110ms
[2023-12-30 22:02:42.773 -05:00  INF]  Request finished HTTP/2 GET https://localhost:7215/swagger/swagger-ui-bundle.js - - - 200 1092889 application/javascript 92.4960ms
[2023-12-30 22:02:42.836 -05:00  INF]  Request finished HTTP/2 GET https://localhost:7215/_vs/browserLink - - - 200 - text/javascript;+charset=UTF-8 74.3255ms
[2023-12-30 22:02:43.111 -05:00  INF]  Request starting HTTP/2 GET https://localhost:7215/swagger/v1/swagger.json - -
[2023-12-30 22:02:43.308 -05:00  INF]  Request finished HTTP/2 GET https://localhost:7215/swagger/v1/swagger.json - - - 200 - application/json;charset=utf-8 197.7736ms
