[2022-06-29 20:30:50.111 +05:30  INF]  User profile is available. Using 'C:\Users\mirh\AppData\Local\ASP.NET\DataProtection-Keys' as key repository and Windows DPAPI to encrypt keys at rest.
[2022-06-29 20:30:50.246 +05:30  INF]  Now listening on: http://localhost:7047
[2022-06-29 20:30:50.246 +05:30  INF]  Now listening on: http://localhost:5047
[2022-06-29 20:30:50.249 +05:30  INF]  Application started. Press Ctrl+C to shut down.
[2022-06-29 20:30:50.249 +05:30  INF]  Hosting environment: Development
[2022-06-29 20:30:50.249 +05:30  INF]  Content root path: D:\KopkeHome-FMRS\KopkeHome-FMRS\KopkeHome-WebApp\
[2022-06-29 20:30:53.545 +05:30  INF]  Request starting HTTP/1.1 GET http://localhost:7047/ - -
[2022-06-29 20:30:53.678 +05:30  INF]  Executing endpoint 'KopkeHome_WebApp.Controllers.UserController.SignIn (KopkeHome-WebApp)'
[2022-06-29 20:30:53.754 +05:30  INF]  Route matched with {action = "SignIn", controller = "User"}. Executing controller action with signature Microsoft.AspNetCore.Mvc.IActionResult SignIn() on controller KopkeHome_WebApp.Controllers.UserController (KopkeHome-WebApp).
[2022-06-29 20:30:53.827 +05:30  INF]  Executing ViewResult, running view SignIn.
[2022-06-29 20:30:54.143 +05:30  INF]  Executed ViewResult - view SignIn executed in 318.6614ms.
[2022-06-29 20:30:54.147 +05:30  INF]  Executed action KopkeHome_WebApp.Controllers.UserController.SignIn (KopkeHome-WebApp) in 393.1741ms
[2022-06-29 20:30:54.148 +05:30  INF]  Executed endpoint 'KopkeHome_WebApp.Controllers.UserController.SignIn (KopkeHome-WebApp)'
[2022-06-29 20:30:54.166 +05:30  INF]  Request finished HTTP/1.1 GET http://localhost:7047/ - - - 200 - text/html;+charset=utf-8 623.9663ms
[2022-06-29 20:30:54.254 +05:30  INF]  Request starting HTTP/1.1 GET http://localhost:7047/js/site.js?v=7oqeU159VNK1j1Um8LxRGFB3XOrdOZdTflaGAklGo4Y - -
[2022-06-29 20:30:54.266 +05:30  INF]  Sending file. Request path: '/js/site.js'. Physical path: 'D:\KopkeHome-FMRS\KopkeHome-FMRS\KopkeHome-WebApp\wwwroot\js\site.js'
[2022-06-29 20:30:54.267 +05:30  INF]  Request finished HTTP/1.1 GET http://localhost:7047/js/site.js?v=7oqeU159VNK1j1Um8LxRGFB3XOrdOZdTflaGAklGo4Y - - - 200 32485 application/javascript 12.6977ms
[2022-06-29 20:30:54.270 +05:30  INF]  Request starting HTTP/1.1 GET http://localhost:7047/_framework/aspnetcore-browser-refresh.js - -
[2022-06-29 20:30:54.271 +05:30  INF]  Request finished HTTP/1.1 GET http://localhost:7047/_framework/aspnetcore-browser-refresh.js - - - 200 11950 application/javascript;+charset=utf-8 1.5172ms
[2022-06-29 20:30:54.458 +05:30  INF]  Request starting HTTP/1.1 GET http://localhost:7047/User/StateList - -
[2022-06-29 20:30:54.461 +05:30  INF]  Executing endpoint 'KopkeHome_WebApp.Controllers.UserController.StateList (KopkeHome-WebApp)'
[2022-06-29 20:30:54.467 +05:30  INF]  Route matched with {action = "StateList", controller = "User"}. Executing controller action with signature System.Threading.Tasks.Task`1[System.Collections.Generic.List`1[KopkeHome_ModelLayer.DataModel.State]] StateList() on controller KopkeHome_WebApp.Controllers.UserController (KopkeHome-WebApp).
[2022-06-29 20:30:58.704 +05:30  INF]  Executed action KopkeHome_WebApp.Controllers.UserController.StateList (KopkeHome-WebApp) in 4237.4649ms
[2022-06-29 20:30:58.706 +05:30  INF]  Executed endpoint 'KopkeHome_WebApp.Controllers.UserController.StateList (KopkeHome-WebApp)'
[2022-06-29 20:30:58.709 +05:30  ERR]  An unhandled exception has occurred while executing the request.
System.Net.Http.HttpRequestException: No connection could be made because the target machine actively refused it. (localhost:7215)
 ---> System.Net.Sockets.SocketException (10061): No connection could be made because the target machine actively refused it.
   at System.Net.Sockets.Socket.AwaitableSocketAsyncEventArgs.ThrowException(SocketError error, CancellationToken cancellationToken)
   at System.Net.Sockets.Socket.AwaitableSocketAsyncEventArgs.System.Threading.Tasks.Sources.IValueTaskSource.GetResult(Int16 token)
   at System.Net.Sockets.Socket.<ConnectAsync>g__WaitForConnectWithCancellation|277_0(AwaitableSocketAsyncEventArgs saea, ValueTask connectTask, CancellationToken cancellationToken)
   at System.Net.Http.HttpConnectionPool.ConnectToTcpHostAsync(String host, Int32 port, HttpRequestMessage initialRequest, Boolean async, CancellationToken cancellationToken)
   --- End of inner exception stack trace ---
   at System.Net.Http.HttpConnectionPool.ConnectToTcpHostAsync(String host, Int32 port, HttpRequestMessage initialRequest, Boolean async, CancellationToken cancellationToken)
   at System.Net.Http.HttpConnectionPool.ConnectAsync(HttpRequestMessage request, Boolean async, CancellationToken cancellationToken)
   at System.Net.Http.HttpConnectionPool.CreateHttp11ConnectionAsync(HttpRequestMessage request, Boolean async, CancellationToken cancellationToken)
   at System.Net.Http.HttpConnectionPool.AddHttp11ConnectionAsync(HttpRequestMessage request)
   at System.Threading.Tasks.TaskCompletionSourceWithCancellation`1.WaitWithCancellationAsync(CancellationToken cancellationToken)
   at System.Net.Http.HttpConnectionPool.GetHttp11ConnectionAsync(HttpRequestMessage request, Boolean async, CancellationToken cancellationToken)
   at System.Net.Http.HttpConnectionPool.SendWithVersionDetectionAndRetryAsync(HttpRequestMessage request, Boolean async, Boolean doRequestAuth, CancellationToken cancellationToken)
   at System.Net.Http.DiagnosticsHandler.SendAsyncCore(HttpRequestMessage request, Boolean async, CancellationToken cancellationToken)
   at System.Net.Http.RedirectHandler.SendAsync(HttpRequestMessage request, Boolean async, CancellationToken cancellationToken)
   at System.Net.Http.HttpClient.<SendAsync>g__Core|83_0(HttpRequestMessage request, HttpCompletionOption completionOption, CancellationTokenSource cts, Boolean disposeCts, CancellationTokenSource pendingRequestsCts, CancellationToken originalCancellationToken)
   at KopkeHome_WebApp.Controllers.UserController.StateList() in D:\KopkeHome-FMRS\KopkeHome-FMRS\KopkeHome-WebApp\Controllers\UserController.cs:line 46
   at lambda_method31(Closure , Object )
   at Microsoft.AspNetCore.Mvc.Infrastructure.ActionMethodExecutor.AwaitableObjectResultExecutor.Execute(IActionResultTypeMapper mapper, ObjectMethodExecutor executor, Object controller, Object[] arguments)
   at Microsoft.AspNetCore.Mvc.Infrastructure.ControllerActionInvoker.<InvokeActionMethodAsync>g__Awaited|12_0(ControllerActionInvoker invoker, ValueTask`1 actionResultValueTask)
   at Microsoft.AspNetCore.Mvc.Infrastructure.ControllerActionInvoker.<InvokeNextActionFilterAsync>g__Awaited|10_0(ControllerActionInvoker invoker, Task lastTask, State next, Scope scope, Object state, Boolean isCompleted)
   at Microsoft.AspNetCore.Mvc.Infrastructure.ControllerActionInvoker.Rethrow(ActionExecutedContextSealed context)
   at Microsoft.AspNetCore.Mvc.Infrastructure.ControllerActionInvoker.Next(State& next, Scope& scope, Object& state, Boolean& isCompleted)
   at Microsoft.AspNetCore.Mvc.Infrastructure.ControllerActionInvoker.<InvokeInnerFilterAsync>g__Awaited|13_0(ControllerActionInvoker invoker, Task lastTask, State next, Scope scope, Object state, Boolean isCompleted)
   at Microsoft.AspNetCore.Mvc.Infrastructure.ResourceInvoker.<InvokeNextResourceFilter>g__Awaited|25_0(ResourceInvoker invoker, Task lastTask, State next, Scope scope, Object state, Boolean isCompleted)
   at Microsoft.AspNetCore.Mvc.Infrastructure.ResourceInvoker.Rethrow(ResourceExecutedContextSealed context)
   at Microsoft.AspNetCore.Mvc.Infrastructure.ResourceInvoker.Next(State& next, Scope& scope, Object& state, Boolean& isCompleted)
   at Microsoft.AspNetCore.Mvc.Infrastructure.ResourceInvoker.<InvokeFilterPipelineAsync>g__Awaited|20_0(ResourceInvoker invoker, Task lastTask, State next, Scope scope, Object state, Boolean isCompleted)
   at Microsoft.AspNetCore.Mvc.Infrastructure.ResourceInvoker.<InvokeAsync>g__Logged|17_1(ResourceInvoker invoker)
   at Microsoft.AspNetCore.Mvc.Infrastructure.ResourceInvoker.<InvokeAsync>g__Logged|17_1(ResourceInvoker invoker)
   at Microsoft.AspNetCore.Routing.EndpointMiddleware.<Invoke>g__AwaitRequestTask|6_0(Endpoint endpoint, Task requestTask, ILogger logger)
   at Microsoft.AspNetCore.Authorization.AuthorizationMiddleware.Invoke(HttpContext context)
   at Microsoft.AspNetCore.Session.SessionMiddleware.Invoke(HttpContext context)
   at Microsoft.AspNetCore.Session.SessionMiddleware.Invoke(HttpContext context)
   at Microsoft.AspNetCore.Diagnostics.DeveloperExceptionPageMiddleware.Invoke(HttpContext context)
[2022-06-29 20:30:58.883 +05:30  INF]  Request finished HTTP/1.1 GET http://localhost:7047/User/StateList - - - 500 - text/plain;+charset=utf-8 4424.9069ms
[2022-06-29 20:31:04.815 +05:30  INF]  Request starting HTTP/1.1 GET http://localhost:7047/HOME/PRIVACY - -
[2022-06-29 20:31:04.817 +05:30  INF]  Executing endpoint 'KopkeHome_WebApp.Controllers.HomeController.Privacy (KopkeHome-WebApp)'
[2022-06-29 20:31:04.818 +05:30  INF]  Route matched with {action = "Privacy", controller = "Home"}. Executing controller action with signature Microsoft.AspNetCore.Mvc.IActionResult Privacy() on controller KopkeHome_WebApp.Controllers.HomeController (KopkeHome-WebApp).
[2022-06-29 20:31:08.075 +05:30  ERR]  THIS IS TEST.
[2022-06-29 20:31:09.266 +05:30  INF]  Executing ViewResult, running view Privacy.
[2022-06-29 20:31:09.613 +05:30  INF]  Executed ViewResult - view Privacy executed in 376.5437ms.
[2022-06-29 20:31:09.613 +05:30  INF]  Executed action KopkeHome_WebApp.Controllers.HomeController.Privacy (KopkeHome-WebApp) in 4795.4916ms
[2022-06-29 20:31:09.613 +05:30  INF]  Executed endpoint 'KopkeHome_WebApp.Controllers.HomeController.Privacy (KopkeHome-WebApp)'
[2022-06-29 20:31:09.614 +05:30  INF]  Request finished HTTP/1.1 GET http://localhost:7047/HOME/PRIVACY - - - 200 - text/html;+charset=utf-8 4799.0290ms
[2022-06-29 20:31:09.641 +05:30  INF]  Request starting HTTP/1.1 GET http://localhost:7047/_framework/aspnetcore-browser-refresh.js - -
[2022-06-29 20:31:09.641 +05:30  INF]  Request finished HTTP/1.1 GET http://localhost:7047/_framework/aspnetcore-browser-refresh.js - - - 200 11950 application/javascript;+charset=utf-8 0.3422ms
[2022-06-29 20:31:09.677 +05:30  INF]  Request starting HTTP/1.1 GET http://localhost:7047/User/StateList - -
[2022-06-29 20:31:09.679 +05:30  INF]  Executing endpoint 'KopkeHome_WebApp.Controllers.UserController.StateList (KopkeHome-WebApp)'
[2022-06-29 20:31:09.679 +05:30  INF]  Route matched with {action = "StateList", controller = "User"}. Executing controller action with signature System.Threading.Tasks.Task`1[System.Collections.Generic.List`1[KopkeHome_ModelLayer.DataModel.State]] StateList() on controller KopkeHome_WebApp.Controllers.UserController (KopkeHome-WebApp).
[2022-06-29 20:31:13.900 +05:30  INF]  Executed action KopkeHome_WebApp.Controllers.UserController.StateList (KopkeHome-WebApp) in 4221.0207ms
[2022-06-29 20:31:13.901 +05:30  INF]  Executed endpoint 'KopkeHome_WebApp.Controllers.UserController.StateList (KopkeHome-WebApp)'
[2022-06-29 20:31:13.903 +05:30  ERR]  An unhandled exception has occurred while executing the request.
System.Net.Http.HttpRequestException: No connection could be made because the target machine actively refused it. (localhost:7215)
 ---> System.Net.Sockets.SocketException (10061): No connection could be made because the target machine actively refused it.
   at System.Net.Sockets.Socket.AwaitableSocketAsyncEventArgs.ThrowException(SocketError error, CancellationToken cancellationToken)
   at System.Net.Sockets.Socket.AwaitableSocketAsyncEventArgs.System.Threading.Tasks.Sources.IValueTaskSource.GetResult(Int16 token)
   at System.Net.Sockets.Socket.<ConnectAsync>g__WaitForConnectWithCancellation|277_0(AwaitableSocketAsyncEventArgs saea, ValueTask connectTask, CancellationToken cancellationToken)
   at System.Net.Http.HttpConnectionPool.ConnectToTcpHostAsync(String host, Int32 port, HttpRequestMessage initialRequest, Boolean async, CancellationToken cancellationToken)
   --- End of inner exception stack trace ---
   at System.Net.Http.HttpConnectionPool.ConnectToTcpHostAsync(String host, Int32 port, HttpRequestMessage initialRequest, Boolean async, CancellationToken cancellationToken)
   at System.Net.Http.HttpConnectionPool.ConnectAsync(HttpRequestMessage request, Boolean async, CancellationToken cancellationToken)
   at System.Net.Http.HttpConnectionPool.CreateHttp11ConnectionAsync(HttpRequestMessage request, Boolean async, CancellationToken cancellationToken)
   at System.Net.Http.HttpConnectionPool.AddHttp11ConnectionAsync(HttpRequestMessage request)
   at System.Threading.Tasks.TaskCompletionSourceWithCancellation`1.WaitWithCancellationAsync(CancellationToken cancellationToken)
   at System.Net.Http.HttpConnectionPool.GetHttp11ConnectionAsync(HttpRequestMessage request, Boolean async, CancellationToken cancellationToken)
   at System.Net.Http.HttpConnectionPool.SendWithVersionDetectionAndRetryAsync(HttpRequestMessage request, Boolean async, Boolean doRequestAuth, CancellationToken cancellationToken)
   at System.Net.Http.DiagnosticsHandler.SendAsyncCore(HttpRequestMessage request, Boolean async, CancellationToken cancellationToken)
   at System.Net.Http.RedirectHandler.SendAsync(HttpRequestMessage request, Boolean async, CancellationToken cancellationToken)
   at System.Net.Http.HttpClient.<SendAsync>g__Core|83_0(HttpRequestMessage request, HttpCompletionOption completionOption, CancellationTokenSource cts, Boolean disposeCts, CancellationTokenSource pendingRequestsCts, CancellationToken originalCancellationToken)
   at KopkeHome_WebApp.Controllers.UserController.StateList() in D:\KopkeHome-FMRS\KopkeHome-FMRS\KopkeHome-WebApp\Controllers\UserController.cs:line 46
   at lambda_method31(Closure , Object )
   at Microsoft.AspNetCore.Mvc.Infrastructure.ActionMethodExecutor.AwaitableObjectResultExecutor.Execute(IActionResultTypeMapper mapper, ObjectMethodExecutor executor, Object controller, Object[] arguments)
   at Microsoft.AspNetCore.Mvc.Infrastructure.ControllerActionInvoker.<InvokeActionMethodAsync>g__Awaited|12_0(ControllerActionInvoker invoker, ValueTask`1 actionResultValueTask)
   at Microsoft.AspNetCore.Mvc.Infrastructure.ControllerActionInvoker.<InvokeNextActionFilterAsync>g__Awaited|10_0(ControllerActionInvoker invoker, Task lastTask, State next, Scope scope, Object state, Boolean isCompleted)
   at Microsoft.AspNetCore.Mvc.Infrastructure.ControllerActionInvoker.Rethrow(ActionExecutedContextSealed context)
   at Microsoft.AspNetCore.Mvc.Infrastructure.ControllerActionInvoker.Next(State& next, Scope& scope, Object& state, Boolean& isCompleted)
   at Microsoft.AspNetCore.Mvc.Infrastructure.ControllerActionInvoker.<InvokeInnerFilterAsync>g__Awaited|13_0(ControllerActionInvoker invoker, Task lastTask, State next, Scope scope, Object state, Boolean isCompleted)
   at Microsoft.AspNetCore.Mvc.Infrastructure.ResourceInvoker.<InvokeNextResourceFilter>g__Awaited|25_0(ResourceInvoker invoker, Task lastTask, State next, Scope scope, Object state, Boolean isCompleted)
   at Microsoft.AspNetCore.Mvc.Infrastructure.ResourceInvoker.Rethrow(ResourceExecutedContextSealed context)
   at Microsoft.AspNetCore.Mvc.Infrastructure.ResourceInvoker.Next(State& next, Scope& scope, Object& state, Boolean& isCompleted)
   at Microsoft.AspNetCore.Mvc.Infrastructure.ResourceInvoker.<InvokeFilterPipelineAsync>g__Awaited|20_0(ResourceInvoker invoker, Task lastTask, State next, Scope scope, Object state, Boolean isCompleted)
   at Microsoft.AspNetCore.Mvc.Infrastructure.ResourceInvoker.<InvokeAsync>g__Logged|17_1(ResourceInvoker invoker)
   at Microsoft.AspNetCore.Mvc.Infrastructure.ResourceInvoker.<InvokeAsync>g__Logged|17_1(ResourceInvoker invoker)
   at Microsoft.AspNetCore.Routing.EndpointMiddleware.<Invoke>g__AwaitRequestTask|6_0(Endpoint endpoint, Task requestTask, ILogger logger)
   at Microsoft.AspNetCore.Authorization.AuthorizationMiddleware.Invoke(HttpContext context)
   at Microsoft.AspNetCore.Session.SessionMiddleware.Invoke(HttpContext context)
   at Microsoft.AspNetCore.Session.SessionMiddleware.Invoke(HttpContext context)
   at Microsoft.AspNetCore.Diagnostics.DeveloperExceptionPageMiddleware.Invoke(HttpContext context)
[2022-06-29 20:31:13.913 +05:30  INF]  Request finished HTTP/1.1 GET http://localhost:7047/User/StateList - - - 500 - text/plain;+charset=utf-8 4235.8631ms
