[2024-01-29 18:57:52.242 -05:00  INF]  User profile is available. Using 'C:\Users\Percival\AppData\Local\ASP.NET\DataProtection-Keys' as key repository and Windows DPAPI to encrypt keys at rest.
[2024-01-29 18:57:52.328 -05:00  INF]  Now listening on: http://localhost:5000
[2024-01-29 18:57:52.329 -05:00  INF]  Now listening on: https://localhost:5001
[2024-01-29 18:57:52.331 -05:00  INF]  Application started. Press Ctrl+C to shut down.
[2024-01-29 18:57:52.331 -05:00  INF]  Hosting environment: Production
[2024-01-29 18:57:52.331 -05:00  INF]  Content root path: C:\Users\Percival\Development\prohz\KopkeHome-FMRS\KopkeHome-WebApp\
[2024-01-29 18:57:59.783 -05:00  INF]  Request starting HTTP/2 GET https://localhost:5001/user/signup - -
[2024-01-29 18:57:59.815 -05:00  INF]  Executing endpoint 'KopkeHome_WebApp.Controllers.UserController.SignUp (KopkeHome_WebApp)'
[2024-01-29 18:57:59.829 -05:00  INF]  Route matched with {action = "SignUp", controller = "User"}. Executing controller action with signature Microsoft.AspNetCore.Mvc.IActionResult SignUp(System.String) on controller KopkeHome_WebApp.Controllers.UserController (KopkeHome_WebApp).
[2024-01-29 18:58:46.989 -05:00  INF]  Executing ViewResult, running view SignUp.
[2024-01-29 18:58:47.150 -05:00  INF]  Executed ViewResult - view SignUp executed in 163.1913ms.
[2024-01-29 18:58:47.151 -05:00  INF]  Executed action KopkeHome_WebApp.Controllers.UserController.SignUp (KopkeHome_WebApp) in 47320.0631ms
[2024-01-29 18:58:47.151 -05:00  INF]  Executed endpoint 'KopkeHome_WebApp.Controllers.UserController.SignUp (KopkeHome_WebApp)'
[2024-01-29 18:58:47.154 -05:00  INF]  Request finished HTTP/2 GET https://localhost:5001/user/signup - - - 200 - text/html;+charset=utf-8 47373.2280ms
[2024-01-29 18:58:47.184 -05:00  INF]  Request starting HTTP/2 GET https://localhost:5001/css/responsive.css?v=cM0Onl7S3wmeoD10qGNKw9zSokQ5BzM1SVZNzsRt8T0 - -
[2024-01-29 18:58:47.186 -05:00  INF]  The file /css/responsive.css was not modified
[2024-01-29 18:58:47.186 -05:00  INF]  Request finished HTTP/2 GET https://localhost:5001/css/responsive.css?v=cM0Onl7S3wmeoD10qGNKw9zSokQ5BzM1SVZNzsRt8T0 - - - 304 - text/css 2.2338ms
[2024-01-29 18:58:47.195 -05:00  INF]  Request starting HTTP/2 GET https://localhost:5001/css/responsive.css - -
[2024-01-29 18:58:47.195 -05:00  INF]  The file /css/responsive.css was not modified
[2024-01-29 18:58:47.196 -05:00  INF]  Request finished HTTP/2 GET https://localhost:5001/css/responsive.css - - - 304 - text/css 1.1869ms
[2024-01-29 18:58:47.257 -05:00  INF]  Request starting HTTP/2 GET https://localhost:5001/_framework/aspnetcore-browser-refresh.js - -
[2024-01-29 18:58:47.258 -05:00  INF]  Request finished HTTP/2 GET https://localhost:5001/_framework/aspnetcore-browser-refresh.js - - - 200 13732 application/javascript;+charset=utf-8 1.1590ms
[2024-01-29 18:58:47.294 -05:00  INF]  Request starting HTTP/2 GET https://localhost:5001/home/ProhzLegalFiles - -
[2024-01-29 18:58:47.296 -05:00  INF]  Executing endpoint 'KopkeHome_WebApp.Controllers.HomeController.ProhzLegalFiles (KopkeHome_WebApp)'
[2024-01-29 18:58:47.300 -05:00  INF]  Route matched with {action = "ProhzLegalFiles", controller = "Home"}. Executing controller action with signature System.Threading.Tasks.Task`1[Microsoft.AspNetCore.Mvc.IActionResult] ProhzLegalFiles() on controller KopkeHome_WebApp.Controllers.HomeController (KopkeHome_WebApp).
[2024-01-29 18:58:47.305 -05:00  INF]  Request starting HTTP/2 GET https://localhost:5001/User/StateList - -
[2024-01-29 18:58:47.309 -05:00  INF]  Executing endpoint 'KopkeHome_WebApp.Controllers.UserController.StateList (KopkeHome_WebApp)'
[2024-01-29 18:58:47.311 -05:00  INF]  Route matched with {action = "StateList", controller = "User"}. Executing controller action with signature System.Threading.Tasks.Task`1[System.Collections.Generic.List`1[KopkeHome_ModelLayer.DataModel.State]] StateList() on controller KopkeHome_WebApp.Controllers.UserController (KopkeHome_WebApp).
[2024-01-29 18:59:08.373 -05:00  INF]  Executing ViewResult, running view ProhzLegalFiles.
[2024-01-29 18:59:08.376 -05:00  INF]  Executing ObjectResult, writing value of type 'System.Collections.Generic.List`1[[KopkeHome_ModelLayer.DataModel.State, KopkeHome-ModelLayer, Version=1.0.0.0, Culture=neutral, PublicKeyToken=null]]'.
[2024-01-29 18:59:08.376 -05:00  ERR]  The view 'ProhzLegalFiles' was not found. Searched locations: ["/Views/Home/en-US/ProhzLegalFiles.cshtml","/Views/Home/en/ProhzLegalFiles.cshtml","/Views/Home/ProhzLegalFiles.cshtml","/Views/Shared/en-US/ProhzLegalFiles.cshtml","/Views/Shared/en/ProhzLegalFiles.cshtml","/Views/Shared/ProhzLegalFiles.cshtml"]
[2024-01-29 18:59:08.379 -05:00  INF]  Executed action KopkeHome_WebApp.Controllers.HomeController.ProhzLegalFiles (KopkeHome_WebApp) in 21078.5019ms
[2024-01-29 18:59:08.379 -05:00  INF]  Executed endpoint 'KopkeHome_WebApp.Controllers.HomeController.ProhzLegalFiles (KopkeHome_WebApp)'
[2024-01-29 18:59:08.379 -05:00  ERR]  The view 'ProhzLegalFiles' was not found. The following locations were searched:
/Views/Home/en-US/ProhzLegalFiles.cshtml
/Views/Home/en/ProhzLegalFiles.cshtml
/Views/Home/ProhzLegalFiles.cshtml
/Views/Shared/en-US/ProhzLegalFiles.cshtml
/Views/Shared/en/ProhzLegalFiles.cshtml
/Views/Shared/ProhzLegalFiles.cshtml
[2024-01-29 18:59:08.381 -05:00  INF]  Request finished HTTP/2 GET https://localhost:5001/home/ProhzLegalFiles - - - 302 0 - 21086.2542ms
[2024-01-29 18:59:08.381 -05:00  INF]  Executed action KopkeHome_WebApp.Controllers.UserController.StateList (KopkeHome_WebApp) in 21069.2189ms
[2024-01-29 18:59:08.381 -05:00  INF]  Executed endpoint 'KopkeHome_WebApp.Controllers.UserController.StateList (KopkeHome_WebApp)'
[2024-01-29 18:59:08.381 -05:00  INF]  Request finished HTTP/2 GET https://localhost:5001/User/StateList - - - 200 - application/json;+charset=utf-8 21075.7466ms
[2024-01-29 18:59:08.384 -05:00  INF]  Request starting HTTP/2 GET https://localhost:5001/Home/error - -
[2024-01-29 18:59:08.387 -05:00  INF]  Executing endpoint 'KopkeHome_WebApp.Controllers.HomeController.Error (KopkeHome_WebApp)'
[2024-01-29 18:59:08.388 -05:00  INF]  Route matched with {action = "Error", controller = "Home"}. Executing controller action with signature Microsoft.AspNetCore.Mvc.IActionResult Error() on controller KopkeHome_WebApp.Controllers.HomeController (KopkeHome_WebApp).
[2024-01-29 18:59:08.389 -05:00  INF]  Executing ViewResult, running view Error.
[2024-01-29 18:59:08.391 -05:00  INF]  Executed ViewResult - view Error executed in 2.8221ms.
[2024-01-29 18:59:08.391 -05:00  INF]  Executed action KopkeHome_WebApp.Controllers.HomeController.Error (KopkeHome_WebApp) in 3.5738ms
[2024-01-29 18:59:08.391 -05:00  INF]  Executed endpoint 'KopkeHome_WebApp.Controllers.HomeController.Error (KopkeHome_WebApp)'
[2024-01-29 18:59:08.392 -05:00  INF]  Request finished HTTP/2 GET https://localhost:5001/Home/error - - - 200 - text/html;+charset=utf-8 7.8480ms
[2024-01-29 18:59:57.912 -05:00  INF]  Request starting HTTP/2 GET https://localhost:5001/user/signup - -
[2024-01-29 18:59:57.912 -05:00  INF]  Executing endpoint 'KopkeHome_WebApp.Controllers.UserController.SignUp (KopkeHome_WebApp)'
[2024-01-29 18:59:57.912 -05:00  INF]  Route matched with {action = "SignUp", controller = "User"}. Executing controller action with signature Microsoft.AspNetCore.Mvc.IActionResult SignUp(System.String) on controller KopkeHome_WebApp.Controllers.UserController (KopkeHome_WebApp).
[2024-01-29 19:00:01.327 -05:00  INF]  Request starting HTTP/2 GET https://localhost:5001// - -
[2024-01-29 19:00:01.328 -05:00  INF]  Request finished HTTP/2 GET https://localhost:5001// - - - 404 0 - 0.8368ms
[2024-01-29 19:00:04.257 -05:00  INF]  Request starting HTTP/2 GET https://localhost:5001/ - -
[2024-01-29 19:00:04.258 -05:00  INF]  Executing endpoint 'KopkeHome_WebApp.Controllers.HomeController.Index (KopkeHome_WebApp)'
[2024-01-29 19:00:04.259 -05:00  INF]  Route matched with {action = "Index", controller = "Home"}. Executing controller action with signature Microsoft.AspNetCore.Mvc.IActionResult Index() on controller KopkeHome_WebApp.Controllers.HomeController (KopkeHome_WebApp).
[2024-01-29 19:00:04.260 -05:00  INF]  Executing ViewResult, running view Index.
[2024-01-29 19:00:04.274 -05:00  INF]  Executed ViewResult - view Index executed in 14.511ms.
[2024-01-29 19:00:04.274 -05:00  INF]  Executed action KopkeHome_WebApp.Controllers.HomeController.Index (KopkeHome_WebApp) in 15.3202ms
[2024-01-29 19:00:04.274 -05:00  INF]  Executed endpoint 'KopkeHome_WebApp.Controllers.HomeController.Index (KopkeHome_WebApp)'
[2024-01-29 19:00:04.274 -05:00  INF]  Request finished HTTP/2 GET https://localhost:5001/ - - - 200 - text/html;+charset=utf-8 16.7922ms
[2024-01-29 19:00:04.295 -05:00  INF]  Request starting HTTP/2 GET https://localhost:5001/HomePageAssets/assets/css/style.css - -
[2024-01-29 19:00:04.295 -05:00  INF]  Request starting HTTP/2 GET https://localhost:5001/HomePageAssets/assets/css/responsive.css - -
[2024-01-29 19:00:04.295 -05:00  INF]  Request starting HTTP/2 GET https://localhost:5001/images/prohz-billboard.jpg - -
[2024-01-29 19:00:04.299 -05:00  INF]  Sending file. Request path: '/HomePageAssets/assets/css/style.css'. Physical path: 'C:\Users\Percival\Development\prohz\KopkeHome-FMRS\KopkeHome-WebApp\wwwroot\HomePageAssets\assets\css\style.css'
[2024-01-29 19:00:04.299 -05:00  INF]  Sending file. Request path: '/images/prohz-billboard.jpg'. Physical path: 'C:\Users\Percival\Development\prohz\KopkeHome-FMRS\KopkeHome-WebApp\wwwroot\images\prohz-billboard.jpg'
[2024-01-29 19:00:04.299 -05:00  INF]  Sending file. Request path: '/HomePageAssets/assets/css/responsive.css'. Physical path: 'C:\Users\Percival\Development\prohz\KopkeHome-FMRS\KopkeHome-WebApp\wwwroot\HomePageAssets\assets\css\responsive.css'
[2024-01-29 19:00:04.299 -05:00  INF]  Request finished HTTP/2 GET https://localhost:5001/HomePageAssets/assets/css/style.css - - - 200 24850 text/css 4.7914ms
[2024-01-29 19:00:04.299 -05:00  INF]  Request finished HTTP/2 GET https://localhost:5001/HomePageAssets/assets/css/responsive.css - - - 200 11269 text/css 4.7828ms
[2024-01-29 19:00:04.299 -05:00  INF]  Request finished HTTP/2 GET https://localhost:5001/images/prohz-billboard.jpg - - - 200 211068 image/jpeg 4.6060ms
[2024-01-29 19:00:04.316 -05:00  INF]  Request starting HTTP/2 GET https://localhost:5001/images/prohz-billboard-mobile.jpg - -
[2024-01-29 19:00:04.318 -05:00  INF]  Sending file. Request path: '/images/prohz-billboard-mobile.jpg'. Physical path: 'C:\Users\Percival\Development\prohz\KopkeHome-FMRS\KopkeHome-WebApp\wwwroot\images\prohz-billboard-mobile.jpg'
[2024-01-29 19:00:04.318 -05:00  INF]  Request finished HTTP/2 GET https://localhost:5001/images/prohz-billboard-mobile.jpg - - - 200 167012 image/jpeg 1.6018ms
[2024-01-29 19:00:04.318 -05:00  INF]  Request starting HTTP/2 GET https://localhost:5001/images/prohz-logo.jpg - -
[2024-01-29 19:00:04.318 -05:00  INF]  Request starting HTTP/2 GET https://localhost:5001/images/prohz-logo.png - -
[2024-01-29 19:00:04.318 -05:00  INF]  Sending file. Request path: '/images/prohz-logo.jpg'. Physical path: 'C:\Users\Percival\Development\prohz\KopkeHome-FMRS\KopkeHome-WebApp\wwwroot\images\prohz-logo.jpg'
[2024-01-29 19:00:04.318 -05:00  INF]  Sending file. Request path: '/images/prohz-logo.png'. Physical path: 'C:\Users\Percival\Development\prohz\KopkeHome-FMRS\KopkeHome-WebApp\wwwroot\images\prohz-logo.png'
[2024-01-29 19:00:04.318 -05:00  INF]  Request finished HTTP/2 GET https://localhost:5001/images/prohz-logo.jpg - - - 200 7006 image/jpeg 0.5690ms
[2024-01-29 19:00:04.319 -05:00  INF]  Request finished HTTP/2 GET https://localhost:5001/images/prohz-logo.png - - - 200 4810 image/png 0.5932ms
[2024-01-29 19:00:04.319 -05:00  INF]  Request starting HTTP/2 GET https://localhost:5001/images/apple-app-store.png - -
[2024-01-29 19:00:04.319 -05:00  INF]  Request starting HTTP/2 GET https://localhost:5001/_framework/aspnetcore-browser-refresh.js - -
[2024-01-29 19:00:04.319 -05:00  INF]  Request starting HTTP/2 GET https://localhost:5001/images/contractor-retiring.jpg - -
[2024-01-29 19:00:04.319 -05:00  INF]  Request starting HTTP/2 GET https://localhost:5001/images/join-the-prohz-network.png - -
[2024-01-29 19:00:04.320 -05:00  INF]  Request finished HTTP/2 GET https://localhost:5001/_framework/aspnetcore-browser-refresh.js - - - 200 13732 application/javascript;+charset=utf-8 0.1837ms
[2024-01-29 19:00:04.320 -05:00  INF]  Sending file. Request path: '/images/apple-app-store.png'. Physical path: 'C:\Users\Percival\Development\prohz\KopkeHome-FMRS\KopkeHome-WebApp\wwwroot\images\apple-app-store.png'
[2024-01-29 19:00:04.320 -05:00  INF]  Request finished HTTP/2 GET https://localhost:5001/images/apple-app-store.png - - - 200 6796 image/png 0.6137ms
[2024-01-29 19:00:04.320 -05:00  INF]  Sending file. Request path: '/images/join-the-prohz-network.png'. Physical path: 'C:\Users\Percival\Development\prohz\KopkeHome-FMRS\KopkeHome-WebApp\wwwroot\images\join-the-prohz-network.png'
[2024-01-29 19:00:04.321 -05:00  INF]  Request finished HTTP/2 GET https://localhost:5001/images/join-the-prohz-network.png - - - 200 88555 image/png 1.1402ms
[2024-01-29 19:00:04.321 -05:00  INF]  Sending file. Request path: '/images/contractor-retiring.jpg'. Physical path: 'C:\Users\Percival\Development\prohz\KopkeHome-FMRS\KopkeHome-WebApp\wwwroot\images\contractor-retiring.jpg'
[2024-01-29 19:00:04.321 -05:00  INF]  Request finished HTTP/2 GET https://localhost:5001/images/contractor-retiring.jpg - - - 200 130521 image/jpeg 1.2646ms
[2024-01-29 19:00:04.430 -05:00  INF]  Request starting HTTP/2 GET https://localhost:5001/HomePageAssets/assets/image/map.png - -
[2024-01-29 19:00:04.430 -05:00  INF]  Request starting HTTP/2 GET https://localhost:5001/HomePageAssets/assets/image/pricing-banner.png - -
[2024-01-29 19:00:04.430 -05:00  INF]  Request starting HTTP/2 GET https://localhost:5001/HomePageAssets/assets/image/banner-image.png - -
[2024-01-29 19:00:04.430 -05:00  INF]  Request starting HTTP/2 GET https://localhost:5001/HomePageAssets/assets/image/HomeOwnerHomePage.jpg - -
[2024-01-29 19:00:04.430 -05:00  INF]  Request starting HTTP/2 GET https://localhost:5001/HomePageAssets/assets/image/ContractorImageHomePage.jpg - -
[2024-01-29 19:00:04.430 -05:00  INF]  Request starting HTTP/2 GET https://localhost:5001/HomePageAssets/assets/image/IndependentContractorHomePage.jpg - -
[2024-01-29 19:00:04.431 -05:00  INF]  Request starting HTTP/2 GET https://localhost:5001/HomePageAssets/assets/image/SubContarctorHomePage.jpg - -
[2024-01-29 19:00:04.431 -05:00  INF]  Request starting HTTP/2 GET https://localhost:5001/images/service-provider-list-section-background.jpg - -
[2024-01-29 19:00:04.431 -05:00  INF]  Request starting HTTP/2 GET https://localhost:5001/images/networking-background.jpg - -
[2024-01-29 19:00:04.431 -05:00  INF]  Request starting HTTP/2 GET https://localhost:5001/images/service-provider-list-pattern.jpg - -
[2024-01-29 19:00:04.432 -05:00  INF]  Sending file. Request path: '/images/service-provider-list-pattern.jpg'. Physical path: 'C:\Users\Percival\Development\prohz\KopkeHome-FMRS\KopkeHome-WebApp\wwwroot\images\service-provider-list-pattern.jpg'
[2024-01-29 19:00:04.432 -05:00  INF]  Sending file. Request path: '/HomePageAssets/assets/image/SubContarctorHomePage.jpg'. Physical path: 'C:\Users\Percival\Development\prohz\KopkeHome-FMRS\KopkeHome-WebApp\wwwroot\HomePageAssets\assets\image\SubContarctorHomePage.jpg'
[2024-01-29 19:00:04.432 -05:00  INF]  Request finished HTTP/2 GET https://localhost:5001/images/service-provider-list-pattern.jpg - - - 200 38024 image/jpeg 1.0894ms
[2024-01-29 19:00:04.432 -05:00  INF]  Request finished HTTP/2 GET https://localhost:5001/HomePageAssets/assets/image/SubContarctorHomePage.jpg - - - 200 43182 image/jpeg 1.3549ms
[2024-01-29 19:00:04.433 -05:00  INF]  Sending file. Request path: '/images/service-provider-list-section-background.jpg'. Physical path: 'C:\Users\Percival\Development\prohz\KopkeHome-FMRS\KopkeHome-WebApp\wwwroot\images\service-provider-list-section-background.jpg'
[2024-01-29 19:00:04.433 -05:00  INF]  Request finished HTTP/2 GET https://localhost:5001/images/service-provider-list-section-background.jpg - - - 200 173468 image/jpeg 2.1153ms
[2024-01-29 19:00:04.434 -05:00  INF]  Sending file. Request path: '/images/networking-background.jpg'. Physical path: 'C:\Users\Percival\Development\prohz\KopkeHome-FMRS\KopkeHome-WebApp\wwwroot\images\networking-background.jpg'
[2024-01-29 19:00:04.434 -05:00  INF]  Request finished HTTP/2 GET https://localhost:5001/images/networking-background.jpg - - - 200 106218 image/jpeg 2.6876ms
[2024-01-29 19:00:04.434 -05:00  INF]  Sending file. Request path: '/HomePageAssets/assets/image/banner-image.png'. Physical path: 'C:\Users\Percival\Development\prohz\KopkeHome-FMRS\KopkeHome-WebApp\wwwroot\HomePageAssets\assets\image\banner-image.png'
[2024-01-29 19:00:04.434 -05:00  INF]  Request finished HTTP/2 GET https://localhost:5001/HomePageAssets/assets/image/banner-image.png - - - 200 4143 image/png 4.1646ms
[2024-01-29 19:00:04.435 -05:00  INF]  Sending file. Request path: '/HomePageAssets/assets/image/IndependentContractorHomePage.jpg'. Physical path: 'C:\Users\Percival\Development\prohz\KopkeHome-FMRS\KopkeHome-WebApp\wwwroot\HomePageAssets\assets\image\IndependentContractorHomePage.jpg'
[2024-01-29 19:00:04.435 -05:00  INF]  Sending file. Request path: '/HomePageAssets/assets/image/map.png'. Physical path: 'C:\Users\Percival\Development\prohz\KopkeHome-FMRS\KopkeHome-WebApp\wwwroot\HomePageAssets\assets\image\map.png'
[2024-01-29 19:00:04.435 -05:00  INF]  Request finished HTTP/2 GET https://localhost:5001/HomePageAssets/assets/image/IndependentContractorHomePage.jpg - - - 200 70927 image/jpeg 4.5142ms
[2024-01-29 19:00:04.435 -05:00  INF]  Request finished HTTP/2 GET https://localhost:5001/HomePageAssets/assets/image/map.png - - - 200 173378 image/png 4.6377ms
[2024-01-29 19:00:04.435 -05:00  INF]  Sending file. Request path: '/HomePageAssets/assets/image/ContractorImageHomePage.jpg'. Physical path: 'C:\Users\Percival\Development\prohz\KopkeHome-FMRS\KopkeHome-WebApp\wwwroot\HomePageAssets\assets\image\ContractorImageHomePage.jpg'
[2024-01-29 19:00:04.435 -05:00  INF]  Request finished HTTP/2 GET https://localhost:5001/HomePageAssets/assets/image/ContractorImageHomePage.jpg - - - 200 119527 image/jpeg 4.9627ms
[2024-01-29 19:00:04.460 -05:00  INF]  Sending file. Request path: '/HomePageAssets/assets/image/HomeOwnerHomePage.jpg'. Physical path: 'C:\Users\Percival\Development\prohz\KopkeHome-FMRS\KopkeHome-WebApp\wwwroot\HomePageAssets\assets\image\HomeOwnerHomePage.jpg'
[2024-01-29 19:00:04.460 -05:00  INF]  Request finished HTTP/2 GET https://localhost:5001/HomePageAssets/assets/image/HomeOwnerHomePage.jpg - - - 200 1913458 image/jpeg 29.9279ms
[2024-01-29 19:00:04.465 -05:00  INF]  Sending file. Request path: '/HomePageAssets/assets/image/pricing-banner.png'. Physical path: 'C:\Users\Percival\Development\prohz\KopkeHome-FMRS\KopkeHome-WebApp\wwwroot\HomePageAssets\assets\image\pricing-banner.png'
[2024-01-29 19:00:04.465 -05:00  INF]  Request finished HTTP/2 GET https://localhost:5001/HomePageAssets/assets/image/pricing-banner.png - - - 200 2344671 image/png 34.6914ms
[2024-01-29 19:00:04.675 -05:00  INF]  Request starting HTTP/2 GET https://localhost:5001/home/PromoVideos - -
[2024-01-29 19:00:04.676 -05:00  INF]  Executing endpoint 'KopkeHome_WebApp.Controllers.HomeController.PromoVideos (KopkeHome_WebApp)'
[2024-01-29 19:00:04.676 -05:00  INF]  Request starting HTTP/2 GET https://localhost:5001/home/ProhzLegalFiles - -
[2024-01-29 19:00:04.676 -05:00  INF]  Executing endpoint 'KopkeHome_WebApp.Controllers.HomeController.ProhzLegalFiles (KopkeHome_WebApp)'
[2024-01-29 19:00:04.676 -05:00  INF]  Route matched with {action = "ProhzLegalFiles", controller = "Home"}. Executing controller action with signature System.Threading.Tasks.Task`1[Microsoft.AspNetCore.Mvc.IActionResult] ProhzLegalFiles() on controller KopkeHome_WebApp.Controllers.HomeController (KopkeHome_WebApp).
[2024-01-29 19:00:04.679 -05:00  INF]  Route matched with {action = "PromoVideos", controller = "Home"}. Executing controller action with signature System.Threading.Tasks.Task`1[Microsoft.AspNetCore.Mvc.IActionResult] PromoVideos() on controller KopkeHome_WebApp.Controllers.HomeController (KopkeHome_WebApp).
[2024-01-29 19:00:44.916 -05:00  INF]  Executing ViewResult, running view PromoVideos.
[2024-01-29 19:00:44.916 -05:00  ERR]  The view 'PromoVideos' was not found. Searched locations: ["/Views/Home/en-US/PromoVideos.cshtml","/Views/Home/en/PromoVideos.cshtml","/Views/Home/PromoVideos.cshtml","/Views/Shared/en-US/PromoVideos.cshtml","/Views/Shared/en/PromoVideos.cshtml","/Views/Shared/PromoVideos.cshtml"]
[2024-01-29 19:00:44.916 -05:00  INF]  Executed action KopkeHome_WebApp.Controllers.HomeController.PromoVideos (KopkeHome_WebApp) in 40236.9073ms
[2024-01-29 19:00:44.916 -05:00  INF]  Executed endpoint 'KopkeHome_WebApp.Controllers.HomeController.PromoVideos (KopkeHome_WebApp)'
[2024-01-29 19:00:44.916 -05:00  ERR]  The view 'PromoVideos' was not found. The following locations were searched:
/Views/Home/en-US/PromoVideos.cshtml
/Views/Home/en/PromoVideos.cshtml
/Views/Home/PromoVideos.cshtml
/Views/Shared/en-US/PromoVideos.cshtml
/Views/Shared/en/PromoVideos.cshtml
/Views/Shared/PromoVideos.cshtml
[2024-01-29 19:00:44.917 -05:00  INF]  Request finished HTTP/2 GET https://localhost:5001/home/PromoVideos - - - 302 0 - 40241.5088ms
[2024-01-29 19:00:44.917 -05:00  INF]  Executing ViewResult, running view ProhzLegalFiles.
[2024-01-29 19:00:44.918 -05:00  ERR]  The view 'ProhzLegalFiles' was not found. Searched locations: ["/Views/Home/en-US/ProhzLegalFiles.cshtml","/Views/Home/en/ProhzLegalFiles.cshtml","/Views/Home/ProhzLegalFiles.cshtml","/Views/Shared/en-US/ProhzLegalFiles.cshtml","/Views/Shared/en/ProhzLegalFiles.cshtml","/Views/Shared/ProhzLegalFiles.cshtml"]
[2024-01-29 19:00:44.918 -05:00  INF]  Executed action KopkeHome_WebApp.Controllers.HomeController.ProhzLegalFiles (KopkeHome_WebApp) in 40241.46ms
[2024-01-29 19:00:44.918 -05:00  INF]  Executed endpoint 'KopkeHome_WebApp.Controllers.HomeController.ProhzLegalFiles (KopkeHome_WebApp)'
[2024-01-29 19:00:44.918 -05:00  ERR]  The view 'ProhzLegalFiles' was not found. The following locations were searched:
/Views/Home/en-US/ProhzLegalFiles.cshtml
/Views/Home/en/ProhzLegalFiles.cshtml
/Views/Home/ProhzLegalFiles.cshtml
/Views/Shared/en-US/ProhzLegalFiles.cshtml
/Views/Shared/en/ProhzLegalFiles.cshtml
/Views/Shared/ProhzLegalFiles.cshtml
[2024-01-29 19:00:44.918 -05:00  INF]  Request finished HTTP/2 GET https://localhost:5001/home/ProhzLegalFiles - - - 302 0 - 40242.3163ms
[2024-01-29 19:00:44.920 -05:00  INF]  Request starting HTTP/2 GET https://localhost:5001/Home/error - -
[2024-01-29 19:00:44.920 -05:00  INF]  Executing endpoint 'KopkeHome_WebApp.Controllers.HomeController.Error (KopkeHome_WebApp)'
[2024-01-29 19:00:44.920 -05:00  INF]  Route matched with {action = "Error", controller = "Home"}. Executing controller action with signature Microsoft.AspNetCore.Mvc.IActionResult Error() on controller KopkeHome_WebApp.Controllers.HomeController (KopkeHome_WebApp).
[2024-01-29 19:00:44.921 -05:00  INF]  Executing ViewResult, running view SignUp.
[2024-01-29 19:00:44.921 -05:00  INF]  Executing ViewResult, running view Error.
[2024-01-29 19:00:44.922 -05:00  INF]  Executed ViewResult - view Error executed in 0.8181ms.
[2024-01-29 19:00:44.922 -05:00  INF]  Executed action KopkeHome_WebApp.Controllers.HomeController.Error (KopkeHome_WebApp) in 1.113ms
[2024-01-29 19:00:44.922 -05:00  INF]  Executed endpoint 'KopkeHome_WebApp.Controllers.HomeController.Error (KopkeHome_WebApp)'
[2024-01-29 19:00:44.922 -05:00  INF]  Request finished HTTP/2 GET https://localhost:5001/Home/error - - - 200 - text/html;+charset=utf-8 1.6588ms
[2024-01-29 19:00:44.923 -05:00  INF]  Request starting HTTP/2 GET https://localhost:5001/Home/error - -
[2024-01-29 19:00:44.923 -05:00  INF]  Executing endpoint 'KopkeHome_WebApp.Controllers.HomeController.Error (KopkeHome_WebApp)'
[2024-01-29 19:00:44.923 -05:00  INF]  Route matched with {action = "Error", controller = "Home"}. Executing controller action with signature Microsoft.AspNetCore.Mvc.IActionResult Error() on controller KopkeHome_WebApp.Controllers.HomeController (KopkeHome_WebApp).
[2024-01-29 19:00:44.923 -05:00  INF]  Executing ViewResult, running view Error.
[2024-01-29 19:00:44.924 -05:00  INF]  Executed ViewResult - view Error executed in 0.5301ms.
[2024-01-29 19:00:44.924 -05:00  INF]  Executed action KopkeHome_WebApp.Controllers.HomeController.Error (KopkeHome_WebApp) in 0.6518ms
[2024-01-29 19:00:44.924 -05:00  INF]  Executed endpoint 'KopkeHome_WebApp.Controllers.HomeController.Error (KopkeHome_WebApp)'
[2024-01-29 19:00:44.924 -05:00  INF]  Request finished HTTP/2 GET https://localhost:5001/Home/error - - - 200 - text/html;+charset=utf-8 1.2333ms
[2024-01-29 19:00:44.925 -05:00  INF]  Executed ViewResult - view SignUp executed in 4.2158ms.
[2024-01-29 19:00:44.925 -05:00  INF]  Executed action KopkeHome_WebApp.Controllers.UserController.SignUp (KopkeHome_WebApp) in 47012.6776ms
[2024-01-29 19:00:44.925 -05:00  INF]  Executed endpoint 'KopkeHome_WebApp.Controllers.UserController.SignUp (KopkeHome_WebApp)'
[2024-01-29 19:00:44.925 -05:00  INF]  Request finished HTTP/2 GET https://localhost:5001/user/signup - - - 200 - text/html;+charset=utf-8 47013.2847ms
[2024-01-29 19:14:53.533 -05:00  INF]  Request starting HTTP/2 GET https://localhost:5001/ - -
[2024-01-29 19:14:53.533 -05:00  INF]  Executing endpoint 'KopkeHome_WebApp.Controllers.HomeController.Index (KopkeHome_WebApp)'
[2024-01-29 19:14:53.534 -05:00  INF]  Route matched with {action = "Index", controller = "Home"}. Executing controller action with signature Microsoft.AspNetCore.Mvc.IActionResult Index() on controller KopkeHome_WebApp.Controllers.HomeController (KopkeHome_WebApp).
[2024-01-29 19:14:53.535 -05:00  INF]  Executing ViewResult, running view Index.
[2024-01-29 19:14:53.546 -05:00  INF]  Executed ViewResult - view Index executed in 11.5622ms.
[2024-01-29 19:14:53.546 -05:00  INF]  Executed action KopkeHome_WebApp.Controllers.HomeController.Index (KopkeHome_WebApp) in 11.7144ms
[2024-01-29 19:14:53.546 -05:00  INF]  Executed endpoint 'KopkeHome_WebApp.Controllers.HomeController.Index (KopkeHome_WebApp)'
[2024-01-29 19:14:53.546 -05:00  INF]  Request finished HTTP/2 GET https://localhost:5001/ - - - 200 - text/html;+charset=utf-8 12.9596ms
[2024-01-29 19:14:53.625 -05:00  INF]  Request starting HTTP/2 GET https://localhost:5001/_framework/aspnetcore-browser-refresh.js - -
[2024-01-29 19:14:53.625 -05:00  INF]  Request finished HTTP/2 GET https://localhost:5001/_framework/aspnetcore-browser-refresh.js - - - 200 13732 application/javascript;+charset=utf-8 0.1649ms
[2024-01-29 19:14:53.631 -05:00  INF]  Request starting HTTP/2 GET https://localhost:5001/images/ app-store-and-google-play-coming-soon - -
[2024-01-29 19:14:53.631 -05:00  INF]  Request finished HTTP/2 GET https://localhost:5001/images/ app-store-and-google-play-coming-soon - - - 404 0 - 0.4527ms
[2024-01-29 19:14:53.667 -05:00  INF]  Request starting HTTP/2 GET https://localhost:5001/home/PromoVideos - -
[2024-01-29 19:14:53.667 -05:00  INF]  Request starting HTTP/2 GET https://localhost:5001/home/ProhzLegalFiles - -
[2024-01-29 19:14:53.668 -05:00  INF]  Executing endpoint 'KopkeHome_WebApp.Controllers.HomeController.ProhzLegalFiles (KopkeHome_WebApp)'
[2024-01-29 19:14:53.668 -05:00  INF]  Executing endpoint 'KopkeHome_WebApp.Controllers.HomeController.PromoVideos (KopkeHome_WebApp)'
[2024-01-29 19:14:53.670 -05:00  INF]  Route matched with {action = "PromoVideos", controller = "Home"}. Executing controller action with signature System.Threading.Tasks.Task`1[Microsoft.AspNetCore.Mvc.IActionResult] PromoVideos() on controller KopkeHome_WebApp.Controllers.HomeController (KopkeHome_WebApp).
[2024-01-29 19:14:53.671 -05:00  INF]  Route matched with {action = "ProhzLegalFiles", controller = "Home"}. Executing controller action with signature System.Threading.Tasks.Task`1[Microsoft.AspNetCore.Mvc.IActionResult] ProhzLegalFiles() on controller KopkeHome_WebApp.Controllers.HomeController (KopkeHome_WebApp).
[2024-01-29 19:15:03.439 -05:00  INF]  Request starting HTTP/2 GET https://localhost:5001/ - -
[2024-01-29 19:15:03.439 -05:00  INF]  Executing endpoint 'KopkeHome_WebApp.Controllers.HomeController.Index (KopkeHome_WebApp)'
[2024-01-29 19:15:03.439 -05:00  INF]  Route matched with {action = "Index", controller = "Home"}. Executing controller action with signature Microsoft.AspNetCore.Mvc.IActionResult Index() on controller KopkeHome_WebApp.Controllers.HomeController (KopkeHome_WebApp).
[2024-01-29 19:15:03.440 -05:00  INF]  Executing ViewResult, running view Index.
[2024-01-29 19:15:03.441 -05:00  INF]  Executed ViewResult - view Index executed in 1.7739ms.
[2024-01-29 19:15:03.441 -05:00  INF]  Executed action KopkeHome_WebApp.Controllers.HomeController.Index (KopkeHome_WebApp) in 2.052ms
[2024-01-29 19:15:03.442 -05:00  INF]  Executed endpoint 'KopkeHome_WebApp.Controllers.HomeController.Index (KopkeHome_WebApp)'
[2024-01-29 19:15:03.442 -05:00  INF]  Request finished HTTP/2 GET https://localhost:5001/ - - - 200 - text/html;+charset=utf-8 3.0753ms
[2024-01-29 19:15:03.481 -05:00  INF]  Request starting HTTP/2 GET https://localhost:5001/_framework/aspnetcore-browser-refresh.js - -
[2024-01-29 19:15:03.481 -05:00  INF]  Request finished HTTP/2 GET https://localhost:5001/_framework/aspnetcore-browser-refresh.js - - - 200 13732 application/javascript;+charset=utf-8 0.2240ms
[2024-01-29 19:15:03.482 -05:00  INF]  Request starting HTTP/2 GET https://localhost:5001/images/ app-store-and-google-play-coming-soon - -
[2024-01-29 19:15:03.483 -05:00  INF]  Request finished HTTP/2 GET https://localhost:5001/images/ app-store-and-google-play-coming-soon - - - 404 0 - 0.2672ms
[2024-01-29 19:15:10.914 -05:00  INF]  Request starting HTTP/2 GET https://localhost:5001/ - -
[2024-01-29 19:15:10.914 -05:00  INF]  Executing endpoint 'KopkeHome_WebApp.Controllers.HomeController.Index (KopkeHome_WebApp)'
[2024-01-29 19:15:10.915 -05:00  INF]  Route matched with {action = "Index", controller = "Home"}. Executing controller action with signature Microsoft.AspNetCore.Mvc.IActionResult Index() on controller KopkeHome_WebApp.Controllers.HomeController (KopkeHome_WebApp).
[2024-01-29 19:15:10.916 -05:00  INF]  Executing ViewResult, running view Index.
[2024-01-29 19:15:10.926 -05:00  INF]  Executed ViewResult - view Index executed in 10.6348ms.
[2024-01-29 19:15:10.926 -05:00  INF]  Executed action KopkeHome_WebApp.Controllers.HomeController.Index (KopkeHome_WebApp) in 10.7688ms
[2024-01-29 19:15:10.926 -05:00  INF]  Executed endpoint 'KopkeHome_WebApp.Controllers.HomeController.Index (KopkeHome_WebApp)'
[2024-01-29 19:15:10.926 -05:00  INF]  Request finished HTTP/2 GET https://localhost:5001/ - - - 200 - text/html;+charset=utf-8 11.9435ms
[2024-01-29 19:15:10.982 -05:00  INF]  Request starting HTTP/2 GET https://localhost:5001/_framework/aspnetcore-browser-refresh.js - -
[2024-01-29 19:15:10.982 -05:00  INF]  Request finished HTTP/2 GET https://localhost:5001/_framework/aspnetcore-browser-refresh.js - - - 200 13732 application/javascript;+charset=utf-8 0.1758ms
[2024-01-29 19:15:10.989 -05:00  INF]  Request starting HTTP/2 GET https://localhost:5001/images/app-store-and-google-play-coming-soon - -
[2024-01-29 19:15:10.989 -05:00  INF]  Request finished HTTP/2 GET https://localhost:5001/images/app-store-and-google-play-coming-soon - - - 404 0 - 0.3327ms
[2024-01-29 19:15:11.008 -05:00  INF]  Request starting HTTP/2 GET https://localhost:5001/home/PromoVideos - -
[2024-01-29 19:15:11.008 -05:00  INF]  Request starting HTTP/2 GET https://localhost:5001/home/ProhzLegalFiles - -
[2024-01-29 19:15:11.010 -05:00  INF]  Executing endpoint 'KopkeHome_WebApp.Controllers.HomeController.ProhzLegalFiles (KopkeHome_WebApp)'
[2024-01-29 19:15:11.010 -05:00  INF]  Executing endpoint 'KopkeHome_WebApp.Controllers.HomeController.PromoVideos (KopkeHome_WebApp)'
[2024-01-29 19:15:11.012 -05:00  INF]  Route matched with {action = "PromoVideos", controller = "Home"}. Executing controller action with signature System.Threading.Tasks.Task`1[Microsoft.AspNetCore.Mvc.IActionResult] PromoVideos() on controller KopkeHome_WebApp.Controllers.HomeController (KopkeHome_WebApp).
[2024-01-29 19:15:11.012 -05:00  INF]  Route matched with {action = "ProhzLegalFiles", controller = "Home"}. Executing controller action with signature System.Threading.Tasks.Task`1[Microsoft.AspNetCore.Mvc.IActionResult] ProhzLegalFiles() on controller KopkeHome_WebApp.Controllers.HomeController (KopkeHome_WebApp).
[2024-01-29 19:15:14.294 -05:00  INF]  Request starting HTTP/2 GET https://localhost:5001/ - -
[2024-01-29 19:15:14.294 -05:00  INF]  Executing endpoint 'KopkeHome_WebApp.Controllers.HomeController.Index (KopkeHome_WebApp)'
[2024-01-29 19:15:14.295 -05:00  INF]  Route matched with {action = "Index", controller = "Home"}. Executing controller action with signature Microsoft.AspNetCore.Mvc.IActionResult Index() on controller KopkeHome_WebApp.Controllers.HomeController (KopkeHome_WebApp).
[2024-01-29 19:15:14.296 -05:00  INF]  Executing ViewResult, running view Index.
[2024-01-29 19:15:14.305 -05:00  INF]  Executed ViewResult - view Index executed in 10.2617ms.
[2024-01-29 19:15:14.305 -05:00  INF]  Executed action KopkeHome_WebApp.Controllers.HomeController.Index (KopkeHome_WebApp) in 10.3887ms
[2024-01-29 19:15:14.305 -05:00  INF]  Executed endpoint 'KopkeHome_WebApp.Controllers.HomeController.Index (KopkeHome_WebApp)'
[2024-01-29 19:15:14.305 -05:00  INF]  Request finished HTTP/2 GET https://localhost:5001/ - - - 200 - text/html;+charset=utf-8 11.5292ms
[2024-01-29 19:15:14.318 -05:00  INF]  Request starting HTTP/2 GET https://localhost:5001/images/app-store-and-google-play-coming-soon.png - -
[2024-01-29 19:15:14.318 -05:00  INF]  Request starting HTTP/2 GET https://localhost:5001/_framework/aspnetcore-browser-refresh.js - -
[2024-01-29 19:15:14.318 -05:00  INF]  Request finished HTTP/2 GET https://localhost:5001/_framework/aspnetcore-browser-refresh.js - - - 200 13732 application/javascript;+charset=utf-8 0.2077ms
[2024-01-29 19:15:14.341 -05:00  INF]  Sending file. Request path: '/images/app-store-and-google-play-coming-soon.png'. Physical path: 'C:\Users\Percival\Development\prohz\KopkeHome-FMRS\KopkeHome-WebApp\wwwroot\images\app-store-and-google-play-coming-soon.png'
[2024-01-29 19:15:14.341 -05:00  INF]  Request finished HTTP/2 GET https://localhost:5001/images/app-store-and-google-play-coming-soon.png - - - 200 42912 image/png 23.5915ms
[2024-01-29 19:15:14.404 -05:00  INF]  Request starting HTTP/2 GET https://localhost:5001/home/ProhzLegalFiles - -
[2024-01-29 19:15:14.404 -05:00  INF]  Request starting HTTP/2 GET https://localhost:5001/home/PromoVideos - -
[2024-01-29 19:15:14.405 -05:00  INF]  Executing endpoint 'KopkeHome_WebApp.Controllers.HomeController.PromoVideos (KopkeHome_WebApp)'
[2024-01-29 19:15:14.405 -05:00  INF]  Executing endpoint 'KopkeHome_WebApp.Controllers.HomeController.ProhzLegalFiles (KopkeHome_WebApp)'
[2024-01-29 19:15:14.407 -05:00  INF]  Route matched with {action = "PromoVideos", controller = "Home"}. Executing controller action with signature System.Threading.Tasks.Task`1[Microsoft.AspNetCore.Mvc.IActionResult] PromoVideos() on controller KopkeHome_WebApp.Controllers.HomeController (KopkeHome_WebApp).
[2024-01-29 19:15:14.407 -05:00  INF]  Route matched with {action = "ProhzLegalFiles", controller = "Home"}. Executing controller action with signature System.Threading.Tasks.Task`1[Microsoft.AspNetCore.Mvc.IActionResult] ProhzLegalFiles() on controller KopkeHome_WebApp.Controllers.HomeController (KopkeHome_WebApp).
[2024-01-29 19:15:15.588 -05:00  INF]  Request starting HTTP/2 GET https://localhost:5001/ - -
[2024-01-29 19:15:15.589 -05:00  INF]  Executing endpoint 'KopkeHome_WebApp.Controllers.HomeController.Index (KopkeHome_WebApp)'
[2024-01-29 19:15:15.589 -05:00  INF]  Route matched with {action = "Index", controller = "Home"}. Executing controller action with signature Microsoft.AspNetCore.Mvc.IActionResult Index() on controller KopkeHome_WebApp.Controllers.HomeController (KopkeHome_WebApp).
[2024-01-29 19:15:15.590 -05:00  INF]  Executing ViewResult, running view Index.
[2024-01-29 19:15:15.592 -05:00  INF]  Executed ViewResult - view Index executed in 2.1755ms.
[2024-01-29 19:15:15.592 -05:00  INF]  Executed action KopkeHome_WebApp.Controllers.HomeController.Index (KopkeHome_WebApp) in 2.5207ms
[2024-01-29 19:15:15.592 -05:00  INF]  Executed endpoint 'KopkeHome_WebApp.Controllers.HomeController.Index (KopkeHome_WebApp)'
[2024-01-29 19:15:15.592 -05:00  INF]  Request finished HTTP/2 GET https://localhost:5001/ - - - 200 - text/html;+charset=utf-8 3.8951ms
[2024-01-29 19:15:15.607 -05:00  INF]  Request starting HTTP/2 GET https://localhost:5001/_framework/aspnetcore-browser-refresh.js - -
[2024-01-29 19:15:15.607 -05:00  INF]  Request finished HTTP/2 GET https://localhost:5001/_framework/aspnetcore-browser-refresh.js - - - 200 13732 application/javascript;+charset=utf-8 0.3178ms
[2024-01-29 19:15:15.802 -05:00  INF]  Request starting HTTP/2 GET https://localhost:5001/home/PromoVideos - -
[2024-01-29 19:15:15.802 -05:00  INF]  Request starting HTTP/2 GET https://localhost:5001/home/ProhzLegalFiles - -
[2024-01-29 19:15:15.806 -05:00  INF]  Executing endpoint 'KopkeHome_WebApp.Controllers.HomeController.ProhzLegalFiles (KopkeHome_WebApp)'
[2024-01-29 19:15:15.806 -05:00  INF]  Executing endpoint 'KopkeHome_WebApp.Controllers.HomeController.PromoVideos (KopkeHome_WebApp)'
[2024-01-29 19:15:15.806 -05:00  INF]  Route matched with {action = "ProhzLegalFiles", controller = "Home"}. Executing controller action with signature System.Threading.Tasks.Task`1[Microsoft.AspNetCore.Mvc.IActionResult] ProhzLegalFiles() on controller KopkeHome_WebApp.Controllers.HomeController (KopkeHome_WebApp).
[2024-01-29 19:15:15.806 -05:00  INF]  Route matched with {action = "PromoVideos", controller = "Home"}. Executing controller action with signature System.Threading.Tasks.Task`1[Microsoft.AspNetCore.Mvc.IActionResult] PromoVideos() on controller KopkeHome_WebApp.Controllers.HomeController (KopkeHome_WebApp).
[2024-01-29 19:15:40.908 -05:00  INF]  Executing ViewResult, running view ProhzLegalFiles.
[2024-01-29 19:15:40.908 -05:00  ERR]  The view 'ProhzLegalFiles' was not found. Searched locations: ["/Views/Home/en-US/ProhzLegalFiles.cshtml","/Views/Home/en/ProhzLegalFiles.cshtml","/Views/Home/ProhzLegalFiles.cshtml","/Views/Shared/en-US/ProhzLegalFiles.cshtml","/Views/Shared/en/ProhzLegalFiles.cshtml","/Views/Shared/ProhzLegalFiles.cshtml"]
[2024-01-29 19:15:40.908 -05:00  INF]  Executed action KopkeHome_WebApp.Controllers.HomeController.ProhzLegalFiles (KopkeHome_WebApp) in 47237.376ms
[2024-01-29 19:15:40.908 -05:00  INF]  Executed endpoint 'KopkeHome_WebApp.Controllers.HomeController.ProhzLegalFiles (KopkeHome_WebApp)'
[2024-01-29 19:15:40.908 -05:00  ERR]  The view 'ProhzLegalFiles' was not found. The following locations were searched:
/Views/Home/en-US/ProhzLegalFiles.cshtml
/Views/Home/en/ProhzLegalFiles.cshtml
/Views/Home/ProhzLegalFiles.cshtml
/Views/Shared/en-US/ProhzLegalFiles.cshtml
/Views/Shared/en/ProhzLegalFiles.cshtml
/Views/Shared/ProhzLegalFiles.cshtml
[2024-01-29 19:15:40.908 -05:00  INF]  Request finished HTTP/2 GET https://localhost:5001/home/ProhzLegalFiles - - - 0 - - 47241.5667ms
[2024-01-29 19:15:40.909 -05:00  INF]  Executing ViewResult, running view PromoVideos.
[2024-01-29 19:15:40.909 -05:00  ERR]  The view 'PromoVideos' was not found. Searched locations: ["/Views/Home/en-US/PromoVideos.cshtml","/Views/Home/en/PromoVideos.cshtml","/Views/Home/PromoVideos.cshtml","/Views/Shared/en-US/PromoVideos.cshtml","/Views/Shared/en/PromoVideos.cshtml","/Views/Shared/PromoVideos.cshtml"]
[2024-01-29 19:15:40.909 -05:00  INF]  Executed action KopkeHome_WebApp.Controllers.HomeController.PromoVideos (KopkeHome_WebApp) in 25103.0904ms
[2024-01-29 19:15:40.909 -05:00  INF]  Executed endpoint 'KopkeHome_WebApp.Controllers.HomeController.PromoVideos (KopkeHome_WebApp)'
[2024-01-29 19:15:40.909 -05:00  ERR]  The view 'PromoVideos' was not found. The following locations were searched:
/Views/Home/en-US/PromoVideos.cshtml
/Views/Home/en/PromoVideos.cshtml
/Views/Home/PromoVideos.cshtml
/Views/Shared/en-US/PromoVideos.cshtml
/Views/Shared/en/PromoVideos.cshtml
/Views/Shared/PromoVideos.cshtml
[2024-01-29 19:15:40.909 -05:00  INF]  Request finished HTTP/2 GET https://localhost:5001/home/PromoVideos - - - 302 0 - 25107.7491ms
[2024-01-29 19:15:40.911 -05:00  INF]  Executing ViewResult, running view PromoVideos.
[2024-01-29 19:15:40.911 -05:00  ERR]  The view 'PromoVideos' was not found. Searched locations: ["/Views/Home/en-US/PromoVideos.cshtml","/Views/Home/en/PromoVideos.cshtml","/Views/Home/PromoVideos.cshtml","/Views/Shared/en-US/PromoVideos.cshtml","/Views/Shared/en/PromoVideos.cshtml","/Views/Shared/PromoVideos.cshtml"]
[2024-01-29 19:15:40.912 -05:00  INF]  Executed action KopkeHome_WebApp.Controllers.HomeController.PromoVideos (KopkeHome_WebApp) in 47241.2881ms
[2024-01-29 19:15:40.912 -05:00  INF]  Executed endpoint 'KopkeHome_WebApp.Controllers.HomeController.PromoVideos (KopkeHome_WebApp)'
[2024-01-29 19:15:40.912 -05:00  ERR]  The view 'PromoVideos' was not found. The following locations were searched:
/Views/Home/en-US/PromoVideos.cshtml
/Views/Home/en/PromoVideos.cshtml
/Views/Home/PromoVideos.cshtml
/Views/Shared/en-US/PromoVideos.cshtml
/Views/Shared/en/PromoVideos.cshtml
/Views/Shared/PromoVideos.cshtml
[2024-01-29 19:15:40.912 -05:00  INF]  Request finished HTTP/2 GET https://localhost:5001/home/PromoVideos - - - 0 - - 47245.3458ms
[2024-01-29 19:15:40.912 -05:00  INF]  Request starting HTTP/2 GET https://localhost:5001/Home/error - -
[2024-01-29 19:15:40.912 -05:00  INF]  Executing endpoint 'KopkeHome_WebApp.Controllers.HomeController.Error (KopkeHome_WebApp)'
[2024-01-29 19:15:40.913 -05:00  INF]  Route matched with {action = "Error", controller = "Home"}. Executing controller action with signature Microsoft.AspNetCore.Mvc.IActionResult Error() on controller KopkeHome_WebApp.Controllers.HomeController (KopkeHome_WebApp).
[2024-01-29 19:15:40.914 -05:00  INF]  Executing ViewResult, running view PromoVideos.
[2024-01-29 19:15:40.914 -05:00  ERR]  The view 'PromoVideos' was not found. Searched locations: ["/Views/Home/en-US/PromoVideos.cshtml","/Views/Home/en/PromoVideos.cshtml","/Views/Home/PromoVideos.cshtml","/Views/Shared/en-US/PromoVideos.cshtml","/Views/Shared/en/PromoVideos.cshtml","/Views/Shared/PromoVideos.cshtml"]
[2024-01-29 19:15:40.914 -05:00  INF]  Executed action KopkeHome_WebApp.Controllers.HomeController.PromoVideos (KopkeHome_WebApp) in 29901.9845ms
[2024-01-29 19:15:40.914 -05:00  INF]  Executed endpoint 'KopkeHome_WebApp.Controllers.HomeController.PromoVideos (KopkeHome_WebApp)'
[2024-01-29 19:15:40.914 -05:00  ERR]  The view 'PromoVideos' was not found. The following locations were searched:
/Views/Home/en-US/PromoVideos.cshtml
/Views/Home/en/PromoVideos.cshtml
/Views/Home/PromoVideos.cshtml
/Views/Shared/en-US/PromoVideos.cshtml
/Views/Shared/en/PromoVideos.cshtml
/Views/Shared/PromoVideos.cshtml
[2024-01-29 19:15:40.914 -05:00  INF]  Executing ViewResult, running view Error.
[2024-01-29 19:15:40.914 -05:00  INF]  Request finished HTTP/2 GET https://localhost:5001/home/PromoVideos - - - 0 - - 29905.9896ms
[2024-01-29 19:15:40.916 -05:00  INF]  Executed ViewResult - view Error executed in 2.3056ms.
[2024-01-29 19:15:40.916 -05:00  INF]  Executed action KopkeHome_WebApp.Controllers.HomeController.Error (KopkeHome_WebApp) in 2.4945ms
[2024-01-29 19:15:40.916 -05:00  INF]  Executed endpoint 'KopkeHome_WebApp.Controllers.HomeController.Error (KopkeHome_WebApp)'
[2024-01-29 19:15:40.916 -05:00  INF]  Request finished HTTP/2 GET https://localhost:5001/Home/error - - - 200 - text/html;+charset=utf-8 3.7146ms
[2024-01-29 19:15:40.917 -05:00  INF]  Executing ViewResult, running view ProhzLegalFiles.
[2024-01-29 19:15:40.917 -05:00  ERR]  The view 'ProhzLegalFiles' was not found. Searched locations: ["/Views/Home/en-US/ProhzLegalFiles.cshtml","/Views/Home/en/ProhzLegalFiles.cshtml","/Views/Home/ProhzLegalFiles.cshtml","/Views/Shared/en-US/ProhzLegalFiles.cshtml","/Views/Shared/en/ProhzLegalFiles.cshtml","/Views/Shared/ProhzLegalFiles.cshtml"]
[2024-01-29 19:15:40.917 -05:00  INF]  Executed action KopkeHome_WebApp.Controllers.HomeController.ProhzLegalFiles (KopkeHome_WebApp) in 29905.0565ms
[2024-01-29 19:15:40.917 -05:00  INF]  Executed endpoint 'KopkeHome_WebApp.Controllers.HomeController.ProhzLegalFiles (KopkeHome_WebApp)'
[2024-01-29 19:15:40.917 -05:00  ERR]  The view 'ProhzLegalFiles' was not found. The following locations were searched:
/Views/Home/en-US/ProhzLegalFiles.cshtml
/Views/Home/en/ProhzLegalFiles.cshtml
/Views/Home/ProhzLegalFiles.cshtml
/Views/Shared/en-US/ProhzLegalFiles.cshtml
/Views/Shared/en/ProhzLegalFiles.cshtml
/Views/Shared/ProhzLegalFiles.cshtml
[2024-01-29 19:15:40.917 -05:00  INF]  Request finished HTTP/2 GET https://localhost:5001/home/ProhzLegalFiles - - - 0 - - 29908.9714ms
[2024-01-29 19:15:40.919 -05:00  INF]  Executing ViewResult, running view ProhzLegalFiles.
[2024-01-29 19:15:40.919 -05:00  ERR]  The view 'ProhzLegalFiles' was not found. Searched locations: ["/Views/Home/en-US/ProhzLegalFiles.cshtml","/Views/Home/en/ProhzLegalFiles.cshtml","/Views/Home/ProhzLegalFiles.cshtml","/Views/Shared/en-US/ProhzLegalFiles.cshtml","/Views/Shared/en/ProhzLegalFiles.cshtml","/Views/Shared/ProhzLegalFiles.cshtml"]
[2024-01-29 19:15:40.919 -05:00  INF]  Executed action KopkeHome_WebApp.Controllers.HomeController.ProhzLegalFiles (KopkeHome_WebApp) in 26512.4401ms
[2024-01-29 19:15:40.919 -05:00  INF]  Executed endpoint 'KopkeHome_WebApp.Controllers.HomeController.ProhzLegalFiles (KopkeHome_WebApp)'
[2024-01-29 19:15:40.919 -05:00  ERR]  The view 'ProhzLegalFiles' was not found. The following locations were searched:
/Views/Home/en-US/ProhzLegalFiles.cshtml
/Views/Home/en/ProhzLegalFiles.cshtml
/Views/Home/ProhzLegalFiles.cshtml
/Views/Shared/en-US/ProhzLegalFiles.cshtml
/Views/Shared/en/ProhzLegalFiles.cshtml
/Views/Shared/ProhzLegalFiles.cshtml
[2024-01-29 19:15:40.919 -05:00  INF]  Request finished HTTP/2 GET https://localhost:5001/home/ProhzLegalFiles - - - 0 - - 26515.0124ms
[2024-01-29 19:15:40.921 -05:00  INF]  Executing ViewResult, running view ProhzLegalFiles.
[2024-01-29 19:15:40.921 -05:00  ERR]  The view 'ProhzLegalFiles' was not found. Searched locations: ["/Views/Home/en-US/ProhzLegalFiles.cshtml","/Views/Home/en/ProhzLegalFiles.cshtml","/Views/Home/ProhzLegalFiles.cshtml","/Views/Shared/en-US/ProhzLegalFiles.cshtml","/Views/Shared/en/ProhzLegalFiles.cshtml","/Views/Shared/ProhzLegalFiles.cshtml"]
[2024-01-29 19:15:40.921 -05:00  INF]  Executed action KopkeHome_WebApp.Controllers.HomeController.ProhzLegalFiles (KopkeHome_WebApp) in 25115.2652ms
[2024-01-29 19:15:40.921 -05:00  INF]  Executed endpoint 'KopkeHome_WebApp.Controllers.HomeController.ProhzLegalFiles (KopkeHome_WebApp)'
[2024-01-29 19:15:40.921 -05:00  ERR]  The view 'ProhzLegalFiles' was not found. The following locations were searched:
/Views/Home/en-US/ProhzLegalFiles.cshtml
/Views/Home/en/ProhzLegalFiles.cshtml
/Views/Home/ProhzLegalFiles.cshtml
/Views/Shared/en-US/ProhzLegalFiles.cshtml
/Views/Shared/en/ProhzLegalFiles.cshtml
/Views/Shared/ProhzLegalFiles.cshtml
[2024-01-29 19:15:40.922 -05:00  INF]  Request finished HTTP/2 GET https://localhost:5001/home/ProhzLegalFiles - - - 302 0 - 25119.9319ms
[2024-01-29 19:15:40.922 -05:00  INF]  Executing ViewResult, running view PromoVideos.
[2024-01-29 19:15:40.922 -05:00  ERR]  The view 'PromoVideos' was not found. Searched locations: ["/Views/Home/en-US/PromoVideos.cshtml","/Views/Home/en/PromoVideos.cshtml","/Views/Home/PromoVideos.cshtml","/Views/Shared/en-US/PromoVideos.cshtml","/Views/Shared/en/PromoVideos.cshtml","/Views/Shared/PromoVideos.cshtml"]
[2024-01-29 19:15:40.923 -05:00  INF]  Executed action KopkeHome_WebApp.Controllers.HomeController.PromoVideos (KopkeHome_WebApp) in 26516.0616ms
[2024-01-29 19:15:40.923 -05:00  INF]  Executed endpoint 'KopkeHome_WebApp.Controllers.HomeController.PromoVideos (KopkeHome_WebApp)'
[2024-01-29 19:15:40.923 -05:00  ERR]  The view 'PromoVideos' was not found. The following locations were searched:
/Views/Home/en-US/PromoVideos.cshtml
/Views/Home/en/PromoVideos.cshtml
/Views/Home/PromoVideos.cshtml
/Views/Shared/en-US/PromoVideos.cshtml
/Views/Shared/en/PromoVideos.cshtml
/Views/Shared/PromoVideos.cshtml
[2024-01-29 19:15:40.923 -05:00  INF]  Request finished HTTP/2 GET https://localhost:5001/home/PromoVideos - - - 0 - - 26518.4772ms
[2024-01-29 19:15:40.924 -05:00  INF]  Request starting HTTP/2 GET https://localhost:5001/Home/error - -
[2024-01-29 19:15:40.924 -05:00  INF]  Executing endpoint 'KopkeHome_WebApp.Controllers.HomeController.Error (KopkeHome_WebApp)'
[2024-01-29 19:15:40.924 -05:00  INF]  Route matched with {action = "Error", controller = "Home"}. Executing controller action with signature Microsoft.AspNetCore.Mvc.IActionResult Error() on controller KopkeHome_WebApp.Controllers.HomeController (KopkeHome_WebApp).
[2024-01-29 19:15:40.924 -05:00  INF]  Executing ViewResult, running view Error.
[2024-01-29 19:15:40.925 -05:00  INF]  Executed ViewResult - view Error executed in 0.3499ms.
[2024-01-29 19:15:40.925 -05:00  INF]  Executed action KopkeHome_WebApp.Controllers.HomeController.Error (KopkeHome_WebApp) in 0.4416ms
[2024-01-29 19:15:40.925 -05:00  INF]  Executed endpoint 'KopkeHome_WebApp.Controllers.HomeController.Error (KopkeHome_WebApp)'
[2024-01-29 19:15:40.925 -05:00  INF]  Request finished HTTP/2 GET https://localhost:5001/Home/error - - - 200 - text/html;+charset=utf-8 0.7528ms
