[2024-01-04 23:33:39.565 -05:00  INF]  User profile is available. Using 'C:\Users\conno\AppData\Local\ASP.NET\DataProtection-Keys' as key repository and Windows DPAPI to encrypt keys at rest.
[2024-01-04 23:33:39.746 -05:00  INF]  Now listening on: https://localhost:7047
[2024-01-04 23:33:39.746 -05:00  INF]  Now listening on: http://localhost:5047
[2024-01-04 23:33:39.747 -05:00  INF]  Application started. Press Ctrl+C to shut down.
[2024-01-04 23:33:39.748 -05:00  INF]  Hosting environment: Development
[2024-01-04 23:33:39.748 -05:00  INF]  Content root path: C:\Users\conno\Downloads\thegoods-1\thegoods\KopkeHome-FMRS\KopkeHome-WebApp\
[2024-01-04 23:33:42.440 -05:00  INF]  Request starting HTTP/1.1 GET http://localhost:5047/ - -
[2024-01-04 23:33:42.446 -05:00  INF]  Request finished HTTP/1.1 GET http://localhost:5047/ - - - 307 0 - 8.2008ms
[2024-01-04 23:33:42.502 -05:00  INF]  Request starting HTTP/2 GET https://localhost:7047/ - -
[2024-01-04 23:33:42.524 -05:00  INF]  Executing endpoint 'KopkeHome_WebApp.Controllers.HomeController.Index (KopkeHome_WebApp)'
[2024-01-04 23:33:42.531 -05:00  INF]  Route matched with {action = "Index", controller = "Home"}. Executing controller action with signature Microsoft.AspNetCore.Mvc.IActionResult Index() on controller KopkeHome_WebApp.Controllers.HomeController (KopkeHome_WebApp).
[2024-01-04 23:33:42.573 -05:00  INF]  Executing ViewResult, running view Index.
[2024-01-04 23:33:42.622 -05:00  INF]  Executed ViewResult - view Index executed in 50.0886ms.
[2024-01-04 23:33:42.623 -05:00  INF]  Executed action KopkeHome_WebApp.Controllers.HomeController.Index (KopkeHome_WebApp) in 89.8505ms
[2024-01-04 23:33:42.623 -05:00  INF]  Executed endpoint 'KopkeHome_WebApp.Controllers.HomeController.Index (KopkeHome_WebApp)'
[2024-01-04 23:33:42.626 -05:00  INF]  Request finished HTTP/2 GET https://localhost:7047/ - - - 200 - text/html;+charset=utf-8 124.1437ms
[2024-01-04 23:33:43.289 -05:00  INF]  Request starting HTTP/2 GET https://localhost:7047/HomePageAssets/assets/css/style.css - -
[2024-01-04 23:33:43.289 -05:00  INF]  Request starting HTTP/2 GET https://localhost:7047/HomePageAssets/assets/css/responsive.css - -
[2024-01-04 23:33:43.290 -05:00  INF]  Request starting HTTP/2 GET https://localhost:7047/images/prohz-billboard-mobile.jpg - -
[2024-01-04 23:33:43.290 -05:00  INF]  Request starting HTTP/2 GET https://localhost:7047/images/Kopke-brand-logo.png - -
[2024-01-04 23:33:43.290 -05:00  INF]  Request starting HTTP/2 GET https://localhost:7047/images/prohz-billboard.jpg - -
[2024-01-04 23:33:43.290 -05:00  INF]  Request starting HTTP/2 GET https://localhost:7047/images/prohz-logo.jpg - -
[2024-01-04 23:33:43.291 -05:00  INF]  Request starting HTTP/2 GET https://localhost:7047/images/prohz-logo.png - -
[2024-01-04 23:33:43.291 -05:00  INF]  Request starting HTTP/2 GET https://localhost:7047/images/apple-app-store.png - -
[2024-01-04 23:33:43.291 -05:00  INF]  Request starting HTTP/2 GET https://localhost:7047/images/contractor-retiring.jpg - -
[2024-01-04 23:33:43.291 -05:00  INF]  Request starting HTTP/2 GET https://localhost:7047/images/join-the-prohz-network.png - -
[2024-01-04 23:33:43.308 -05:00  INF]  Sending file. Request path: '/images/prohz-logo.jpg'. Physical path: 'C:\Users\conno\Downloads\thegoods-1\thegoods\KopkeHome-FMRS\KopkeHome-WebApp\wwwroot\images\prohz-logo.jpg'
[2024-01-04 23:33:43.308 -05:00  INF]  Sending file. Request path: '/images/Kopke-brand-logo.png'. Physical path: 'C:\Users\conno\Downloads\thegoods-1\thegoods\KopkeHome-FMRS\KopkeHome-WebApp\wwwroot\images\Kopke-brand-logo.png'
[2024-01-04 23:33:43.308 -05:00  INF]  Sending file. Request path: '/HomePageAssets/assets/css/style.css'. Physical path: 'C:\Users\conno\Downloads\thegoods-1\thegoods\KopkeHome-FMRS\KopkeHome-WebApp\wwwroot\HomePageAssets\assets\css\style.css'
[2024-01-04 23:33:43.308 -05:00  INF]  Sending file. Request path: '/images/prohz-logo.png'. Physical path: 'C:\Users\conno\Downloads\thegoods-1\thegoods\KopkeHome-FMRS\KopkeHome-WebApp\wwwroot\images\prohz-logo.png'
[2024-01-04 23:33:43.308 -05:00  INF]  Request finished HTTP/2 GET https://localhost:7047/images/Kopke-brand-logo.png - - - 200 6953 image/png 18.2734ms
[2024-01-04 23:33:43.308 -05:00  INF]  Request finished HTTP/2 GET https://localhost:7047/images/prohz-logo.png - - - 200 4810 image/png 17.3414ms
[2024-01-04 23:33:43.309 -05:00  INF]  Request finished HTTP/2 GET https://localhost:7047/images/prohz-logo.jpg - - - 200 7006 image/jpeg 18.6819ms
[2024-01-04 23:33:43.308 -05:00  INF]  Request finished HTTP/2 GET https://localhost:7047/HomePageAssets/assets/css/style.css - - - 200 24744 text/css 19.0753ms
[2024-01-04 23:33:43.309 -05:00  INF]  Sending file. Request path: '/images/apple-app-store.png'. Physical path: 'C:\Users\conno\Downloads\thegoods-1\thegoods\KopkeHome-FMRS\KopkeHome-WebApp\wwwroot\images\apple-app-store.png'
[2024-01-04 23:33:43.309 -05:00  INF]  Request finished HTTP/2 GET https://localhost:7047/images/apple-app-store.png - - - 200 6796 image/png 18.0249ms
[2024-01-04 23:33:43.310 -05:00  INF]  Sending file. Request path: '/HomePageAssets/assets/css/responsive.css'. Physical path: 'C:\Users\conno\Downloads\thegoods-1\thegoods\KopkeHome-FMRS\KopkeHome-WebApp\wwwroot\HomePageAssets\assets\css\responsive.css'
[2024-01-04 23:33:43.310 -05:00  INF]  Request finished HTTP/2 GET https://localhost:7047/HomePageAssets/assets/css/responsive.css - - - 200 11269 text/css 20.7795ms
[2024-01-04 23:33:43.311 -05:00  INF]  Sending file. Request path: '/images/join-the-prohz-network.png'. Physical path: 'C:\Users\conno\Downloads\thegoods-1\thegoods\KopkeHome-FMRS\KopkeHome-WebApp\wwwroot\images\join-the-prohz-network.png'
[2024-01-04 23:33:43.311 -05:00  INF]  Request finished HTTP/2 GET https://localhost:7047/images/join-the-prohz-network.png - - - 200 88555 image/png 19.4192ms
[2024-01-04 23:33:43.312 -05:00  INF]  Sending file. Request path: '/images/contractor-retiring.jpg'. Physical path: 'C:\Users\conno\Downloads\thegoods-1\thegoods\KopkeHome-FMRS\KopkeHome-WebApp\wwwroot\images\contractor-retiring.jpg'
[2024-01-04 23:33:43.312 -05:00  INF]  Request finished HTTP/2 GET https://localhost:7047/images/contractor-retiring.jpg - - - 200 130521 image/jpeg 20.7067ms
[2024-01-04 23:33:43.312 -05:00  INF]  Sending file. Request path: '/images/prohz-billboard-mobile.jpg'. Physical path: 'C:\Users\conno\Downloads\thegoods-1\thegoods\KopkeHome-FMRS\KopkeHome-WebApp\wwwroot\images\prohz-billboard-mobile.jpg'
[2024-01-04 23:33:43.312 -05:00  INF]  Request finished HTTP/2 GET https://localhost:7047/images/prohz-billboard-mobile.jpg - - - 200 167012 image/jpeg 22.5374ms
[2024-01-04 23:33:43.313 -05:00  INF]  Sending file. Request path: '/images/prohz-billboard.jpg'. Physical path: 'C:\Users\conno\Downloads\thegoods-1\thegoods\KopkeHome-FMRS\KopkeHome-WebApp\wwwroot\images\prohz-billboard.jpg'
[2024-01-04 23:33:43.313 -05:00  INF]  Request finished HTTP/2 GET https://localhost:7047/images/prohz-billboard.jpg - - - 200 211068 image/jpeg 23.5846ms
[2024-01-04 23:33:44.431 -05:00  INF]  Request starting HTTP/2 GET https://localhost:7047/images/networking-background.jpg - -
[2024-01-04 23:33:44.431 -05:00  INF]  Request starting HTTP/2 GET https://localhost:7047/images/service-provider-list-section-background.jpg - -
[2024-01-04 23:33:44.431 -05:00  INF]  Request starting HTTP/2 GET https://localhost:7047/images/service-provider-list-pattern.jpg - -
[2024-01-04 23:33:44.440 -05:00  INF]  Sending file. Request path: '/images/service-provider-list-pattern.jpg'. Physical path: 'C:\Users\conno\Downloads\thegoods-1\thegoods\KopkeHome-FMRS\KopkeHome-WebApp\wwwroot\images\service-provider-list-pattern.jpg'
[2024-01-04 23:33:44.440 -05:00  INF]  Request finished HTTP/2 GET https://localhost:7047/images/service-provider-list-pattern.jpg - - - 200 38024 image/jpeg 8.8282ms
[2024-01-04 23:33:44.441 -05:00  INF]  Sending file. Request path: '/images/networking-background.jpg'. Physical path: 'C:\Users\conno\Downloads\thegoods-1\thegoods\KopkeHome-FMRS\KopkeHome-WebApp\wwwroot\images\networking-background.jpg'
[2024-01-04 23:33:44.441 -05:00  INF]  Request finished HTTP/2 GET https://localhost:7047/images/networking-background.jpg - - - 200 106218 image/jpeg 9.5516ms
[2024-01-04 23:33:44.441 -05:00  INF]  Sending file. Request path: '/images/service-provider-list-section-background.jpg'. Physical path: 'C:\Users\conno\Downloads\thegoods-1\thegoods\KopkeHome-FMRS\KopkeHome-WebApp\wwwroot\images\service-provider-list-section-background.jpg'
[2024-01-04 23:33:44.441 -05:00  INF]  Request finished HTTP/2 GET https://localhost:7047/images/service-provider-list-section-background.jpg - - - 200 173468 image/jpeg 9.9601ms
[2024-01-04 23:33:44.514 -05:00  INF]  Request starting HTTP/2 GET https://localhost:7047/home/PromoVideos - -
[2024-01-04 23:33:44.514 -05:00  INF]  Request starting HTTP/2 GET https://localhost:7047/home/ProhzLegalFiles - -
[2024-01-04 23:33:44.515 -05:00  INF]  Executing endpoint 'KopkeHome_WebApp.Controllers.HomeController.ProhzLegalFiles (KopkeHome_WebApp)'
[2024-01-04 23:33:44.515 -05:00  INF]  Executing endpoint 'KopkeHome_WebApp.Controllers.HomeController.PromoVideos (KopkeHome_WebApp)'
[2024-01-04 23:33:44.518 -05:00  INF]  Route matched with {action = "PromoVideos", controller = "Home"}. Executing controller action with signature System.Threading.Tasks.Task`1[Microsoft.AspNetCore.Mvc.IActionResult] PromoVideos() on controller KopkeHome_WebApp.Controllers.HomeController (KopkeHome_WebApp).
[2024-01-04 23:33:44.518 -05:00  INF]  Route matched with {action = "ProhzLegalFiles", controller = "Home"}. Executing controller action with signature System.Threading.Tasks.Task`1[Microsoft.AspNetCore.Mvc.IActionResult] ProhzLegalFiles() on controller KopkeHome_WebApp.Controllers.HomeController (KopkeHome_WebApp).
[2024-01-04 23:33:44.633 -05:00  INF]  Request starting HTTP/2 GET https://localhost:7047/favicon.ico - -
[2024-01-04 23:33:44.645 -05:00  INF]  Sending file. Request path: '/favicon.ico'. Physical path: 'C:\Users\conno\Downloads\thegoods-1\thegoods\KopkeHome-FMRS\KopkeHome-WebApp\wwwroot\favicon.ico'
[2024-01-04 23:33:44.646 -05:00  INF]  Request finished HTTP/2 GET https://localhost:7047/favicon.ico - - - 200 4286 image/x-icon 12.4644ms
[2024-01-04 23:33:48.692 -05:00  ERR]  No connection could be made because the target machine actively refused it. (localhost:7215)
[2024-01-04 23:33:48.692 -05:00  ERR]  No connection could be made because the target machine actively refused it. (localhost:7215)
[2024-01-04 23:33:48.694 -05:00  INF]  Executed action KopkeHome_WebApp.Controllers.HomeController.ProhzLegalFiles (KopkeHome_WebApp) in 4175.3294ms
[2024-01-04 23:33:48.694 -05:00  INF]  Executed action KopkeHome_WebApp.Controllers.HomeController.PromoVideos (KopkeHome_WebApp) in 4175.3794ms
[2024-01-04 23:33:48.694 -05:00  INF]  Executed endpoint 'KopkeHome_WebApp.Controllers.HomeController.ProhzLegalFiles (KopkeHome_WebApp)'
[2024-01-04 23:33:48.694 -05:00  INF]  Executed endpoint 'KopkeHome_WebApp.Controllers.HomeController.PromoVideos (KopkeHome_WebApp)'
[2024-01-04 23:33:48.694 -05:00  ERR]  No connection could be made because the target machine actively refused it. (localhost:7215)
[2024-01-04 23:33:48.694 -05:00  ERR]  No connection could be made because the target machine actively refused it. (localhost:7215)
[2024-01-04 23:33:48.695 -05:00  INF]  Request finished HTTP/2 GET https://localhost:7047/home/PromoVideos - - - 302 0 - 4180.6829ms
[2024-01-04 23:33:48.695 -05:00  INF]  Request finished HTTP/2 GET https://localhost:7047/home/ProhzLegalFiles - - - 302 0 - 4180.5905ms
[2024-01-04 23:33:48.696 -05:00  INF]  Request starting HTTP/2 GET https://localhost:7047/Home/error - -
[2024-01-04 23:33:48.698 -05:00  INF]  Executing endpoint 'KopkeHome_WebApp.Controllers.HomeController.Error (KopkeHome_WebApp)'
[2024-01-04 23:33:48.699 -05:00  INF]  Route matched with {action = "Error", controller = "Home"}. Executing controller action with signature Microsoft.AspNetCore.Mvc.IActionResult Error() on controller KopkeHome_WebApp.Controllers.HomeController (KopkeHome_WebApp).
[2024-01-04 23:33:48.700 -05:00  INF]  Executing ViewResult, running view Error.
[2024-01-04 23:33:48.788 -05:00  INF]  Executed ViewResult - view Error executed in 88.4974ms.
[2024-01-04 23:33:48.788 -05:00  INF]  Executed action KopkeHome_WebApp.Controllers.HomeController.Error (KopkeHome_WebApp) in 89.1649ms
[2024-01-04 23:33:48.788 -05:00  INF]  Executed endpoint 'KopkeHome_WebApp.Controllers.HomeController.Error (KopkeHome_WebApp)'
[2024-01-04 23:33:48.788 -05:00  INF]  Request finished HTTP/2 GET https://localhost:7047/Home/error - - - 200 - text/html;+charset=utf-8 92.4301ms
[2024-01-04 23:33:48.789 -05:00  INF]  Request starting HTTP/2 GET https://localhost:7047/Home/error - -
[2024-01-04 23:33:48.789 -05:00  INF]  Executing endpoint 'KopkeHome_WebApp.Controllers.HomeController.Error (KopkeHome_WebApp)'
[2024-01-04 23:33:48.789 -05:00  INF]  Route matched with {action = "Error", controller = "Home"}. Executing controller action with signature Microsoft.AspNetCore.Mvc.IActionResult Error() on controller KopkeHome_WebApp.Controllers.HomeController (KopkeHome_WebApp).
[2024-01-04 23:33:48.789 -05:00  INF]  Executing ViewResult, running view Error.
[2024-01-04 23:33:48.790 -05:00  INF]  Executed ViewResult - view Error executed in 0.5651ms.
[2024-01-04 23:33:48.790 -05:00  INF]  Executed action KopkeHome_WebApp.Controllers.HomeController.Error (KopkeHome_WebApp) in 0.6852ms
[2024-01-04 23:33:48.790 -05:00  INF]  Executed endpoint 'KopkeHome_WebApp.Controllers.HomeController.Error (KopkeHome_WebApp)'
[2024-01-04 23:33:48.790 -05:00  INF]  Request finished HTTP/2 GET https://localhost:7047/Home/error - - - 200 - text/html;+charset=utf-8 1.1961ms
[2024-01-04 23:42:42.573 -05:00  INF]  Application is shutting down...
[2024-01-04 23:42:48.150 -05:00  INF]  User profile is available. Using 'C:\Users\conno\AppData\Local\ASP.NET\DataProtection-Keys' as key repository and Windows DPAPI to encrypt keys at rest.
[2024-01-04 23:42:48.237 -05:00  INF]  Now listening on: https://localhost:7047
[2024-01-04 23:42:48.237 -05:00  INF]  Now listening on: http://localhost:5047
[2024-01-04 23:42:48.239 -05:00  INF]  Application started. Press Ctrl+C to shut down.
[2024-01-04 23:42:48.240 -05:00  INF]  Hosting environment: Development
[2024-01-04 23:42:48.240 -05:00  INF]  Content root path: C:\Users\conno\Downloads\thegoods-1\thegoods\KopkeHome-FMRS\KopkeHome-WebApp\
[2024-01-04 23:43:07.314 -05:00  INF]  Request starting HTTP/2 GET https://localhost:7047/ - -
[2024-01-04 23:43:07.337 -05:00  INF]  Executing endpoint 'KopkeHome_WebApp.Controllers.HomeController.Index (KopkeHome_WebApp)'
[2024-01-04 23:43:07.344 -05:00  INF]  Route matched with {action = "Index", controller = "Home"}. Executing controller action with signature Microsoft.AspNetCore.Mvc.IActionResult Index() on controller KopkeHome_WebApp.Controllers.HomeController (KopkeHome_WebApp).
[2024-01-04 23:43:07.372 -05:00  INF]  Executing ViewResult, running view Index.
[2024-01-04 23:43:07.420 -05:00  INF]  Executed ViewResult - view Index executed in 48.4885ms.
[2024-01-04 23:43:07.421 -05:00  INF]  Executed action KopkeHome_WebApp.Controllers.HomeController.Index (KopkeHome_WebApp) in 75.0653ms
[2024-01-04 23:43:07.421 -05:00  INF]  Executed endpoint 'KopkeHome_WebApp.Controllers.HomeController.Index (KopkeHome_WebApp)'
[2024-01-04 23:43:07.423 -05:00  INF]  Request finished HTTP/2 GET https://localhost:7047/ - - - 200 - text/html;+charset=utf-8 110.6600ms
[2024-01-04 23:43:07.430 -05:00  INF]  Request starting HTTP/2 GET https://localhost:7047/HomePageAssets/assets/css/style.css - -
[2024-01-04 23:43:07.430 -05:00  INF]  Request starting HTTP/2 GET https://localhost:7047/HomePageAssets/assets/css/responsive.css - -
[2024-01-04 23:43:07.430 -05:00  INF]  Request starting HTTP/2 GET https://localhost:7047/images/prohz-billboard.jpg - -
[2024-01-04 23:43:07.430 -05:00  INF]  Request starting HTTP/2 GET https://localhost:7047/images/Kopke-brand-logo.png - -
[2024-01-04 23:43:07.430 -05:00  INF]  Request starting HTTP/2 GET https://localhost:7047/images/prohz-billboard-mobile.jpg - -
[2024-01-04 23:43:07.430 -05:00  INF]  Request starting HTTP/2 GET https://localhost:7047/images/prohz-logo.jpg - -
[2024-01-04 23:43:07.430 -05:00  INF]  Request starting HTTP/2 GET https://localhost:7047/images/apple-app-store.png - -
[2024-01-04 23:43:07.430 -05:00  INF]  Request starting HTTP/2 GET https://localhost:7047/images/prohz-logo.png - -
[2024-01-04 23:43:07.430 -05:00  INF]  Request starting HTTP/2 GET https://localhost:7047/images/join-the-prohz-network.png - -
[2024-01-04 23:43:07.431 -05:00  INF]  Request starting HTTP/2 GET https://localhost:7047/images/contractor-retiring.jpg - -
[2024-01-04 23:43:07.435 -05:00  INF]  Sending file. Request path: '/HomePageAssets/assets/css/style.css'. Physical path: 'C:\Users\conno\Downloads\thegoods-1\thegoods\KopkeHome-FMRS\KopkeHome-WebApp\wwwroot\HomePageAssets\assets\css\style.css'
[2024-01-04 23:43:07.435 -05:00  INF]  Sending file. Request path: '/HomePageAssets/assets/css/responsive.css'. Physical path: 'C:\Users\conno\Downloads\thegoods-1\thegoods\KopkeHome-FMRS\KopkeHome-WebApp\wwwroot\HomePageAssets\assets\css\responsive.css'
[2024-01-04 23:43:07.435 -05:00  INF]  Sending file. Request path: '/images/prohz-logo.jpg'. Physical path: 'C:\Users\conno\Downloads\thegoods-1\thegoods\KopkeHome-FMRS\KopkeHome-WebApp\wwwroot\images\prohz-logo.jpg'
[2024-01-04 23:43:07.435 -05:00  INF]  Sending file. Request path: '/images/Kopke-brand-logo.png'. Physical path: 'C:\Users\conno\Downloads\thegoods-1\thegoods\KopkeHome-FMRS\KopkeHome-WebApp\wwwroot\images\Kopke-brand-logo.png'
[2024-01-04 23:43:07.435 -05:00  INF]  Sending file. Request path: '/images/prohz-logo.png'. Physical path: 'C:\Users\conno\Downloads\thegoods-1\thegoods\KopkeHome-FMRS\KopkeHome-WebApp\wwwroot\images\prohz-logo.png'
[2024-01-04 23:43:07.435 -05:00  INF]  Sending file. Request path: '/images/apple-app-store.png'. Physical path: 'C:\Users\conno\Downloads\thegoods-1\thegoods\KopkeHome-FMRS\KopkeHome-WebApp\wwwroot\images\apple-app-store.png'
[2024-01-04 23:43:07.435 -05:00  INF]  Request finished HTTP/2 GET https://localhost:7047/images/prohz-logo.jpg - - - 200 7006 image/jpeg 5.1392ms
[2024-01-04 23:43:07.435 -05:00  INF]  Request finished HTTP/2 GET https://localhost:7047/HomePageAssets/assets/css/responsive.css - - - 200 11269 text/css 5.7546ms
[2024-01-04 23:43:07.436 -05:00  INF]  Sending file. Request path: '/images/join-the-prohz-network.png'. Physical path: 'C:\Users\conno\Downloads\thegoods-1\thegoods\KopkeHome-FMRS\KopkeHome-WebApp\wwwroot\images\join-the-prohz-network.png'
[2024-01-04 23:43:07.438 -05:00  INF]  Sending file. Request path: '/images/contractor-retiring.jpg'. Physical path: 'C:\Users\conno\Downloads\thegoods-1\thegoods\KopkeHome-FMRS\KopkeHome-WebApp\wwwroot\images\contractor-retiring.jpg'
[2024-01-04 23:43:07.438 -05:00  INF]  Request finished HTTP/2 GET https://localhost:7047/HomePageAssets/assets/css/style.css - - - 200 24744 text/css 8.2366ms
[2024-01-04 23:43:07.438 -05:00  INF]  Request finished HTTP/2 GET https://localhost:7047/images/contractor-retiring.jpg - - - 200 130521 image/jpeg 7.3964ms
[2024-01-04 23:43:07.438 -05:00  INF]  Sending file. Request path: '/images/prohz-billboard-mobile.jpg'. Physical path: 'C:\Users\conno\Downloads\thegoods-1\thegoods\KopkeHome-FMRS\KopkeHome-WebApp\wwwroot\images\prohz-billboard-mobile.jpg'
[2024-01-04 23:43:07.438 -05:00  INF]  Request finished HTTP/2 GET https://localhost:7047/images/Kopke-brand-logo.png - - - 200 6953 image/png 7.9550ms
[2024-01-04 23:43:07.438 -05:00  INF]  Request finished HTTP/2 GET https://localhost:7047/images/apple-app-store.png - - - 200 6796 image/png 7.7471ms
[2024-01-04 23:43:07.438 -05:00  INF]  Request finished HTTP/2 GET https://localhost:7047/images/prohz-logo.png - - - 200 4810 image/png 7.7798ms
[2024-01-04 23:43:07.438 -05:00  INF]  Request finished HTTP/2 GET https://localhost:7047/images/prohz-billboard-mobile.jpg - - - 200 167012 image/jpeg 7.9725ms
[2024-01-04 23:43:07.438 -05:00  INF]  Request finished HTTP/2 GET https://localhost:7047/images/join-the-prohz-network.png - - - 200 88555 image/png 7.8146ms
[2024-01-04 23:43:07.438 -05:00  INF]  Sending file. Request path: '/images/prohz-billboard.jpg'. Physical path: 'C:\Users\conno\Downloads\thegoods-1\thegoods\KopkeHome-FMRS\KopkeHome-WebApp\wwwroot\images\prohz-billboard.jpg'
[2024-01-04 23:43:07.438 -05:00  INF]  Request finished HTTP/2 GET https://localhost:7047/images/prohz-billboard.jpg - - - 200 211068 image/jpeg 8.4383ms
[2024-01-04 23:43:07.453 -05:00  INF]  Request starting HTTP/2 GET https://localhost:7047/images/networking-background.jpg - -
[2024-01-04 23:43:07.453 -05:00  INF]  Request starting HTTP/2 GET https://localhost:7047/images/service-provider-list-section-background.jpg - -
[2024-01-04 23:43:07.453 -05:00  INF]  Request starting HTTP/2 GET https://localhost:7047/images/service-provider-list-pattern.jpg - -
[2024-01-04 23:43:07.454 -05:00  INF]  Sending file. Request path: '/images/service-provider-list-pattern.jpg'. Physical path: 'C:\Users\conno\Downloads\thegoods-1\thegoods\KopkeHome-FMRS\KopkeHome-WebApp\wwwroot\images\service-provider-list-pattern.jpg'
[2024-01-04 23:43:07.456 -05:00  INF]  Sending file. Request path: '/images/networking-background.jpg'. Physical path: 'C:\Users\conno\Downloads\thegoods-1\thegoods\KopkeHome-FMRS\KopkeHome-WebApp\wwwroot\images\networking-background.jpg'
[2024-01-04 23:43:07.456 -05:00  INF]  Request finished HTTP/2 GET https://localhost:7047/images/networking-background.jpg - - - 200 106218 image/jpeg 3.2041ms
[2024-01-04 23:43:07.456 -05:00  INF]  Sending file. Request path: '/images/service-provider-list-section-background.jpg'. Physical path: 'C:\Users\conno\Downloads\thegoods-1\thegoods\KopkeHome-FMRS\KopkeHome-WebApp\wwwroot\images\service-provider-list-section-background.jpg'
[2024-01-04 23:43:07.456 -05:00  INF]  Request finished HTTP/2 GET https://localhost:7047/images/service-provider-list-section-background.jpg - - - 200 173468 image/jpeg 3.3083ms
[2024-01-04 23:43:07.456 -05:00  INF]  Request finished HTTP/2 GET https://localhost:7047/images/service-provider-list-pattern.jpg - - - 200 38024 image/jpeg 3.3391ms
[2024-01-04 23:43:07.732 -05:00  INF]  Request starting HTTP/2 GET https://localhost:7047/home/PromoVideos - -
[2024-01-04 23:43:07.732 -05:00  INF]  Request starting HTTP/2 GET https://localhost:7047/home/ProhzLegalFiles - -
[2024-01-04 23:43:07.733 -05:00  INF]  Executing endpoint 'KopkeHome_WebApp.Controllers.HomeController.ProhzLegalFiles (KopkeHome_WebApp)'
[2024-01-04 23:43:07.733 -05:00  INF]  Executing endpoint 'KopkeHome_WebApp.Controllers.HomeController.PromoVideos (KopkeHome_WebApp)'
[2024-01-04 23:43:07.736 -05:00  INF]  Route matched with {action = "ProhzLegalFiles", controller = "Home"}. Executing controller action with signature System.Threading.Tasks.Task`1[Microsoft.AspNetCore.Mvc.IActionResult] ProhzLegalFiles() on controller KopkeHome_WebApp.Controllers.HomeController (KopkeHome_WebApp).
[2024-01-04 23:43:07.736 -05:00  INF]  Route matched with {action = "PromoVideos", controller = "Home"}. Executing controller action with signature System.Threading.Tasks.Task`1[Microsoft.AspNetCore.Mvc.IActionResult] PromoVideos() on controller KopkeHome_WebApp.Controllers.HomeController (KopkeHome_WebApp).
[2024-01-04 23:43:11.866 -05:00  ERR]  No connection could be made because the target machine actively refused it. (localhost:7215)
[2024-01-04 23:43:11.866 -05:00  ERR]  No connection could be made because the target machine actively refused it. (localhost:7215)
[2024-01-04 23:43:11.868 -05:00  INF]  Executed action KopkeHome_WebApp.Controllers.HomeController.ProhzLegalFiles (KopkeHome_WebApp) in 4131.3622ms
[2024-01-04 23:43:11.868 -05:00  INF]  Executed action KopkeHome_WebApp.Controllers.HomeController.PromoVideos (KopkeHome_WebApp) in 4131.0942ms
[2024-01-04 23:43:11.868 -05:00  INF]  Executed endpoint 'KopkeHome_WebApp.Controllers.HomeController.ProhzLegalFiles (KopkeHome_WebApp)'
[2024-01-04 23:43:11.868 -05:00  INF]  Executed endpoint 'KopkeHome_WebApp.Controllers.HomeController.PromoVideos (KopkeHome_WebApp)'
[2024-01-04 23:43:11.868 -05:00  ERR]  No connection could be made because the target machine actively refused it. (localhost:7215)
[2024-01-04 23:43:11.868 -05:00  ERR]  No connection could be made because the target machine actively refused it. (localhost:7215)
[2024-01-04 23:43:11.869 -05:00  INF]  Request finished HTTP/2 GET https://localhost:7047/home/PromoVideos - - - 302 0 - 4136.7671ms
[2024-01-04 23:43:11.869 -05:00  INF]  Request finished HTTP/2 GET https://localhost:7047/home/ProhzLegalFiles - - - 302 0 - 4136.7752ms
[2024-01-04 23:43:11.870 -05:00  INF]  Request starting HTTP/2 GET https://localhost:7047/Home/error - -
[2024-01-04 23:43:11.870 -05:00  INF]  Request starting HTTP/2 GET https://localhost:7047/Home/error - -
[2024-01-04 23:43:11.872 -05:00  INF]  Executing endpoint 'KopkeHome_WebApp.Controllers.HomeController.Error (KopkeHome_WebApp)'
[2024-01-04 23:43:11.872 -05:00  INF]  Executing endpoint 'KopkeHome_WebApp.Controllers.HomeController.Error (KopkeHome_WebApp)'
[2024-01-04 23:43:11.873 -05:00  INF]  Route matched with {action = "Error", controller = "Home"}. Executing controller action with signature Microsoft.AspNetCore.Mvc.IActionResult Error() on controller KopkeHome_WebApp.Controllers.HomeController (KopkeHome_WebApp).
[2024-01-04 23:43:11.873 -05:00  INF]  Route matched with {action = "Error", controller = "Home"}. Executing controller action with signature Microsoft.AspNetCore.Mvc.IActionResult Error() on controller KopkeHome_WebApp.Controllers.HomeController (KopkeHome_WebApp).
[2024-01-04 23:43:11.874 -05:00  INF]  Executing ViewResult, running view Error.
[2024-01-04 23:43:11.874 -05:00  INF]  Executing ViewResult, running view Error.
[2024-01-04 23:43:11.887 -05:00  INF]  Executed ViewResult - view Error executed in 13.525ms.
[2024-01-04 23:43:11.887 -05:00  INF]  Executed ViewResult - view Error executed in 13.5145ms.
[2024-01-04 23:43:11.887 -05:00  INF]  Executed action KopkeHome_WebApp.Controllers.HomeController.Error (KopkeHome_WebApp) in 14.0164ms
[2024-01-04 23:43:11.887 -05:00  INF]  Executed action KopkeHome_WebApp.Controllers.HomeController.Error (KopkeHome_WebApp) in 14.1278ms
[2024-01-04 23:43:11.887 -05:00  INF]  Executed endpoint 'KopkeHome_WebApp.Controllers.HomeController.Error (KopkeHome_WebApp)'
[2024-01-04 23:43:11.887 -05:00  INF]  Executed endpoint 'KopkeHome_WebApp.Controllers.HomeController.Error (KopkeHome_WebApp)'
[2024-01-04 23:43:11.887 -05:00  INF]  Request finished HTTP/2 GET https://localhost:7047/Home/error - - - 200 - text/html;+charset=utf-8 17.3965ms
[2024-01-04 23:43:11.887 -05:00  INF]  Request finished HTTP/2 GET https://localhost:7047/Home/error - - - 200 - text/html;+charset=utf-8 17.5079ms
[2024-01-04 23:43:31.837 -05:00  INF]  Application is shutting down...
[2024-01-04 23:43:35.846 -05:00  INF]  User profile is available. Using 'C:\Users\conno\AppData\Local\ASP.NET\DataProtection-Keys' as key repository and Windows DPAPI to encrypt keys at rest.
[2024-01-04 23:43:35.919 -05:00  INF]  Now listening on: https://localhost:7047
[2024-01-04 23:43:35.919 -05:00  INF]  Now listening on: http://localhost:5047
[2024-01-04 23:43:35.921 -05:00  INF]  Application started. Press Ctrl+C to shut down.
[2024-01-04 23:43:35.921 -05:00  INF]  Hosting environment: Development
[2024-01-04 23:43:35.921 -05:00  INF]  Content root path: C:\Users\conno\Downloads\thegoods-1\thegoods\KopkeHome-FMRS\KopkeHome-WebApp\
[2024-01-04 23:43:37.790 -05:00  INF]  Request starting HTTP/2 GET https://localhost:7047/ - -
[2024-01-04 23:43:37.813 -05:00  INF]  Executing endpoint 'KopkeHome_WebApp.Controllers.HomeController.Index (KopkeHome_WebApp)'
[2024-01-04 23:43:37.821 -05:00  INF]  Route matched with {action = "Index", controller = "Home"}. Executing controller action with signature Microsoft.AspNetCore.Mvc.IActionResult Index() on controller KopkeHome_WebApp.Controllers.HomeController (KopkeHome_WebApp).
[2024-01-04 23:43:37.852 -05:00  INF]  Executing ViewResult, running view Index.
[2024-01-04 23:43:37.900 -05:00  INF]  Executed ViewResult - view Index executed in 47.966ms.
[2024-01-04 23:43:37.901 -05:00  INF]  Executed action KopkeHome_WebApp.Controllers.HomeController.Index (KopkeHome_WebApp) in 78.6064ms
[2024-01-04 23:43:37.901 -05:00  INF]  Executed endpoint 'KopkeHome_WebApp.Controllers.HomeController.Index (KopkeHome_WebApp)'
[2024-01-04 23:43:37.904 -05:00  INF]  Request finished HTTP/2 GET https://localhost:7047/ - - - 200 - text/html;+charset=utf-8 115.9008ms
[2024-01-04 23:43:37.911 -05:00  INF]  Request starting HTTP/2 GET https://localhost:7047/HomePageAssets/assets/css/style.css - -
[2024-01-04 23:43:37.911 -05:00  INF]  Request starting HTTP/2 GET https://localhost:7047/HomePageAssets/assets/css/responsive.css - -
[2024-01-04 23:43:37.911 -05:00  INF]  Request starting HTTP/2 GET https://localhost:7047/images/Kopke-brand-logo.png - -
[2024-01-04 23:43:37.911 -05:00  INF]  Request starting HTTP/2 GET https://localhost:7047/images/prohz-billboard.jpg - -
[2024-01-04 23:43:37.911 -05:00  INF]  Request starting HTTP/2 GET https://localhost:7047/images/prohz-billboard-mobile.jpg - -
[2024-01-04 23:43:37.911 -05:00  INF]  Request starting HTTP/2 GET https://localhost:7047/images/prohz-logo.jpg - -
[2024-01-04 23:43:37.911 -05:00  INF]  Request starting HTTP/2 GET https://localhost:7047/images/prohz-logo.png - -
[2024-01-04 23:43:37.911 -05:00  INF]  Request starting HTTP/2 GET https://localhost:7047/images/apple-app-store.png - -
[2024-01-04 23:43:37.911 -05:00  INF]  Request starting HTTP/2 GET https://localhost:7047/images/join-the-prohz-network.png - -
[2024-01-04 23:43:37.911 -05:00  INF]  Request starting HTTP/2 GET https://localhost:7047/images/contractor-retiring.jpg - -
[2024-01-04 23:43:37.916 -05:00  INF]  Sending file. Request path: '/images/Kopke-brand-logo.png'. Physical path: 'C:\Users\conno\Downloads\thegoods-1\thegoods\KopkeHome-FMRS\KopkeHome-WebApp\wwwroot\images\Kopke-brand-logo.png'
[2024-01-04 23:43:37.916 -05:00  INF]  Sending file. Request path: '/images/prohz-logo.jpg'. Physical path: 'C:\Users\conno\Downloads\thegoods-1\thegoods\KopkeHome-FMRS\KopkeHome-WebApp\wwwroot\images\prohz-logo.jpg'
[2024-01-04 23:43:37.916 -05:00  INF]  Sending file. Request path: '/images/prohz-logo.png'. Physical path: 'C:\Users\conno\Downloads\thegoods-1\thegoods\KopkeHome-FMRS\KopkeHome-WebApp\wwwroot\images\prohz-logo.png'
[2024-01-04 23:43:37.916 -05:00  INF]  Sending file. Request path: '/images/apple-app-store.png'. Physical path: 'C:\Users\conno\Downloads\thegoods-1\thegoods\KopkeHome-FMRS\KopkeHome-WebApp\wwwroot\images\apple-app-store.png'
[2024-01-04 23:43:37.916 -05:00  INF]  Sending file. Request path: '/HomePageAssets/assets/css/responsive.css'. Physical path: 'C:\Users\conno\Downloads\thegoods-1\thegoods\KopkeHome-FMRS\KopkeHome-WebApp\wwwroot\HomePageAssets\assets\css\responsive.css'
[2024-01-04 23:43:37.917 -05:00  INF]  Request finished HTTP/2 GET https://localhost:7047/images/Kopke-brand-logo.png - - - 200 6953 image/png 5.9153ms
[2024-01-04 23:43:37.917 -05:00  INF]  Request finished HTTP/2 GET https://localhost:7047/images/prohz-logo.jpg - - - 200 7006 image/jpeg 5.7402ms
[2024-01-04 23:43:37.917 -05:00  INF]  Request finished HTTP/2 GET https://localhost:7047/images/prohz-logo.png - - - 200 4810 image/png 5.5314ms
[2024-01-04 23:43:37.917 -05:00  INF]  Request finished HTTP/2 GET https://localhost:7047/images/apple-app-store.png - - - 200 6796 image/png 5.6016ms
[2024-01-04 23:43:37.917 -05:00  INF]  Request finished HTTP/2 GET https://localhost:7047/HomePageAssets/assets/css/responsive.css - - - 200 11269 text/css 6.1596ms
[2024-01-04 23:43:37.917 -05:00  INF]  Sending file. Request path: '/images/join-the-prohz-network.png'. Physical path: 'C:\Users\conno\Downloads\thegoods-1\thegoods\KopkeHome-FMRS\KopkeHome-WebApp\wwwroot\images\join-the-prohz-network.png'
[2024-01-04 23:43:37.917 -05:00  INF]  Sending file. Request path: '/images/prohz-billboard.jpg'. Physical path: 'C:\Users\conno\Downloads\thegoods-1\thegoods\KopkeHome-FMRS\KopkeHome-WebApp\wwwroot\images\prohz-billboard.jpg'
[2024-01-04 23:43:37.917 -05:00  INF]  Sending file. Request path: '/HomePageAssets/assets/css/style.css'. Physical path: 'C:\Users\conno\Downloads\thegoods-1\thegoods\KopkeHome-FMRS\KopkeHome-WebApp\wwwroot\HomePageAssets\assets\css\style.css'
[2024-01-04 23:43:37.917 -05:00  INF]  Sending file. Request path: '/images/contractor-retiring.jpg'. Physical path: 'C:\Users\conno\Downloads\thegoods-1\thegoods\KopkeHome-FMRS\KopkeHome-WebApp\wwwroot\images\contractor-retiring.jpg'
[2024-01-04 23:43:37.917 -05:00  INF]  Sending file. Request path: '/images/prohz-billboard-mobile.jpg'. Physical path: 'C:\Users\conno\Downloads\thegoods-1\thegoods\KopkeHome-FMRS\KopkeHome-WebApp\wwwroot\images\prohz-billboard-mobile.jpg'
[2024-01-04 23:43:37.918 -05:00  INF]  Request finished HTTP/2 GET https://localhost:7047/images/prohz-billboard.jpg - - - 200 211068 image/jpeg 6.8263ms
[2024-01-04 23:43:37.918 -05:00  INF]  Request finished HTTP/2 GET https://localhost:7047/images/join-the-prohz-network.png - - - 200 88555 image/png 6.2389ms
[2024-01-04 23:43:37.918 -05:00  INF]  Request finished HTTP/2 GET https://localhost:7047/images/contractor-retiring.jpg - - - 200 130521 image/jpeg 6.2259ms
[2024-01-04 23:43:37.918 -05:00  INF]  Request finished HTTP/2 GET https://localhost:7047/HomePageAssets/assets/css/style.css - - - 200 24744 text/css 7.0693ms
[2024-01-04 23:43:37.918 -05:00  INF]  Request finished HTTP/2 GET https://localhost:7047/images/prohz-billboard-mobile.jpg - - - 200 167012 image/jpeg 6.8904ms
[2024-01-04 23:43:37.927 -05:00  INF]  Request starting HTTP/2 GET https://localhost:7047/images/service-provider-list-pattern.jpg - -
[2024-01-04 23:43:37.927 -05:00  INF]  Request starting HTTP/2 GET https://localhost:7047/images/service-provider-list-section-background.jpg - -
[2024-01-04 23:43:37.927 -05:00  INF]  Request starting HTTP/2 GET https://localhost:7047/images/networking-background.jpg - -
[2024-01-04 23:43:37.928 -05:00  INF]  Sending file. Request path: '/images/service-provider-list-pattern.jpg'. Physical path: 'C:\Users\conno\Downloads\thegoods-1\thegoods\KopkeHome-FMRS\KopkeHome-WebApp\wwwroot\images\service-provider-list-pattern.jpg'
[2024-01-04 23:43:37.928 -05:00  INF]  Sending file. Request path: '/images/networking-background.jpg'. Physical path: 'C:\Users\conno\Downloads\thegoods-1\thegoods\KopkeHome-FMRS\KopkeHome-WebApp\wwwroot\images\networking-background.jpg'
[2024-01-04 23:43:37.928 -05:00  INF]  Request finished HTTP/2 GET https://localhost:7047/images/service-provider-list-pattern.jpg - - - 200 38024 image/jpeg 1.1477ms
[2024-01-04 23:43:37.928 -05:00  INF]  Request finished HTTP/2 GET https://localhost:7047/images/networking-background.jpg - - - 200 106218 image/jpeg 1.2021ms
[2024-01-04 23:43:37.928 -05:00  INF]  Sending file. Request path: '/images/service-provider-list-section-background.jpg'. Physical path: 'C:\Users\conno\Downloads\thegoods-1\thegoods\KopkeHome-FMRS\KopkeHome-WebApp\wwwroot\images\service-provider-list-section-background.jpg'
[2024-01-04 23:43:37.928 -05:00  INF]  Request finished HTTP/2 GET https://localhost:7047/images/service-provider-list-section-background.jpg - - - 200 173468 image/jpeg 1.5251ms
[2024-01-04 23:43:38.659 -05:00  INF]  Request starting HTTP/2 GET https://localhost:7047/home/PromoVideos - -
[2024-01-04 23:43:38.659 -05:00  INF]  Request starting HTTP/2 GET https://localhost:7047/home/ProhzLegalFiles - -
[2024-01-04 23:43:38.660 -05:00  INF]  Executing endpoint 'KopkeHome_WebApp.Controllers.HomeController.PromoVideos (KopkeHome_WebApp)'
[2024-01-04 23:43:38.660 -05:00  INF]  Executing endpoint 'KopkeHome_WebApp.Controllers.HomeController.ProhzLegalFiles (KopkeHome_WebApp)'
[2024-01-04 23:43:38.664 -05:00  INF]  Route matched with {action = "ProhzLegalFiles", controller = "Home"}. Executing controller action with signature System.Threading.Tasks.Task`1[Microsoft.AspNetCore.Mvc.IActionResult] ProhzLegalFiles() on controller KopkeHome_WebApp.Controllers.HomeController (KopkeHome_WebApp).
[2024-01-04 23:43:38.664 -05:00  INF]  Route matched with {action = "PromoVideos", controller = "Home"}. Executing controller action with signature System.Threading.Tasks.Task`1[Microsoft.AspNetCore.Mvc.IActionResult] PromoVideos() on controller KopkeHome_WebApp.Controllers.HomeController (KopkeHome_WebApp).
[2024-01-04 23:43:42.607 -05:00  INF]  Request starting HTTP/2 GET https://localhost:7047/user/signup - -
[2024-01-04 23:43:42.609 -05:00  INF]  Executing endpoint 'KopkeHome_WebApp.Controllers.UserController.SignUp (KopkeHome_WebApp)'
[2024-01-04 23:43:42.615 -05:00  INF]  Route matched with {action = "SignUp", controller = "User"}. Executing controller action with signature Microsoft.AspNetCore.Mvc.IActionResult SignUp(System.String) on controller KopkeHome_WebApp.Controllers.UserController (KopkeHome_WebApp).
[2024-01-04 23:43:42.766 -05:00  ERR]  No connection could be made because the target machine actively refused it. (localhost:7215)
[2024-01-04 23:43:42.766 -05:00  ERR]  No connection could be made because the target machine actively refused it. (localhost:7215)
[2024-01-04 23:43:42.768 -05:00  INF]  Executed action KopkeHome_WebApp.Controllers.HomeController.PromoVideos (KopkeHome_WebApp) in 4103.7855ms
[2024-01-04 23:43:42.768 -05:00  INF]  Executed action KopkeHome_WebApp.Controllers.HomeController.ProhzLegalFiles (KopkeHome_WebApp) in 4103.7855ms
[2024-01-04 23:43:42.768 -05:00  INF]  Executed endpoint 'KopkeHome_WebApp.Controllers.HomeController.ProhzLegalFiles (KopkeHome_WebApp)'
[2024-01-04 23:43:42.768 -05:00  INF]  Executed endpoint 'KopkeHome_WebApp.Controllers.HomeController.PromoVideos (KopkeHome_WebApp)'
[2024-01-04 23:43:42.768 -05:00  ERR]  No connection could be made because the target machine actively refused it. (localhost:7215)
[2024-01-04 23:43:42.768 -05:00  ERR]  No connection could be made because the target machine actively refused it. (localhost:7215)
[2024-01-04 23:43:42.769 -05:00  INF]  Request finished HTTP/2 GET https://localhost:7047/home/PromoVideos - - - 302 0 - 4109.9599ms
[2024-01-04 23:43:42.769 -05:00  INF]  Request finished HTTP/2 GET https://localhost:7047/home/ProhzLegalFiles - - - 302 0 - 4109.8817ms
[2024-01-04 23:43:42.770 -05:00  INF]  Request starting HTTP/2 GET https://localhost:7047/Home/error - -
[2024-01-04 23:43:42.770 -05:00  INF]  Request starting HTTP/2 GET https://localhost:7047/Home/error - -
[2024-01-04 23:43:42.772 -05:00  INF]  Executing endpoint 'KopkeHome_WebApp.Controllers.HomeController.Error (KopkeHome_WebApp)'
[2024-01-04 23:43:42.772 -05:00  INF]  Executing endpoint 'KopkeHome_WebApp.Controllers.HomeController.Error (KopkeHome_WebApp)'
[2024-01-04 23:43:42.773 -05:00  INF]  Route matched with {action = "Error", controller = "Home"}. Executing controller action with signature Microsoft.AspNetCore.Mvc.IActionResult Error() on controller KopkeHome_WebApp.Controllers.HomeController (KopkeHome_WebApp).
[2024-01-04 23:43:42.773 -05:00  INF]  Route matched with {action = "Error", controller = "Home"}. Executing controller action with signature Microsoft.AspNetCore.Mvc.IActionResult Error() on controller KopkeHome_WebApp.Controllers.HomeController (KopkeHome_WebApp).
[2024-01-04 23:43:42.774 -05:00  INF]  Executing ViewResult, running view Error.
[2024-01-04 23:43:42.774 -05:00  INF]  Executing ViewResult, running view Error.
[2024-01-04 23:43:42.786 -05:00  INF]  Executed ViewResult - view Error executed in 12.4271ms.
[2024-01-04 23:43:42.786 -05:00  INF]  Executed ViewResult - view Error executed in 12.4328ms.
[2024-01-04 23:43:42.786 -05:00  INF]  Executed action KopkeHome_WebApp.Controllers.HomeController.Error (KopkeHome_WebApp) in 13.0811ms
[2024-01-04 23:43:42.786 -05:00  INF]  Executed action KopkeHome_WebApp.Controllers.HomeController.Error (KopkeHome_WebApp) in 13.0774ms
[2024-01-04 23:43:42.786 -05:00  INF]  Executed endpoint 'KopkeHome_WebApp.Controllers.HomeController.Error (KopkeHome_WebApp)'
[2024-01-04 23:43:42.786 -05:00  INF]  Executed endpoint 'KopkeHome_WebApp.Controllers.HomeController.Error (KopkeHome_WebApp)'
[2024-01-04 23:43:42.786 -05:00  INF]  Request finished HTTP/2 GET https://localhost:7047/Home/error - - - 200 - text/html;+charset=utf-8 15.5753ms
[2024-01-04 23:43:42.786 -05:00  INF]  Request finished HTTP/2 GET https://localhost:7047/Home/error - - - 200 - text/html;+charset=utf-8 15.6495ms
[2024-01-04 23:43:46.726 -05:00  ERR]  No connection could be made because the target machine actively refused it. (localhost:7215)
[2024-01-04 23:43:46.727 -05:00  INF]  Executed action KopkeHome_WebApp.Controllers.UserController.SignUp (KopkeHome_WebApp) in 4111.8874ms
[2024-01-04 23:43:46.727 -05:00  INF]  Executed endpoint 'KopkeHome_WebApp.Controllers.UserController.SignUp (KopkeHome_WebApp)'
[2024-01-04 23:43:46.727 -05:00  ERR]  One or more errors occurred. (No connection could be made because the target machine actively refused it. (localhost:7215))
[2024-01-04 23:43:46.728 -05:00  INF]  Request finished HTTP/2 GET https://localhost:7047/user/signup - - - 302 0 - 4120.3691ms
[2024-01-04 23:43:46.731 -05:00  INF]  Request starting HTTP/2 GET https://localhost:7047/Home/error - -
[2024-01-04 23:43:46.732 -05:00  INF]  Executing endpoint 'KopkeHome_WebApp.Controllers.HomeController.Error (KopkeHome_WebApp)'
[2024-01-04 23:43:46.732 -05:00  INF]  Route matched with {action = "Error", controller = "Home"}. Executing controller action with signature Microsoft.AspNetCore.Mvc.IActionResult Error() on controller KopkeHome_WebApp.Controllers.HomeController (KopkeHome_WebApp).
[2024-01-04 23:43:46.732 -05:00  INF]  Executing ViewResult, running view Error.
[2024-01-04 23:43:46.733 -05:00  INF]  Executed ViewResult - view Error executed in 0.9973ms.
[2024-01-04 23:43:46.733 -05:00  INF]  Executed action KopkeHome_WebApp.Controllers.HomeController.Error (KopkeHome_WebApp) in 1.203ms
[2024-01-04 23:43:46.733 -05:00  INF]  Executed endpoint 'KopkeHome_WebApp.Controllers.HomeController.Error (KopkeHome_WebApp)'
[2024-01-04 23:43:46.734 -05:00  INF]  Request finished HTTP/2 GET https://localhost:7047/Home/error - - - 200 - text/html;+charset=utf-8 2.2806ms
[2024-01-04 23:43:46.741 -05:00  INF]  Request starting HTTP/2 GET https://localhost:7047/css/master.css?v=YADigxjAT3TeaH8eBBf-iaXeVY1rShVe858PUVTb0lY - -
[2024-01-04 23:43:46.741 -05:00  INF]  Request starting HTTP/2 GET https://localhost:7047/css/responsive.css?v=t84IkLOJ5UNOy2kUBlzjqbeEELi2GguyDf9OYbVomok - -
[2024-01-04 23:43:46.741 -05:00  INF]  Request starting HTTP/2 GET https://localhost:7047/js/jquery.min.js - -
[2024-01-04 23:43:46.741 -05:00  INF]  Request starting HTTP/2 GET https://localhost:7047/js/popper.min.js - -
[2024-01-04 23:43:46.741 -05:00  INF]  Request starting HTTP/2 GET https://localhost:7047/lib/jquery-validation-unobtrusive/jquery.validate.unobtrusive.js - -
[2024-01-04 23:43:46.742 -05:00  INF]  Request starting HTTP/2 GET https://localhost:7047/js/site.js?v=KeHw2AQnUGnLG2yrXokJBdO-9vijPG749zpSXVVYjaQ - -
[2024-01-04 23:43:46.741 -05:00  INF]  Request starting HTTP/2 GET https://localhost:7047/js/bootstrap.bundle.min.js - -
[2024-01-04 23:43:46.742 -05:00  INF]  Request starting HTTP/2 GET https://localhost:7047/js/custom.js?v=1aC142VqxRCgIYcgzspiYsmBbxghDOPRHkhCLqY9Ncg - -
[2024-01-04 23:43:46.741 -05:00  INF]  Request starting HTTP/2 GET https://localhost:7047/lib/jquery-validation/dist/jquery.validate.js - -
[2024-01-04 23:43:46.742 -05:00  INF]  Request starting HTTP/2 GET https://localhost:7047/js/ValidateForms.js?v=jPBpqFRmzi1loutYjAONoNUkHrHxIfTmGRmdAz6mPgc - -
[2024-01-04 23:43:46.742 -05:00  INF]  Sending file. Request path: '/css/responsive.css'. Physical path: 'C:\Users\conno\Downloads\thegoods-1\thegoods\KopkeHome-FMRS\KopkeHome-WebApp\wwwroot\css\responsive.css'
[2024-01-04 23:43:46.743 -05:00  INF]  Request finished HTTP/2 GET https://localhost:7047/css/responsive.css?v=t84IkLOJ5UNOy2kUBlzjqbeEELi2GguyDf9OYbVomok - - - 200 49196 text/css 1.6201ms
[2024-01-04 23:43:46.743 -05:00  INF]  Sending file. Request path: '/js/ValidateForms.js'. Physical path: 'C:\Users\conno\Downloads\thegoods-1\thegoods\KopkeHome-FMRS\KopkeHome-WebApp\wwwroot\js\ValidateForms.js'
[2024-01-04 23:43:46.743 -05:00  INF]  Sending file. Request path: '/js/custom.js'. Physical path: 'C:\Users\conno\Downloads\thegoods-1\thegoods\KopkeHome-FMRS\KopkeHome-WebApp\wwwroot\js\custom.js'
[2024-01-04 23:43:46.743 -05:00  INF]  Sending file. Request path: '/js/site.js'. Physical path: 'C:\Users\conno\Downloads\thegoods-1\thegoods\KopkeHome-FMRS\KopkeHome-WebApp\wwwroot\js\site.js'
[2024-01-04 23:43:46.743 -05:00  INF]  Sending file. Request path: '/css/master.css'. Physical path: 'C:\Users\conno\Downloads\thegoods-1\thegoods\KopkeHome-FMRS\KopkeHome-WebApp\wwwroot\css\master.css'
[2024-01-04 23:43:46.743 -05:00  INF]  Request finished HTTP/2 GET https://localhost:7047/js/ValidateForms.js?v=jPBpqFRmzi1loutYjAONoNUkHrHxIfTmGRmdAz6mPgc - - - 200 32758 application/javascript 1.3702ms
[2024-01-04 23:43:46.743 -05:00  INF]  Request finished HTTP/2 GET https://localhost:7047/css/master.css?v=YADigxjAT3TeaH8eBBf-iaXeVY1rShVe858PUVTb0lY - - - 200 92701 text/css 2.2220ms
[2024-01-04 23:43:46.743 -05:00  INF]  Request finished HTTP/2 GET https://localhost:7047/js/custom.js?v=1aC142VqxRCgIYcgzspiYsmBbxghDOPRHkhCLqY9Ncg - - - 200 11880 application/javascript 1.4769ms
[2024-01-04 23:43:46.743 -05:00  INF]  Request finished HTTP/2 GET https://localhost:7047/js/site.js?v=KeHw2AQnUGnLG2yrXokJBdO-9vijPG749zpSXVVYjaQ - - - 200 38877 application/javascript 1.5919ms
[2024-01-04 23:43:46.767 -05:00  INF]  Sending file. Request path: '/js/popper.min.js'. Physical path: 'C:\Users\conno\Downloads\thegoods-1\thegoods\KopkeHome-FMRS\KopkeHome-WebApp\wwwroot\js\popper.min.js'
[2024-01-04 23:43:46.767 -05:00  INF]  Request finished HTTP/2 GET https://localhost:7047/js/popper.min.js - - - 200 21236 application/javascript 25.7614ms
[2024-01-04 23:43:46.773 -05:00  INF]  Sending file. Request path: '/lib/jquery-validation/dist/jquery.validate.js'. Physical path: 'C:\Users\conno\Downloads\thegoods-1\thegoods\KopkeHome-FMRS\KopkeHome-WebApp\wwwroot\lib\jquery-validation\dist\jquery.validate.js'
[2024-01-04 23:43:46.773 -05:00  INF]  Request finished HTTP/2 GET https://localhost:7047/lib/jquery-validation/dist/jquery.validate.js - - - 200 48675 application/javascript 31.5903ms
[2024-01-04 23:43:46.778 -05:00  INF]  Sending file. Request path: '/lib/jquery-validation-unobtrusive/jquery.validate.unobtrusive.js'. Physical path: 'C:\Users\conno\Downloads\thegoods-1\thegoods\KopkeHome-FMRS\KopkeHome-WebApp\wwwroot\lib\jquery-validation-unobtrusive\jquery.validate.unobtrusive.js'
[2024-01-04 23:43:46.778 -05:00  INF]  Request finished HTTP/2 GET https://localhost:7047/lib/jquery-validation-unobtrusive/jquery.validate.unobtrusive.js - - - 200 19366 application/javascript 36.4650ms
[2024-01-04 23:43:46.780 -05:00  INF]  Sending file. Request path: '/js/bootstrap.bundle.min.js'. Physical path: 'C:\Users\conno\Downloads\thegoods-1\thegoods\KopkeHome-FMRS\KopkeHome-WebApp\wwwroot\js\bootstrap.bundle.min.js'
[2024-01-04 23:43:46.780 -05:00  INF]  Request finished HTTP/2 GET https://localhost:7047/js/bootstrap.bundle.min.js - - - 200 94682 application/javascript 38.8569ms
[2024-01-04 23:43:46.783 -05:00  INF]  Sending file. Request path: '/js/jquery.min.js'. Physical path: 'C:\Users\conno\Downloads\thegoods-1\thegoods\KopkeHome-FMRS\KopkeHome-WebApp\wwwroot\js\jquery.min.js'
[2024-01-04 23:43:46.783 -05:00  INF]  Request finished HTTP/2 GET https://localhost:7047/js/jquery.min.js - - - 200 107748 application/javascript 42.3902ms
[2024-01-04 23:43:46.975 -05:00  INF]  Request starting HTTP/2 GET https://localhost:7047/js/bootstrap.bundle.min.js.map - -
[2024-01-04 23:43:46.975 -05:00  INF]  Request starting HTTP/2 GET https://localhost:7047/js/popper.min.js.map - -
[2024-01-04 23:43:46.975 -05:00  INF]  Request finished HTTP/2 GET https://localhost:7047/js/bootstrap.bundle.min.js.map - - - 404 0 - 0.6820ms
[2024-01-04 23:43:46.975 -05:00  INF]  Request finished HTTP/2 GET https://localhost:7047/js/popper.min.js.map - - - 404 0 - 0.6888ms
[2024-01-04 23:43:46.984 -05:00  INF]  Request starting HTTP/2 GET https://localhost:7047/User/StateList - -
[2024-01-04 23:43:46.986 -05:00  INF]  Executing endpoint 'KopkeHome_WebApp.Controllers.UserController.StateList (KopkeHome_WebApp)'
[2024-01-04 23:43:46.987 -05:00  INF]  Route matched with {action = "StateList", controller = "User"}. Executing controller action with signature System.Threading.Tasks.Task`1[System.Collections.Generic.List`1[KopkeHome_ModelLayer.DataModel.State]] StateList() on controller KopkeHome_WebApp.Controllers.UserController (KopkeHome_WebApp).
[2024-01-04 23:43:47.942 -05:00  INF]  Request starting HTTP/2 GET https://localhost:7047/ - -
[2024-01-04 23:43:47.943 -05:00  INF]  Executing endpoint 'KopkeHome_WebApp.Controllers.HomeController.Index (KopkeHome_WebApp)'
[2024-01-04 23:43:47.943 -05:00  INF]  Route matched with {action = "Index", controller = "Home"}. Executing controller action with signature Microsoft.AspNetCore.Mvc.IActionResult Index() on controller KopkeHome_WebApp.Controllers.HomeController (KopkeHome_WebApp).
[2024-01-04 23:43:47.943 -05:00  INF]  Executing ViewResult, running view Index.
[2024-01-04 23:43:47.945 -05:00  INF]  Executed ViewResult - view Index executed in 1.7947ms.
[2024-01-04 23:43:47.945 -05:00  INF]  Executed action KopkeHome_WebApp.Controllers.HomeController.Index (KopkeHome_WebApp) in 1.9336ms
[2024-01-04 23:43:47.945 -05:00  INF]  Executed endpoint 'KopkeHome_WebApp.Controllers.HomeController.Index (KopkeHome_WebApp)'
[2024-01-04 23:43:47.945 -05:00  INF]  Request finished HTTP/2 GET https://localhost:7047/ - - - 200 - text/html;+charset=utf-8 2.4481ms
[2024-01-04 23:43:48.028 -05:00  INF]  Request starting HTTP/2 GET https://localhost:7047/home/PromoVideos - -
[2024-01-04 23:43:48.028 -05:00  INF]  Request starting HTTP/2 GET https://localhost:7047/home/ProhzLegalFiles - -
[2024-01-04 23:43:48.028 -05:00  INF]  Executing endpoint 'KopkeHome_WebApp.Controllers.HomeController.PromoVideos (KopkeHome_WebApp)'
[2024-01-04 23:43:48.028 -05:00  INF]  Executing endpoint 'KopkeHome_WebApp.Controllers.HomeController.ProhzLegalFiles (KopkeHome_WebApp)'
[2024-01-04 23:43:48.029 -05:00  INF]  Route matched with {action = "PromoVideos", controller = "Home"}. Executing controller action with signature System.Threading.Tasks.Task`1[Microsoft.AspNetCore.Mvc.IActionResult] PromoVideos() on controller KopkeHome_WebApp.Controllers.HomeController (KopkeHome_WebApp).
[2024-01-04 23:43:48.029 -05:00  INF]  Route matched with {action = "ProhzLegalFiles", controller = "Home"}. Executing controller action with signature System.Threading.Tasks.Task`1[Microsoft.AspNetCore.Mvc.IActionResult] ProhzLegalFiles() on controller KopkeHome_WebApp.Controllers.HomeController (KopkeHome_WebApp).
[2024-01-04 23:43:51.076 -05:00  ERR]  No connection could be made because the target machine actively refused it. (localhost:7215)
[2024-01-04 23:43:51.078 -05:00  INF]  Executed action KopkeHome_WebApp.Controllers.UserController.StateList (KopkeHome_WebApp) in 4090.3651ms
[2024-01-04 23:43:51.078 -05:00  INF]  Executed endpoint 'KopkeHome_WebApp.Controllers.UserController.StateList (KopkeHome_WebApp)'
[2024-01-04 23:43:51.078 -05:00  ERR]  No connection could be made because the target machine actively refused it. (localhost:7215)
[2024-01-04 23:43:51.078 -05:00  INF]  Request finished HTTP/2 GET https://localhost:7047/User/StateList - - - 0 - - 4094.3830ms
[2024-01-04 23:43:52.108 -05:00  ERR]  No connection could be made because the target machine actively refused it. (localhost:7215)
[2024-01-04 23:43:52.109 -05:00  ERR]  No connection could be made because the target machine actively refused it. (localhost:7215)
[2024-01-04 23:43:52.109 -05:00  INF]  Executed action KopkeHome_WebApp.Controllers.HomeController.PromoVideos (KopkeHome_WebApp) in 4080.767ms
[2024-01-04 23:43:52.110 -05:00  INF]  Executed endpoint 'KopkeHome_WebApp.Controllers.HomeController.PromoVideos (KopkeHome_WebApp)'
[2024-01-04 23:43:52.110 -05:00  ERR]  No connection could be made because the target machine actively refused it. (localhost:7215)
[2024-01-04 23:43:52.111 -05:00  INF]  Request finished HTTP/2 GET https://localhost:7047/home/PromoVideos - - - 302 0 - 4082.6160ms
[2024-01-04 23:43:52.111 -05:00  INF]  Executed action KopkeHome_WebApp.Controllers.HomeController.ProhzLegalFiles (KopkeHome_WebApp) in 4082.0388ms
[2024-01-04 23:43:52.111 -05:00  INF]  Executed endpoint 'KopkeHome_WebApp.Controllers.HomeController.ProhzLegalFiles (KopkeHome_WebApp)'
[2024-01-04 23:43:52.111 -05:00  ERR]  No connection could be made because the target machine actively refused it. (localhost:7215)
[2024-01-04 23:43:52.111 -05:00  INF]  Request finished HTTP/2 GET https://localhost:7047/home/ProhzLegalFiles - - - 302 0 - 4082.6479ms
[2024-01-04 23:43:52.112 -05:00  INF]  Request starting HTTP/2 GET https://localhost:7047/Home/error - -
[2024-01-04 23:43:52.112 -05:00  INF]  Executing endpoint 'KopkeHome_WebApp.Controllers.HomeController.Error (KopkeHome_WebApp)'
[2024-01-04 23:43:52.113 -05:00  INF]  Route matched with {action = "Error", controller = "Home"}. Executing controller action with signature Microsoft.AspNetCore.Mvc.IActionResult Error() on controller KopkeHome_WebApp.Controllers.HomeController (KopkeHome_WebApp).
[2024-01-04 23:43:52.113 -05:00  INF]  Executing ViewResult, running view Error.
[2024-01-04 23:43:52.113 -05:00  INF]  Executed ViewResult - view Error executed in 0.3681ms.
[2024-01-04 23:43:52.113 -05:00  INF]  Executed action KopkeHome_WebApp.Controllers.HomeController.Error (KopkeHome_WebApp) in 0.4631ms
[2024-01-04 23:43:52.113 -05:00  INF]  Executed endpoint 'KopkeHome_WebApp.Controllers.HomeController.Error (KopkeHome_WebApp)'
[2024-01-04 23:43:52.113 -05:00  INF]  Request finished HTTP/2 GET https://localhost:7047/Home/error - - - 200 - text/html;+charset=utf-8 0.7967ms
[2024-01-04 23:43:52.114 -05:00  INF]  Request starting HTTP/2 GET https://localhost:7047/Home/error - -
[2024-01-04 23:43:52.114 -05:00  INF]  Executing endpoint 'KopkeHome_WebApp.Controllers.HomeController.Error (KopkeHome_WebApp)'
[2024-01-04 23:43:52.114 -05:00  INF]  Route matched with {action = "Error", controller = "Home"}. Executing controller action with signature Microsoft.AspNetCore.Mvc.IActionResult Error() on controller KopkeHome_WebApp.Controllers.HomeController (KopkeHome_WebApp).
[2024-01-04 23:43:52.114 -05:00  INF]  Executing ViewResult, running view Error.
[2024-01-04 23:43:52.114 -05:00  INF]  Executed ViewResult - view Error executed in 0.413ms.
[2024-01-04 23:43:52.114 -05:00  INF]  Executed action KopkeHome_WebApp.Controllers.HomeController.Error (KopkeHome_WebApp) in 0.5177ms
[2024-01-04 23:43:52.114 -05:00  INF]  Executed endpoint 'KopkeHome_WebApp.Controllers.HomeController.Error (KopkeHome_WebApp)'
[2024-01-04 23:43:52.114 -05:00  INF]  Request finished HTTP/2 GET https://localhost:7047/Home/error - - - 200 - text/html;+charset=utf-8 0.8420ms
[2024-01-04 23:44:10.332 -05:00  INF]  Application is shutting down...
[2024-01-04 23:44:14.795 -05:00  INF]  User profile is available. Using 'C:\Users\conno\AppData\Local\ASP.NET\DataProtection-Keys' as key repository and Windows DPAPI to encrypt keys at rest.
[2024-01-04 23:44:14.871 -05:00  INF]  Now listening on: https://localhost:7047
[2024-01-04 23:44:14.871 -05:00  INF]  Now listening on: http://localhost:5047
[2024-01-04 23:44:14.873 -05:00  INF]  Application started. Press Ctrl+C to shut down.
[2024-01-04 23:44:14.874 -05:00  INF]  Hosting environment: Development
[2024-01-04 23:44:14.874 -05:00  INF]  Content root path: C:\Users\conno\Downloads\thegoods-1\thegoods\KopkeHome-FMRS\KopkeHome-WebApp\
[2024-01-04 23:44:19.996 -05:00  INF]  Request starting HTTP/2 GET https://localhost:7047/ - -
[2024-01-04 23:44:20.019 -05:00  INF]  Executing endpoint 'KopkeHome_WebApp.Controllers.HomeController.Index (KopkeHome_WebApp)'
[2024-01-04 23:44:20.026 -05:00  INF]  Route matched with {action = "Index", controller = "Home"}. Executing controller action with signature Microsoft.AspNetCore.Mvc.IActionResult Index() on controller KopkeHome_WebApp.Controllers.HomeController (KopkeHome_WebApp).
[2024-01-04 23:44:20.054 -05:00  INF]  Executing ViewResult, running view Index.
[2024-01-04 23:44:20.101 -05:00  INF]  Executed ViewResult - view Index executed in 47.4337ms.
[2024-01-04 23:44:20.102 -05:00  INF]  Executed action KopkeHome_WebApp.Controllers.HomeController.Index (KopkeHome_WebApp) in 74.2402ms
[2024-01-04 23:44:20.102 -05:00  INF]  Executed endpoint 'KopkeHome_WebApp.Controllers.HomeController.Index (KopkeHome_WebApp)'
[2024-01-04 23:44:20.105 -05:00  INF]  Request finished HTTP/2 GET https://localhost:7047/ - - - 200 - text/html;+charset=utf-8 109.8904ms
[2024-01-04 23:44:20.111 -05:00  INF]  Request starting HTTP/2 GET https://localhost:7047/HomePageAssets/assets/css/style.css - -
[2024-01-04 23:44:20.111 -05:00  INF]  Request starting HTTP/2 GET https://localhost:7047/HomePageAssets/assets/css/responsive.css - -
[2024-01-04 23:44:20.111 -05:00  INF]  Request starting HTTP/2 GET https://localhost:7047/images/Kopke-brand-logo.png - -
[2024-01-04 23:44:20.111 -05:00  INF]  Request starting HTTP/2 GET https://localhost:7047/images/prohz-billboard.jpg - -
[2024-01-04 23:44:20.111 -05:00  INF]  Request starting HTTP/2 GET https://localhost:7047/images/prohz-billboard-mobile.jpg - -
[2024-01-04 23:44:20.111 -05:00  INF]  Request starting HTTP/2 GET https://localhost:7047/images/prohz-logo.png - -
[2024-01-04 23:44:20.111 -05:00  INF]  Request starting HTTP/2 GET https://localhost:7047/images/apple-app-store.png - -
[2024-01-04 23:44:20.111 -05:00  INF]  Request starting HTTP/2 GET https://localhost:7047/images/prohz-logo.jpg - -
[2024-01-04 23:44:20.112 -05:00  INF]  Request starting HTTP/2 GET https://localhost:7047/images/join-the-prohz-network.png - -
[2024-01-04 23:44:20.112 -05:00  INF]  Request starting HTTP/2 GET https://localhost:7047/images/contractor-retiring.jpg - -
[2024-01-04 23:44:20.117 -05:00  INF]  Sending file. Request path: '/images/prohz-logo.jpg'. Physical path: 'C:\Users\conno\Downloads\thegoods-1\thegoods\KopkeHome-FMRS\KopkeHome-WebApp\wwwroot\images\prohz-logo.jpg'
[2024-01-04 23:44:20.117 -05:00  INF]  Sending file. Request path: '/HomePageAssets/assets/css/style.css'. Physical path: 'C:\Users\conno\Downloads\thegoods-1\thegoods\KopkeHome-FMRS\KopkeHome-WebApp\wwwroot\HomePageAssets\assets\css\style.css'
[2024-01-04 23:44:20.117 -05:00  INF]  Sending file. Request path: '/images/prohz-logo.png'. Physical path: 'C:\Users\conno\Downloads\thegoods-1\thegoods\KopkeHome-FMRS\KopkeHome-WebApp\wwwroot\images\prohz-logo.png'
[2024-01-04 23:44:20.117 -05:00  INF]  Sending file. Request path: '/HomePageAssets/assets/css/responsive.css'. Physical path: 'C:\Users\conno\Downloads\thegoods-1\thegoods\KopkeHome-FMRS\KopkeHome-WebApp\wwwroot\HomePageAssets\assets\css\responsive.css'
[2024-01-04 23:44:20.117 -05:00  INF]  Sending file. Request path: '/images/apple-app-store.png'. Physical path: 'C:\Users\conno\Downloads\thegoods-1\thegoods\KopkeHome-FMRS\KopkeHome-WebApp\wwwroot\images\apple-app-store.png'
[2024-01-04 23:44:20.117 -05:00  INF]  Sending file. Request path: '/images/Kopke-brand-logo.png'. Physical path: 'C:\Users\conno\Downloads\thegoods-1\thegoods\KopkeHome-FMRS\KopkeHome-WebApp\wwwroot\images\Kopke-brand-logo.png'
[2024-01-04 23:44:20.117 -05:00  INF]  Sending file. Request path: '/images/join-the-prohz-network.png'. Physical path: 'C:\Users\conno\Downloads\thegoods-1\thegoods\KopkeHome-FMRS\KopkeHome-WebApp\wwwroot\images\join-the-prohz-network.png'
[2024-01-04 23:44:20.117 -05:00  INF]  Request finished HTTP/2 GET https://localhost:7047/images/prohz-logo.jpg - - - 200 7006 image/jpeg 5.7297ms
[2024-01-04 23:44:20.117 -05:00  INF]  Request finished HTTP/2 GET https://localhost:7047/images/Kopke-brand-logo.png - - - 200 6953 image/png 6.0958ms
[2024-01-04 23:44:20.117 -05:00  INF]  Request finished HTTP/2 GET https://localhost:7047/images/apple-app-store.png - - - 200 6796 image/png 5.8836ms
[2024-01-04 23:44:20.117 -05:00  INF]  Request finished HTTP/2 GET https://localhost:7047/images/prohz-logo.png - - - 200 4810 image/png 6.0391ms
[2024-01-04 23:44:20.117 -05:00  INF]  Sending file. Request path: '/images/contractor-retiring.jpg'. Physical path: 'C:\Users\conno\Downloads\thegoods-1\thegoods\KopkeHome-FMRS\KopkeHome-WebApp\wwwroot\images\contractor-retiring.jpg'
[2024-01-04 23:44:20.117 -05:00  INF]  Sending file. Request path: '/images/prohz-billboard.jpg'. Physical path: 'C:\Users\conno\Downloads\thegoods-1\thegoods\KopkeHome-FMRS\KopkeHome-WebApp\wwwroot\images\prohz-billboard.jpg'
[2024-01-04 23:44:20.117 -05:00  INF]  Sending file. Request path: '/images/prohz-billboard-mobile.jpg'. Physical path: 'C:\Users\conno\Downloads\thegoods-1\thegoods\KopkeHome-FMRS\KopkeHome-WebApp\wwwroot\images\prohz-billboard-mobile.jpg'
[2024-01-04 23:44:20.117 -05:00  INF]  Request finished HTTP/2 GET https://localhost:7047/HomePageAssets/assets/css/responsive.css - - - 200 11269 text/css 6.7800ms
[2024-01-04 23:44:20.117 -05:00  INF]  Request finished HTTP/2 GET https://localhost:7047/images/prohz-billboard.jpg - - - 200 211068 image/jpeg 6.5303ms
[2024-01-04 23:44:20.117 -05:00  INF]  Request finished HTTP/2 GET https://localhost:7047/images/contractor-retiring.jpg - - - 200 130521 image/jpeg 5.9199ms
[2024-01-04 23:44:20.118 -05:00  INF]  Request finished HTTP/2 GET https://localhost:7047/HomePageAssets/assets/css/style.css - - - 200 24744 text/css 6.8645ms
[2024-01-04 23:44:20.118 -05:00  INF]  Request finished HTTP/2 GET https://localhost:7047/images/join-the-prohz-network.png - - - 200 88555 image/png 6.0083ms
[2024-01-04 23:44:20.118 -05:00  INF]  Request finished HTTP/2 GET https://localhost:7047/images/prohz-billboard-mobile.jpg - - - 200 167012 image/jpeg 6.6826ms
[2024-01-04 23:44:20.123 -05:00  INF]  Request starting HTTP/2 GET https://localhost:7047/images/networking-background.jpg - -
[2024-01-04 23:44:20.123 -05:00  INF]  Request starting HTTP/2 GET https://localhost:7047/images/service-provider-list-section-background.jpg - -
[2024-01-04 23:44:20.123 -05:00  INF]  Request starting HTTP/2 GET https://localhost:7047/images/service-provider-list-pattern.jpg - -
[2024-01-04 23:44:20.123 -05:00  INF]  Sending file. Request path: '/images/service-provider-list-pattern.jpg'. Physical path: 'C:\Users\conno\Downloads\thegoods-1\thegoods\KopkeHome-FMRS\KopkeHome-WebApp\wwwroot\images\service-provider-list-pattern.jpg'
[2024-01-04 23:44:20.124 -05:00  INF]  Request finished HTTP/2 GET https://localhost:7047/images/service-provider-list-pattern.jpg - - - 200 38024 image/jpeg 0.9925ms
[2024-01-04 23:44:20.124 -05:00  INF]  Sending file. Request path: '/images/networking-background.jpg'. Physical path: 'C:\Users\conno\Downloads\thegoods-1\thegoods\KopkeHome-FMRS\KopkeHome-WebApp\wwwroot\images\networking-background.jpg'
[2024-01-04 23:44:20.124 -05:00  INF]  Request finished HTTP/2 GET https://localhost:7047/images/networking-background.jpg - - - 200 106218 image/jpeg 1.3799ms
[2024-01-04 23:44:20.124 -05:00  INF]  Sending file. Request path: '/images/service-provider-list-section-background.jpg'. Physical path: 'C:\Users\conno\Downloads\thegoods-1\thegoods\KopkeHome-FMRS\KopkeHome-WebApp\wwwroot\images\service-provider-list-section-background.jpg'
[2024-01-04 23:44:20.124 -05:00  INF]  Request finished HTTP/2 GET https://localhost:7047/images/service-provider-list-section-background.jpg - - - 200 173468 image/jpeg 1.6229ms
[2024-01-04 23:44:20.422 -05:00  INF]  Request starting HTTP/2 GET https://localhost:7047/home/PromoVideos - -
[2024-01-04 23:44:20.422 -05:00  INF]  Request starting HTTP/2 GET https://localhost:7047/home/ProhzLegalFiles - -
[2024-01-04 23:44:20.423 -05:00  INF]  Executing endpoint 'KopkeHome_WebApp.Controllers.HomeController.ProhzLegalFiles (KopkeHome_WebApp)'
[2024-01-04 23:44:20.423 -05:00  INF]  Executing endpoint 'KopkeHome_WebApp.Controllers.HomeController.PromoVideos (KopkeHome_WebApp)'
[2024-01-04 23:44:20.426 -05:00  INF]  Route matched with {action = "PromoVideos", controller = "Home"}. Executing controller action with signature System.Threading.Tasks.Task`1[Microsoft.AspNetCore.Mvc.IActionResult] PromoVideos() on controller KopkeHome_WebApp.Controllers.HomeController (KopkeHome_WebApp).
[2024-01-04 23:44:20.426 -05:00  INF]  Route matched with {action = "ProhzLegalFiles", controller = "Home"}. Executing controller action with signature System.Threading.Tasks.Task`1[Microsoft.AspNetCore.Mvc.IActionResult] ProhzLegalFiles() on controller KopkeHome_WebApp.Controllers.HomeController (KopkeHome_WebApp).
[2024-01-04 23:44:24.518 -05:00  ERR]  No connection could be made because the target machine actively refused it. (localhost:7215)
[2024-01-04 23:44:24.518 -05:00  ERR]  No connection could be made because the target machine actively refused it. (localhost:7215)
[2024-01-04 23:44:24.519 -05:00  INF]  Executed action KopkeHome_WebApp.Controllers.HomeController.PromoVideos (KopkeHome_WebApp) in 4093.0699ms
[2024-01-04 23:44:24.519 -05:00  INF]  Executed action KopkeHome_WebApp.Controllers.HomeController.ProhzLegalFiles (KopkeHome_WebApp) in 4093.0167ms
[2024-01-04 23:44:24.519 -05:00  INF]  Executed endpoint 'KopkeHome_WebApp.Controllers.HomeController.ProhzLegalFiles (KopkeHome_WebApp)'
[2024-01-04 23:44:24.519 -05:00  INF]  Executed endpoint 'KopkeHome_WebApp.Controllers.HomeController.PromoVideos (KopkeHome_WebApp)'
[2024-01-04 23:44:24.520 -05:00  ERR]  No connection could be made because the target machine actively refused it. (localhost:7215)
[2024-01-04 23:44:24.520 -05:00  ERR]  No connection could be made because the target machine actively refused it. (localhost:7215)
[2024-01-04 23:44:24.520 -05:00  INF]  Request finished HTTP/2 GET https://localhost:7047/home/PromoVideos - - - 302 0 - 4098.0397ms
[2024-01-04 23:44:24.520 -05:00  INF]  Request finished HTTP/2 GET https://localhost:7047/home/ProhzLegalFiles - - - 302 0 - 4098.0058ms
[2024-01-04 23:44:24.521 -05:00  INF]  Request starting HTTP/2 GET https://localhost:7047/Home/error - -
[2024-01-04 23:44:24.521 -05:00  INF]  Request starting HTTP/2 GET https://localhost:7047/Home/error - -
[2024-01-04 23:44:24.524 -05:00  INF]  Executing endpoint 'KopkeHome_WebApp.Controllers.HomeController.Error (KopkeHome_WebApp)'
[2024-01-04 23:44:24.524 -05:00  INF]  Executing endpoint 'KopkeHome_WebApp.Controllers.HomeController.Error (KopkeHome_WebApp)'
[2024-01-04 23:44:24.524 -05:00  INF]  Route matched with {action = "Error", controller = "Home"}. Executing controller action with signature Microsoft.AspNetCore.Mvc.IActionResult Error() on controller KopkeHome_WebApp.Controllers.HomeController (KopkeHome_WebApp).
[2024-01-04 23:44:24.524 -05:00  INF]  Route matched with {action = "Error", controller = "Home"}. Executing controller action with signature Microsoft.AspNetCore.Mvc.IActionResult Error() on controller KopkeHome_WebApp.Controllers.HomeController (KopkeHome_WebApp).
[2024-01-04 23:44:24.525 -05:00  INF]  Executing ViewResult, running view Error.
[2024-01-04 23:44:24.525 -05:00  INF]  Executing ViewResult, running view Error.
[2024-01-04 23:44:24.539 -05:00  INF]  Executed ViewResult - view Error executed in 13.4529ms.
[2024-01-04 23:44:24.539 -05:00  INF]  Executed ViewResult - view Error executed in 13.4943ms.
[2024-01-04 23:44:24.539 -05:00  INF]  Executed action KopkeHome_WebApp.Controllers.HomeController.Error (KopkeHome_WebApp) in 14.118ms
[2024-01-04 23:44:24.539 -05:00  INF]  Executed endpoint 'KopkeHome_WebApp.Controllers.HomeController.Error (KopkeHome_WebApp)'
[2024-01-04 23:44:24.539 -05:00  INF]  Executed action KopkeHome_WebApp.Controllers.HomeController.Error (KopkeHome_WebApp) in 14.1385ms
[2024-01-04 23:44:24.539 -05:00  INF]  Executed endpoint 'KopkeHome_WebApp.Controllers.HomeController.Error (KopkeHome_WebApp)'
[2024-01-04 23:44:24.539 -05:00  INF]  Request finished HTTP/2 GET https://localhost:7047/Home/error - - - 200 - text/html;+charset=utf-8 17.2374ms
[2024-01-04 23:44:24.539 -05:00  INF]  Request finished HTTP/2 GET https://localhost:7047/Home/error - - - 200 - text/html;+charset=utf-8 17.3045ms
[2024-01-04 23:44:25.455 -05:00  INF]  Request starting HTTP/2 GET https://localhost:7047/user/signup - -
[2024-01-04 23:44:25.455 -05:00  INF]  Executing endpoint 'KopkeHome_WebApp.Controllers.UserController.SignUp (KopkeHome_WebApp)'
[2024-01-04 23:44:25.462 -05:00  INF]  Route matched with {action = "SignUp", controller = "User"}. Executing controller action with signature Microsoft.AspNetCore.Mvc.IActionResult SignUp(System.String) on controller KopkeHome_WebApp.Controllers.UserController (KopkeHome_WebApp).
[2024-01-04 23:44:29.521 -05:00  ERR]  No connection could be made because the target machine actively refused it. (localhost:7215)
[2024-01-04 23:44:29.522 -05:00  INF]  Executed action KopkeHome_WebApp.Controllers.UserController.SignUp (KopkeHome_WebApp) in 4059.8639ms
[2024-01-04 23:44:29.522 -05:00  INF]  Executed endpoint 'KopkeHome_WebApp.Controllers.UserController.SignUp (KopkeHome_WebApp)'
[2024-01-04 23:44:29.522 -05:00  ERR]  One or more errors occurred. (No connection could be made because the target machine actively refused it. (localhost:7215))
[2024-01-04 23:44:29.522 -05:00  INF]  Request finished HTTP/2 GET https://localhost:7047/user/signup - - - 302 0 - 4067.3287ms
[2024-01-04 23:44:29.525 -05:00  INF]  Request starting HTTP/2 GET https://localhost:7047/Home/error - -
[2024-01-04 23:44:29.526 -05:00  INF]  Executing endpoint 'KopkeHome_WebApp.Controllers.HomeController.Error (KopkeHome_WebApp)'
[2024-01-04 23:44:29.526 -05:00  INF]  Route matched with {action = "Error", controller = "Home"}. Executing controller action with signature Microsoft.AspNetCore.Mvc.IActionResult Error() on controller KopkeHome_WebApp.Controllers.HomeController (KopkeHome_WebApp).
[2024-01-04 23:44:29.526 -05:00  INF]  Executing ViewResult, running view Error.
[2024-01-04 23:44:29.527 -05:00  INF]  Executed ViewResult - view Error executed in 0.9623ms.
[2024-01-04 23:44:29.527 -05:00  INF]  Executed action KopkeHome_WebApp.Controllers.HomeController.Error (KopkeHome_WebApp) in 1.1782ms
[2024-01-04 23:44:29.527 -05:00  INF]  Executed endpoint 'KopkeHome_WebApp.Controllers.HomeController.Error (KopkeHome_WebApp)'
[2024-01-04 23:44:29.527 -05:00  INF]  Request finished HTTP/2 GET https://localhost:7047/Home/error - - - 200 - text/html;+charset=utf-8 1.9984ms
[2024-01-04 23:44:29.562 -05:00  INF]  Request starting HTTP/2 GET https://localhost:7047/js/bootstrap.bundle.min.js.map - -
[2024-01-04 23:44:29.562 -05:00  INF]  Request starting HTTP/2 GET https://localhost:7047/js/popper.min.js.map - -
[2024-01-04 23:44:29.563 -05:00  INF]  Request finished HTTP/2 GET https://localhost:7047/js/popper.min.js.map - - - 404 0 - 0.8133ms
[2024-01-04 23:44:29.563 -05:00  INF]  Request finished HTTP/2 GET https://localhost:7047/js/bootstrap.bundle.min.js.map - - - 404 0 - 0.8319ms
[2024-01-04 23:44:29.574 -05:00  INF]  Request starting HTTP/2 GET https://localhost:7047/User/StateList - -
[2024-01-04 23:44:29.576 -05:00  INF]  Executing endpoint 'KopkeHome_WebApp.Controllers.UserController.StateList (KopkeHome_WebApp)'
[2024-01-04 23:44:29.577 -05:00  INF]  Route matched with {action = "StateList", controller = "User"}. Executing controller action with signature System.Threading.Tasks.Task`1[System.Collections.Generic.List`1[KopkeHome_ModelLayer.DataModel.State]] StateList() on controller KopkeHome_WebApp.Controllers.UserController (KopkeHome_WebApp).
[2024-01-04 23:44:31.038 -05:00  INF]  Request starting HTTP/2 GET https://localhost:7047/ - -
[2024-01-04 23:44:31.039 -05:00  INF]  Executing endpoint 'KopkeHome_WebApp.Controllers.HomeController.Index (KopkeHome_WebApp)'
[2024-01-04 23:44:31.039 -05:00  INF]  Route matched with {action = "Index", controller = "Home"}. Executing controller action with signature Microsoft.AspNetCore.Mvc.IActionResult Index() on controller KopkeHome_WebApp.Controllers.HomeController (KopkeHome_WebApp).
[2024-01-04 23:44:31.039 -05:00  INF]  Executing ViewResult, running view Index.
[2024-01-04 23:44:31.041 -05:00  INF]  Executed ViewResult - view Index executed in 1.6984ms.
[2024-01-04 23:44:31.041 -05:00  INF]  Executed action KopkeHome_WebApp.Controllers.HomeController.Index (KopkeHome_WebApp) in 1.8333ms
[2024-01-04 23:44:31.041 -05:00  INF]  Executed endpoint 'KopkeHome_WebApp.Controllers.HomeController.Index (KopkeHome_WebApp)'
[2024-01-04 23:44:31.041 -05:00  INF]  Request finished HTTP/2 GET https://localhost:7047/ - - - 200 - text/html;+charset=utf-8 2.3496ms
[2024-01-04 23:44:31.111 -05:00  INF]  Request starting HTTP/2 GET https://localhost:7047/home/PromoVideos - -
[2024-01-04 23:44:31.112 -05:00  INF]  Request starting HTTP/2 GET https://localhost:7047/home/ProhzLegalFiles - -
[2024-01-04 23:44:31.112 -05:00  INF]  Executing endpoint 'KopkeHome_WebApp.Controllers.HomeController.ProhzLegalFiles (KopkeHome_WebApp)'
[2024-01-04 23:44:31.112 -05:00  INF]  Executing endpoint 'KopkeHome_WebApp.Controllers.HomeController.PromoVideos (KopkeHome_WebApp)'
[2024-01-04 23:44:31.112 -05:00  INF]  Route matched with {action = "ProhzLegalFiles", controller = "Home"}. Executing controller action with signature System.Threading.Tasks.Task`1[Microsoft.AspNetCore.Mvc.IActionResult] ProhzLegalFiles() on controller KopkeHome_WebApp.Controllers.HomeController (KopkeHome_WebApp).
[2024-01-04 23:44:31.112 -05:00  INF]  Route matched with {action = "PromoVideos", controller = "Home"}. Executing controller action with signature System.Threading.Tasks.Task`1[Microsoft.AspNetCore.Mvc.IActionResult] PromoVideos() on controller KopkeHome_WebApp.Controllers.HomeController (KopkeHome_WebApp).
[2024-01-04 23:44:32.755 -05:00  INF]  Application is shutting down...
[2024-01-04 23:44:33.649 -05:00  ERR]  No connection could be made because the target machine actively refused it. (localhost:7215)
[2024-01-04 23:44:33.653 -05:00  INF]  Executed action KopkeHome_WebApp.Controllers.UserController.StateList (KopkeHome_WebApp) in 4075.2643ms
[2024-01-04 23:44:33.654 -05:00  INF]  Executed endpoint 'KopkeHome_WebApp.Controllers.UserController.StateList (KopkeHome_WebApp)'
[2024-01-04 23:44:33.654 -05:00  ERR]  No connection could be made because the target machine actively refused it. (localhost:7215)
[2024-01-04 23:44:33.655 -05:00  INF]  Request finished HTTP/2 GET https://localhost:7047/User/StateList - - - 0 - - 4080.8742ms
[2024-01-04 23:44:35.171 -05:00  ERR]  No connection could be made because the target machine actively refused it. (localhost:7215)
[2024-01-04 23:44:35.171 -05:00  ERR]  No connection could be made because the target machine actively refused it. (localhost:7215)
[2024-01-04 23:44:35.172 -05:00  INF]  Executed action KopkeHome_WebApp.Controllers.HomeController.PromoVideos (KopkeHome_WebApp) in 4060.4791ms
[2024-01-04 23:44:35.173 -05:00  INF]  Executed endpoint 'KopkeHome_WebApp.Controllers.HomeController.PromoVideos (KopkeHome_WebApp)'
[2024-01-04 23:44:35.173 -05:00  INF]  Executed action KopkeHome_WebApp.Controllers.HomeController.ProhzLegalFiles (KopkeHome_WebApp) in 4061.0502ms
[2024-01-04 23:44:35.173 -05:00  ERR]  No connection could be made because the target machine actively refused it. (localhost:7215)
[2024-01-04 23:44:35.173 -05:00  INF]  Executed endpoint 'KopkeHome_WebApp.Controllers.HomeController.ProhzLegalFiles (KopkeHome_WebApp)'
[2024-01-04 23:44:35.174 -05:00  ERR]  No connection could be made because the target machine actively refused it. (localhost:7215)
[2024-01-04 23:44:35.174 -05:00  INF]  Request finished HTTP/2 GET https://localhost:7047/home/PromoVideos - - - 0 - - 4062.1515ms
[2024-01-04 23:44:35.174 -05:00  INF]  Request finished HTTP/2 GET https://localhost:7047/home/ProhzLegalFiles - - - 0 - - 4062.2350ms
