[2023-05-31 19:38:13.239 +05:30  INF]  User profile is available. Using 'C:\Users\arshadm\AppData\Local\ASP.NET\DataProtection-Keys' as key repository and Windows DPAPI to encrypt keys at rest.
[2023-05-31 19:38:14.152 +05:30  INF]  Now listening on: https://localhost:7047
[2023-05-31 19:38:14.152 +05:30  INF]  Now listening on: http://localhost:5047
[2023-05-31 19:38:14.155 +05:30  INF]  Application started. Press Ctrl+C to shut down.
[2023-05-31 19:38:14.155 +05:30  INF]  Hosting environment: Development
[2023-05-31 19:38:14.155 +05:30  INF]  Content root path: D:\KopkeHome-FMRS\KopkeHome-FMRS\KopkeHome-WebApp\
[2023-05-31 19:38:15.297 +05:30  INF]  Request starting HTTP/2 GET https://localhost:7047/ - -
[2023-05-31 19:38:15.389 +05:30  INF]  Executing endpoint 'KopkeHome_WebApp.Controllers.HomeController.Index (KopkeHome_WebApp)'
[2023-05-31 19:38:15.444 +05:30  INF]  Route matched with {action = "Index", controller = "Home"}. Executing controller action with signature Microsoft.AspNetCore.Mvc.IActionResult Index() on controller KopkeHome_WebApp.Controllers.HomeController (KopkeHome_WebApp).
[2023-05-31 19:38:15.846 +05:30  INF]  Executing ViewResult, running view Index.
[2023-05-31 19:38:16.092 +05:30  INF]  Executed ViewResult - view Index executed in 246.9312ms.
[2023-05-31 19:38:16.096 +05:30  INF]  Executed action KopkeHome_WebApp.Controllers.HomeController.Index (KopkeHome_WebApp) in 650.5069ms
[2023-05-31 19:38:16.096 +05:30  INF]  Executed endpoint 'KopkeHome_WebApp.Controllers.HomeController.Index (KopkeHome_WebApp)'
[2023-05-31 19:38:16.113 +05:30  INF]  Request finished HTTP/2 GET https://localhost:7047/ - - - 200 - text/html;+charset=utf-8 817.9362ms
[2023-05-31 19:38:16.188 +05:30  INF]  Request starting HTTP/2 GET https://localhost:7047/_framework/aspnetcore-browser-refresh.js - -
[2023-05-31 19:38:16.191 +05:30  INF]  Request finished HTTP/2 GET https://localhost:7047/_framework/aspnetcore-browser-refresh.js - - - 200 11950 application/javascript;+charset=utf-8 3.1714ms
[2023-05-31 19:38:16.335 +05:30  INF]  Request starting HTTP/2 GET https://localhost:7047/home/ProhzLegalFiles - -
[2023-05-31 19:38:16.335 +05:30  INF]  Request starting HTTP/2 GET https://localhost:7047/home/PromoVideos - -
[2023-05-31 19:38:16.337 +05:30  INF]  Executing endpoint 'KopkeHome_WebApp.Controllers.HomeController.PromoVideos (KopkeHome_WebApp)'
[2023-05-31 19:38:16.337 +05:30  INF]  Executing endpoint 'KopkeHome_WebApp.Controllers.HomeController.ProhzLegalFiles (KopkeHome_WebApp)'
[2023-05-31 19:38:16.341 +05:30  INF]  Route matched with {action = "ProhzLegalFiles", controller = "Home"}. Executing controller action with signature System.Threading.Tasks.Task`1[Microsoft.AspNetCore.Mvc.IActionResult] ProhzLegalFiles() on controller KopkeHome_WebApp.Controllers.HomeController (KopkeHome_WebApp).
[2023-05-31 19:38:16.341 +05:30  INF]  Route matched with {action = "PromoVideos", controller = "Home"}. Executing controller action with signature System.Threading.Tasks.Task`1[Microsoft.AspNetCore.Mvc.IActionResult] PromoVideos() on controller KopkeHome_WebApp.Controllers.HomeController (KopkeHome_WebApp).
[2023-05-31 19:38:21.316 +05:30  INF]  Executing JsonResult, writing value of type 'System.Collections.Generic.List`1[[KopkeHome_ModelLayer.DataModel.ProhzLegalFiles, KopkeHome-ModelLayer, Version=1.0.0.0, Culture=neutral, PublicKeyToken=null]]'.
[2023-05-31 19:38:21.319 +05:30  INF]  Executed action KopkeHome_WebApp.Controllers.HomeController.ProhzLegalFiles (KopkeHome_WebApp) in 4977.5552ms
[2023-05-31 19:38:21.319 +05:30  INF]  Executed endpoint 'KopkeHome_WebApp.Controllers.HomeController.ProhzLegalFiles (KopkeHome_WebApp)'
[2023-05-31 19:38:21.319 +05:30  INF]  Request finished HTTP/2 GET https://localhost:7047/home/ProhzLegalFiles - - - 200 - application/json;+charset=utf-8 4983.9640ms
[2023-05-31 19:38:21.942 +05:30  INF]  Executing JsonResult, writing value of type 'null'.
[2023-05-31 19:38:21.942 +05:30  INF]  Executed action KopkeHome_WebApp.Controllers.HomeController.PromoVideos (KopkeHome_WebApp) in 5600.9592ms
[2023-05-31 19:38:21.942 +05:30  INF]  Executed endpoint 'KopkeHome_WebApp.Controllers.HomeController.PromoVideos (KopkeHome_WebApp)'
[2023-05-31 19:38:21.942 +05:30  INF]  Request finished HTTP/2 GET https://localhost:7047/home/PromoVideos - - - 200 - application/json;+charset=utf-8 5606.9727ms
[2023-05-31 19:38:41.588 +05:30  INF]  Request starting HTTP/2 GET https://localhost:7047/User/SignIn - -
[2023-05-31 19:38:41.590 +05:30  INF]  Executing endpoint 'KopkeHome_WebApp.Controllers.UserController.SignIn (KopkeHome_WebApp)'
[2023-05-31 19:38:41.590 +05:30  INF]  Route matched with {action = "SignIn", controller = "User"}. Executing controller action with signature Microsoft.AspNetCore.Mvc.IActionResult SignIn() on controller KopkeHome_WebApp.Controllers.UserController (KopkeHome_WebApp).
[2023-05-31 19:38:41.835 +05:30  INF]  Executing ViewResult, running view SignIn.
[2023-05-31 19:38:41.955 +05:30  INF]  Executed ViewResult - view SignIn executed in 120.9502ms.
[2023-05-31 19:38:41.956 +05:30  INF]  Executed action KopkeHome_WebApp.Controllers.UserController.SignIn (KopkeHome_WebApp) in 365.3491ms
[2023-05-31 19:38:41.956 +05:30  INF]  Executed endpoint 'KopkeHome_WebApp.Controllers.UserController.SignIn (KopkeHome_WebApp)'
[2023-05-31 19:38:41.956 +05:30  INF]  Request finished HTTP/2 GET https://localhost:7047/User/SignIn - - - 200 - text/html;+charset=utf-8 369.0429ms
[2023-05-31 19:38:42.099 +05:30  INF]  Request starting HTTP/2 GET https://localhost:7047/_framework/aspnetcore-browser-refresh.js - -
[2023-05-31 19:38:42.099 +05:30  INF]  Request finished HTTP/2 GET https://localhost:7047/_framework/aspnetcore-browser-refresh.js - - - 200 11950 application/javascript;+charset=utf-8 0.2213ms
[2023-05-31 19:38:42.131 +05:30  INF]  Request starting HTTP/2 GET https://localhost:7047/css/master.css?v=AdrNldvru6myxoNShyL8L8ofCQvhH-OULgiUqGF1wh8 - -
[2023-05-31 19:38:42.134 +05:30  INF]  The file /css/master.css was not modified
[2023-05-31 19:38:42.135 +05:30  INF]  Request finished HTTP/2 GET https://localhost:7047/css/master.css?v=AdrNldvru6myxoNShyL8L8ofCQvhH-OULgiUqGF1wh8 - - - 304 - text/css 3.6394ms
[2023-05-31 19:38:42.445 +05:30  INF]  Request starting HTTP/2 GET https://localhost:7047/User/StateList - -
[2023-05-31 19:38:42.448 +05:30  INF]  Executing endpoint 'KopkeHome_WebApp.Controllers.UserController.StateList (KopkeHome_WebApp)'
[2023-05-31 19:38:42.450 +05:30  INF]  Route matched with {action = "StateList", controller = "User"}. Executing controller action with signature System.Threading.Tasks.Task`1[System.Collections.Generic.List`1[KopkeHome_ModelLayer.DataModel.State]] StateList() on controller KopkeHome_WebApp.Controllers.UserController (KopkeHome_WebApp).
[2023-05-31 19:38:42.749 +05:30  INF]  Executing ObjectResult, writing value of type 'System.Collections.Generic.List`1[[KopkeHome_ModelLayer.DataModel.State, KopkeHome-ModelLayer, Version=1.0.0.0, Culture=neutral, PublicKeyToken=null]]'.
[2023-05-31 19:38:42.751 +05:30  INF]  Executed action KopkeHome_WebApp.Controllers.UserController.StateList (KopkeHome_WebApp) in 300.9376ms
[2023-05-31 19:38:42.751 +05:30  INF]  Executed endpoint 'KopkeHome_WebApp.Controllers.UserController.StateList (KopkeHome_WebApp)'
[2023-05-31 19:38:42.751 +05:30  INF]  Request finished HTTP/2 GET https://localhost:7047/User/StateList - - - 200 - application/json;+charset=utf-8 305.8744ms
[2023-05-31 19:38:44.374 +05:30  INF]  Request starting HTTP/2 GET https://localhost:7047/user/SignUp - -
[2023-05-31 19:38:44.374 +05:30  INF]  Executing endpoint 'KopkeHome_WebApp.Controllers.UserController.SignUp (KopkeHome_WebApp)'
[2023-05-31 19:38:44.420 +05:30  INF]  Route matched with {action = "SignUp", controller = "User"}. Executing controller action with signature Microsoft.AspNetCore.Mvc.IActionResult SignUp(System.String) on controller KopkeHome_WebApp.Controllers.UserController (KopkeHome_WebApp).
[2023-05-31 19:38:44.684 +05:30  INF]  Executing ViewResult, running view SignUp.
[2023-05-31 19:38:44.763 +05:30  INF]  Executed ViewResult - view SignUp executed in 79.7992ms.
[2023-05-31 19:38:44.764 +05:30  INF]  Executed action KopkeHome_WebApp.Controllers.UserController.SignUp (KopkeHome_WebApp) in 343.9277ms
[2023-05-31 19:38:44.764 +05:30  INF]  Executed endpoint 'KopkeHome_WebApp.Controllers.UserController.SignUp (KopkeHome_WebApp)'
[2023-05-31 19:38:44.766 +05:30  INF]  Request finished HTTP/2 GET https://localhost:7047/user/SignUp - - - 200 - text/html;+charset=utf-8 392.5046ms
[2023-05-31 19:38:44.796 +05:30  INF]  Request starting HTTP/2 GET https://localhost:7047/_framework/aspnetcore-browser-refresh.js - -
[2023-05-31 19:38:44.796 +05:30  INF]  Request finished HTTP/2 GET https://localhost:7047/_framework/aspnetcore-browser-refresh.js - - - 200 11950 application/javascript;+charset=utf-8 0.3187ms
[2023-05-31 19:38:44.798 +05:30  INF]  Request starting HTTP/2 GET https://localhost:7047/css/master.css - -
[2023-05-31 19:38:44.798 +05:30  INF]  The file /css/master.css was not modified
[2023-05-31 19:38:44.798 +05:30  INF]  Request finished HTTP/2 GET https://localhost:7047/css/master.css - - - 304 - text/css 0.7035ms
[2023-05-31 19:38:44.857 +05:30  INF]  Request starting HTTP/2 GET https://localhost:7047/home/ProhzLegalFiles - -
[2023-05-31 19:38:44.860 +05:30  INF]  Executing endpoint 'KopkeHome_WebApp.Controllers.HomeController.ProhzLegalFiles (KopkeHome_WebApp)'
[2023-05-31 19:38:44.860 +05:30  INF]  Route matched with {action = "ProhzLegalFiles", controller = "Home"}. Executing controller action with signature System.Threading.Tasks.Task`1[Microsoft.AspNetCore.Mvc.IActionResult] ProhzLegalFiles() on controller KopkeHome_WebApp.Controllers.HomeController (KopkeHome_WebApp).
[2023-05-31 19:38:44.865 +05:30  INF]  Request starting HTTP/2 GET https://localhost:7047/User/StateList - -
[2023-05-31 19:38:44.866 +05:30  INF]  Executing endpoint 'KopkeHome_WebApp.Controllers.UserController.StateList (KopkeHome_WebApp)'
[2023-05-31 19:38:44.866 +05:30  INF]  Route matched with {action = "StateList", controller = "User"}. Executing controller action with signature System.Threading.Tasks.Task`1[System.Collections.Generic.List`1[KopkeHome_ModelLayer.DataModel.State]] StateList() on controller KopkeHome_WebApp.Controllers.UserController (KopkeHome_WebApp).
[2023-05-31 19:38:45.088 +05:30  INF]  Executing JsonResult, writing value of type 'System.Collections.Generic.List`1[[KopkeHome_ModelLayer.DataModel.ProhzLegalFiles, KopkeHome-ModelLayer, Version=1.0.0.0, Culture=neutral, PublicKeyToken=null]]'.
[2023-05-31 19:38:45.088 +05:30  INF]  Executed action KopkeHome_WebApp.Controllers.HomeController.ProhzLegalFiles (KopkeHome_WebApp) in 228.1055ms
[2023-05-31 19:38:45.088 +05:30  INF]  Executed endpoint 'KopkeHome_WebApp.Controllers.HomeController.ProhzLegalFiles (KopkeHome_WebApp)'
[2023-05-31 19:38:45.088 +05:30  INF]  Request finished HTTP/2 GET https://localhost:7047/home/ProhzLegalFiles - - - 200 - application/json;+charset=utf-8 231.4088ms
[2023-05-31 19:38:45.098 +05:30  INF]  Executing ObjectResult, writing value of type 'System.Collections.Generic.List`1[[KopkeHome_ModelLayer.DataModel.State, KopkeHome-ModelLayer, Version=1.0.0.0, Culture=neutral, PublicKeyToken=null]]'.
[2023-05-31 19:38:45.098 +05:30  INF]  Executed action KopkeHome_WebApp.Controllers.UserController.StateList (KopkeHome_WebApp) in 232.2946ms
[2023-05-31 19:38:45.098 +05:30  INF]  Executed endpoint 'KopkeHome_WebApp.Controllers.UserController.StateList (KopkeHome_WebApp)'
[2023-05-31 19:38:45.098 +05:30  INF]  Request finished HTTP/2 GET https://localhost:7047/User/StateList - - - 200 - application/json;+charset=utf-8 232.6844ms
[2023-05-31 19:50:35.592 +05:30  INF]  User profile is available. Using 'C:\Users\arshadm\AppData\Local\ASP.NET\DataProtection-Keys' as key repository and Windows DPAPI to encrypt keys at rest.
[2023-05-31 19:50:35.803 +05:30  INF]  Now listening on: https://localhost:7047
[2023-05-31 19:50:35.803 +05:30  INF]  Now listening on: http://localhost:5047
[2023-05-31 19:50:35.806 +05:30  INF]  Application started. Press Ctrl+C to shut down.
[2023-05-31 19:50:35.807 +05:30  INF]  Hosting environment: Development
[2023-05-31 19:50:35.807 +05:30  INF]  Content root path: D:\KopkeHome-FMRS\KopkeHome-FMRS\KopkeHome-WebApp\
[2023-05-31 19:50:37.062 +05:30  INF]  Request starting HTTP/2 GET https://localhost:7047/ - -
[2023-05-31 19:50:37.121 +05:30  INF]  Executing endpoint 'KopkeHome_WebApp.Controllers.HomeController.Index (KopkeHome_WebApp)'
[2023-05-31 19:50:37.136 +05:30  INF]  Route matched with {action = "Index", controller = "Home"}. Executing controller action with signature Microsoft.AspNetCore.Mvc.IActionResult Index() on controller KopkeHome_WebApp.Controllers.HomeController (KopkeHome_WebApp).
[2023-05-31 19:50:37.449 +05:30  INF]  Executing ViewResult, running view Index.
[2023-05-31 19:50:37.595 +05:30  INF]  Executed ViewResult - view Index executed in 147.2693ms.
[2023-05-31 19:50:37.598 +05:30  INF]  Executed action KopkeHome_WebApp.Controllers.HomeController.Index (KopkeHome_WebApp) in 461.6521ms
[2023-05-31 19:50:37.598 +05:30  INF]  Executed endpoint 'KopkeHome_WebApp.Controllers.HomeController.Index (KopkeHome_WebApp)'
[2023-05-31 19:50:37.618 +05:30  INF]  Request finished HTTP/2 GET https://localhost:7047/ - - - 200 - text/html;+charset=utf-8 559.9087ms
[2023-05-31 19:50:37.628 +05:30  INF]  Request starting HTTP/2 GET https://localhost:7047/_framework/aspnetcore-browser-refresh.js - -
[2023-05-31 19:50:37.631 +05:30  INF]  Request finished HTTP/2 GET https://localhost:7047/_framework/aspnetcore-browser-refresh.js - - - 200 11950 application/javascript;+charset=utf-8 3.1262ms
[2023-05-31 19:50:37.770 +05:30  INF]  Request starting HTTP/2 GET https://localhost:7047/home/PromoVideos - -
[2023-05-31 19:50:37.770 +05:30  INF]  Request starting HTTP/2 GET https://localhost:7047/home/ProhzLegalFiles - -
[2023-05-31 19:50:37.772 +05:30  INF]  Executing endpoint 'KopkeHome_WebApp.Controllers.HomeController.ProhzLegalFiles (KopkeHome_WebApp)'
[2023-05-31 19:50:37.772 +05:30  INF]  Executing endpoint 'KopkeHome_WebApp.Controllers.HomeController.PromoVideos (KopkeHome_WebApp)'
[2023-05-31 19:50:37.776 +05:30  INF]  Route matched with {action = "ProhzLegalFiles", controller = "Home"}. Executing controller action with signature System.Threading.Tasks.Task`1[Microsoft.AspNetCore.Mvc.IActionResult] ProhzLegalFiles() on controller KopkeHome_WebApp.Controllers.HomeController (KopkeHome_WebApp).
[2023-05-31 19:50:37.776 +05:30  INF]  Route matched with {action = "PromoVideos", controller = "Home"}. Executing controller action with signature System.Threading.Tasks.Task`1[Microsoft.AspNetCore.Mvc.IActionResult] PromoVideos() on controller KopkeHome_WebApp.Controllers.HomeController (KopkeHome_WebApp).
[2023-05-31 19:50:40.841 +05:30  INF]  Executing JsonResult, writing value of type 'null'.
[2023-05-31 19:50:40.842 +05:30  INF]  Executed action KopkeHome_WebApp.Controllers.HomeController.PromoVideos (KopkeHome_WebApp) in 3065.932ms
[2023-05-31 19:50:40.842 +05:30  INF]  Executed endpoint 'KopkeHome_WebApp.Controllers.HomeController.PromoVideos (KopkeHome_WebApp)'
[2023-05-31 19:50:40.842 +05:30  INF]  Request finished HTTP/2 GET https://localhost:7047/home/PromoVideos - - - 200 - application/json;+charset=utf-8 3072.3235ms
[2023-05-31 19:50:41.617 +05:30  INF]  Executing JsonResult, writing value of type 'System.Collections.Generic.List`1[[KopkeHome_ModelLayer.DataModel.ProhzLegalFiles, KopkeHome-ModelLayer, Version=1.0.0.0, Culture=neutral, PublicKeyToken=null]]'.
[2023-05-31 19:50:41.619 +05:30  INF]  Executed action KopkeHome_WebApp.Controllers.HomeController.ProhzLegalFiles (KopkeHome_WebApp) in 3842.4763ms
[2023-05-31 19:50:41.619 +05:30  INF]  Executed endpoint 'KopkeHome_WebApp.Controllers.HomeController.ProhzLegalFiles (KopkeHome_WebApp)'
[2023-05-31 19:50:41.619 +05:30  INF]  Request finished HTTP/2 GET https://localhost:7047/home/ProhzLegalFiles - - - 200 - application/json;+charset=utf-8 3848.2295ms
[2023-05-31 19:51:46.864 +05:30  INF]  Request starting HTTP/2 GET https://localhost:7047/ - -
[2023-05-31 19:51:46.868 +05:30  INF]  Executing endpoint 'KopkeHome_WebApp.Controllers.HomeController.Index (KopkeHome_WebApp)'
[2023-05-31 19:51:46.868 +05:30  INF]  Route matched with {action = "Index", controller = "Home"}. Executing controller action with signature Microsoft.AspNetCore.Mvc.IActionResult Index() on controller KopkeHome_WebApp.Controllers.HomeController (KopkeHome_WebApp).
[2023-05-31 19:51:46.869 +05:30  INF]  Executing ViewResult, running view Index.
[2023-05-31 19:51:46.876 +05:30  INF]  Executed ViewResult - view Index executed in 7.7738ms.
[2023-05-31 19:51:46.876 +05:30  INF]  Executed action KopkeHome_WebApp.Controllers.HomeController.Index (KopkeHome_WebApp) in 8.3416ms
[2023-05-31 19:51:46.876 +05:30  INF]  Executed endpoint 'KopkeHome_WebApp.Controllers.HomeController.Index (KopkeHome_WebApp)'
[2023-05-31 19:51:46.878 +05:30  INF]  Request finished HTTP/2 GET https://localhost:7047/ - - - 200 - text/html;+charset=utf-8 14.8098ms
[2023-05-31 19:51:46.887 +05:30  INF]  Request starting HTTP/2 GET https://localhost:7047/_framework/aspnetcore-browser-refresh.js - -
[2023-05-31 19:51:46.887 +05:30  INF]  Request finished HTTP/2 GET https://localhost:7047/_framework/aspnetcore-browser-refresh.js - - - 200 11950 application/javascript;+charset=utf-8 0.2630ms
[2023-05-31 19:51:46.924 +05:30  INF]  Request starting HTTP/2 GET https://localhost:7047/home/PromoVideos - -
[2023-05-31 19:51:46.924 +05:30  INF]  Request starting HTTP/2 GET https://localhost:7047/home/ProhzLegalFiles - -
[2023-05-31 19:51:46.928 +05:30  INF]  Executing endpoint 'KopkeHome_WebApp.Controllers.HomeController.PromoVideos (KopkeHome_WebApp)'
[2023-05-31 19:51:46.928 +05:30  INF]  Executing endpoint 'KopkeHome_WebApp.Controllers.HomeController.ProhzLegalFiles (KopkeHome_WebApp)'
[2023-05-31 19:51:46.928 +05:30  INF]  Route matched with {action = "PromoVideos", controller = "Home"}. Executing controller action with signature System.Threading.Tasks.Task`1[Microsoft.AspNetCore.Mvc.IActionResult] PromoVideos() on controller KopkeHome_WebApp.Controllers.HomeController (KopkeHome_WebApp).
[2023-05-31 19:51:46.928 +05:30  INF]  Route matched with {action = "ProhzLegalFiles", controller = "Home"}. Executing controller action with signature System.Threading.Tasks.Task`1[Microsoft.AspNetCore.Mvc.IActionResult] ProhzLegalFiles() on controller KopkeHome_WebApp.Controllers.HomeController (KopkeHome_WebApp).
[2023-05-31 19:51:47.242 +05:30  INF]  Executing JsonResult, writing value of type 'null'.
[2023-05-31 19:51:47.242 +05:30  INF]  Executed action KopkeHome_WebApp.Controllers.HomeController.PromoVideos (KopkeHome_WebApp) in 314.4799ms
[2023-05-31 19:51:47.242 +05:30  INF]  Executed endpoint 'KopkeHome_WebApp.Controllers.HomeController.PromoVideos (KopkeHome_WebApp)'
[2023-05-31 19:51:47.242 +05:30  INF]  Executing JsonResult, writing value of type 'System.Collections.Generic.List`1[[KopkeHome_ModelLayer.DataModel.ProhzLegalFiles, KopkeHome-ModelLayer, Version=1.0.0.0, Culture=neutral, PublicKeyToken=null]]'.
[2023-05-31 19:51:47.242 +05:30  INF]  Request finished HTTP/2 GET https://localhost:7047/home/PromoVideos - - - 200 - application/json;+charset=utf-8 318.6978ms
[2023-05-31 19:51:47.242 +05:30  INF]  Executed action KopkeHome_WebApp.Controllers.HomeController.ProhzLegalFiles (KopkeHome_WebApp) in 314.6271ms
[2023-05-31 19:51:47.242 +05:30  INF]  Executed endpoint 'KopkeHome_WebApp.Controllers.HomeController.ProhzLegalFiles (KopkeHome_WebApp)'
[2023-05-31 19:51:47.242 +05:30  INF]  Request finished HTTP/2 GET https://localhost:7047/home/ProhzLegalFiles - - - 200 - application/json;+charset=utf-8 318.7658ms
[2023-05-31 19:51:47.525 +05:30  INF]  Request starting HTTP/2 GET https://localhost:7047/ - -
[2023-05-31 19:51:47.525 +05:30  INF]  Executing endpoint 'KopkeHome_WebApp.Controllers.HomeController.Index (KopkeHome_WebApp)'
[2023-05-31 19:51:47.526 +05:30  INF]  Route matched with {action = "Index", controller = "Home"}. Executing controller action with signature Microsoft.AspNetCore.Mvc.IActionResult Index() on controller KopkeHome_WebApp.Controllers.HomeController (KopkeHome_WebApp).
[2023-05-31 19:51:47.526 +05:30  INF]  Executing ViewResult, running view Index.
[2023-05-31 19:51:47.529 +05:30  INF]  Executed ViewResult - view Index executed in 3.7904ms.
[2023-05-31 19:51:47.529 +05:30  INF]  Executed action KopkeHome_WebApp.Controllers.HomeController.Index (KopkeHome_WebApp) in 3.9058ms
[2023-05-31 19:51:47.530 +05:30  INF]  Executed endpoint 'KopkeHome_WebApp.Controllers.HomeController.Index (KopkeHome_WebApp)'
[2023-05-31 19:51:47.531 +05:30  INF]  Request finished HTTP/2 GET https://localhost:7047/ - - - 200 - text/html;+charset=utf-8 6.4381ms
[2023-05-31 19:51:47.539 +05:30  INF]  Request starting HTTP/2 GET https://localhost:7047/_framework/aspnetcore-browser-refresh.js - -
[2023-05-31 19:51:47.539 +05:30  INF]  Request finished HTTP/2 GET https://localhost:7047/_framework/aspnetcore-browser-refresh.js - - - 200 11950 application/javascript;+charset=utf-8 0.1930ms
[2023-05-31 19:51:47.575 +05:30  INF]  Request starting HTTP/2 GET https://localhost:7047/home/ProhzLegalFiles - -
[2023-05-31 19:51:47.575 +05:30  INF]  Request starting HTTP/2 GET https://localhost:7047/home/PromoVideos - -
[2023-05-31 19:51:47.575 +05:30  INF]  Executing endpoint 'KopkeHome_WebApp.Controllers.HomeController.ProhzLegalFiles (KopkeHome_WebApp)'
[2023-05-31 19:51:47.575 +05:30  INF]  Executing endpoint 'KopkeHome_WebApp.Controllers.HomeController.PromoVideos (KopkeHome_WebApp)'
[2023-05-31 19:51:47.575 +05:30  INF]  Route matched with {action = "ProhzLegalFiles", controller = "Home"}. Executing controller action with signature System.Threading.Tasks.Task`1[Microsoft.AspNetCore.Mvc.IActionResult] ProhzLegalFiles() on controller KopkeHome_WebApp.Controllers.HomeController (KopkeHome_WebApp).
[2023-05-31 19:51:47.575 +05:30  INF]  Route matched with {action = "PromoVideos", controller = "Home"}. Executing controller action with signature System.Threading.Tasks.Task`1[Microsoft.AspNetCore.Mvc.IActionResult] PromoVideos() on controller KopkeHome_WebApp.Controllers.HomeController (KopkeHome_WebApp).
[2023-05-31 19:51:47.718 +05:30  INF]  Request starting HTTP/2 GET https://localhost:7047/ - -
[2023-05-31 19:51:47.719 +05:30  INF]  Executing endpoint 'KopkeHome_WebApp.Controllers.HomeController.Index (KopkeHome_WebApp)'
[2023-05-31 19:51:47.719 +05:30  INF]  Route matched with {action = "Index", controller = "Home"}. Executing controller action with signature Microsoft.AspNetCore.Mvc.IActionResult Index() on controller KopkeHome_WebApp.Controllers.HomeController (KopkeHome_WebApp).
[2023-05-31 19:51:47.719 +05:30  INF]  Executing ViewResult, running view Index.
[2023-05-31 19:51:47.725 +05:30  INF]  Executed ViewResult - view Index executed in 6.177ms.
[2023-05-31 19:51:47.725 +05:30  INF]  Executed action KopkeHome_WebApp.Controllers.HomeController.Index (KopkeHome_WebApp) in 6.2873ms
[2023-05-31 19:51:47.725 +05:30  INF]  Executed endpoint 'KopkeHome_WebApp.Controllers.HomeController.Index (KopkeHome_WebApp)'
[2023-05-31 19:51:47.727 +05:30  INF]  Request finished HTTP/2 GET https://localhost:7047/ - - - 200 - text/html;+charset=utf-8 8.8973ms
[2023-05-31 19:51:47.732 +05:30  INF]  Request starting HTTP/2 GET https://localhost:7047/_framework/aspnetcore-browser-refresh.js - -
[2023-05-31 19:51:47.732 +05:30  INF]  Request finished HTTP/2 GET https://localhost:7047/_framework/aspnetcore-browser-refresh.js - - - 200 11950 application/javascript;+charset=utf-8 0.1389ms
[2023-05-31 19:51:47.789 +05:30  INF]  Request starting HTTP/2 GET https://localhost:7047/home/ProhzLegalFiles - -
[2023-05-31 19:51:47.789 +05:30  INF]  Request starting HTTP/2 GET https://localhost:7047/home/PromoVideos - -
[2023-05-31 19:51:47.789 +05:30  INF]  Executing endpoint 'KopkeHome_WebApp.Controllers.HomeController.ProhzLegalFiles (KopkeHome_WebApp)'
[2023-05-31 19:51:47.789 +05:30  INF]  Executing endpoint 'KopkeHome_WebApp.Controllers.HomeController.PromoVideos (KopkeHome_WebApp)'
[2023-05-31 19:51:47.789 +05:30  INF]  Route matched with {action = "ProhzLegalFiles", controller = "Home"}. Executing controller action with signature System.Threading.Tasks.Task`1[Microsoft.AspNetCore.Mvc.IActionResult] ProhzLegalFiles() on controller KopkeHome_WebApp.Controllers.HomeController (KopkeHome_WebApp).
[2023-05-31 19:51:47.789 +05:30  INF]  Route matched with {action = "PromoVideos", controller = "Home"}. Executing controller action with signature System.Threading.Tasks.Task`1[Microsoft.AspNetCore.Mvc.IActionResult] PromoVideos() on controller KopkeHome_WebApp.Controllers.HomeController (KopkeHome_WebApp).
[2023-05-31 19:51:47.808 +05:30  INF]  Executing JsonResult, writing value of type 'System.Collections.Generic.List`1[[KopkeHome_ModelLayer.DataModel.ProhzLegalFiles, KopkeHome-ModelLayer, Version=1.0.0.0, Culture=neutral, PublicKeyToken=null]]'.
[2023-05-31 19:51:47.808 +05:30  INF]  Executing JsonResult, writing value of type 'null'.
[2023-05-31 19:51:47.836 +05:30  INF]  Executed action KopkeHome_WebApp.Controllers.HomeController.ProhzLegalFiles (KopkeHome_WebApp) in 261.0633ms
[2023-05-31 19:51:47.836 +05:30  INF]  Executed action KopkeHome_WebApp.Controllers.HomeController.PromoVideos (KopkeHome_WebApp) in 261.052ms
[2023-05-31 19:51:47.836 +05:30  INF]  Executed endpoint 'KopkeHome_WebApp.Controllers.HomeController.ProhzLegalFiles (KopkeHome_WebApp)'
[2023-05-31 19:51:47.836 +05:30  INF]  Executed endpoint 'KopkeHome_WebApp.Controllers.HomeController.PromoVideos (KopkeHome_WebApp)'
[2023-05-31 19:51:47.836 +05:30  INF]  Request finished HTTP/2 GET https://localhost:7047/home/ProhzLegalFiles - - - 0 - application/json;+charset=utf-8 261.6184ms
[2023-05-31 19:51:47.836 +05:30  INF]  Request finished HTTP/2 GET https://localhost:7047/home/PromoVideos - - - 0 - application/json;+charset=utf-8 261.6189ms
[2023-05-31 19:51:47.876 +05:30  INF]  Request starting HTTP/2 GET https://localhost:7047/ - -
[2023-05-31 19:51:47.877 +05:30  INF]  Executing endpoint 'KopkeHome_WebApp.Controllers.HomeController.Index (KopkeHome_WebApp)'
[2023-05-31 19:51:47.877 +05:30  INF]  Route matched with {action = "Index", controller = "Home"}. Executing controller action with signature Microsoft.AspNetCore.Mvc.IActionResult Index() on controller KopkeHome_WebApp.Controllers.HomeController (KopkeHome_WebApp).
[2023-05-31 19:51:47.877 +05:30  INF]  Executing ViewResult, running view Index.
[2023-05-31 19:51:47.883 +05:30  INF]  Executed ViewResult - view Index executed in 5.6501ms.
[2023-05-31 19:51:47.883 +05:30  INF]  Executed action KopkeHome_WebApp.Controllers.HomeController.Index (KopkeHome_WebApp) in 5.7519ms
[2023-05-31 19:51:47.883 +05:30  INF]  Executed endpoint 'KopkeHome_WebApp.Controllers.HomeController.Index (KopkeHome_WebApp)'
[2023-05-31 19:51:47.885 +05:30  INF]  Request finished HTTP/2 GET https://localhost:7047/ - - - 200 - text/html;+charset=utf-8 8.3562ms
[2023-05-31 19:51:47.891 +05:30  INF]  Request starting HTTP/2 GET https://localhost:7047/_framework/aspnetcore-browser-refresh.js - -
[2023-05-31 19:51:47.891 +05:30  INF]  Request finished HTTP/2 GET https://localhost:7047/_framework/aspnetcore-browser-refresh.js - - - 200 11950 application/javascript;+charset=utf-8 0.1752ms
[2023-05-31 19:51:47.941 +05:30  INF]  Request starting HTTP/2 GET https://localhost:7047/home/PromoVideos - -
[2023-05-31 19:51:47.941 +05:30  INF]  Request starting HTTP/2 GET https://localhost:7047/home/ProhzLegalFiles - -
[2023-05-31 19:51:47.941 +05:30  INF]  Executing endpoint 'KopkeHome_WebApp.Controllers.HomeController.ProhzLegalFiles (KopkeHome_WebApp)'
[2023-05-31 19:51:47.941 +05:30  INF]  Executing endpoint 'KopkeHome_WebApp.Controllers.HomeController.PromoVideos (KopkeHome_WebApp)'
[2023-05-31 19:51:47.941 +05:30  INF]  Route matched with {action = "ProhzLegalFiles", controller = "Home"}. Executing controller action with signature System.Threading.Tasks.Task`1[Microsoft.AspNetCore.Mvc.IActionResult] ProhzLegalFiles() on controller KopkeHome_WebApp.Controllers.HomeController (KopkeHome_WebApp).
[2023-05-31 19:51:47.941 +05:30  INF]  Route matched with {action = "PromoVideos", controller = "Home"}. Executing controller action with signature System.Threading.Tasks.Task`1[Microsoft.AspNetCore.Mvc.IActionResult] PromoVideos() on controller KopkeHome_WebApp.Controllers.HomeController (KopkeHome_WebApp).
[2023-05-31 19:51:48.115 +05:30  INF]  Request starting HTTP/2 GET https://localhost:7047/ - -
[2023-05-31 19:51:48.115 +05:30  INF]  Executing endpoint 'KopkeHome_WebApp.Controllers.HomeController.Index (KopkeHome_WebApp)'
[2023-05-31 19:51:48.115 +05:30  INF]  Route matched with {action = "Index", controller = "Home"}. Executing controller action with signature Microsoft.AspNetCore.Mvc.IActionResult Index() on controller KopkeHome_WebApp.Controllers.HomeController (KopkeHome_WebApp).
[2023-05-31 19:51:48.116 +05:30  INF]  Executing ViewResult, running view Index.
[2023-05-31 19:51:48.122 +05:30  INF]  Executed ViewResult - view Index executed in 6.6226ms.
[2023-05-31 19:51:48.122 +05:30  INF]  Executed action KopkeHome_WebApp.Controllers.HomeController.Index (KopkeHome_WebApp) in 6.7496ms
[2023-05-31 19:51:48.122 +05:30  INF]  Executed endpoint 'KopkeHome_WebApp.Controllers.HomeController.Index (KopkeHome_WebApp)'
[2023-05-31 19:51:48.124 +05:30  INF]  Request finished HTTP/2 GET https://localhost:7047/ - - - 200 - text/html;+charset=utf-8 9.4962ms
[2023-05-31 19:51:48.132 +05:30  INF]  Request starting HTTP/2 GET https://localhost:7047/_framework/aspnetcore-browser-refresh.js - -
[2023-05-31 19:51:48.132 +05:30  INF]  Request finished HTTP/2 GET https://localhost:7047/_framework/aspnetcore-browser-refresh.js - - - 200 11950 application/javascript;+charset=utf-8 0.1473ms
[2023-05-31 19:51:48.165 +05:30  INF]  Request starting HTTP/2 GET https://localhost:7047/home/PromoVideos - -
[2023-05-31 19:51:48.166 +05:30  INF]  Request starting HTTP/2 GET https://localhost:7047/home/ProhzLegalFiles - -
[2023-05-31 19:51:48.166 +05:30  INF]  Executing endpoint 'KopkeHome_WebApp.Controllers.HomeController.ProhzLegalFiles (KopkeHome_WebApp)'
[2023-05-31 19:51:48.166 +05:30  INF]  Executing endpoint 'KopkeHome_WebApp.Controllers.HomeController.PromoVideos (KopkeHome_WebApp)'
[2023-05-31 19:51:48.166 +05:30  INF]  Route matched with {action = "ProhzLegalFiles", controller = "Home"}. Executing controller action with signature System.Threading.Tasks.Task`1[Microsoft.AspNetCore.Mvc.IActionResult] ProhzLegalFiles() on controller KopkeHome_WebApp.Controllers.HomeController (KopkeHome_WebApp).
[2023-05-31 19:51:48.166 +05:30  INF]  Route matched with {action = "PromoVideos", controller = "Home"}. Executing controller action with signature System.Threading.Tasks.Task`1[Microsoft.AspNetCore.Mvc.IActionResult] PromoVideos() on controller KopkeHome_WebApp.Controllers.HomeController (KopkeHome_WebApp).
[2023-05-31 19:51:48.170 +05:30  INF]  Executing JsonResult, writing value of type 'System.Collections.Generic.List`1[[KopkeHome_ModelLayer.DataModel.ProhzLegalFiles, KopkeHome-ModelLayer, Version=1.0.0.0, Culture=neutral, PublicKeyToken=null]]'.
[2023-05-31 19:51:48.170 +05:30  INF]  Executing JsonResult, writing value of type 'null'.
[2023-05-31 19:51:48.173 +05:30  INF]  Executed action KopkeHome_WebApp.Controllers.HomeController.ProhzLegalFiles (KopkeHome_WebApp) in 231.6517ms
[2023-05-31 19:51:48.173 +05:30  INF]  Executed action KopkeHome_WebApp.Controllers.HomeController.PromoVideos (KopkeHome_WebApp) in 231.6408ms
[2023-05-31 19:51:48.173 +05:30  INF]  Executed endpoint 'KopkeHome_WebApp.Controllers.HomeController.ProhzLegalFiles (KopkeHome_WebApp)'
[2023-05-31 19:51:48.173 +05:30  INF]  Executed endpoint 'KopkeHome_WebApp.Controllers.HomeController.PromoVideos (KopkeHome_WebApp)'
[2023-05-31 19:51:48.173 +05:30  INF]  Request finished HTTP/2 GET https://localhost:7047/home/PromoVideos - - - 0 - application/json;+charset=utf-8 232.4166ms
[2023-05-31 19:51:48.173 +05:30  INF]  Request finished HTTP/2 GET https://localhost:7047/home/ProhzLegalFiles - - - 0 - application/json;+charset=utf-8 232.1192ms
[2023-05-31 19:51:48.400 +05:30  INF]  Executing JsonResult, writing value of type 'null'.
[2023-05-31 19:51:48.400 +05:30  INF]  Executed action KopkeHome_WebApp.Controllers.HomeController.PromoVideos (KopkeHome_WebApp) in 234.1656ms
[2023-05-31 19:51:48.400 +05:30  INF]  Executed endpoint 'KopkeHome_WebApp.Controllers.HomeController.PromoVideos (KopkeHome_WebApp)'
[2023-05-31 19:51:48.401 +05:30  INF]  Request finished HTTP/2 GET https://localhost:7047/home/PromoVideos - - - 200 - application/json;+charset=utf-8 235.1585ms
[2023-05-31 19:51:48.402 +05:30  INF]  Executing JsonResult, writing value of type 'System.Collections.Generic.List`1[[KopkeHome_ModelLayer.DataModel.ProhzLegalFiles, KopkeHome-ModelLayer, Version=1.0.0.0, Culture=neutral, PublicKeyToken=null]]'.
[2023-05-31 19:51:48.402 +05:30  INF]  Executed action KopkeHome_WebApp.Controllers.HomeController.ProhzLegalFiles (KopkeHome_WebApp) in 235.9721ms
[2023-05-31 19:51:48.402 +05:30  INF]  Executed endpoint 'KopkeHome_WebApp.Controllers.HomeController.ProhzLegalFiles (KopkeHome_WebApp)'
[2023-05-31 19:51:48.402 +05:30  INF]  Request finished HTTP/2 GET https://localhost:7047/home/ProhzLegalFiles - - - 200 - application/json;+charset=utf-8 236.3266ms
[2023-05-31 19:51:48.813 +05:30  INF]  Request starting HTTP/2 GET https://localhost:7047/ - -
[2023-05-31 19:51:48.814 +05:30  INF]  Executing endpoint 'KopkeHome_WebApp.Controllers.HomeController.Index (KopkeHome_WebApp)'
[2023-05-31 19:51:48.814 +05:30  INF]  Route matched with {action = "Index", controller = "Home"}. Executing controller action with signature Microsoft.AspNetCore.Mvc.IActionResult Index() on controller KopkeHome_WebApp.Controllers.HomeController (KopkeHome_WebApp).
[2023-05-31 19:51:48.814 +05:30  INF]  Executing ViewResult, running view Index.
[2023-05-31 19:51:48.818 +05:30  INF]  Executed ViewResult - view Index executed in 3.5611ms.
[2023-05-31 19:51:48.818 +05:30  INF]  Executed action KopkeHome_WebApp.Controllers.HomeController.Index (KopkeHome_WebApp) in 3.6567ms
[2023-05-31 19:51:48.818 +05:30  INF]  Executed endpoint 'KopkeHome_WebApp.Controllers.HomeController.Index (KopkeHome_WebApp)'
[2023-05-31 19:51:48.822 +05:30  INF]  Request finished HTTP/2 GET https://localhost:7047/ - - - 200 - text/html;+charset=utf-8 8.1655ms
[2023-05-31 19:51:48.825 +05:30  INF]  Request starting HTTP/2 GET https://localhost:7047/_framework/aspnetcore-browser-refresh.js - -
[2023-05-31 19:51:48.825 +05:30  INF]  Request finished HTTP/2 GET https://localhost:7047/_framework/aspnetcore-browser-refresh.js - - - 200 11950 application/javascript;+charset=utf-8 0.1568ms
[2023-05-31 19:51:48.909 +05:30  INF]  Request starting HTTP/2 GET https://localhost:7047/home/PromoVideos - -
[2023-05-31 19:51:48.909 +05:30  INF]  Request starting HTTP/2 GET https://localhost:7047/home/ProhzLegalFiles - -
[2023-05-31 19:51:48.909 +05:30  INF]  Executing endpoint 'KopkeHome_WebApp.Controllers.HomeController.ProhzLegalFiles (KopkeHome_WebApp)'
[2023-05-31 19:51:48.909 +05:30  INF]  Executing endpoint 'KopkeHome_WebApp.Controllers.HomeController.PromoVideos (KopkeHome_WebApp)'
[2023-05-31 19:51:48.909 +05:30  INF]  Route matched with {action = "PromoVideos", controller = "Home"}. Executing controller action with signature System.Threading.Tasks.Task`1[Microsoft.AspNetCore.Mvc.IActionResult] PromoVideos() on controller KopkeHome_WebApp.Controllers.HomeController (KopkeHome_WebApp).
[2023-05-31 19:51:48.909 +05:30  INF]  Route matched with {action = "ProhzLegalFiles", controller = "Home"}. Executing controller action with signature System.Threading.Tasks.Task`1[Microsoft.AspNetCore.Mvc.IActionResult] ProhzLegalFiles() on controller KopkeHome_WebApp.Controllers.HomeController (KopkeHome_WebApp).
[2023-05-31 19:51:48.920 +05:30  INF]  Executing JsonResult, writing value of type 'System.Collections.Generic.List`1[[KopkeHome_ModelLayer.DataModel.ProhzLegalFiles, KopkeHome-ModelLayer, Version=1.0.0.0, Culture=neutral, PublicKeyToken=null]]'.
[2023-05-31 19:51:48.920 +05:30  INF]  Executed action KopkeHome_WebApp.Controllers.HomeController.ProhzLegalFiles (KopkeHome_WebApp) in 1131.1082ms
[2023-05-31 19:51:48.920 +05:30  INF]  Executed endpoint 'KopkeHome_WebApp.Controllers.HomeController.ProhzLegalFiles (KopkeHome_WebApp)'
[2023-05-31 19:51:48.920 +05:30  INF]  Request finished HTTP/2 GET https://localhost:7047/home/ProhzLegalFiles - - - 0 - application/json;+charset=utf-8 1131.5361ms
[2023-05-31 19:51:48.923 +05:30  INF]  Executing JsonResult, writing value of type 'null'.
[2023-05-31 19:51:48.924 +05:30  INF]  Executed action KopkeHome_WebApp.Controllers.HomeController.PromoVideos (KopkeHome_WebApp) in 1134.2997ms
[2023-05-31 19:51:48.924 +05:30  INF]  Executed endpoint 'KopkeHome_WebApp.Controllers.HomeController.PromoVideos (KopkeHome_WebApp)'
[2023-05-31 19:51:48.924 +05:30  INF]  Request finished HTTP/2 GET https://localhost:7047/home/PromoVideos - - - 0 - application/json;+charset=utf-8 1134.8512ms
[2023-05-31 19:51:49.136 +05:30  INF]  Executing JsonResult, writing value of type 'System.Collections.Generic.List`1[[KopkeHome_ModelLayer.DataModel.ProhzLegalFiles, KopkeHome-ModelLayer, Version=1.0.0.0, Culture=neutral, PublicKeyToken=null]]'.
[2023-05-31 19:51:49.137 +05:30  INF]  Executed action KopkeHome_WebApp.Controllers.HomeController.ProhzLegalFiles (KopkeHome_WebApp) in 227.3786ms
[2023-05-31 19:51:49.137 +05:30  INF]  Executed endpoint 'KopkeHome_WebApp.Controllers.HomeController.ProhzLegalFiles (KopkeHome_WebApp)'
[2023-05-31 19:51:49.137 +05:30  INF]  Request finished HTTP/2 GET https://localhost:7047/home/ProhzLegalFiles - - - 200 - application/json;+charset=utf-8 227.7833ms
[2023-05-31 19:51:49.979 +05:30  INF]  Executing JsonResult, writing value of type 'null'.
[2023-05-31 19:51:49.979 +05:30  INF]  Executed action KopkeHome_WebApp.Controllers.HomeController.PromoVideos (KopkeHome_WebApp) in 1070.1425ms
[2023-05-31 19:51:49.979 +05:30  INF]  Executed endpoint 'KopkeHome_WebApp.Controllers.HomeController.PromoVideos (KopkeHome_WebApp)'
[2023-05-31 19:51:49.979 +05:30  INF]  Request finished HTTP/2 GET https://localhost:7047/home/PromoVideos - - - 200 - application/json;+charset=utf-8 1070.8303ms
[2023-05-31 19:52:42.951 +05:30  INF]  User profile is available. Using 'C:\Users\arshadm\AppData\Local\ASP.NET\DataProtection-Keys' as key repository and Windows DPAPI to encrypt keys at rest.
[2023-05-31 19:52:43.184 +05:30  INF]  Now listening on: https://localhost:7047
[2023-05-31 19:52:43.184 +05:30  INF]  Now listening on: http://localhost:5047
[2023-05-31 19:52:43.188 +05:30  INF]  Application started. Press Ctrl+C to shut down.
[2023-05-31 19:52:43.188 +05:30  INF]  Hosting environment: Development
[2023-05-31 19:52:43.188 +05:30  INF]  Content root path: D:\KopkeHome-FMRS\KopkeHome-FMRS\KopkeHome-WebApp\
[2023-05-31 19:52:45.519 +05:30  INF]  Request starting HTTP/2 GET https://localhost:7047/ - -
[2023-05-31 19:52:45.573 +05:30  INF]  Executing endpoint 'KopkeHome_WebApp.Controllers.HomeController.Index (KopkeHome_WebApp)'
[2023-05-31 19:52:45.585 +05:30  INF]  Route matched with {action = "Index", controller = "Home"}. Executing controller action with signature Microsoft.AspNetCore.Mvc.IActionResult Index() on controller KopkeHome_WebApp.Controllers.HomeController (KopkeHome_WebApp).
[2023-05-31 19:52:45.627 +05:30  INF]  Executing ViewResult, running view Index.
[2023-05-31 19:52:45.928 +05:30  INF]  Executed ViewResult - view Index executed in 303.477ms.
[2023-05-31 19:52:45.934 +05:30  INF]  Executed action KopkeHome_WebApp.Controllers.HomeController.Index (KopkeHome_WebApp) in 348.3019ms
[2023-05-31 19:52:45.935 +05:30  INF]  Executed endpoint 'KopkeHome_WebApp.Controllers.HomeController.Index (KopkeHome_WebApp)'
[2023-05-31 19:52:45.963 +05:30  INF]  Request finished HTTP/2 GET https://localhost:7047/ - - - 200 - text/html;+charset=utf-8 447.6464ms
[2023-05-31 19:52:45.994 +05:30  INF]  Request starting HTTP/2 GET https://localhost:7047/_framework/aspnetcore-browser-refresh.js - -
[2023-05-31 19:52:45.998 +05:30  INF]  Request finished HTTP/2 GET https://localhost:7047/_framework/aspnetcore-browser-refresh.js - - - 200 11950 application/javascript;+charset=utf-8 3.7232ms
[2023-05-31 19:52:46.066 +05:30  INF]  Request starting HTTP/2 GET https://localhost:7047/home/PromoVideos - -
[2023-05-31 19:52:46.067 +05:30  INF]  Request starting HTTP/2 GET https://localhost:7047/home/ProhzLegalFiles - -
[2023-05-31 19:52:46.068 +05:30  INF]  Executing endpoint 'KopkeHome_WebApp.Controllers.HomeController.PromoVideos (KopkeHome_WebApp)'
[2023-05-31 19:52:46.073 +05:30  INF]  Route matched with {action = "PromoVideos", controller = "Home"}. Executing controller action with signature System.Threading.Tasks.Task`1[Microsoft.AspNetCore.Mvc.IActionResult] PromoVideos() on controller KopkeHome_WebApp.Controllers.HomeController (KopkeHome_WebApp).
[2023-05-31 19:52:46.076 +05:30  INF]  Executing endpoint 'KopkeHome_WebApp.Controllers.HomeController.ProhzLegalFiles (KopkeHome_WebApp)'
[2023-05-31 19:52:46.087 +05:30  INF]  Route matched with {action = "ProhzLegalFiles", controller = "Home"}. Executing controller action with signature System.Threading.Tasks.Task`1[Microsoft.AspNetCore.Mvc.IActionResult] ProhzLegalFiles() on controller KopkeHome_WebApp.Controllers.HomeController (KopkeHome_WebApp).
[2023-05-31 19:52:48.896 +05:30  INF]  Executing JsonResult, writing value of type 'null'.
[2023-05-31 19:52:48.897 +05:30  INF]  Executed action KopkeHome_WebApp.Controllers.HomeController.PromoVideos (KopkeHome_WebApp) in 2823.4727ms
[2023-05-31 19:52:48.897 +05:30  INF]  Executed endpoint 'KopkeHome_WebApp.Controllers.HomeController.PromoVideos (KopkeHome_WebApp)'
[2023-05-31 19:52:48.897 +05:30  INF]  Request finished HTTP/2 GET https://localhost:7047/home/PromoVideos - - - 200 - application/json;+charset=utf-8 2830.6733ms
[2023-05-31 19:52:49.628 +05:30  INF]  Executing JsonResult, writing value of type 'System.Collections.Generic.List`1[[KopkeHome_ModelLayer.DataModel.ProhzLegalFiles, KopkeHome-ModelLayer, Version=1.0.0.0, Culture=neutral, PublicKeyToken=null]]'.
[2023-05-31 19:52:49.629 +05:30  INF]  Executed action KopkeHome_WebApp.Controllers.HomeController.ProhzLegalFiles (KopkeHome_WebApp) in 3541.9126ms
[2023-05-31 19:52:49.629 +05:30  INF]  Executed endpoint 'KopkeHome_WebApp.Controllers.HomeController.ProhzLegalFiles (KopkeHome_WebApp)'
[2023-05-31 19:52:49.629 +05:30  INF]  Request finished HTTP/2 GET https://localhost:7047/home/ProhzLegalFiles - - - 200 - application/json;+charset=utf-8 3562.4302ms
[2023-05-31 19:53:56.995 +05:30  INF]  Request starting HTTP/2 GET https://localhost:7047/User/SignIn - -
[2023-05-31 19:53:57.002 +05:30  INF]  Executing endpoint 'KopkeHome_WebApp.Controllers.UserController.SignIn (KopkeHome_WebApp)'
[2023-05-31 19:53:57.003 +05:30  INF]  Route matched with {action = "SignIn", controller = "User"}. Executing controller action with signature Microsoft.AspNetCore.Mvc.IActionResult SignIn() on controller KopkeHome_WebApp.Controllers.UserController (KopkeHome_WebApp).
[2023-05-31 19:53:57.034 +05:30  INF]  Executing ViewResult, running view SignIn.
[2023-05-31 19:53:57.090 +05:30  INF]  Executed ViewResult - view SignIn executed in 55.917ms.
[2023-05-31 19:53:57.090 +05:30  INF]  Executed action KopkeHome_WebApp.Controllers.UserController.SignIn (KopkeHome_WebApp) in 87.0745ms
[2023-05-31 19:53:57.090 +05:30  INF]  Executed endpoint 'KopkeHome_WebApp.Controllers.UserController.SignIn (KopkeHome_WebApp)'
[2023-05-31 19:53:57.091 +05:30  INF]  Request finished HTTP/2 GET https://localhost:7047/User/SignIn - - - 200 - text/html;+charset=utf-8 95.8933ms
[2023-05-31 19:53:57.104 +05:30  INF]  Request starting HTTP/2 GET https://localhost:7047/_framework/aspnetcore-browser-refresh.js - -
[2023-05-31 19:53:57.104 +05:30  INF]  Request finished HTTP/2 GET https://localhost:7047/_framework/aspnetcore-browser-refresh.js - - - 200 11950 application/javascript;+charset=utf-8 0.2950ms
[2023-05-31 19:53:57.497 +05:30  INF]  Request starting HTTP/2 GET https://localhost:7047/User/StateList - -
[2023-05-31 19:53:57.501 +05:30  INF]  Executing endpoint 'KopkeHome_WebApp.Controllers.UserController.StateList (KopkeHome_WebApp)'
[2023-05-31 19:53:57.503 +05:30  INF]  Route matched with {action = "StateList", controller = "User"}. Executing controller action with signature System.Threading.Tasks.Task`1[System.Collections.Generic.List`1[KopkeHome_ModelLayer.DataModel.State]] StateList() on controller KopkeHome_WebApp.Controllers.UserController (KopkeHome_WebApp).
[2023-05-31 19:53:57.792 +05:30  INF]  Executing ObjectResult, writing value of type 'System.Collections.Generic.List`1[[KopkeHome_ModelLayer.DataModel.State, KopkeHome-ModelLayer, Version=1.0.0.0, Culture=neutral, PublicKeyToken=null]]'.
[2023-05-31 19:53:57.793 +05:30  INF]  Executed action KopkeHome_WebApp.Controllers.UserController.StateList (KopkeHome_WebApp) in 290.0724ms
[2023-05-31 19:53:57.793 +05:30  INF]  Executed endpoint 'KopkeHome_WebApp.Controllers.UserController.StateList (KopkeHome_WebApp)'
[2023-05-31 19:53:57.793 +05:30  INF]  Request finished HTTP/2 GET https://localhost:7047/User/StateList - - - 200 - application/json;+charset=utf-8 295.6479ms
[2023-05-31 19:53:58.139 +05:30  INF]  Request starting HTTP/2 POST https://localhost:7047/User/SignIn application/x-www-form-urlencoded 269
[2023-05-31 19:53:58.142 +05:30  INF]  CORS policy execution successful.
[2023-05-31 19:53:58.143 +05:30  INF]  Executing endpoint 'KopkeHome_WebApp.Controllers.UserController.SignIn (KopkeHome_WebApp)'
[2023-05-31 19:53:58.164 +05:30  INF]  Route matched with {action = "SignIn", controller = "User"}. Executing controller action with signature System.Threading.Tasks.Task`1[Microsoft.AspNetCore.Mvc.IActionResult] SignIn(KopkeHome_ModelLayer.SignIn) on controller KopkeHome_WebApp.Controllers.UserController (KopkeHome_WebApp).
[2023-05-31 19:54:02.022 +05:30  INF]  Executing RedirectResult, redirecting to /Dashboard.
[2023-05-31 19:54:02.022 +05:30  INF]  Executed action KopkeHome_WebApp.Controllers.UserController.SignIn (KopkeHome_WebApp) in 3858.0497ms
[2023-05-31 19:54:02.022 +05:30  INF]  Executed endpoint 'KopkeHome_WebApp.Controllers.UserController.SignIn (KopkeHome_WebApp)'
[2023-05-31 19:54:02.023 +05:30  INF]  Session started; Key:0bc61e17-1234-275e-8c85-259aeda96832, Id:b59dc420-4a6e-0da4-9c75-ccbc21b572e6
[2023-05-31 19:54:02.024 +05:30  INF]  Request finished HTTP/2 POST https://localhost:7047/User/SignIn application/x-www-form-urlencoded 269 - 302 0 - 3884.7687ms
[2023-05-31 19:54:02.026 +05:30  INF]  Request starting HTTP/2 GET https://localhost:7047/Dashboard - -
[2023-05-31 19:54:02.026 +05:30  INF]  Executing endpoint 'KopkeHome_WebApp.Controllers.DashboardController.Index (KopkeHome_WebApp)'
[2023-05-31 19:54:02.028 +05:30  INF]  Route matched with {action = "Index", controller = "Dashboard"}. Executing controller action with signature System.Threading.Tasks.Task`1[Microsoft.AspNetCore.Mvc.IActionResult] Index() on controller KopkeHome_WebApp.Controllers.DashboardController (KopkeHome_WebApp).
[2023-05-31 19:54:02.239 +05:30  INF]  Executing ViewResult, running view Index.
[2023-05-31 19:54:02.273 +05:30  INF]  Executed ViewResult - view Index executed in 34.437ms.
[2023-05-31 19:54:02.274 +05:30  INF]  Executed action KopkeHome_WebApp.Controllers.DashboardController.Index (KopkeHome_WebApp) in 246.3138ms
[2023-05-31 19:54:02.274 +05:30  INF]  Executed endpoint 'KopkeHome_WebApp.Controllers.DashboardController.Index (KopkeHome_WebApp)'
[2023-05-31 19:54:02.278 +05:30  INF]  Request finished HTTP/2 GET https://localhost:7047/Dashboard - - - 200 - text/html;+charset=utf-8 251.9932ms
[2023-05-31 19:54:02.347 +05:30  INF]  Request starting HTTP/2 GET https://localhost:7047/_framework/aspnetcore-browser-refresh.js - -
[2023-05-31 19:54:02.348 +05:30  INF]  Request finished HTTP/2 GET https://localhost:7047/_framework/aspnetcore-browser-refresh.js - - - 200 11950 application/javascript;+charset=utf-8 1.1394ms
[2023-05-31 19:54:02.554 +05:30  INF]  Request starting HTTP/2 GET https://localhost:7047/images/sort_asc.png - -
[2023-05-31 19:54:02.554 +05:30  INF]  Request starting HTTP/2 GET https://localhost:7047/images/sort_both.png - -
[2023-05-31 19:54:02.554 +05:30  INF]  Request finished HTTP/2 GET https://localhost:7047/images/sort_both.png - - - 404 0 - 0.6812ms
[2023-05-31 19:54:02.554 +05:30  INF]  Request finished HTTP/2 GET https://localhost:7047/images/sort_asc.png - - - 404 0 - 0.7349ms
[2023-05-31 19:54:06.721 +05:30  INF]  Request starting HTTP/2 GET https://localhost:7047/dashboard/ViewMembershipPlan - -
[2023-05-31 19:54:06.722 +05:30  INF]  Executing endpoint 'KopkeHome_WebApp.Controllers.DashboardController.ViewMembershipPlan (KopkeHome_WebApp)'
[2023-05-31 19:54:06.724 +05:30  INF]  Route matched with {action = "ViewMembershipPlan", controller = "Dashboard"}. Executing controller action with signature System.Threading.Tasks.Task`1[Microsoft.AspNetCore.Mvc.IActionResult] ViewMembershipPlan() on controller KopkeHome_WebApp.Controllers.DashboardController (KopkeHome_WebApp).
[2023-05-31 19:54:07.438 +05:30  INF]  Executing ViewResult, running view ViewMembershipPlan.
[2023-05-31 19:54:07.476 +05:30  INF]  Executed ViewResult - view ViewMembershipPlan executed in 37.9867ms.
[2023-05-31 19:54:07.476 +05:30  INF]  Executed action KopkeHome_WebApp.Controllers.DashboardController.ViewMembershipPlan (KopkeHome_WebApp) in 752.3942ms
[2023-05-31 19:54:07.476 +05:30  INF]  Executed endpoint 'KopkeHome_WebApp.Controllers.DashboardController.ViewMembershipPlan (KopkeHome_WebApp)'
[2023-05-31 19:54:07.478 +05:30  INF]  Request finished HTTP/2 GET https://localhost:7047/dashboard/ViewMembershipPlan - - - 200 - text/html;+charset=utf-8 756.5473ms
[2023-05-31 19:54:07.510 +05:30  INF]  Request starting HTTP/2 GET https://localhost:7047/_framework/aspnetcore-browser-refresh.js - -
[2023-05-31 19:54:07.510 +05:30  INF]  Request finished HTTP/2 GET https://localhost:7047/_framework/aspnetcore-browser-refresh.js - - - 200 11950 application/javascript;+charset=utf-8 0.2508ms
[2023-05-31 19:54:07.599 +05:30  INF]  Request starting HTTP/2 GET https://localhost:7047/User/StateList - -
[2023-05-31 19:54:07.599 +05:30  INF]  Executing endpoint 'KopkeHome_WebApp.Controllers.UserController.StateList (KopkeHome_WebApp)'
[2023-05-31 19:54:07.600 +05:30  INF]  Route matched with {action = "StateList", controller = "User"}. Executing controller action with signature System.Threading.Tasks.Task`1[System.Collections.Generic.List`1[KopkeHome_ModelLayer.DataModel.State]] StateList() on controller KopkeHome_WebApp.Controllers.UserController (KopkeHome_WebApp).
[2023-05-31 19:54:07.817 +05:30  INF]  Executing ObjectResult, writing value of type 'System.Collections.Generic.List`1[[KopkeHome_ModelLayer.DataModel.State, KopkeHome-ModelLayer, Version=1.0.0.0, Culture=neutral, PublicKeyToken=null]]'.
[2023-05-31 19:54:07.817 +05:30  INF]  Executed action KopkeHome_WebApp.Controllers.UserController.StateList (KopkeHome_WebApp) in 217.8951ms
[2023-05-31 19:54:07.818 +05:30  INF]  Executed endpoint 'KopkeHome_WebApp.Controllers.UserController.StateList (KopkeHome_WebApp)'
[2023-05-31 19:54:07.818 +05:30  INF]  Request finished HTTP/2 GET https://localhost:7047/User/StateList - - - 200 - application/json;+charset=utf-8 218.4178ms
[2023-05-31 19:54:15.272 +05:30  INF]  Request starting HTTP/2 GET https://localhost:7047/dashboard/Logout - -
[2023-05-31 19:54:15.278 +05:30  INF]  Executing endpoint 'KopkeHome_WebApp.Controllers.DashboardController.Logout (KopkeHome_WebApp)'
[2023-05-31 19:54:15.278 +05:30  INF]  Route matched with {action = "Logout", controller = "Dashboard"}. Executing controller action with signature Microsoft.AspNetCore.Mvc.IActionResult Logout() on controller KopkeHome_WebApp.Controllers.DashboardController (KopkeHome_WebApp).
[2023-05-31 19:54:15.279 +05:30  INF]  Executing RedirectResult, redirecting to /user/signin.
[2023-05-31 19:54:15.279 +05:30  INF]  Executed action KopkeHome_WebApp.Controllers.DashboardController.Logout (KopkeHome_WebApp) in 0.6658ms
[2023-05-31 19:54:15.279 +05:30  INF]  Executed endpoint 'KopkeHome_WebApp.Controllers.DashboardController.Logout (KopkeHome_WebApp)'
[2023-05-31 19:54:15.279 +05:30  INF]  Request finished HTTP/2 GET https://localhost:7047/dashboard/Logout - - - 302 0 - 6.9174ms
[2023-05-31 19:54:15.281 +05:30  INF]  Request starting HTTP/2 GET https://localhost:7047/user/signin - -
[2023-05-31 19:54:15.281 +05:30  INF]  Executing endpoint 'KopkeHome_WebApp.Controllers.UserController.SignIn (KopkeHome_WebApp)'
[2023-05-31 19:54:15.282 +05:30  INF]  Route matched with {action = "SignIn", controller = "User"}. Executing controller action with signature Microsoft.AspNetCore.Mvc.IActionResult SignIn() on controller KopkeHome_WebApp.Controllers.UserController (KopkeHome_WebApp).
[2023-05-31 19:54:15.282 +05:30  INF]  Executing ViewResult, running view SignIn.
[2023-05-31 19:54:15.285 +05:30  INF]  Executed ViewResult - view SignIn executed in 3.4409ms.
[2023-05-31 19:54:15.285 +05:30  INF]  Executed action KopkeHome_WebApp.Controllers.UserController.SignIn (KopkeHome_WebApp) in 3.5306ms
[2023-05-31 19:54:15.285 +05:30  INF]  Executed endpoint 'KopkeHome_WebApp.Controllers.UserController.SignIn (KopkeHome_WebApp)'
[2023-05-31 19:54:15.286 +05:30  INF]  Request finished HTTP/2 GET https://localhost:7047/user/signin - - - 200 - text/html;+charset=utf-8 5.0724ms
[2023-05-31 19:54:15.297 +05:30  INF]  Request starting HTTP/2 GET https://localhost:7047/_framework/aspnetcore-browser-refresh.js - -
[2023-05-31 19:54:15.297 +05:30  INF]  Request finished HTTP/2 GET https://localhost:7047/_framework/aspnetcore-browser-refresh.js - - - 200 11950 application/javascript;+charset=utf-8 0.1785ms
[2023-05-31 19:54:15.319 +05:30  INF]  Request starting HTTP/2 GET https://localhost:7047/User/StateList - -
[2023-05-31 19:54:15.320 +05:30  INF]  Executing endpoint 'KopkeHome_WebApp.Controllers.UserController.StateList (KopkeHome_WebApp)'
[2023-05-31 19:54:15.320 +05:30  INF]  Route matched with {action = "StateList", controller = "User"}. Executing controller action with signature System.Threading.Tasks.Task`1[System.Collections.Generic.List`1[KopkeHome_ModelLayer.DataModel.State]] StateList() on controller KopkeHome_WebApp.Controllers.UserController (KopkeHome_WebApp).
[2023-05-31 19:54:15.541 +05:30  INF]  Executing ObjectResult, writing value of type 'System.Collections.Generic.List`1[[KopkeHome_ModelLayer.DataModel.State, KopkeHome-ModelLayer, Version=1.0.0.0, Culture=neutral, PublicKeyToken=null]]'.
[2023-05-31 19:54:15.541 +05:30  INF]  Executed action KopkeHome_WebApp.Controllers.UserController.StateList (KopkeHome_WebApp) in 221.161ms
[2023-05-31 19:54:15.541 +05:30  INF]  Executed endpoint 'KopkeHome_WebApp.Controllers.UserController.StateList (KopkeHome_WebApp)'
[2023-05-31 19:54:15.541 +05:30  INF]  Request finished HTTP/2 GET https://localhost:7047/User/StateList - - - 200 - application/json;+charset=utf-8 221.7709ms
[2023-05-31 19:54:16.718 +05:30  INF]  Request starting HTTP/2 GET https://localhost:7047/ - -
[2023-05-31 19:54:16.719 +05:30  INF]  Executing endpoint 'KopkeHome_WebApp.Controllers.HomeController.Index (KopkeHome_WebApp)'
[2023-05-31 19:54:16.719 +05:30  INF]  Route matched with {action = "Index", controller = "Home"}. Executing controller action with signature Microsoft.AspNetCore.Mvc.IActionResult Index() on controller KopkeHome_WebApp.Controllers.HomeController (KopkeHome_WebApp).
[2023-05-31 19:54:16.719 +05:30  INF]  Executing ViewResult, running view Index.
[2023-05-31 19:54:16.723 +05:30  INF]  Executed ViewResult - view Index executed in 4.0963ms.
[2023-05-31 19:54:16.723 +05:30  INF]  Executed action KopkeHome_WebApp.Controllers.HomeController.Index (KopkeHome_WebApp) in 4.2291ms
[2023-05-31 19:54:16.723 +05:30  INF]  Executed endpoint 'KopkeHome_WebApp.Controllers.HomeController.Index (KopkeHome_WebApp)'
[2023-05-31 19:54:16.726 +05:30  INF]  Request finished HTTP/2 GET https://localhost:7047/ - - - 200 - text/html;+charset=utf-8 7.1090ms
[2023-05-31 19:54:16.734 +05:30  INF]  Request starting HTTP/2 GET https://localhost:7047/_framework/aspnetcore-browser-refresh.js - -
[2023-05-31 19:54:16.734 +05:30  INF]  Request finished HTTP/2 GET https://localhost:7047/_framework/aspnetcore-browser-refresh.js - - - 200 11950 application/javascript;+charset=utf-8 0.1505ms
[2023-05-31 19:54:16.775 +05:30  INF]  Request starting HTTP/2 GET https://localhost:7047/home/ProhzLegalFiles - -
[2023-05-31 19:54:16.775 +05:30  INF]  Request starting HTTP/2 GET https://localhost:7047/home/PromoVideos - -
[2023-05-31 19:54:16.777 +05:30  INF]  Executing endpoint 'KopkeHome_WebApp.Controllers.HomeController.ProhzLegalFiles (KopkeHome_WebApp)'
[2023-05-31 19:54:16.777 +05:30  INF]  Executing endpoint 'KopkeHome_WebApp.Controllers.HomeController.PromoVideos (KopkeHome_WebApp)'
[2023-05-31 19:54:16.778 +05:30  INF]  Route matched with {action = "ProhzLegalFiles", controller = "Home"}. Executing controller action with signature System.Threading.Tasks.Task`1[Microsoft.AspNetCore.Mvc.IActionResult] ProhzLegalFiles() on controller KopkeHome_WebApp.Controllers.HomeController (KopkeHome_WebApp).
[2023-05-31 19:54:16.778 +05:30  INF]  Route matched with {action = "PromoVideos", controller = "Home"}. Executing controller action with signature System.Threading.Tasks.Task`1[Microsoft.AspNetCore.Mvc.IActionResult] PromoVideos() on controller KopkeHome_WebApp.Controllers.HomeController (KopkeHome_WebApp).
[2023-05-31 19:54:17.009 +05:30  INF]  Executing JsonResult, writing value of type 'System.Collections.Generic.List`1[[KopkeHome_ModelLayer.DataModel.ProhzLegalFiles, KopkeHome-ModelLayer, Version=1.0.0.0, Culture=neutral, PublicKeyToken=null]]'.
[2023-05-31 19:54:17.009 +05:30  INF]  Executed action KopkeHome_WebApp.Controllers.HomeController.ProhzLegalFiles (KopkeHome_WebApp) in 231.72ms
[2023-05-31 19:54:17.009 +05:30  INF]  Executed endpoint 'KopkeHome_WebApp.Controllers.HomeController.ProhzLegalFiles (KopkeHome_WebApp)'
[2023-05-31 19:54:17.009 +05:30  INF]  Request finished HTTP/2 GET https://localhost:7047/home/ProhzLegalFiles - - - 200 - application/json;+charset=utf-8 234.7084ms
[2023-05-31 19:54:17.015 +05:30  INF]  Executing JsonResult, writing value of type 'null'.
[2023-05-31 19:54:17.015 +05:30  INF]  Executed action KopkeHome_WebApp.Controllers.HomeController.PromoVideos (KopkeHome_WebApp) in 237.3255ms
[2023-05-31 19:54:17.015 +05:30  INF]  Executed endpoint 'KopkeHome_WebApp.Controllers.HomeController.PromoVideos (KopkeHome_WebApp)'
[2023-05-31 19:54:17.015 +05:30  INF]  Request finished HTTP/2 GET https://localhost:7047/home/PromoVideos - - - 200 - application/json;+charset=utf-8 240.3934ms
[2023-05-31 20:42:07.534 +05:30  INF]  User profile is available. Using 'C:\Users\arshadm\AppData\Local\ASP.NET\DataProtection-Keys' as key repository and Windows DPAPI to encrypt keys at rest.
[2023-05-31 20:42:07.825 +05:30  INF]  Now listening on: https://localhost:7047
[2023-05-31 20:42:07.825 +05:30  INF]  Now listening on: http://localhost:5047
[2023-05-31 20:42:07.828 +05:30  INF]  Application started. Press Ctrl+C to shut down.
[2023-05-31 20:42:07.828 +05:30  INF]  Hosting environment: Development
[2023-05-31 20:42:07.828 +05:30  INF]  Content root path: D:\KopkeHome-FMRS\KopkeHome-FMRS\KopkeHome-WebApp\
[2023-05-31 20:42:08.739 +05:30  INF]  Request starting HTTP/2 GET https://localhost:7047/ - -
[2023-05-31 20:42:08.784 +05:30  INF]  Executing endpoint 'KopkeHome_WebApp.Controllers.HomeController.Index (KopkeHome_WebApp)'
[2023-05-31 20:42:08.794 +05:30  INF]  Route matched with {action = "Index", controller = "Home"}. Executing controller action with signature Microsoft.AspNetCore.Mvc.IActionResult Index() on controller KopkeHome_WebApp.Controllers.HomeController (KopkeHome_WebApp).
[2023-05-31 20:42:09.139 +05:30  INF]  Executing ViewResult, running view Index.
[2023-05-31 20:42:09.302 +05:30  INF]  Executed ViewResult - view Index executed in 168.1162ms.
[2023-05-31 20:42:09.308 +05:30  INF]  Executed action KopkeHome_WebApp.Controllers.HomeController.Index (KopkeHome_WebApp) in 513.3ms
[2023-05-31 20:42:09.309 +05:30  INF]  Executed endpoint 'KopkeHome_WebApp.Controllers.HomeController.Index (KopkeHome_WebApp)'
[2023-05-31 20:42:09.310 +05:30  INF]  Accessing expired session, Key:0bc61e17-1234-275e-8c85-259aeda96832
[2023-05-31 20:42:09.329 +05:30  INF]  Request finished HTTP/2 GET https://localhost:7047/ - - - 200 - text/html;+charset=utf-8 593.4990ms
[2023-05-31 20:42:09.340 +05:30  INF]  Request starting HTTP/2 GET https://localhost:7047/_framework/aspnetcore-browser-refresh.js - -
[2023-05-31 20:42:09.343 +05:30  INF]  Request finished HTTP/2 GET https://localhost:7047/_framework/aspnetcore-browser-refresh.js - - - 200 11950 application/javascript;+charset=utf-8 3.0986ms
[2023-05-31 20:42:09.459 +05:30  INF]  Request starting HTTP/2 GET https://localhost:7047/home/PromoVideos - -
[2023-05-31 20:42:09.459 +05:30  INF]  Request starting HTTP/2 GET https://localhost:7047/home/ProhzLegalFiles - -
[2023-05-31 20:42:09.461 +05:30  INF]  Executing endpoint 'KopkeHome_WebApp.Controllers.HomeController.ProhzLegalFiles (KopkeHome_WebApp)'
[2023-05-31 20:42:09.461 +05:30  INF]  Executing endpoint 'KopkeHome_WebApp.Controllers.HomeController.PromoVideos (KopkeHome_WebApp)'
[2023-05-31 20:42:09.465 +05:30  INF]  Route matched with {action = "ProhzLegalFiles", controller = "Home"}. Executing controller action with signature System.Threading.Tasks.Task`1[Microsoft.AspNetCore.Mvc.IActionResult] ProhzLegalFiles() on controller KopkeHome_WebApp.Controllers.HomeController (KopkeHome_WebApp).
[2023-05-31 20:42:09.465 +05:30  INF]  Route matched with {action = "PromoVideos", controller = "Home"}. Executing controller action with signature System.Threading.Tasks.Task`1[Microsoft.AspNetCore.Mvc.IActionResult] PromoVideos() on controller KopkeHome_WebApp.Controllers.HomeController (KopkeHome_WebApp).
[2023-05-31 20:42:12.674 +05:30  INF]  Request starting HTTP/2 GET https://localhost:7047/User/SignIn - -
[2023-05-31 20:42:12.677 +05:30  INF]  Executing endpoint 'KopkeHome_WebApp.Controllers.UserController.SignIn (KopkeHome_WebApp)'
[2023-05-31 20:42:12.678 +05:30  INF]  Route matched with {action = "SignIn", controller = "User"}. Executing controller action with signature Microsoft.AspNetCore.Mvc.IActionResult SignIn() on controller KopkeHome_WebApp.Controllers.UserController (KopkeHome_WebApp).
[2023-05-31 20:42:12.715 +05:30  INF]  Executing ViewResult, running view SignIn.
[2023-05-31 20:42:12.801 +05:30  INF]  Executed ViewResult - view SignIn executed in 85.8441ms.
[2023-05-31 20:42:12.801 +05:30  INF]  Executed action KopkeHome_WebApp.Controllers.UserController.SignIn (KopkeHome_WebApp) in 122.7717ms
[2023-05-31 20:42:12.801 +05:30  INF]  Executed endpoint 'KopkeHome_WebApp.Controllers.UserController.SignIn (KopkeHome_WebApp)'
[2023-05-31 20:42:12.801 +05:30  INF]  Accessing expired session, Key:0bc61e17-1234-275e-8c85-259aeda96832
[2023-05-31 20:42:12.802 +05:30  INF]  Request finished HTTP/2 GET https://localhost:7047/User/SignIn - - - 200 - text/html;+charset=utf-8 127.9820ms
[2023-05-31 20:42:12.830 +05:30  INF]  Request starting HTTP/2 GET https://localhost:7047/_framework/aspnetcore-browser-refresh.js - -
[2023-05-31 20:42:12.830 +05:30  INF]  Request finished HTTP/2 GET https://localhost:7047/_framework/aspnetcore-browser-refresh.js - - - 200 11950 application/javascript;+charset=utf-8 0.3546ms
[2023-05-31 20:42:13.022 +05:30  INF]  Executing JsonResult, writing value of type 'null'.
[2023-05-31 20:42:13.034 +05:30  INF]  Executed action KopkeHome_WebApp.Controllers.HomeController.PromoVideos (KopkeHome_WebApp) in 3569.063ms
[2023-05-31 20:42:13.034 +05:30  INF]  Executed endpoint 'KopkeHome_WebApp.Controllers.HomeController.PromoVideos (KopkeHome_WebApp)'
[2023-05-31 20:42:13.034 +05:30  INF]  Accessing expired session, Key:0bc61e17-1234-275e-8c85-259aeda96832
[2023-05-31 20:42:13.034 +05:30  INF]  Request finished HTTP/2 GET https://localhost:7047/home/PromoVideos - - - 0 - application/json;+charset=utf-8 3575.4109ms
[2023-05-31 20:42:13.089 +05:30  INF]  Request starting HTTP/2 GET https://localhost:7047/User/StateList - -
[2023-05-31 20:42:13.092 +05:30  INF]  Executing endpoint 'KopkeHome_WebApp.Controllers.UserController.StateList (KopkeHome_WebApp)'
[2023-05-31 20:42:13.095 +05:30  INF]  Route matched with {action = "StateList", controller = "User"}. Executing controller action with signature System.Threading.Tasks.Task`1[System.Collections.Generic.List`1[KopkeHome_ModelLayer.DataModel.State]] StateList() on controller KopkeHome_WebApp.Controllers.UserController (KopkeHome_WebApp).
[2023-05-31 20:42:13.431 +05:30  INF]  Executing ObjectResult, writing value of type 'System.Collections.Generic.List`1[[KopkeHome_ModelLayer.DataModel.State, KopkeHome-ModelLayer, Version=1.0.0.0, Culture=neutral, PublicKeyToken=null]]'.
[2023-05-31 20:42:13.434 +05:30  INF]  Executed action KopkeHome_WebApp.Controllers.UserController.StateList (KopkeHome_WebApp) in 339.0212ms
[2023-05-31 20:42:13.434 +05:30  INF]  Executed endpoint 'KopkeHome_WebApp.Controllers.UserController.StateList (KopkeHome_WebApp)'
[2023-05-31 20:42:13.434 +05:30  INF]  Accessing expired session, Key:0bc61e17-1234-275e-8c85-259aeda96832
[2023-05-31 20:42:13.434 +05:30  INF]  Request finished HTTP/2 GET https://localhost:7047/User/StateList - - - 200 - application/json;+charset=utf-8 344.7720ms
[2023-05-31 20:42:13.746 +05:30  INF]  Executing JsonResult, writing value of type 'System.Collections.Generic.List`1[[KopkeHome_ModelLayer.DataModel.ProhzLegalFiles, KopkeHome-ModelLayer, Version=1.0.0.0, Culture=neutral, PublicKeyToken=null]]'.
[2023-05-31 20:42:13.748 +05:30  INF]  Executed action KopkeHome_WebApp.Controllers.HomeController.ProhzLegalFiles (KopkeHome_WebApp) in 4282.3926ms
[2023-05-31 20:42:13.748 +05:30  INF]  Executed endpoint 'KopkeHome_WebApp.Controllers.HomeController.ProhzLegalFiles (KopkeHome_WebApp)'
[2023-05-31 20:42:13.748 +05:30  INF]  Accessing expired session, Key:0bc61e17-1234-275e-8c85-259aeda96832
[2023-05-31 20:42:13.748 +05:30  INF]  Request finished HTTP/2 GET https://localhost:7047/home/ProhzLegalFiles - - - 0 - application/json;+charset=utf-8 4288.5045ms
[2023-05-31 20:42:13.989 +05:30  INF]  Request starting HTTP/2 POST https://localhost:7047/User/SignIn application/x-www-form-urlencoded 269
[2023-05-31 20:42:13.993 +05:30  INF]  CORS policy execution successful.
[2023-05-31 20:42:13.993 +05:30  INF]  Executing endpoint 'KopkeHome_WebApp.Controllers.UserController.SignIn (KopkeHome_WebApp)'
[2023-05-31 20:42:14.007 +05:30  INF]  Route matched with {action = "SignIn", controller = "User"}. Executing controller action with signature System.Threading.Tasks.Task`1[Microsoft.AspNetCore.Mvc.IActionResult] SignIn(KopkeHome_ModelLayer.SignIn) on controller KopkeHome_WebApp.Controllers.UserController (KopkeHome_WebApp).
[2023-05-31 20:42:14.144 +05:30  INF]  Accessing expired session, Key:0bc61e17-1234-275e-8c85-259aeda96832
[2023-05-31 20:42:18.816 +05:30  INF]  Executing RedirectResult, redirecting to /Dashboard.
[2023-05-31 20:42:18.816 +05:30  INF]  Executed action KopkeHome_WebApp.Controllers.UserController.SignIn (KopkeHome_WebApp) in 4808.5178ms
[2023-05-31 20:42:18.816 +05:30  INF]  Executed endpoint 'KopkeHome_WebApp.Controllers.UserController.SignIn (KopkeHome_WebApp)'
[2023-05-31 20:42:18.817 +05:30  INF]  Session started; Key:0bc61e17-1234-275e-8c85-259aeda96832, Id:1f58d69e-4c06-0672-1118-5716640b0754
[2023-05-31 20:42:18.818 +05:30  INF]  Request finished HTTP/2 POST https://localhost:7047/User/SignIn application/x-www-form-urlencoded 269 - 302 0 - 4829.4747ms
[2023-05-31 20:42:18.821 +05:30  INF]  Request starting HTTP/2 GET https://localhost:7047/Dashboard - -
[2023-05-31 20:42:18.821 +05:30  INF]  Executing endpoint 'KopkeHome_WebApp.Controllers.DashboardController.Index (KopkeHome_WebApp)'
[2023-05-31 20:42:18.823 +05:30  INF]  Route matched with {action = "Index", controller = "Dashboard"}. Executing controller action with signature System.Threading.Tasks.Task`1[Microsoft.AspNetCore.Mvc.IActionResult] Index() on controller KopkeHome_WebApp.Controllers.DashboardController (KopkeHome_WebApp).
[2023-05-31 20:42:19.084 +05:30  INF]  Executing ViewResult, running view Index.
[2023-05-31 20:42:19.121 +05:30  INF]  Executed ViewResult - view Index executed in 37.428ms.
[2023-05-31 20:42:19.122 +05:30  INF]  Executed action KopkeHome_WebApp.Controllers.DashboardController.Index (KopkeHome_WebApp) in 298.6807ms
[2023-05-31 20:42:19.122 +05:30  INF]  Executed endpoint 'KopkeHome_WebApp.Controllers.DashboardController.Index (KopkeHome_WebApp)'
[2023-05-31 20:42:19.127 +05:30  INF]  Request finished HTTP/2 GET https://localhost:7047/Dashboard - - - 200 - text/html;+charset=utf-8 306.4685ms
[2023-05-31 20:42:19.136 +05:30  INF]  Request starting HTTP/2 GET https://localhost:7047/_framework/aspnetcore-browser-refresh.js - -
[2023-05-31 20:42:19.136 +05:30  INF]  Request finished HTTP/2 GET https://localhost:7047/_framework/aspnetcore-browser-refresh.js - - - 200 11950 application/javascript;+charset=utf-8 0.2325ms
[2023-05-31 20:42:19.198 +05:30  INF]  Request starting HTTP/2 GET https://localhost:7047/images/sort_both.png - -
[2023-05-31 20:42:19.198 +05:30  INF]  Request finished HTTP/2 GET https://localhost:7047/images/sort_both.png - - - 404 0 - 0.7023ms
[2023-05-31 20:42:19.209 +05:30  INF]  Request starting HTTP/2 GET https://localhost:7047/images/sort_asc.png - -
[2023-05-31 20:42:19.209 +05:30  INF]  Request finished HTTP/2 GET https://localhost:7047/images/sort_asc.png - - - 404 0 - 0.3561ms
[2023-05-31 20:42:27.607 +05:30  INF]  Request starting HTTP/2 POST https://localhost:7047/user/ChangeStatus application/x-www-form-urlencoded;+charset=UTF-8 212
[2023-05-31 20:42:27.607 +05:30  INF]  CORS policy execution successful.
[2023-05-31 20:42:27.608 +05:30  INF]  Executing endpoint 'KopkeHome_WebApp.Controllers.UserController.ChangeStatusAsync (KopkeHome_WebApp)'
[2023-05-31 20:42:27.609 +05:30  INF]  Route matched with {action = "ChangeStatus", controller = "User"}. Executing controller action with signature System.Threading.Tasks.Task`1[Microsoft.AspNetCore.Mvc.IActionResult] ChangeStatusAsync(KopkeHome_ModelLayer.ViewModels.WorkStatusViewModel) on controller KopkeHome_WebApp.Controllers.UserController (KopkeHome_WebApp).
[2023-05-31 20:42:28.916 +05:30  INF]  Executing JsonResult, writing value of type 'System.Int32'.
[2023-05-31 20:42:28.916 +05:30  INF]  Executed action KopkeHome_WebApp.Controllers.UserController.ChangeStatusAsync (KopkeHome_WebApp) in 1306.4718ms
[2023-05-31 20:42:28.916 +05:30  INF]  Executed endpoint 'KopkeHome_WebApp.Controllers.UserController.ChangeStatusAsync (KopkeHome_WebApp)'
[2023-05-31 20:42:28.917 +05:30  INF]  Request finished HTTP/2 POST https://localhost:7047/user/ChangeStatus application/x-www-form-urlencoded;+charset=UTF-8 212 - 200 - application/json;+charset=utf-8 1309.4178ms
[2023-05-31 20:42:28.934 +05:30  INF]  Request starting HTTP/2 GET https://localhost:7047/Dashboard - -
[2023-05-31 20:42:28.935 +05:30  INF]  Executing endpoint 'KopkeHome_WebApp.Controllers.DashboardController.Index (KopkeHome_WebApp)'
[2023-05-31 20:42:28.935 +05:30  INF]  Route matched with {action = "Index", controller = "Dashboard"}. Executing controller action with signature System.Threading.Tasks.Task`1[Microsoft.AspNetCore.Mvc.IActionResult] Index() on controller KopkeHome_WebApp.Controllers.DashboardController (KopkeHome_WebApp).
[2023-05-31 20:42:28.942 +05:30  INF]  Executing ViewResult, running view Index.
[2023-05-31 20:42:28.946 +05:30  INF]  Executed ViewResult - view Index executed in 3.8234ms.
[2023-05-31 20:42:28.946 +05:30  INF]  Executed action KopkeHome_WebApp.Controllers.DashboardController.Index (KopkeHome_WebApp) in 11.1968ms
[2023-05-31 20:42:28.946 +05:30  INF]  Executed endpoint 'KopkeHome_WebApp.Controllers.DashboardController.Index (KopkeHome_WebApp)'
[2023-05-31 20:42:28.948 +05:30  INF]  Request finished HTTP/2 GET https://localhost:7047/Dashboard - - - 200 - text/html;+charset=utf-8 13.3191ms
[2023-05-31 20:42:28.954 +05:30  INF]  Request starting HTTP/2 GET https://localhost:7047/_framework/aspnetcore-browser-refresh.js - -
[2023-05-31 20:42:28.954 +05:30  INF]  Request finished HTTP/2 GET https://localhost:7047/_framework/aspnetcore-browser-refresh.js - - - 200 11950 application/javascript;+charset=utf-8 0.1836ms
[2023-05-31 20:43:41.107 +05:30  INF]  Request starting HTTP/2 GET https://localhost:7047/dashboard/UpdateZipcodeAndCategories - -
[2023-05-31 20:43:41.108 +05:30  INF]  Executing endpoint 'KopkeHome_WebApp.Controllers.DashboardController.UpdateZipcodeAndCategories (KopkeHome_WebApp)'
[2023-05-31 20:43:41.110 +05:30  INF]  Route matched with {action = "UpdateZipcodeAndCategories", controller = "Dashboard"}. Executing controller action with signature System.Threading.Tasks.Task`1[Microsoft.AspNetCore.Mvc.IActionResult] UpdateZipcodeAndCategories() on controller KopkeHome_WebApp.Controllers.DashboardController (KopkeHome_WebApp).
[2023-05-31 20:43:42.901 +05:30  INF]  Executing ViewResult, running view UpdateZipcodeAndCategories.
[2023-05-31 20:43:42.944 +05:30  INF]  Executed ViewResult - view UpdateZipcodeAndCategories executed in 43.3544ms.
[2023-05-31 20:43:42.944 +05:30  INF]  Executed action KopkeHome_WebApp.Controllers.DashboardController.UpdateZipcodeAndCategories (KopkeHome_WebApp) in 1834.7021ms
[2023-05-31 20:43:42.944 +05:30  INF]  Executed endpoint 'KopkeHome_WebApp.Controllers.DashboardController.UpdateZipcodeAndCategories (KopkeHome_WebApp)'
[2023-05-31 20:43:42.953 +05:30  INF]  Request finished HTTP/2 GET https://localhost:7047/dashboard/UpdateZipcodeAndCategories - - - 200 - text/html;+charset=utf-8 1845.8503ms
[2023-05-31 20:43:42.958 +05:30  INF]  Request starting HTTP/2 GET https://localhost:7047/_framework/aspnetcore-browser-refresh.js - -
[2023-05-31 20:43:42.958 +05:30  INF]  Request finished HTTP/2 GET https://localhost:7047/_framework/aspnetcore-browser-refresh.js - - - 200 11950 application/javascript;+charset=utf-8 0.1719ms
[2023-05-31 20:43:43.048 +05:30  INF]  Request starting HTTP/2 GET https://localhost:7047/User/StateList - -
[2023-05-31 20:43:43.049 +05:30  INF]  Executing endpoint 'KopkeHome_WebApp.Controllers.UserController.StateList (KopkeHome_WebApp)'
[2023-05-31 20:43:43.049 +05:30  INF]  Route matched with {action = "StateList", controller = "User"}. Executing controller action with signature System.Threading.Tasks.Task`1[System.Collections.Generic.List`1[KopkeHome_ModelLayer.DataModel.State]] StateList() on controller KopkeHome_WebApp.Controllers.UserController (KopkeHome_WebApp).
[2023-05-31 20:43:43.276 +05:30  INF]  Executing ObjectResult, writing value of type 'System.Collections.Generic.List`1[[KopkeHome_ModelLayer.DataModel.State, KopkeHome-ModelLayer, Version=1.0.0.0, Culture=neutral, PublicKeyToken=null]]'.
[2023-05-31 20:43:43.277 +05:30  INF]  Executed action KopkeHome_WebApp.Controllers.UserController.StateList (KopkeHome_WebApp) in 228.2673ms
[2023-05-31 20:43:43.277 +05:30  INF]  Executed endpoint 'KopkeHome_WebApp.Controllers.UserController.StateList (KopkeHome_WebApp)'
[2023-05-31 20:43:43.278 +05:30  INF]  Request finished HTTP/2 GET https://localhost:7047/User/StateList - - - 200 - application/json;+charset=utf-8 229.3317ms
[2023-05-31 20:43:44.907 +05:30  INF]  Request starting HTTP/2 GET https://localhost:7047/dashboard/ViewMembershipPlan - -
[2023-05-31 20:43:44.912 +05:30  INF]  Executing endpoint 'KopkeHome_WebApp.Controllers.DashboardController.ViewMembershipPlan (KopkeHome_WebApp)'
[2023-05-31 20:43:44.913 +05:30  INF]  Route matched with {action = "ViewMembershipPlan", controller = "Dashboard"}. Executing controller action with signature System.Threading.Tasks.Task`1[Microsoft.AspNetCore.Mvc.IActionResult] ViewMembershipPlan() on controller KopkeHome_WebApp.Controllers.DashboardController (KopkeHome_WebApp).
[2023-05-31 20:43:45.610 +05:30  INF]  Executing ViewResult, running view ViewMembershipPlan.
[2023-05-31 20:43:45.631 +05:30  INF]  Executed ViewResult - view ViewMembershipPlan executed in 20.5173ms.
[2023-05-31 20:43:45.631 +05:30  INF]  Executed action KopkeHome_WebApp.Controllers.DashboardController.ViewMembershipPlan (KopkeHome_WebApp) in 717.198ms
[2023-05-31 20:43:45.631 +05:30  INF]  Executed endpoint 'KopkeHome_WebApp.Controllers.DashboardController.ViewMembershipPlan (KopkeHome_WebApp)'
[2023-05-31 20:43:45.632 +05:30  INF]  Request finished HTTP/2 GET https://localhost:7047/dashboard/ViewMembershipPlan - - - 200 - text/html;+charset=utf-8 725.7482ms
[2023-05-31 20:43:45.642 +05:30  INF]  Request starting HTTP/2 GET https://localhost:7047/_framework/aspnetcore-browser-refresh.js - -
[2023-05-31 20:43:45.642 +05:30  INF]  Request finished HTTP/2 GET https://localhost:7047/_framework/aspnetcore-browser-refresh.js - - - 200 11950 application/javascript;+charset=utf-8 0.1246ms
[2023-05-31 20:43:45.720 +05:30  INF]  Request starting HTTP/2 GET https://localhost:7047/User/StateList - -
[2023-05-31 20:43:45.720 +05:30  INF]  Executing endpoint 'KopkeHome_WebApp.Controllers.UserController.StateList (KopkeHome_WebApp)'
[2023-05-31 20:43:45.720 +05:30  INF]  Route matched with {action = "StateList", controller = "User"}. Executing controller action with signature System.Threading.Tasks.Task`1[System.Collections.Generic.List`1[KopkeHome_ModelLayer.DataModel.State]] StateList() on controller KopkeHome_WebApp.Controllers.UserController (KopkeHome_WebApp).
[2023-05-31 20:43:45.941 +05:30  INF]  Executing ObjectResult, writing value of type 'System.Collections.Generic.List`1[[KopkeHome_ModelLayer.DataModel.State, KopkeHome-ModelLayer, Version=1.0.0.0, Culture=neutral, PublicKeyToken=null]]'.
[2023-05-31 20:43:45.941 +05:30  INF]  Executed action KopkeHome_WebApp.Controllers.UserController.StateList (KopkeHome_WebApp) in 220.9264ms
[2023-05-31 20:43:45.941 +05:30  INF]  Executed endpoint 'KopkeHome_WebApp.Controllers.UserController.StateList (KopkeHome_WebApp)'
[2023-05-31 20:43:45.941 +05:30  INF]  Request finished HTTP/2 GET https://localhost:7047/User/StateList - - - 200 - application/json;+charset=utf-8 221.3127ms
[2023-05-31 20:43:51.746 +05:30  INF]  Request starting HTTP/2 GET https://localhost:7047/dashboard/Resetpassword - -
[2023-05-31 20:43:51.747 +05:30  INF]  Executing endpoint 'KopkeHome_WebApp.Controllers.DashboardController.Resetpassword (KopkeHome_WebApp)'
[2023-05-31 20:43:51.748 +05:30  INF]  Route matched with {action = "Resetpassword", controller = "Dashboard"}. Executing controller action with signature Microsoft.AspNetCore.Mvc.IActionResult Resetpassword() on controller KopkeHome_WebApp.Controllers.DashboardController (KopkeHome_WebApp).
[2023-05-31 20:43:51.749 +05:30  INF]  Executing ViewResult, running view Resetpassword.
[2023-05-31 20:43:51.762 +05:30  INF]  Executed ViewResult - view Resetpassword executed in 13.6787ms.
[2023-05-31 20:43:51.762 +05:30  INF]  Executed action KopkeHome_WebApp.Controllers.DashboardController.Resetpassword (KopkeHome_WebApp) in 14.1402ms
[2023-05-31 20:43:51.762 +05:30  INF]  Executed endpoint 'KopkeHome_WebApp.Controllers.DashboardController.Resetpassword (KopkeHome_WebApp)'
[2023-05-31 20:43:51.763 +05:30  INF]  Request finished HTTP/2 GET https://localhost:7047/dashboard/Resetpassword - - - 200 - text/html;+charset=utf-8 16.8455ms
[2023-05-31 20:43:51.771 +05:30  INF]  Request starting HTTP/2 GET https://localhost:7047/_framework/aspnetcore-browser-refresh.js - -
[2023-05-31 20:43:51.772 +05:30  INF]  Request finished HTTP/2 GET https://localhost:7047/_framework/aspnetcore-browser-refresh.js - - - 200 11950 application/javascript;+charset=utf-8 0.1246ms
[2023-05-31 20:43:51.815 +05:30  INF]  Request starting HTTP/2 GET https://localhost:7047/User/StateList - -
[2023-05-31 20:43:51.816 +05:30  INF]  Executing endpoint 'KopkeHome_WebApp.Controllers.UserController.StateList (KopkeHome_WebApp)'
[2023-05-31 20:43:51.816 +05:30  INF]  Route matched with {action = "StateList", controller = "User"}. Executing controller action with signature System.Threading.Tasks.Task`1[System.Collections.Generic.List`1[KopkeHome_ModelLayer.DataModel.State]] StateList() on controller KopkeHome_WebApp.Controllers.UserController (KopkeHome_WebApp).
[2023-05-31 20:43:52.037 +05:30  INF]  Executing ObjectResult, writing value of type 'System.Collections.Generic.List`1[[KopkeHome_ModelLayer.DataModel.State, KopkeHome-ModelLayer, Version=1.0.0.0, Culture=neutral, PublicKeyToken=null]]'.
[2023-05-31 20:43:52.037 +05:30  INF]  Executed action KopkeHome_WebApp.Controllers.UserController.StateList (KopkeHome_WebApp) in 221.2138ms
[2023-05-31 20:43:52.037 +05:30  INF]  Executed endpoint 'KopkeHome_WebApp.Controllers.UserController.StateList (KopkeHome_WebApp)'
[2023-05-31 20:43:52.037 +05:30  INF]  Request finished HTTP/2 GET https://localhost:7047/User/StateList - - - 200 - application/json;+charset=utf-8 221.8181ms
[2023-05-31 20:43:55.402 +05:30  INF]  Request starting HTTP/2 GET https://localhost:7047/dashboard/Logout - -
[2023-05-31 20:43:55.403 +05:30  INF]  Executing endpoint 'KopkeHome_WebApp.Controllers.DashboardController.Logout (KopkeHome_WebApp)'
[2023-05-31 20:43:55.403 +05:30  INF]  Route matched with {action = "Logout", controller = "Dashboard"}. Executing controller action with signature Microsoft.AspNetCore.Mvc.IActionResult Logout() on controller KopkeHome_WebApp.Controllers.DashboardController (KopkeHome_WebApp).
[2023-05-31 20:43:55.404 +05:30  INF]  Executing RedirectResult, redirecting to /user/signin.
[2023-05-31 20:43:55.404 +05:30  INF]  Executed action KopkeHome_WebApp.Controllers.DashboardController.Logout (KopkeHome_WebApp) in 0.8321ms
[2023-05-31 20:43:55.404 +05:30  INF]  Executed endpoint 'KopkeHome_WebApp.Controllers.DashboardController.Logout (KopkeHome_WebApp)'
[2023-05-31 20:43:55.404 +05:30  INF]  Request finished HTTP/2 GET https://localhost:7047/dashboard/Logout - - - 302 0 - 2.9013ms
[2023-05-31 20:43:55.406 +05:30  INF]  Request starting HTTP/2 GET https://localhost:7047/user/signin - -
[2023-05-31 20:43:55.407 +05:30  INF]  Executing endpoint 'KopkeHome_WebApp.Controllers.UserController.SignIn (KopkeHome_WebApp)'
[2023-05-31 20:43:55.407 +05:30  INF]  Route matched with {action = "SignIn", controller = "User"}. Executing controller action with signature Microsoft.AspNetCore.Mvc.IActionResult SignIn() on controller KopkeHome_WebApp.Controllers.UserController (KopkeHome_WebApp).
[2023-05-31 20:43:55.407 +05:30  INF]  Executing ViewResult, running view SignIn.
[2023-05-31 20:43:55.410 +05:30  INF]  Executed ViewResult - view SignIn executed in 3.7233ms.
[2023-05-31 20:43:55.411 +05:30  INF]  Executed action KopkeHome_WebApp.Controllers.UserController.SignIn (KopkeHome_WebApp) in 3.8638ms
[2023-05-31 20:43:55.411 +05:30  INF]  Executed endpoint 'KopkeHome_WebApp.Controllers.UserController.SignIn (KopkeHome_WebApp)'
[2023-05-31 20:43:55.411 +05:30  INF]  Request finished HTTP/2 GET https://localhost:7047/user/signin - - - 200 - text/html;+charset=utf-8 5.4788ms
[2023-05-31 20:43:55.422 +05:30  INF]  Request starting HTTP/2 GET https://localhost:7047/_framework/aspnetcore-browser-refresh.js - -
[2023-05-31 20:43:55.422 +05:30  INF]  Request finished HTTP/2 GET https://localhost:7047/_framework/aspnetcore-browser-refresh.js - - - 200 11950 application/javascript;+charset=utf-8 0.1714ms
[2023-05-31 20:43:55.445 +05:30  INF]  Request starting HTTP/2 GET https://localhost:7047/User/StateList - -
[2023-05-31 20:43:55.446 +05:30  INF]  Executing endpoint 'KopkeHome_WebApp.Controllers.UserController.StateList (KopkeHome_WebApp)'
[2023-05-31 20:43:55.446 +05:30  INF]  Route matched with {action = "StateList", controller = "User"}. Executing controller action with signature System.Threading.Tasks.Task`1[System.Collections.Generic.List`1[KopkeHome_ModelLayer.DataModel.State]] StateList() on controller KopkeHome_WebApp.Controllers.UserController (KopkeHome_WebApp).
[2023-05-31 20:43:55.670 +05:30  INF]  Executing ObjectResult, writing value of type 'System.Collections.Generic.List`1[[KopkeHome_ModelLayer.DataModel.State, KopkeHome-ModelLayer, Version=1.0.0.0, Culture=neutral, PublicKeyToken=null]]'.
[2023-05-31 20:43:55.670 +05:30  INF]  Executed action KopkeHome_WebApp.Controllers.UserController.StateList (KopkeHome_WebApp) in 224.414ms
[2023-05-31 20:43:55.670 +05:30  INF]  Executed endpoint 'KopkeHome_WebApp.Controllers.UserController.StateList (KopkeHome_WebApp)'
[2023-05-31 20:43:55.670 +05:30  INF]  Request finished HTTP/2 GET https://localhost:7047/User/StateList - - - 200 - application/json;+charset=utf-8 224.9336ms
[2023-05-31 20:43:56.424 +05:30  INF]  Request starting HTTP/2 GET https://localhost:7047/ - -
[2023-05-31 20:43:56.425 +05:30  INF]  Executing endpoint 'KopkeHome_WebApp.Controllers.HomeController.Index (KopkeHome_WebApp)'
[2023-05-31 20:43:56.425 +05:30  INF]  Route matched with {action = "Index", controller = "Home"}. Executing controller action with signature Microsoft.AspNetCore.Mvc.IActionResult Index() on controller KopkeHome_WebApp.Controllers.HomeController (KopkeHome_WebApp).
[2023-05-31 20:43:56.425 +05:30  INF]  Executing ViewResult, running view Index.
[2023-05-31 20:43:56.430 +05:30  INF]  Executed ViewResult - view Index executed in 4.5792ms.
[2023-05-31 20:43:56.430 +05:30  INF]  Executed action KopkeHome_WebApp.Controllers.HomeController.Index (KopkeHome_WebApp) in 4.8876ms
[2023-05-31 20:43:56.430 +05:30  INF]  Executed endpoint 'KopkeHome_WebApp.Controllers.HomeController.Index (KopkeHome_WebApp)'
[2023-05-31 20:43:56.432 +05:30  INF]  Request finished HTTP/2 GET https://localhost:7047/ - - - 200 - text/html;+charset=utf-8 8.3761ms
[2023-05-31 20:43:56.442 +05:30  INF]  Request starting HTTP/2 GET https://localhost:7047/_framework/aspnetcore-browser-refresh.js - -
[2023-05-31 20:43:56.442 +05:30  INF]  Request finished HTTP/2 GET https://localhost:7047/_framework/aspnetcore-browser-refresh.js - - - 200 11950 application/javascript;+charset=utf-8 0.1622ms
[2023-05-31 20:43:56.515 +05:30  INF]  Request starting HTTP/2 GET https://localhost:7047/home/PromoVideos - -
[2023-05-31 20:43:56.516 +05:30  INF]  Request starting HTTP/2 GET https://localhost:7047/home/ProhzLegalFiles - -
[2023-05-31 20:43:56.521 +05:30  INF]  Executing endpoint 'KopkeHome_WebApp.Controllers.HomeController.ProhzLegalFiles (KopkeHome_WebApp)'
[2023-05-31 20:43:56.521 +05:30  INF]  Executing endpoint 'KopkeHome_WebApp.Controllers.HomeController.PromoVideos (KopkeHome_WebApp)'
[2023-05-31 20:43:56.521 +05:30  INF]  Route matched with {action = "ProhzLegalFiles", controller = "Home"}. Executing controller action with signature System.Threading.Tasks.Task`1[Microsoft.AspNetCore.Mvc.IActionResult] ProhzLegalFiles() on controller KopkeHome_WebApp.Controllers.HomeController (KopkeHome_WebApp).
[2023-05-31 20:43:56.521 +05:30  INF]  Route matched with {action = "PromoVideos", controller = "Home"}. Executing controller action with signature System.Threading.Tasks.Task`1[Microsoft.AspNetCore.Mvc.IActionResult] PromoVideos() on controller KopkeHome_WebApp.Controllers.HomeController (KopkeHome_WebApp).
[2023-05-31 20:43:56.779 +05:30  INF]  Executing JsonResult, writing value of type 'null'.
[2023-05-31 20:43:56.779 +05:30  INF]  Executing JsonResult, writing value of type 'System.Collections.Generic.List`1[[KopkeHome_ModelLayer.DataModel.ProhzLegalFiles, KopkeHome-ModelLayer, Version=1.0.0.0, Culture=neutral, PublicKeyToken=null]]'.
[2023-05-31 20:43:56.779 +05:30  INF]  Executed action KopkeHome_WebApp.Controllers.HomeController.PromoVideos (KopkeHome_WebApp) in 257.9599ms
[2023-05-31 20:43:56.779 +05:30  INF]  Executed action KopkeHome_WebApp.Controllers.HomeController.ProhzLegalFiles (KopkeHome_WebApp) in 257.9841ms
[2023-05-31 20:43:56.779 +05:30  INF]  Executed endpoint 'KopkeHome_WebApp.Controllers.HomeController.PromoVideos (KopkeHome_WebApp)'
[2023-05-31 20:43:56.779 +05:30  INF]  Executed endpoint 'KopkeHome_WebApp.Controllers.HomeController.ProhzLegalFiles (KopkeHome_WebApp)'
[2023-05-31 20:43:56.779 +05:30  INF]  Request finished HTTP/2 GET https://localhost:7047/home/PromoVideos - - - 200 - application/json;+charset=utf-8 263.4942ms
[2023-05-31 20:43:56.779 +05:30  INF]  Request finished HTTP/2 GET https://localhost:7047/home/ProhzLegalFiles - - - 200 - application/json;+charset=utf-8 263.0919ms
[2023-05-31 22:11:02.427 +05:30  INF]  Request starting HTTP/2 GET https://localhost:7047/User/SignIn - -
[2023-05-31 22:11:02.432 +05:30  INF]  Executing endpoint 'KopkeHome_WebApp.Controllers.UserController.SignIn (KopkeHome_WebApp)'
[2023-05-31 22:11:02.432 +05:30  INF]  Route matched with {action = "SignIn", controller = "User"}. Executing controller action with signature Microsoft.AspNetCore.Mvc.IActionResult SignIn() on controller KopkeHome_WebApp.Controllers.UserController (KopkeHome_WebApp).
[2023-05-31 22:11:02.433 +05:30  INF]  Executing ViewResult, running view SignIn.
[2023-05-31 22:11:02.438 +05:30  INF]  Executed ViewResult - view SignIn executed in 5.4735ms.
[2023-05-31 22:11:02.438 +05:30  INF]  Executed action KopkeHome_WebApp.Controllers.UserController.SignIn (KopkeHome_WebApp) in 5.6245ms
[2023-05-31 22:11:02.438 +05:30  INF]  Executed endpoint 'KopkeHome_WebApp.Controllers.UserController.SignIn (KopkeHome_WebApp)'
[2023-05-31 22:11:02.438 +05:30  INF]  Accessing expired session, Key:0bc61e17-1234-275e-8c85-259aeda96832
[2023-05-31 22:11:02.441 +05:30  INF]  Request finished HTTP/2 GET https://localhost:7047/User/SignIn - - - 200 - text/html;+charset=utf-8 14.2990ms
[2023-05-31 22:11:02.543 +05:30  INF]  Request starting HTTP/2 GET https://localhost:7047/_framework/aspnetcore-browser-refresh.js - -
[2023-05-31 22:11:02.544 +05:30  INF]  Request finished HTTP/2 GET https://localhost:7047/_framework/aspnetcore-browser-refresh.js - - - 200 11950 application/javascript;+charset=utf-8 0.9613ms
[2023-05-31 22:11:02.546 +05:30  INF]  Request starting HTTP/2 GET https://localhost:7047/css/master.css?v=AdrNldvru6myxoNShyL8L8ofCQvhH-OULgiUqGF1wh8 - -
[2023-05-31 22:11:02.611 +05:30  INF]  The file /css/master.css was not modified
[2023-05-31 22:11:02.612 +05:30  INF]  Request finished HTTP/2 GET https://localhost:7047/css/master.css?v=AdrNldvru6myxoNShyL8L8ofCQvhH-OULgiUqGF1wh8 - - - 304 - text/css 65.3546ms
[2023-05-31 22:11:02.904 +05:30  INF]  Request starting HTTP/2 GET https://localhost:7047/User/StateList - -
[2023-05-31 22:11:02.904 +05:30  INF]  Executing endpoint 'KopkeHome_WebApp.Controllers.UserController.StateList (KopkeHome_WebApp)'
[2023-05-31 22:11:02.904 +05:30  INF]  Route matched with {action = "StateList", controller = "User"}. Executing controller action with signature System.Threading.Tasks.Task`1[System.Collections.Generic.List`1[KopkeHome_ModelLayer.DataModel.State]] StateList() on controller KopkeHome_WebApp.Controllers.UserController (KopkeHome_WebApp).
[2023-05-31 22:11:04.157 +05:30  INF]  Executing ObjectResult, writing value of type 'System.Collections.Generic.List`1[[KopkeHome_ModelLayer.DataModel.State, KopkeHome-ModelLayer, Version=1.0.0.0, Culture=neutral, PublicKeyToken=null]]'.
[2023-05-31 22:11:04.158 +05:30  INF]  Executed action KopkeHome_WebApp.Controllers.UserController.StateList (KopkeHome_WebApp) in 1253.5413ms
[2023-05-31 22:11:04.158 +05:30  INF]  Executed endpoint 'KopkeHome_WebApp.Controllers.UserController.StateList (KopkeHome_WebApp)'
[2023-05-31 22:11:04.158 +05:30  INF]  Accessing expired session, Key:0bc61e17-1234-275e-8c85-259aeda96832
[2023-05-31 22:11:04.158 +05:30  INF]  Request finished HTTP/2 GET https://localhost:7047/User/StateList - - - 200 - application/json;+charset=utf-8 1254.1417ms
[2023-05-31 22:11:05.179 +05:30  INF]  Request starting HTTP/2 POST https://localhost:7047/User/SignIn application/x-www-form-urlencoded 269
[2023-05-31 22:11:05.180 +05:30  INF]  CORS policy execution successful.
[2023-05-31 22:11:05.180 +05:30  INF]  Executing endpoint 'KopkeHome_WebApp.Controllers.UserController.SignIn (KopkeHome_WebApp)'
[2023-05-31 22:11:05.180 +05:30  INF]  Route matched with {action = "SignIn", controller = "User"}. Executing controller action with signature System.Threading.Tasks.Task`1[Microsoft.AspNetCore.Mvc.IActionResult] SignIn(KopkeHome_ModelLayer.SignIn) on controller KopkeHome_WebApp.Controllers.UserController (KopkeHome_WebApp).
[2023-05-31 22:11:05.181 +05:30  INF]  Accessing expired session, Key:0bc61e17-1234-275e-8c85-259aeda96832
[2023-05-31 22:11:08.620 +05:30  INF]  Executing RedirectResult, redirecting to /Dashboard.
[2023-05-31 22:11:08.620 +05:30  INF]  Executed action KopkeHome_WebApp.Controllers.UserController.SignIn (KopkeHome_WebApp) in 3440.0367ms
[2023-05-31 22:11:08.620 +05:30  INF]  Executed endpoint 'KopkeHome_WebApp.Controllers.UserController.SignIn (KopkeHome_WebApp)'
[2023-05-31 22:11:08.620 +05:30  INF]  Session started; Key:0bc61e17-1234-275e-8c85-259aeda96832, Id:ad2fef45-ba8b-381c-b1bc-96e33d4fa418
[2023-05-31 22:11:08.620 +05:30  INF]  Request finished HTTP/2 POST https://localhost:7047/User/SignIn application/x-www-form-urlencoded 269 - 302 0 - 3440.8944ms
[2023-05-31 22:11:08.622 +05:30  INF]  Request starting HTTP/2 GET https://localhost:7047/Dashboard - -
[2023-05-31 22:11:08.623 +05:30  INF]  Executing endpoint 'KopkeHome_WebApp.Controllers.DashboardController.Index (KopkeHome_WebApp)'
[2023-05-31 22:11:08.623 +05:30  INF]  Route matched with {action = "Index", controller = "Dashboard"}. Executing controller action with signature System.Threading.Tasks.Task`1[Microsoft.AspNetCore.Mvc.IActionResult] Index() on controller KopkeHome_WebApp.Controllers.DashboardController (KopkeHome_WebApp).
[2023-05-31 22:11:08.628 +05:30  INF]  Executing ViewResult, running view Index.
[2023-05-31 22:11:08.632 +05:30  INF]  Executed ViewResult - view Index executed in 3.888ms.
[2023-05-31 22:11:08.632 +05:30  INF]  Executed action KopkeHome_WebApp.Controllers.DashboardController.Index (KopkeHome_WebApp) in 9.1613ms
[2023-05-31 22:11:08.632 +05:30  INF]  Executed endpoint 'KopkeHome_WebApp.Controllers.DashboardController.Index (KopkeHome_WebApp)'
[2023-05-31 22:11:08.633 +05:30  INF]  Request finished HTTP/2 GET https://localhost:7047/Dashboard - - - 200 - text/html;+charset=utf-8 11.0484ms
[2023-05-31 22:11:09.117 +05:30  INF]  Request starting HTTP/2 GET https://localhost:7047/_framework/aspnetcore-browser-refresh.js - -
[2023-05-31 22:11:09.117 +05:30  INF]  Request finished HTTP/2 GET https://localhost:7047/_framework/aspnetcore-browser-refresh.js - - - 200 11950 application/javascript;+charset=utf-8 0.3068ms
[2023-05-31 22:11:09.295 +05:30  INF]  Request starting HTTP/2 GET https://localhost:7047/images/sort_both.png - -
[2023-05-31 22:11:09.295 +05:30  INF]  Request starting HTTP/2 GET https://localhost:7047/images/sort_asc.png - -
[2023-05-31 22:11:09.295 +05:30  INF]  Request finished HTTP/2 GET https://localhost:7047/images/sort_asc.png - - - 404 0 - 0.2672ms
[2023-05-31 22:11:09.295 +05:30  INF]  Request finished HTTP/2 GET https://localhost:7047/images/sort_both.png - - - 404 0 - 0.3056ms
