[2023-06-20 15:21:23.559 +05:30  INF]  User profile is available. Using 'C:\Users\arshadm\AppData\Local\ASP.NET\DataProtection-Keys' as key repository and Windows DPAPI to encrypt keys at rest.
[2023-06-20 15:21:23.763 +05:30  INF]  Now listening on: https://localhost:7047
[2023-06-20 15:21:23.764 +05:30  INF]  Now listening on: http://localhost:5047
[2023-06-20 15:21:23.766 +05:30  INF]  Application started. Press Ctrl+C to shut down.
[2023-06-20 15:21:23.766 +05:30  INF]  Hosting environment: Development
[2023-06-20 15:21:23.766 +05:30  INF]  Content root path: D:\Arshad Backup\Backup\KopkeHome-FMRS\KopkeHome-FMRS\KopkeHome-WebApp\
[2023-06-20 15:21:26.389 +05:30  INF]  Request starting HTTP/2 GET https://localhost:7047/ - -
[2023-06-20 15:21:26.493 +05:30  INF]  Executing endpoint 'KopkeHome_WebApp.Controllers.HomeController.Index (KopkeHome_WebApp)'
[2023-06-20 15:21:26.502 +05:30  INF]  Route matched with {action = "Index", controller = "Home"}. Executing controller action with signature Microsoft.AspNetCore.Mvc.IActionResult Index() on controller KopkeHome_WebApp.Controllers.HomeController (KopkeHome_WebApp).
[2023-06-20 15:21:27.036 +05:30  INF]  Executing ViewResult, running view Index.
[2023-06-20 15:21:27.514 +05:30  INF]  Executed ViewResult - view Index executed in 480.3609ms.
[2023-06-20 15:21:27.517 +05:30  INF]  Executed action KopkeHome_WebApp.Controllers.HomeController.Index (KopkeHome_WebApp) in 1014.4778ms
[2023-06-20 15:21:27.517 +05:30  INF]  Executed endpoint 'KopkeHome_WebApp.Controllers.HomeController.Index (KopkeHome_WebApp)'
[2023-06-20 15:21:27.543 +05:30  INF]  Request finished HTTP/2 GET https://localhost:7047/ - - - 200 - text/html;+charset=utf-8 1156.3520ms
[2023-06-20 15:21:27.874 +05:30  INF]  Request starting HTTP/2 GET https://localhost:7047/_framework/aspnetcore-browser-refresh.js - -
[2023-06-20 15:21:27.877 +05:30  INF]  Request finished HTTP/2 GET https://localhost:7047/_framework/aspnetcore-browser-refresh.js - - - 200 11950 application/javascript;+charset=utf-8 2.9279ms
[2023-06-20 15:21:28.225 +05:30  INF]  Request starting HTTP/2 GET https://localhost:7047/home/PromoVideos - -
[2023-06-20 15:21:28.225 +05:30  INF]  Request starting HTTP/2 GET https://localhost:7047/home/ProhzLegalFiles - -
[2023-06-20 15:21:28.227 +05:30  INF]  Executing endpoint 'KopkeHome_WebApp.Controllers.HomeController.PromoVideos (KopkeHome_WebApp)'
[2023-06-20 15:21:28.227 +05:30  INF]  Executing endpoint 'KopkeHome_WebApp.Controllers.HomeController.ProhzLegalFiles (KopkeHome_WebApp)'
[2023-06-20 15:21:28.230 +05:30  INF]  Route matched with {action = "ProhzLegalFiles", controller = "Home"}. Executing controller action with signature System.Threading.Tasks.Task`1[Microsoft.AspNetCore.Mvc.IActionResult] ProhzLegalFiles() on controller KopkeHome_WebApp.Controllers.HomeController (KopkeHome_WebApp).
[2023-06-20 15:21:28.230 +05:30  INF]  Route matched with {action = "PromoVideos", controller = "Home"}. Executing controller action with signature System.Threading.Tasks.Task`1[Microsoft.AspNetCore.Mvc.IActionResult] PromoVideos() on controller KopkeHome_WebApp.Controllers.HomeController (KopkeHome_WebApp).
[2023-06-20 15:21:34.139 +05:30  INF]  Executing JsonResult, writing value of type 'System.Collections.Generic.List`1[[KopkeHome_ModelLayer.DataModel.ProhzLegalFiles, KopkeHome-ModelLayer, Version=1.0.0.0, Culture=neutral, PublicKeyToken=null]]'.
[2023-06-20 15:21:34.141 +05:30  INF]  Executed action KopkeHome_WebApp.Controllers.HomeController.ProhzLegalFiles (KopkeHome_WebApp) in 5910.7696ms
[2023-06-20 15:21:34.141 +05:30  INF]  Executed endpoint 'KopkeHome_WebApp.Controllers.HomeController.ProhzLegalFiles (KopkeHome_WebApp)'
[2023-06-20 15:21:34.141 +05:30  INF]  Request finished HTTP/2 GET https://localhost:7047/home/ProhzLegalFiles - - - 200 - application/json;+charset=utf-8 5915.9074ms
[2023-06-20 15:21:34.663 +05:30  INF]  Executing JsonResult, writing value of type 'null'.
[2023-06-20 15:21:34.664 +05:30  INF]  Executed action KopkeHome_WebApp.Controllers.HomeController.PromoVideos (KopkeHome_WebApp) in 6433.723ms
[2023-06-20 15:21:34.664 +05:30  INF]  Executed endpoint 'KopkeHome_WebApp.Controllers.HomeController.PromoVideos (KopkeHome_WebApp)'
[2023-06-20 15:21:34.664 +05:30  INF]  Request finished HTTP/2 GET https://localhost:7047/home/PromoVideos - - - 200 - application/json;+charset=utf-8 6439.0188ms
[2023-06-20 15:21:47.924 +05:30  INF]  Request starting HTTP/2 GET https://localhost:7047/ - -
[2023-06-20 15:21:47.925 +05:30  INF]  Executing endpoint 'KopkeHome_WebApp.Controllers.HomeController.Index (KopkeHome_WebApp)'
[2023-06-20 15:21:47.925 +05:30  INF]  Route matched with {action = "Index", controller = "Home"}. Executing controller action with signature Microsoft.AspNetCore.Mvc.IActionResult Index() on controller KopkeHome_WebApp.Controllers.HomeController (KopkeHome_WebApp).
[2023-06-20 15:21:47.925 +05:30  INF]  Executing ViewResult, running view Index.
[2023-06-20 15:21:47.950 +05:30  INF]  Executed ViewResult - view Index executed in 24.4874ms.
[2023-06-20 15:21:47.950 +05:30  INF]  Executed action KopkeHome_WebApp.Controllers.HomeController.Index (KopkeHome_WebApp) in 24.7968ms
[2023-06-20 15:21:47.950 +05:30  INF]  Executed endpoint 'KopkeHome_WebApp.Controllers.HomeController.Index (KopkeHome_WebApp)'
[2023-06-20 15:21:47.953 +05:30  INF]  Request finished HTTP/2 GET https://localhost:7047/ - - - 200 - text/html;+charset=utf-8 28.9079ms
[2023-06-20 15:21:47.963 +05:30  INF]  Request starting HTTP/2 GET https://localhost:7047/_framework/aspnetcore-browser-refresh.js - -
[2023-06-20 15:21:47.964 +05:30  INF]  Request finished HTTP/2 GET https://localhost:7047/_framework/aspnetcore-browser-refresh.js - - - 200 11950 application/javascript;+charset=utf-8 0.5112ms
[2023-06-20 15:21:48.039 +05:30  INF]  Request starting HTTP/2 GET https://localhost:7047/home/PromoVideos - -
[2023-06-20 15:21:48.039 +05:30  INF]  Request starting HTTP/2 GET https://localhost:7047/home/ProhzLegalFiles - -
[2023-06-20 15:21:48.044 +05:30  INF]  Executing endpoint 'KopkeHome_WebApp.Controllers.HomeController.ProhzLegalFiles (KopkeHome_WebApp)'
[2023-06-20 15:21:48.044 +05:30  INF]  Executing endpoint 'KopkeHome_WebApp.Controllers.HomeController.PromoVideos (KopkeHome_WebApp)'
[2023-06-20 15:21:48.044 +05:30  INF]  Route matched with {action = "PromoVideos", controller = "Home"}. Executing controller action with signature System.Threading.Tasks.Task`1[Microsoft.AspNetCore.Mvc.IActionResult] PromoVideos() on controller KopkeHome_WebApp.Controllers.HomeController (KopkeHome_WebApp).
[2023-06-20 15:21:48.044 +05:30  INF]  Route matched with {action = "ProhzLegalFiles", controller = "Home"}. Executing controller action with signature System.Threading.Tasks.Task`1[Microsoft.AspNetCore.Mvc.IActionResult] ProhzLegalFiles() on controller KopkeHome_WebApp.Controllers.HomeController (KopkeHome_WebApp).
[2023-06-20 15:21:48.340 +05:30  INF]  Executing JsonResult, writing value of type 'System.Collections.Generic.List`1[[KopkeHome_ModelLayer.DataModel.ProhzLegalFiles, KopkeHome-ModelLayer, Version=1.0.0.0, Culture=neutral, PublicKeyToken=null]]'.
[2023-06-20 15:21:48.340 +05:30  INF]  Executed action KopkeHome_WebApp.Controllers.HomeController.ProhzLegalFiles (KopkeHome_WebApp) in 296.3847ms
[2023-06-20 15:21:48.341 +05:30  INF]  Executed endpoint 'KopkeHome_WebApp.Controllers.HomeController.ProhzLegalFiles (KopkeHome_WebApp)'
[2023-06-20 15:21:48.341 +05:30  INF]  Request finished HTTP/2 GET https://localhost:7047/home/ProhzLegalFiles - - - 200 - application/json;+charset=utf-8 301.7515ms
[2023-06-20 15:21:48.341 +05:30  INF]  Executing JsonResult, writing value of type 'null'.
[2023-06-20 15:21:48.341 +05:30  INF]  Executed action KopkeHome_WebApp.Controllers.HomeController.PromoVideos (KopkeHome_WebApp) in 297.2662ms
[2023-06-20 15:21:48.341 +05:30  INF]  Executed endpoint 'KopkeHome_WebApp.Controllers.HomeController.PromoVideos (KopkeHome_WebApp)'
[2023-06-20 15:21:48.342 +05:30  INF]  Request finished HTTP/2 GET https://localhost:7047/home/PromoVideos - - - 200 - application/json;+charset=utf-8 302.7534ms
[2023-06-20 15:21:48.594 +05:30  INF]  Request starting HTTP/2 GET https://localhost:7047/ - -
[2023-06-20 15:21:48.595 +05:30  INF]  Executing endpoint 'KopkeHome_WebApp.Controllers.HomeController.Index (KopkeHome_WebApp)'
[2023-06-20 15:21:48.595 +05:30  INF]  Route matched with {action = "Index", controller = "Home"}. Executing controller action with signature Microsoft.AspNetCore.Mvc.IActionResult Index() on controller KopkeHome_WebApp.Controllers.HomeController (KopkeHome_WebApp).
[2023-06-20 15:21:48.595 +05:30  INF]  Executing ViewResult, running view Index.
[2023-06-20 15:21:48.598 +05:30  INF]  Executed ViewResult - view Index executed in 3.7535ms.
[2023-06-20 15:21:48.598 +05:30  INF]  Executed action KopkeHome_WebApp.Controllers.HomeController.Index (KopkeHome_WebApp) in 3.8793ms
[2023-06-20 15:21:48.599 +05:30  INF]  Executed endpoint 'KopkeHome_WebApp.Controllers.HomeController.Index (KopkeHome_WebApp)'
[2023-06-20 15:21:48.601 +05:30  INF]  Request finished HTTP/2 GET https://localhost:7047/ - - - 200 - text/html;+charset=utf-8 6.6334ms
[2023-06-20 15:21:48.608 +05:30  INF]  Request starting HTTP/2 GET https://localhost:7047/_framework/aspnetcore-browser-refresh.js - -
[2023-06-20 15:21:48.609 +05:30  INF]  Request finished HTTP/2 GET https://localhost:7047/_framework/aspnetcore-browser-refresh.js - - - 200 11950 application/javascript;+charset=utf-8 0.1963ms
[2023-06-20 15:21:48.646 +05:30  INF]  Request starting HTTP/2 GET https://localhost:7047/home/ProhzLegalFiles - -
[2023-06-20 15:21:48.646 +05:30  INF]  Request starting HTTP/2 GET https://localhost:7047/home/PromoVideos - -
[2023-06-20 15:21:48.647 +05:30  INF]  Executing endpoint 'KopkeHome_WebApp.Controllers.HomeController.PromoVideos (KopkeHome_WebApp)'
[2023-06-20 15:21:48.647 +05:30  INF]  Executing endpoint 'KopkeHome_WebApp.Controllers.HomeController.ProhzLegalFiles (KopkeHome_WebApp)'
[2023-06-20 15:21:48.647 +05:30  INF]  Route matched with {action = "PromoVideos", controller = "Home"}. Executing controller action with signature System.Threading.Tasks.Task`1[Microsoft.AspNetCore.Mvc.IActionResult] PromoVideos() on controller KopkeHome_WebApp.Controllers.HomeController (KopkeHome_WebApp).
[2023-06-20 15:21:48.647 +05:30  INF]  Route matched with {action = "ProhzLegalFiles", controller = "Home"}. Executing controller action with signature System.Threading.Tasks.Task`1[Microsoft.AspNetCore.Mvc.IActionResult] ProhzLegalFiles() on controller KopkeHome_WebApp.Controllers.HomeController (KopkeHome_WebApp).
[2023-06-20 15:21:48.762 +05:30  INF]  Request starting HTTP/2 GET https://localhost:7047/ - -
[2023-06-20 15:21:48.762 +05:30  INF]  Executing endpoint 'KopkeHome_WebApp.Controllers.HomeController.Index (KopkeHome_WebApp)'
[2023-06-20 15:21:48.762 +05:30  INF]  Route matched with {action = "Index", controller = "Home"}. Executing controller action with signature Microsoft.AspNetCore.Mvc.IActionResult Index() on controller KopkeHome_WebApp.Controllers.HomeController (KopkeHome_WebApp).
[2023-06-20 15:21:48.762 +05:30  INF]  Executing ViewResult, running view Index.
[2023-06-20 15:21:48.767 +05:30  INF]  Executed ViewResult - view Index executed in 5.0186ms.
[2023-06-20 15:21:48.767 +05:30  INF]  Executed action KopkeHome_WebApp.Controllers.HomeController.Index (KopkeHome_WebApp) in 5.1654ms
[2023-06-20 15:21:48.767 +05:30  INF]  Executed endpoint 'KopkeHome_WebApp.Controllers.HomeController.Index (KopkeHome_WebApp)'
[2023-06-20 15:21:48.770 +05:30  INF]  Request finished HTTP/2 GET https://localhost:7047/ - - - 200 - text/html;+charset=utf-8 8.4010ms
[2023-06-20 15:21:48.780 +05:30  INF]  Request starting HTTP/2 GET https://localhost:7047/_framework/aspnetcore-browser-refresh.js - -
[2023-06-20 15:21:48.780 +05:30  INF]  Request finished HTTP/2 GET https://localhost:7047/_framework/aspnetcore-browser-refresh.js - - - 200 11950 application/javascript;+charset=utf-8 0.3426ms
[2023-06-20 15:21:48.823 +05:30  INF]  Request starting HTTP/2 GET https://localhost:7047/home/PromoVideos - -
[2023-06-20 15:21:48.823 +05:30  INF]  Request starting HTTP/2 GET https://localhost:7047/home/ProhzLegalFiles - -
[2023-06-20 15:21:48.823 +05:30  INF]  Executing endpoint 'KopkeHome_WebApp.Controllers.HomeController.ProhzLegalFiles (KopkeHome_WebApp)'
[2023-06-20 15:21:48.823 +05:30  INF]  Executing endpoint 'KopkeHome_WebApp.Controllers.HomeController.PromoVideos (KopkeHome_WebApp)'
[2023-06-20 15:21:48.823 +05:30  INF]  Route matched with {action = "ProhzLegalFiles", controller = "Home"}. Executing controller action with signature System.Threading.Tasks.Task`1[Microsoft.AspNetCore.Mvc.IActionResult] ProhzLegalFiles() on controller KopkeHome_WebApp.Controllers.HomeController (KopkeHome_WebApp).
[2023-06-20 15:21:48.823 +05:30  INF]  Route matched with {action = "PromoVideos", controller = "Home"}. Executing controller action with signature System.Threading.Tasks.Task`1[Microsoft.AspNetCore.Mvc.IActionResult] PromoVideos() on controller KopkeHome_WebApp.Controllers.HomeController (KopkeHome_WebApp).
[2023-06-20 15:21:48.882 +05:30  INF]  Executing JsonResult, writing value of type 'null'.
[2023-06-20 15:21:48.883 +05:30  INF]  Executing JsonResult, writing value of type 'System.Collections.Generic.List`1[[KopkeHome_ModelLayer.DataModel.ProhzLegalFiles, KopkeHome-ModelLayer, Version=1.0.0.0, Culture=neutral, PublicKeyToken=null]]'.
[2023-06-20 15:21:48.924 +05:30  INF]  Executed action KopkeHome_WebApp.Controllers.HomeController.PromoVideos (KopkeHome_WebApp) in 277.3693ms
[2023-06-20 15:21:48.924 +05:30  INF]  Executed action KopkeHome_WebApp.Controllers.HomeController.ProhzLegalFiles (KopkeHome_WebApp) in 277.3588ms
[2023-06-20 15:21:48.924 +05:30  INF]  Executed endpoint 'KopkeHome_WebApp.Controllers.HomeController.PromoVideos (KopkeHome_WebApp)'
[2023-06-20 15:21:48.924 +05:30  INF]  Executed endpoint 'KopkeHome_WebApp.Controllers.HomeController.ProhzLegalFiles (KopkeHome_WebApp)'
[2023-06-20 15:21:48.924 +05:30  INF]  Request finished HTTP/2 GET https://localhost:7047/home/PromoVideos - - - 0 - application/json;+charset=utf-8 278.2036ms
[2023-06-20 15:21:48.924 +05:30  INF]  Request finished HTTP/2 GET https://localhost:7047/home/ProhzLegalFiles - - - 0 - application/json;+charset=utf-8 278.2004ms
[2023-06-20 15:21:48.942 +05:30  INF]  Request starting HTTP/2 GET https://localhost:7047/ - -
[2023-06-20 15:21:48.943 +05:30  INF]  Executing endpoint 'KopkeHome_WebApp.Controllers.HomeController.Index (KopkeHome_WebApp)'
[2023-06-20 15:21:48.943 +05:30  INF]  Route matched with {action = "Index", controller = "Home"}. Executing controller action with signature Microsoft.AspNetCore.Mvc.IActionResult Index() on controller KopkeHome_WebApp.Controllers.HomeController (KopkeHome_WebApp).
[2023-06-20 15:21:48.943 +05:30  INF]  Executing ViewResult, running view Index.
[2023-06-20 15:21:48.946 +05:30  INF]  Executed ViewResult - view Index executed in 3.5155ms.
[2023-06-20 15:21:48.946 +05:30  INF]  Executed action KopkeHome_WebApp.Controllers.HomeController.Index (KopkeHome_WebApp) in 3.6208ms
[2023-06-20 15:21:48.946 +05:30  INF]  Executed endpoint 'KopkeHome_WebApp.Controllers.HomeController.Index (KopkeHome_WebApp)'
[2023-06-20 15:21:48.949 +05:30  INF]  Request finished HTTP/2 GET https://localhost:7047/ - - - 200 - text/html;+charset=utf-8 6.4159ms
[2023-06-20 15:21:48.958 +05:30  INF]  Request starting HTTP/2 GET https://localhost:7047/_framework/aspnetcore-browser-refresh.js - -
[2023-06-20 15:21:48.958 +05:30  INF]  Request finished HTTP/2 GET https://localhost:7047/_framework/aspnetcore-browser-refresh.js - - - 200 11950 application/javascript;+charset=utf-8 0.3303ms
[2023-06-20 15:21:48.991 +05:30  INF]  Request starting HTTP/2 GET https://localhost:7047/home/PromoVideos - -
[2023-06-20 15:21:48.991 +05:30  INF]  Request starting HTTP/2 GET https://localhost:7047/home/ProhzLegalFiles - -
[2023-06-20 15:21:48.992 +05:30  INF]  Executing endpoint 'KopkeHome_WebApp.Controllers.HomeController.ProhzLegalFiles (KopkeHome_WebApp)'
[2023-06-20 15:21:48.992 +05:30  INF]  Executing endpoint 'KopkeHome_WebApp.Controllers.HomeController.PromoVideos (KopkeHome_WebApp)'
[2023-06-20 15:21:48.992 +05:30  INF]  Route matched with {action = "ProhzLegalFiles", controller = "Home"}. Executing controller action with signature System.Threading.Tasks.Task`1[Microsoft.AspNetCore.Mvc.IActionResult] ProhzLegalFiles() on controller KopkeHome_WebApp.Controllers.HomeController (KopkeHome_WebApp).
[2023-06-20 15:21:48.992 +05:30  INF]  Route matched with {action = "PromoVideos", controller = "Home"}. Executing controller action with signature System.Threading.Tasks.Task`1[Microsoft.AspNetCore.Mvc.IActionResult] PromoVideos() on controller KopkeHome_WebApp.Controllers.HomeController (KopkeHome_WebApp).
[2023-06-20 15:21:49.239 +05:30  INF]  Executing JsonResult, writing value of type 'null'.
[2023-06-20 15:21:49.239 +05:30  INF]  Executed action KopkeHome_WebApp.Controllers.HomeController.PromoVideos (KopkeHome_WebApp) in 247.3652ms
[2023-06-20 15:21:49.239 +05:30  INF]  Executed endpoint 'KopkeHome_WebApp.Controllers.HomeController.PromoVideos (KopkeHome_WebApp)'
[2023-06-20 15:21:49.239 +05:30  INF]  Executing JsonResult, writing value of type 'System.Collections.Generic.List`1[[KopkeHome_ModelLayer.DataModel.ProhzLegalFiles, KopkeHome-ModelLayer, Version=1.0.0.0, Culture=neutral, PublicKeyToken=null]]'.
[2023-06-20 15:21:49.239 +05:30  INF]  Request finished HTTP/2 GET https://localhost:7047/home/PromoVideos - - - 200 - application/json;+charset=utf-8 248.0825ms
[2023-06-20 15:21:49.239 +05:30  INF]  Executed action KopkeHome_WebApp.Controllers.HomeController.ProhzLegalFiles (KopkeHome_WebApp) in 247.6483ms
[2023-06-20 15:21:49.239 +05:30  INF]  Executed endpoint 'KopkeHome_WebApp.Controllers.HomeController.ProhzLegalFiles (KopkeHome_WebApp)'
[2023-06-20 15:21:49.239 +05:30  INF]  Request finished HTTP/2 GET https://localhost:7047/home/ProhzLegalFiles - - - 200 - application/json;+charset=utf-8 248.0465ms
[2023-06-20 15:21:49.954 +05:30  INF]  Executing JsonResult, writing value of type 'System.Collections.Generic.List`1[[KopkeHome_ModelLayer.DataModel.ProhzLegalFiles, KopkeHome-ModelLayer, Version=1.0.0.0, Culture=neutral, PublicKeyToken=null]]'.
[2023-06-20 15:21:49.955 +05:30  INF]  Executed action KopkeHome_WebApp.Controllers.HomeController.ProhzLegalFiles (KopkeHome_WebApp) in 1131.0959ms
[2023-06-20 15:21:49.955 +05:30  INF]  Executed endpoint 'KopkeHome_WebApp.Controllers.HomeController.ProhzLegalFiles (KopkeHome_WebApp)'
[2023-06-20 15:21:49.955 +05:30  INF]  Request finished HTTP/2 GET https://localhost:7047/home/ProhzLegalFiles - - - 0 - application/json;+charset=utf-8 1131.5183ms
[2023-06-20 15:21:49.964 +05:30  INF]  Executing JsonResult, writing value of type 'null'.
[2023-06-20 15:21:49.964 +05:30  INF]  Executed action KopkeHome_WebApp.Controllers.HomeController.PromoVideos (KopkeHome_WebApp) in 1140.7966ms
[2023-06-20 15:21:49.964 +05:30  INF]  Executed endpoint 'KopkeHome_WebApp.Controllers.HomeController.PromoVideos (KopkeHome_WebApp)'
[2023-06-20 15:21:49.964 +05:30  INF]  Request finished HTTP/2 GET https://localhost:7047/home/PromoVideos - - - 0 - application/json;+charset=utf-8 1141.3051ms
[2023-06-20 15:21:54.841 +05:30  INF]  Request starting HTTP/2 GET https://localhost:7047/User/SignIn - -
[2023-06-20 15:21:54.841 +05:30  INF]  Executing endpoint 'KopkeHome_WebApp.Controllers.UserController.SignIn (KopkeHome_WebApp)'
[2023-06-20 15:21:54.843 +05:30  INF]  Route matched with {action = "SignIn", controller = "User"}. Executing controller action with signature Microsoft.AspNetCore.Mvc.IActionResult SignIn() on controller KopkeHome_WebApp.Controllers.UserController (KopkeHome_WebApp).
[2023-06-20 15:21:54.985 +05:30  INF]  Executing ViewResult, running view SignIn.
[2023-06-20 15:21:55.101 +05:30  INF]  Executed ViewResult - view SignIn executed in 116.6179ms.
[2023-06-20 15:21:55.101 +05:30  INF]  Executed action KopkeHome_WebApp.Controllers.UserController.SignIn (KopkeHome_WebApp) in 258.5332ms
[2023-06-20 15:21:55.101 +05:30  INF]  Executed endpoint 'KopkeHome_WebApp.Controllers.UserController.SignIn (KopkeHome_WebApp)'
[2023-06-20 15:21:55.102 +05:30  INF]  Request finished HTTP/2 GET https://localhost:7047/User/SignIn - - - 200 - text/html;+charset=utf-8 261.6696ms
[2023-06-20 15:21:55.149 +05:30  INF]  Request starting HTTP/2 GET https://localhost:7047/_framework/aspnetcore-browser-refresh.js - -
[2023-06-20 15:21:55.149 +05:30  INF]  Request finished HTTP/2 GET https://localhost:7047/_framework/aspnetcore-browser-refresh.js - - - 200 11950 application/javascript;+charset=utf-8 0.1103ms
[2023-06-20 15:21:55.154 +05:30  INF]  Request starting HTTP/2 GET https://localhost:7047/js/custom.js?v=1aC142VqxRCgIYcgzspiYsmBbxghDOPRHkhCLqY9Ncg - -
[2023-06-20 15:21:55.157 +05:30  INF]  The file /js/custom.js was not modified
[2023-06-20 15:21:55.157 +05:30  INF]  Request finished HTTP/2 GET https://localhost:7047/js/custom.js?v=1aC142VqxRCgIYcgzspiYsmBbxghDOPRHkhCLqY9Ncg - - - 304 - application/javascript 3.3323ms
[2023-06-20 15:21:55.177 +05:30  INF]  Request starting HTTP/2 GET https://localhost:7047/css/responsive.css?v=t84IkLOJ5UNOy2kUBlzjqbeEELi2GguyDf9OYbVomok - -
[2023-06-20 15:21:55.177 +05:30  INF]  Request starting HTTP/2 GET https://localhost:7047/js/ValidateForms.js?v=jPBpqFRmzi1loutYjAONoNUkHrHxIfTmGRmdAz6mPgc - -
[2023-06-20 15:21:55.177 +05:30  INF]  Request starting HTTP/2 GET https://localhost:7047/js/popper.min.js - -
[2023-06-20 15:21:55.177 +05:30  INF]  The file /js/popper.min.js was not modified
[2023-06-20 15:21:55.177 +05:30  INF]  The file /css/responsive.css was not modified
[2023-06-20 15:21:55.177 +05:30  INF]  The file /js/ValidateForms.js was not modified
[2023-06-20 15:21:55.178 +05:30  INF]  Request finished HTTP/2 GET https://localhost:7047/js/popper.min.js - - - 304 - application/javascript 0.2812ms
[2023-06-20 15:21:55.178 +05:30  INF]  Request finished HTTP/2 GET https://localhost:7047/css/responsive.css?v=t84IkLOJ5UNOy2kUBlzjqbeEELi2GguyDf9OYbVomok - - - 304 - text/css 0.9849ms
[2023-06-20 15:21:55.178 +05:30  INF]  Request finished HTTP/2 GET https://localhost:7047/js/ValidateForms.js?v=jPBpqFRmzi1loutYjAONoNUkHrHxIfTmGRmdAz6mPgc - - - 304 - application/javascript 0.8294ms
[2023-06-20 15:21:55.201 +05:30  INF]  Request starting HTTP/2 GET https://localhost:7047/js/jquery.min.js - -
[2023-06-20 15:21:55.201 +05:30  INF]  The file /js/jquery.min.js was not modified
[2023-06-20 15:21:55.201 +05:30  INF]  Request finished HTTP/2 GET https://localhost:7047/js/jquery.min.js - - - 304 - application/javascript 0.4194ms
[2023-06-20 15:21:55.221 +05:30  INF]  Request starting HTTP/2 GET https://localhost:7047/js/bootstrap.bundle.min.js - -
[2023-06-20 15:21:55.221 +05:30  INF]  The file /js/bootstrap.bundle.min.js was not modified
[2023-06-20 15:21:55.221 +05:30  INF]  Request finished HTTP/2 GET https://localhost:7047/js/bootstrap.bundle.min.js - - - 304 - application/javascript 0.4975ms
[2023-06-20 15:21:55.616 +05:30  INF]  Request starting HTTP/2 GET https://localhost:7047/User/StateList - -
[2023-06-20 15:21:55.618 +05:30  INF]  Executing endpoint 'KopkeHome_WebApp.Controllers.UserController.StateList (KopkeHome_WebApp)'
[2023-06-20 15:21:55.621 +05:30  INF]  Route matched with {action = "StateList", controller = "User"}. Executing controller action with signature System.Threading.Tasks.Task`1[System.Collections.Generic.List`1[KopkeHome_ModelLayer.DataModel.State]] StateList() on controller KopkeHome_WebApp.Controllers.UserController (KopkeHome_WebApp).
[2023-06-20 15:21:56.190 +05:30  INF]  Executing ObjectResult, writing value of type 'System.Collections.Generic.List`1[[KopkeHome_ModelLayer.DataModel.State, KopkeHome-ModelLayer, Version=1.0.0.0, Culture=neutral, PublicKeyToken=null]]'.
[2023-06-20 15:21:56.192 +05:30  INF]  Executed action KopkeHome_WebApp.Controllers.UserController.StateList (KopkeHome_WebApp) in 570.3487ms
[2023-06-20 15:21:56.192 +05:30  INF]  Executed endpoint 'KopkeHome_WebApp.Controllers.UserController.StateList (KopkeHome_WebApp)'
[2023-06-20 15:21:56.192 +05:30  INF]  Request finished HTTP/2 GET https://localhost:7047/User/StateList - - - 200 - application/json;+charset=utf-8 575.8536ms
[2023-06-20 15:21:56.857 +05:30  INF]  Request starting HTTP/2 GET https://localhost:7047/ - -
[2023-06-20 15:21:56.858 +05:30  INF]  Executing endpoint 'KopkeHome_WebApp.Controllers.HomeController.Index (KopkeHome_WebApp)'
[2023-06-20 15:21:56.858 +05:30  INF]  Route matched with {action = "Index", controller = "Home"}. Executing controller action with signature Microsoft.AspNetCore.Mvc.IActionResult Index() on controller KopkeHome_WebApp.Controllers.HomeController (KopkeHome_WebApp).
[2023-06-20 15:21:56.858 +05:30  INF]  Executing ViewResult, running view Index.
[2023-06-20 15:21:56.864 +05:30  INF]  Executed ViewResult - view Index executed in 6.0913ms.
[2023-06-20 15:21:56.864 +05:30  INF]  Executed action KopkeHome_WebApp.Controllers.HomeController.Index (KopkeHome_WebApp) in 6.2444ms
[2023-06-20 15:21:56.864 +05:30  INF]  Executed endpoint 'KopkeHome_WebApp.Controllers.HomeController.Index (KopkeHome_WebApp)'
[2023-06-20 15:21:56.867 +05:30  INF]  Request finished HTTP/2 GET https://localhost:7047/ - - - 200 - text/html;+charset=utf-8 9.7052ms
[2023-06-20 15:21:56.874 +05:30  INF]  Request starting HTTP/2 GET https://localhost:7047/_framework/aspnetcore-browser-refresh.js - -
[2023-06-20 15:21:56.875 +05:30  INF]  Request finished HTTP/2 GET https://localhost:7047/_framework/aspnetcore-browser-refresh.js - - - 200 11950 application/javascript;+charset=utf-8 0.2203ms
[2023-06-20 15:21:56.905 +05:30  INF]  Request starting HTTP/2 GET https://localhost:7047/home/ProhzLegalFiles - -
[2023-06-20 15:21:56.905 +05:30  INF]  Request starting HTTP/2 GET https://localhost:7047/home/PromoVideos - -
[2023-06-20 15:21:56.906 +05:30  INF]  Executing endpoint 'KopkeHome_WebApp.Controllers.HomeController.ProhzLegalFiles (KopkeHome_WebApp)'
[2023-06-20 15:21:56.906 +05:30  INF]  Executing endpoint 'KopkeHome_WebApp.Controllers.HomeController.PromoVideos (KopkeHome_WebApp)'
[2023-06-20 15:21:56.906 +05:30  INF]  Route matched with {action = "ProhzLegalFiles", controller = "Home"}. Executing controller action with signature System.Threading.Tasks.Task`1[Microsoft.AspNetCore.Mvc.IActionResult] ProhzLegalFiles() on controller KopkeHome_WebApp.Controllers.HomeController (KopkeHome_WebApp).
[2023-06-20 15:21:56.906 +05:30  INF]  Route matched with {action = "PromoVideos", controller = "Home"}. Executing controller action with signature System.Threading.Tasks.Task`1[Microsoft.AspNetCore.Mvc.IActionResult] PromoVideos() on controller KopkeHome_WebApp.Controllers.HomeController (KopkeHome_WebApp).
[2023-06-20 15:21:57.140 +05:30  INF]  Executing JsonResult, writing value of type 'null'.
[2023-06-20 15:21:57.140 +05:30  INF]  Executed action KopkeHome_WebApp.Controllers.HomeController.PromoVideos (KopkeHome_WebApp) in 234.0549ms
[2023-06-20 15:21:57.140 +05:30  INF]  Executed endpoint 'KopkeHome_WebApp.Controllers.HomeController.PromoVideos (KopkeHome_WebApp)'
[2023-06-20 15:21:57.140 +05:30  INF]  Request finished HTTP/2 GET https://localhost:7047/home/PromoVideos - - - 200 - application/json;+charset=utf-8 234.7839ms
[2023-06-20 15:21:57.151 +05:30  INF]  Executing JsonResult, writing value of type 'System.Collections.Generic.List`1[[KopkeHome_ModelLayer.DataModel.ProhzLegalFiles, KopkeHome-ModelLayer, Version=1.0.0.0, Culture=neutral, PublicKeyToken=null]]'.
[2023-06-20 15:21:57.151 +05:30  INF]  Executed action KopkeHome_WebApp.Controllers.HomeController.ProhzLegalFiles (KopkeHome_WebApp) in 245.2557ms
[2023-06-20 15:21:57.151 +05:30  INF]  Executed endpoint 'KopkeHome_WebApp.Controllers.HomeController.ProhzLegalFiles (KopkeHome_WebApp)'
[2023-06-20 15:21:57.151 +05:30  INF]  Request finished HTTP/2 GET https://localhost:7047/home/ProhzLegalFiles - - - 200 - application/json;+charset=utf-8 245.9428ms
