[2024-01-13 11:47:21.340 -05:00  INF]  User profile is available. Using 'C:\Users\conno\AppData\Local\ASP.NET\DataProtection-Keys' as key repository and Windows DPAPI to encrypt keys at rest.
[2024-01-13 11:47:21.431 -05:00  INF]  Now listening on: https://localhost:7047
[2024-01-13 11:47:21.431 -05:00  INF]  Now listening on: http://localhost:5047
[2024-01-13 11:47:21.433 -05:00  INF]  Application started. Press Ctrl+C to shut down.
[2024-01-13 11:47:21.433 -05:00  INF]  Hosting environment: Development
[2024-01-13 11:47:21.434 -05:00  INF]  Content root path: C:\Users\conno\Downloads\thegoodsv3\thegoodsv2\thegoods\KopkeHome-FMRS\KopkeHome-WebApp\
[2024-01-13 11:47:24.210 -05:00  INF]  Request starting HTTP/2 GET https://localhost:7047/ - -
[2024-01-13 11:47:24.234 -05:00  INF]  Executing endpoint 'KopkeHome_WebApp.Controllers.HomeController.Index (KopkeHome_WebApp)'
[2024-01-13 11:47:24.241 -05:00  INF]  Route matched with {action = "Index", controller = "Home"}. Executing controller action with signature Microsoft.AspNetCore.Mvc.IActionResult Index() on controller KopkeHome_WebApp.Controllers.HomeController (KopkeHome_WebApp).
[2024-01-13 11:47:24.291 -05:00  INF]  Executing ViewResult, running view Index.
[2024-01-13 11:47:24.340 -05:00  INF]  Executed ViewResult - view Index executed in 49.5705ms.
[2024-01-13 11:47:24.341 -05:00  INF]  Executed action KopkeHome_WebApp.Controllers.HomeController.Index (KopkeHome_WebApp) in 98.1911ms
[2024-01-13 11:47:24.341 -05:00  INF]  Executed endpoint 'KopkeHome_WebApp.Controllers.HomeController.Index (KopkeHome_WebApp)'
[2024-01-13 11:47:24.343 -05:00  INF]  Request finished HTTP/2 GET https://localhost:7047/ - - - 200 - text/html;+charset=utf-8 135.0011ms
[2024-01-13 11:47:24.350 -05:00  INF]  Request starting HTTP/2 GET https://localhost:7047/HomePageAssets/assets/css/style.css - -
[2024-01-13 11:47:24.350 -05:00  INF]  Request starting HTTP/2 GET https://localhost:7047/images/Kopke-brand-logo.png - -
[2024-01-13 11:47:24.350 -05:00  INF]  Request starting HTTP/2 GET https://localhost:7047/HomePageAssets/assets/css/responsive.css - -
[2024-01-13 11:47:24.350 -05:00  INF]  Request starting HTTP/2 GET https://localhost:7047/images/prohz-billboard.jpg - -
[2024-01-13 11:47:24.350 -05:00  INF]  Request starting HTTP/2 GET https://localhost:7047/images/prohz-billboard-mobile.jpg - -
[2024-01-13 11:47:24.350 -05:00  INF]  Request starting HTTP/2 GET https://localhost:7047/images/prohz-logo.png - -
[2024-01-13 11:47:24.350 -05:00  INF]  Request starting HTTP/2 GET https://localhost:7047/images/apple-app-store.png - -
[2024-01-13 11:47:24.350 -05:00  INF]  Request starting HTTP/2 GET https://localhost:7047/images/prohz-logo.jpg - -
[2024-01-13 11:47:24.350 -05:00  INF]  Request starting HTTP/2 GET https://localhost:7047/images/join-the-prohz-network.png - -
[2024-01-13 11:47:24.350 -05:00  INF]  Request starting HTTP/2 GET https://localhost:7047/images/contractor-retiring.jpg - -
[2024-01-13 11:47:24.368 -05:00  INF]  Sending file. Request path: '/images/apple-app-store.png'. Physical path: 'C:\Users\conno\Downloads\thegoodsv3\thegoodsv2\thegoods\KopkeHome-FMRS\KopkeHome-WebApp\wwwroot\images\apple-app-store.png'
[2024-01-13 11:47:24.369 -05:00  INF]  Request finished HTTP/2 GET https://localhost:7047/images/apple-app-store.png - - - 200 6796 image/png 18.8013ms
[2024-01-13 11:47:24.380 -05:00  INF]  Sending file. Request path: '/images/prohz-billboard.jpg'. Physical path: 'C:\Users\conno\Downloads\thegoodsv3\thegoodsv2\thegoods\KopkeHome-FMRS\KopkeHome-WebApp\wwwroot\images\prohz-billboard.jpg'
[2024-01-13 11:47:24.380 -05:00  INF]  Sending file. Request path: '/images/join-the-prohz-network.png'. Physical path: 'C:\Users\conno\Downloads\thegoodsv3\thegoodsv2\thegoods\KopkeHome-FMRS\KopkeHome-WebApp\wwwroot\images\join-the-prohz-network.png'
[2024-01-13 11:47:24.380 -05:00  INF]  Request finished HTTP/2 GET https://localhost:7047/images/join-the-prohz-network.png - - - 200 88555 image/png 30.1891ms
[2024-01-13 11:47:24.380 -05:00  INF]  Request finished HTTP/2 GET https://localhost:7047/images/prohz-billboard.jpg - - - 200 211068 image/jpeg 30.5891ms
[2024-01-13 11:47:24.381 -05:00  INF]  Sending file. Request path: '/images/prohz-logo.png'. Physical path: 'C:\Users\conno\Downloads\thegoodsv3\thegoodsv2\thegoods\KopkeHome-FMRS\KopkeHome-WebApp\wwwroot\images\prohz-logo.png'
[2024-01-13 11:47:24.381 -05:00  INF]  Request finished HTTP/2 GET https://localhost:7047/images/prohz-logo.png - - - 200 4810 image/png 30.7414ms
[2024-01-13 11:47:24.381 -05:00  INF]  Sending file. Request path: '/HomePageAssets/assets/css/responsive.css'. Physical path: 'C:\Users\conno\Downloads\thegoodsv3\thegoodsv2\thegoods\KopkeHome-FMRS\KopkeHome-WebApp\wwwroot\HomePageAssets\assets\css\responsive.css'
[2024-01-13 11:47:24.381 -05:00  INF]  Request finished HTTP/2 GET https://localhost:7047/HomePageAssets/assets/css/responsive.css - - - 200 11269 text/css 31.9137ms
[2024-01-13 11:47:24.384 -05:00  INF]  Sending file. Request path: '/images/prohz-logo.jpg'. Physical path: 'C:\Users\conno\Downloads\thegoodsv3\thegoodsv2\thegoods\KopkeHome-FMRS\KopkeHome-WebApp\wwwroot\images\prohz-logo.jpg'
[2024-01-13 11:47:24.384 -05:00  INF]  Sending file. Request path: '/images/Kopke-brand-logo.png'. Physical path: 'C:\Users\conno\Downloads\thegoodsv3\thegoodsv2\thegoods\KopkeHome-FMRS\KopkeHome-WebApp\wwwroot\images\Kopke-brand-logo.png'
[2024-01-13 11:47:24.384 -05:00  INF]  Request finished HTTP/2 GET https://localhost:7047/images/prohz-logo.jpg - - - 200 7006 image/jpeg 33.7021ms
[2024-01-13 11:47:24.384 -05:00  INF]  Request finished HTTP/2 GET https://localhost:7047/images/Kopke-brand-logo.png - - - 200 6953 image/png 34.3725ms
[2024-01-13 11:47:24.384 -05:00  INF]  Sending file. Request path: '/images/prohz-billboard-mobile.jpg'. Physical path: 'C:\Users\conno\Downloads\thegoodsv3\thegoodsv2\thegoods\KopkeHome-FMRS\KopkeHome-WebApp\wwwroot\images\prohz-billboard-mobile.jpg'
[2024-01-13 11:47:24.384 -05:00  INF]  Request finished HTTP/2 GET https://localhost:7047/images/prohz-billboard-mobile.jpg - - - 200 167012 image/jpeg 34.2084ms
[2024-01-13 11:47:24.384 -05:00  INF]  Sending file. Request path: '/images/contractor-retiring.jpg'. Physical path: 'C:\Users\conno\Downloads\thegoodsv3\thegoodsv2\thegoods\KopkeHome-FMRS\KopkeHome-WebApp\wwwroot\images\contractor-retiring.jpg'
[2024-01-13 11:47:24.384 -05:00  INF]  Request finished HTTP/2 GET https://localhost:7047/images/contractor-retiring.jpg - - - 200 130521 image/jpeg 33.8068ms
[2024-01-13 11:47:24.384 -05:00  INF]  Sending file. Request path: '/HomePageAssets/assets/css/style.css'. Physical path: 'C:\Users\conno\Downloads\thegoodsv3\thegoodsv2\thegoods\KopkeHome-FMRS\KopkeHome-WebApp\wwwroot\HomePageAssets\assets\css\style.css'
[2024-01-13 11:47:24.384 -05:00  INF]  Request finished HTTP/2 GET https://localhost:7047/HomePageAssets/assets/css/style.css - - - 200 24850 text/css 34.9452ms
[2024-01-13 11:47:24.393 -05:00  INF]  Request starting HTTP/2 GET https://localhost:7047/images/networking-background.jpg - -
[2024-01-13 11:47:24.393 -05:00  INF]  Request starting HTTP/2 GET https://localhost:7047/images/service-provider-list-section-background.jpg - -
[2024-01-13 11:47:24.393 -05:00  INF]  Request starting HTTP/2 GET https://localhost:7047/images/service-provider-list-pattern.jpg - -
[2024-01-13 11:47:24.402 -05:00  INF]  Sending file. Request path: '/images/service-provider-list-pattern.jpg'. Physical path: 'C:\Users\conno\Downloads\thegoodsv3\thegoodsv2\thegoods\KopkeHome-FMRS\KopkeHome-WebApp\wwwroot\images\service-provider-list-pattern.jpg'
[2024-01-13 11:47:24.402 -05:00  INF]  Request finished HTTP/2 GET https://localhost:7047/images/service-provider-list-pattern.jpg - - - 200 38024 image/jpeg 9.5538ms
[2024-01-13 11:47:24.403 -05:00  INF]  Sending file. Request path: '/images/networking-background.jpg'. Physical path: 'C:\Users\conno\Downloads\thegoodsv3\thegoodsv2\thegoods\KopkeHome-FMRS\KopkeHome-WebApp\wwwroot\images\networking-background.jpg'
[2024-01-13 11:47:24.403 -05:00  INF]  Request finished HTTP/2 GET https://localhost:7047/images/networking-background.jpg - - - 200 106218 image/jpeg 10.4367ms
[2024-01-13 11:47:24.405 -05:00  INF]  Sending file. Request path: '/images/service-provider-list-section-background.jpg'. Physical path: 'C:\Users\conno\Downloads\thegoodsv3\thegoodsv2\thegoods\KopkeHome-FMRS\KopkeHome-WebApp\wwwroot\images\service-provider-list-section-background.jpg'
[2024-01-13 11:47:24.405 -05:00  INF]  Request finished HTTP/2 GET https://localhost:7047/images/service-provider-list-section-background.jpg - - - 200 173468 image/jpeg 11.8635ms
[2024-01-13 11:47:24.424 -05:00  INF]  Request starting HTTP/2 GET https://localhost:7047/home/PromoVideos - -
[2024-01-13 11:47:24.424 -05:00  INF]  Request starting HTTP/2 GET https://localhost:7047/home/ProhzLegalFiles - -
[2024-01-13 11:47:24.426 -05:00  INF]  Executing endpoint 'KopkeHome_WebApp.Controllers.HomeController.PromoVideos (KopkeHome_WebApp)'
[2024-01-13 11:47:24.426 -05:00  INF]  Executing endpoint 'KopkeHome_WebApp.Controllers.HomeController.ProhzLegalFiles (KopkeHome_WebApp)'
[2024-01-13 11:47:24.427 -05:00  INF]  Request starting HTTP/2 GET https://localhost:7047/favicon.ico - -
[2024-01-13 11:47:24.429 -05:00  INF]  Route matched with {action = "ProhzLegalFiles", controller = "Home"}. Executing controller action with signature System.Threading.Tasks.Task`1[Microsoft.AspNetCore.Mvc.IActionResult] ProhzLegalFiles() on controller KopkeHome_WebApp.Controllers.HomeController (KopkeHome_WebApp).
[2024-01-13 11:47:24.429 -05:00  INF]  Route matched with {action = "PromoVideos", controller = "Home"}. Executing controller action with signature System.Threading.Tasks.Task`1[Microsoft.AspNetCore.Mvc.IActionResult] PromoVideos() on controller KopkeHome_WebApp.Controllers.HomeController (KopkeHome_WebApp).
[2024-01-13 11:47:24.436 -05:00  INF]  Sending file. Request path: '/favicon.ico'. Physical path: 'C:\Users\conno\Downloads\thegoodsv3\thegoodsv2\thegoods\KopkeHome-FMRS\KopkeHome-WebApp\wwwroot\favicon.ico'
[2024-01-13 11:47:24.436 -05:00  INF]  Request finished HTTP/2 GET https://localhost:7047/favicon.ico - - - 200 4286 image/x-icon 9.1546ms
[2024-01-13 11:47:28.560 -05:00  ERR]  No connection could be made because the target machine actively refused it. (localhost:7215)
[2024-01-13 11:47:28.560 -05:00  ERR]  No connection could be made because the target machine actively refused it. (localhost:7215)
[2024-01-13 11:47:28.562 -05:00  INF]  Executed action KopkeHome_WebApp.Controllers.HomeController.PromoVideos (KopkeHome_WebApp) in 4132.6404ms
[2024-01-13 11:47:28.562 -05:00  INF]  Executed action KopkeHome_WebApp.Controllers.HomeController.ProhzLegalFiles (KopkeHome_WebApp) in 4132.7318ms
[2024-01-13 11:47:28.562 -05:00  INF]  Executed endpoint 'KopkeHome_WebApp.Controllers.HomeController.ProhzLegalFiles (KopkeHome_WebApp)'
[2024-01-13 11:47:28.562 -05:00  INF]  Executed endpoint 'KopkeHome_WebApp.Controllers.HomeController.PromoVideos (KopkeHome_WebApp)'
[2024-01-13 11:47:28.562 -05:00  ERR]  No connection could be made because the target machine actively refused it. (localhost:7215)
[2024-01-13 11:47:28.562 -05:00  ERR]  No connection could be made because the target machine actively refused it. (localhost:7215)
[2024-01-13 11:47:28.563 -05:00  INF]  Request finished HTTP/2 GET https://localhost:7047/home/PromoVideos - - - 302 0 - 4138.4688ms
[2024-01-13 11:47:28.563 -05:00  INF]  Request finished HTTP/2 GET https://localhost:7047/home/ProhzLegalFiles - - - 302 0 - 4138.4632ms
[2024-01-13 11:47:28.564 -05:00  INF]  Request starting HTTP/2 GET https://localhost:7047/Home/error - -
[2024-01-13 11:47:28.566 -05:00  INF]  Executing endpoint 'KopkeHome_WebApp.Controllers.HomeController.Error (KopkeHome_WebApp)'
[2024-01-13 11:47:28.567 -05:00  INF]  Route matched with {action = "Error", controller = "Home"}. Executing controller action with signature Microsoft.AspNetCore.Mvc.IActionResult Error() on controller KopkeHome_WebApp.Controllers.HomeController (KopkeHome_WebApp).
[2024-01-13 11:47:28.568 -05:00  INF]  Executing ViewResult, running view Error.
[2024-01-13 11:47:28.674 -05:00  INF]  Executed ViewResult - view Error executed in 106.5819ms.
[2024-01-13 11:47:28.674 -05:00  INF]  Executed action KopkeHome_WebApp.Controllers.HomeController.Error (KopkeHome_WebApp) in 107.2089ms
[2024-01-13 11:47:28.674 -05:00  INF]  Executed endpoint 'KopkeHome_WebApp.Controllers.HomeController.Error (KopkeHome_WebApp)'
[2024-01-13 11:47:28.675 -05:00  INF]  Request finished HTTP/2 GET https://localhost:7047/Home/error - - - 200 - text/html;+charset=utf-8 110.5159ms
[2024-01-13 11:47:28.675 -05:00  INF]  Request starting HTTP/2 GET https://localhost:7047/Home/error - -
[2024-01-13 11:47:28.675 -05:00  INF]  Executing endpoint 'KopkeHome_WebApp.Controllers.HomeController.Error (KopkeHome_WebApp)'
[2024-01-13 11:47:28.675 -05:00  INF]  Route matched with {action = "Error", controller = "Home"}. Executing controller action with signature Microsoft.AspNetCore.Mvc.IActionResult Error() on controller KopkeHome_WebApp.Controllers.HomeController (KopkeHome_WebApp).
[2024-01-13 11:47:28.675 -05:00  INF]  Executing ViewResult, running view Error.
[2024-01-13 11:47:28.676 -05:00  INF]  Executed ViewResult - view Error executed in 0.5562ms.
[2024-01-13 11:47:28.676 -05:00  INF]  Executed action KopkeHome_WebApp.Controllers.HomeController.Error (KopkeHome_WebApp) in 0.674ms
[2024-01-13 11:47:28.676 -05:00  INF]  Executed endpoint 'KopkeHome_WebApp.Controllers.HomeController.Error (KopkeHome_WebApp)'
[2024-01-13 11:47:28.676 -05:00  INF]  Request finished HTTP/2 GET https://localhost:7047/Home/error - - - 200 - text/html;+charset=utf-8 1.0927ms
[2024-01-13 11:47:36.832 -05:00  INF]  Request starting HTTP/2 GET https://localhost:7047/ - -
[2024-01-13 11:47:36.833 -05:00  INF]  Executing endpoint 'KopkeHome_WebApp.Controllers.HomeController.Index (KopkeHome_WebApp)'
[2024-01-13 11:47:36.833 -05:00  INF]  Route matched with {action = "Index", controller = "Home"}. Executing controller action with signature Microsoft.AspNetCore.Mvc.IActionResult Index() on controller KopkeHome_WebApp.Controllers.HomeController (KopkeHome_WebApp).
[2024-01-13 11:47:36.833 -05:00  INF]  Executing ViewResult, running view Index.
[2024-01-13 11:47:36.834 -05:00  INF]  Executed ViewResult - view Index executed in 1.4247ms.
[2024-01-13 11:47:36.834 -05:00  INF]  Executed action KopkeHome_WebApp.Controllers.HomeController.Index (KopkeHome_WebApp) in 1.5415ms
[2024-01-13 11:47:36.834 -05:00  INF]  Executed endpoint 'KopkeHome_WebApp.Controllers.HomeController.Index (KopkeHome_WebApp)'
[2024-01-13 11:47:36.834 -05:00  INF]  Request finished HTTP/2 GET https://localhost:7047/ - - - 200 - text/html;+charset=utf-8 2.0064ms
[2024-01-13 11:47:36.875 -05:00  INF]  Request starting HTTP/2 GET https://localhost:7047/home/PromoVideos - -
[2024-01-13 11:47:36.875 -05:00  INF]  Request starting HTTP/2 GET https://localhost:7047/home/ProhzLegalFiles - -
[2024-01-13 11:47:36.875 -05:00  INF]  Executing endpoint 'KopkeHome_WebApp.Controllers.HomeController.PromoVideos (KopkeHome_WebApp)'
[2024-01-13 11:47:36.875 -05:00  INF]  Executing endpoint 'KopkeHome_WebApp.Controllers.HomeController.ProhzLegalFiles (KopkeHome_WebApp)'
[2024-01-13 11:47:36.875 -05:00  INF]  Route matched with {action = "PromoVideos", controller = "Home"}. Executing controller action with signature System.Threading.Tasks.Task`1[Microsoft.AspNetCore.Mvc.IActionResult] PromoVideos() on controller KopkeHome_WebApp.Controllers.HomeController (KopkeHome_WebApp).
[2024-01-13 11:47:36.875 -05:00  INF]  Route matched with {action = "ProhzLegalFiles", controller = "Home"}. Executing controller action with signature System.Threading.Tasks.Task`1[Microsoft.AspNetCore.Mvc.IActionResult] ProhzLegalFiles() on controller KopkeHome_WebApp.Controllers.HomeController (KopkeHome_WebApp).
[2024-01-13 11:47:40.961 -05:00  ERR]  No connection could be made because the target machine actively refused it. (localhost:7215)
[2024-01-13 11:47:40.961 -05:00  ERR]  No connection could be made because the target machine actively refused it. (localhost:7215)
[2024-01-13 11:47:40.961 -05:00  INF]  Executed action KopkeHome_WebApp.Controllers.HomeController.PromoVideos (KopkeHome_WebApp) in 4085.4428ms
[2024-01-13 11:47:40.961 -05:00  INF]  Executed action KopkeHome_WebApp.Controllers.HomeController.ProhzLegalFiles (KopkeHome_WebApp) in 4085.4363ms
[2024-01-13 11:47:40.961 -05:00  INF]  Executed endpoint 'KopkeHome_WebApp.Controllers.HomeController.PromoVideos (KopkeHome_WebApp)'
[2024-01-13 11:47:40.961 -05:00  INF]  Executed endpoint 'KopkeHome_WebApp.Controllers.HomeController.ProhzLegalFiles (KopkeHome_WebApp)'
[2024-01-13 11:47:40.961 -05:00  ERR]  No connection could be made because the target machine actively refused it. (localhost:7215)
[2024-01-13 11:47:40.961 -05:00  ERR]  No connection could be made because the target machine actively refused it. (localhost:7215)
[2024-01-13 11:47:40.961 -05:00  INF]  Request finished HTTP/2 GET https://localhost:7047/home/ProhzLegalFiles - - - 302 0 - 4086.2084ms
[2024-01-13 11:47:40.961 -05:00  INF]  Request finished HTTP/2 GET https://localhost:7047/home/PromoVideos - - - 302 0 - 4086.3235ms
[2024-01-13 11:47:40.962 -05:00  INF]  Request starting HTTP/2 GET https://localhost:7047/Home/error - -
[2024-01-13 11:47:40.963 -05:00  INF]  Executing endpoint 'KopkeHome_WebApp.Controllers.HomeController.Error (KopkeHome_WebApp)'
[2024-01-13 11:47:40.963 -05:00  INF]  Route matched with {action = "Error", controller = "Home"}. Executing controller action with signature Microsoft.AspNetCore.Mvc.IActionResult Error() on controller KopkeHome_WebApp.Controllers.HomeController (KopkeHome_WebApp).
[2024-01-13 11:47:40.963 -05:00  INF]  Executing ViewResult, running view Error.
[2024-01-13 11:47:40.963 -05:00  INF]  Executed ViewResult - view Error executed in 0.4909ms.
[2024-01-13 11:47:40.963 -05:00  INF]  Executed action KopkeHome_WebApp.Controllers.HomeController.Error (KopkeHome_WebApp) in 0.6643ms
[2024-01-13 11:47:40.964 -05:00  INF]  Executed endpoint 'KopkeHome_WebApp.Controllers.HomeController.Error (KopkeHome_WebApp)'
[2024-01-13 11:47:40.964 -05:00  INF]  Request finished HTTP/2 GET https://localhost:7047/Home/error - - - 200 - text/html;+charset=utf-8 1.0898ms
[2024-01-13 11:47:40.964 -05:00  INF]  Request starting HTTP/2 GET https://localhost:7047/Home/error - -
[2024-01-13 11:47:40.964 -05:00  INF]  Executing endpoint 'KopkeHome_WebApp.Controllers.HomeController.Error (KopkeHome_WebApp)'
[2024-01-13 11:47:40.964 -05:00  INF]  Route matched with {action = "Error", controller = "Home"}. Executing controller action with signature Microsoft.AspNetCore.Mvc.IActionResult Error() on controller KopkeHome_WebApp.Controllers.HomeController (KopkeHome_WebApp).
[2024-01-13 11:47:40.965 -05:00  INF]  Executing ViewResult, running view Error.
[2024-01-13 11:47:40.965 -05:00  INF]  Executed ViewResult - view Error executed in 0.3731ms.
[2024-01-13 11:47:40.965 -05:00  INF]  Executed action KopkeHome_WebApp.Controllers.HomeController.Error (KopkeHome_WebApp) in 0.5206ms
[2024-01-13 11:47:40.965 -05:00  INF]  Executed endpoint 'KopkeHome_WebApp.Controllers.HomeController.Error (KopkeHome_WebApp)'
[2024-01-13 11:47:40.965 -05:00  INF]  Request finished HTTP/2 GET https://localhost:7047/Home/error - - - 200 - text/html;+charset=utf-8 0.9732ms
[2024-01-13 11:47:49.217 -05:00  INF]  Request starting HTTP/2 GET https://localhost:7047/ - -
[2024-01-13 11:47:49.217 -05:00  INF]  Executing endpoint 'KopkeHome_WebApp.Controllers.HomeController.Index (KopkeHome_WebApp)'
[2024-01-13 11:47:49.217 -05:00  INF]  Route matched with {action = "Index", controller = "Home"}. Executing controller action with signature Microsoft.AspNetCore.Mvc.IActionResult Index() on controller KopkeHome_WebApp.Controllers.HomeController (KopkeHome_WebApp).
[2024-01-13 11:47:49.217 -05:00  INF]  Executing ViewResult, running view Index.
[2024-01-13 11:47:49.218 -05:00  INF]  Executed ViewResult - view Index executed in 1.1061ms.
[2024-01-13 11:47:49.219 -05:00  INF]  Executed action KopkeHome_WebApp.Controllers.HomeController.Index (KopkeHome_WebApp) in 1.2132ms
[2024-01-13 11:47:49.219 -05:00  INF]  Executed endpoint 'KopkeHome_WebApp.Controllers.HomeController.Index (KopkeHome_WebApp)'
[2024-01-13 11:47:49.219 -05:00  INF]  Request finished HTTP/2 GET https://localhost:7047/ - - - 200 - text/html;+charset=utf-8 1.6620ms
[2024-01-13 11:47:49.259 -05:00  INF]  Request starting HTTP/2 GET https://localhost:7047/home/PromoVideos - -
[2024-01-13 11:47:49.259 -05:00  INF]  Request starting HTTP/2 GET https://localhost:7047/home/ProhzLegalFiles - -
[2024-01-13 11:47:49.259 -05:00  INF]  Executing endpoint 'KopkeHome_WebApp.Controllers.HomeController.PromoVideos (KopkeHome_WebApp)'
[2024-01-13 11:47:49.259 -05:00  INF]  Route matched with {action = "PromoVideos", controller = "Home"}. Executing controller action with signature System.Threading.Tasks.Task`1[Microsoft.AspNetCore.Mvc.IActionResult] PromoVideos() on controller KopkeHome_WebApp.Controllers.HomeController (KopkeHome_WebApp).
[2024-01-13 11:47:49.259 -05:00  INF]  Executing endpoint 'KopkeHome_WebApp.Controllers.HomeController.ProhzLegalFiles (KopkeHome_WebApp)'
[2024-01-13 11:47:49.259 -05:00  INF]  Route matched with {action = "ProhzLegalFiles", controller = "Home"}. Executing controller action with signature System.Threading.Tasks.Task`1[Microsoft.AspNetCore.Mvc.IActionResult] ProhzLegalFiles() on controller KopkeHome_WebApp.Controllers.HomeController (KopkeHome_WebApp).
[2024-01-13 11:47:50.384 -05:00  INF]  Request starting HTTP/2 GET https://localhost:7047/ - -
[2024-01-13 11:47:50.385 -05:00  INF]  Executing endpoint 'KopkeHome_WebApp.Controllers.HomeController.Index (KopkeHome_WebApp)'
[2024-01-13 11:47:50.385 -05:00  INF]  Route matched with {action = "Index", controller = "Home"}. Executing controller action with signature Microsoft.AspNetCore.Mvc.IActionResult Index() on controller KopkeHome_WebApp.Controllers.HomeController (KopkeHome_WebApp).
[2024-01-13 11:47:50.385 -05:00  INF]  Executing ViewResult, running view Index.
[2024-01-13 11:47:50.386 -05:00  INF]  Executed ViewResult - view Index executed in 1.0082ms.
[2024-01-13 11:47:50.386 -05:00  INF]  Executed action KopkeHome_WebApp.Controllers.HomeController.Index (KopkeHome_WebApp) in 1.1094ms
[2024-01-13 11:47:50.386 -05:00  INF]  Executed endpoint 'KopkeHome_WebApp.Controllers.HomeController.Index (KopkeHome_WebApp)'
[2024-01-13 11:47:50.386 -05:00  INF]  Request finished HTTP/2 GET https://localhost:7047/ - - - 200 - text/html;+charset=utf-8 1.6975ms
[2024-01-13 11:47:50.424 -05:00  INF]  Request starting HTTP/2 GET https://localhost:7047/home/PromoVideos - -
[2024-01-13 11:47:50.424 -05:00  INF]  Request starting HTTP/2 GET https://localhost:7047/home/ProhzLegalFiles - -
[2024-01-13 11:47:50.424 -05:00  INF]  Executing endpoint 'KopkeHome_WebApp.Controllers.HomeController.ProhzLegalFiles (KopkeHome_WebApp)'
[2024-01-13 11:47:50.424 -05:00  INF]  Executing endpoint 'KopkeHome_WebApp.Controllers.HomeController.PromoVideos (KopkeHome_WebApp)'
[2024-01-13 11:47:50.424 -05:00  INF]  Route matched with {action = "ProhzLegalFiles", controller = "Home"}. Executing controller action with signature System.Threading.Tasks.Task`1[Microsoft.AspNetCore.Mvc.IActionResult] ProhzLegalFiles() on controller KopkeHome_WebApp.Controllers.HomeController (KopkeHome_WebApp).
[2024-01-13 11:47:50.424 -05:00  INF]  Route matched with {action = "PromoVideos", controller = "Home"}. Executing controller action with signature System.Threading.Tasks.Task`1[Microsoft.AspNetCore.Mvc.IActionResult] PromoVideos() on controller KopkeHome_WebApp.Controllers.HomeController (KopkeHome_WebApp).
[2024-01-13 11:47:53.321 -05:00  ERR]  No connection could be made because the target machine actively refused it. (localhost:7215)
[2024-01-13 11:47:53.321 -05:00  ERR]  No connection could be made because the target machine actively refused it. (localhost:7215)
[2024-01-13 11:47:53.322 -05:00  INF]  Executed action KopkeHome_WebApp.Controllers.HomeController.PromoVideos (KopkeHome_WebApp) in 4062.2708ms
[2024-01-13 11:47:53.322 -05:00  INF]  Executed action KopkeHome_WebApp.Controllers.HomeController.ProhzLegalFiles (KopkeHome_WebApp) in 4062.0509ms
[2024-01-13 11:47:53.322 -05:00  INF]  Executed endpoint 'KopkeHome_WebApp.Controllers.HomeController.PromoVideos (KopkeHome_WebApp)'
[2024-01-13 11:47:53.322 -05:00  INF]  Executed endpoint 'KopkeHome_WebApp.Controllers.HomeController.ProhzLegalFiles (KopkeHome_WebApp)'
[2024-01-13 11:47:53.322 -05:00  ERR]  No connection could be made because the target machine actively refused it. (localhost:7215)
[2024-01-13 11:47:53.322 -05:00  ERR]  No connection could be made because the target machine actively refused it. (localhost:7215)
[2024-01-13 11:47:53.322 -05:00  INF]  Request finished HTTP/2 GET https://localhost:7047/home/ProhzLegalFiles - - - 0 - - 4062.6458ms
[2024-01-13 11:47:53.322 -05:00  INF]  Request finished HTTP/2 GET https://localhost:7047/home/PromoVideos - - - 0 - - 4062.8431ms
[2024-01-13 11:47:54.477 -05:00  ERR]  No connection could be made because the target machine actively refused it. (localhost:7215)
[2024-01-13 11:47:54.477 -05:00  ERR]  No connection could be made because the target machine actively refused it. (localhost:7215)
[2024-01-13 11:47:54.477 -05:00  INF]  Executed action KopkeHome_WebApp.Controllers.HomeController.ProhzLegalFiles (KopkeHome_WebApp) in 4052.6522ms
[2024-01-13 11:47:54.477 -05:00  INF]  Executed action KopkeHome_WebApp.Controllers.HomeController.PromoVideos (KopkeHome_WebApp) in 4052.7084ms
[2024-01-13 11:47:54.477 -05:00  INF]  Executed endpoint 'KopkeHome_WebApp.Controllers.HomeController.ProhzLegalFiles (KopkeHome_WebApp)'
[2024-01-13 11:47:54.477 -05:00  INF]  Executed endpoint 'KopkeHome_WebApp.Controllers.HomeController.PromoVideos (KopkeHome_WebApp)'
[2024-01-13 11:47:54.477 -05:00  ERR]  No connection could be made because the target machine actively refused it. (localhost:7215)
[2024-01-13 11:47:54.477 -05:00  ERR]  No connection could be made because the target machine actively refused it. (localhost:7215)
[2024-01-13 11:47:54.477 -05:00  INF]  Request finished HTTP/2 GET https://localhost:7047/home/PromoVideos - - - 302 0 - 4053.3769ms
[2024-01-13 11:47:54.477 -05:00  INF]  Request finished HTTP/2 GET https://localhost:7047/home/ProhzLegalFiles - - - 302 0 - 4053.2566ms
[2024-01-13 11:47:54.479 -05:00  INF]  Request starting HTTP/2 GET https://localhost:7047/Home/error - -
[2024-01-13 11:47:54.479 -05:00  INF]  Executing endpoint 'KopkeHome_WebApp.Controllers.HomeController.Error (KopkeHome_WebApp)'
[2024-01-13 11:47:54.479 -05:00  INF]  Route matched with {action = "Error", controller = "Home"}. Executing controller action with signature Microsoft.AspNetCore.Mvc.IActionResult Error() on controller KopkeHome_WebApp.Controllers.HomeController (KopkeHome_WebApp).
[2024-01-13 11:47:54.479 -05:00  INF]  Executing ViewResult, running view Error.
[2024-01-13 11:47:54.479 -05:00  INF]  Executed ViewResult - view Error executed in 0.3484ms.
[2024-01-13 11:47:54.480 -05:00  INF]  Executed action KopkeHome_WebApp.Controllers.HomeController.Error (KopkeHome_WebApp) in 0.4558ms
[2024-01-13 11:47:54.480 -05:00  INF]  Executed endpoint 'KopkeHome_WebApp.Controllers.HomeController.Error (KopkeHome_WebApp)'
[2024-01-13 11:47:54.480 -05:00  INF]  Request finished HTTP/2 GET https://localhost:7047/Home/error - - - 200 - text/html;+charset=utf-8 0.8305ms
[2024-01-13 11:47:54.480 -05:00  INF]  Request starting HTTP/2 GET https://localhost:7047/Home/error - -
[2024-01-13 11:47:54.481 -05:00  INF]  Executing endpoint 'KopkeHome_WebApp.Controllers.HomeController.Error (KopkeHome_WebApp)'
[2024-01-13 11:47:54.481 -05:00  INF]  Route matched with {action = "Error", controller = "Home"}. Executing controller action with signature Microsoft.AspNetCore.Mvc.IActionResult Error() on controller KopkeHome_WebApp.Controllers.HomeController (KopkeHome_WebApp).
[2024-01-13 11:47:54.481 -05:00  INF]  Executing ViewResult, running view Error.
[2024-01-13 11:47:54.481 -05:00  INF]  Executed ViewResult - view Error executed in 0.3673ms.
[2024-01-13 11:47:54.481 -05:00  INF]  Executed action KopkeHome_WebApp.Controllers.HomeController.Error (KopkeHome_WebApp) in 0.4893ms
[2024-01-13 11:47:54.481 -05:00  INF]  Executed endpoint 'KopkeHome_WebApp.Controllers.HomeController.Error (KopkeHome_WebApp)'
[2024-01-13 11:47:54.481 -05:00  INF]  Request finished HTTP/2 GET https://localhost:7047/Home/error - - - 200 - text/html;+charset=utf-8 0.9427ms
[2024-01-13 11:55:37.135 -05:00  INF]  Application is shutting down...
[2024-01-13 11:55:44.076 -05:00  INF]  User profile is available. Using 'C:\Users\conno\AppData\Local\ASP.NET\DataProtection-Keys' as key repository and Windows DPAPI to encrypt keys at rest.
[2024-01-13 11:55:44.214 -05:00  INF]  Now listening on: https://localhost:7047
[2024-01-13 11:55:44.214 -05:00  INF]  Now listening on: http://localhost:5047
[2024-01-13 11:55:44.216 -05:00  INF]  Application started. Press Ctrl+C to shut down.
[2024-01-13 11:55:44.216 -05:00  INF]  Hosting environment: Development
[2024-01-13 11:55:44.216 -05:00  INF]  Content root path: C:\Users\conno\Downloads\thegoodsv3\thegoodsv2\thegoods\KopkeHome-FMRS\KopkeHome-WebApp\
[2024-01-13 11:56:21.722 -05:00  INF]  Request starting HTTP/1.1 GET http://localhost:5047/ - -
[2024-01-13 11:56:21.728 -05:00  INF]  Request finished HTTP/1.1 GET http://localhost:5047/ - - - 307 0 - 8.0109ms
[2024-01-13 11:56:21.763 -05:00  INF]  Request starting HTTP/2 GET https://localhost:7047/ - -
[2024-01-13 11:56:21.786 -05:00  INF]  Executing endpoint 'KopkeHome_WebApp.Controllers.HomeController.Index (KopkeHome_WebApp)'
[2024-01-13 11:56:21.795 -05:00  INF]  Route matched with {action = "Index", controller = "Home"}. Executing controller action with signature Microsoft.AspNetCore.Mvc.IActionResult Index() on controller KopkeHome_WebApp.Controllers.HomeController (KopkeHome_WebApp).
[2024-01-13 11:56:21.836 -05:00  INF]  Executing ViewResult, running view Index.
[2024-01-13 11:56:21.887 -05:00  INF]  Executed ViewResult - view Index executed in 51.0011ms.
[2024-01-13 11:56:21.888 -05:00  INF]  Executed action KopkeHome_WebApp.Controllers.HomeController.Index (KopkeHome_WebApp) in 90.8958ms
[2024-01-13 11:56:21.888 -05:00  INF]  Executed endpoint 'KopkeHome_WebApp.Controllers.HomeController.Index (KopkeHome_WebApp)'
[2024-01-13 11:56:21.890 -05:00  INF]  Request finished HTTP/2 GET https://localhost:7047/ - - - 200 - text/html;+charset=utf-8 127.1156ms
[2024-01-13 11:56:21.905 -05:00  INF]  Request starting HTTP/2 GET https://localhost:7047/HomePageAssets/assets/css/responsive.css - -
[2024-01-13 11:56:21.905 -05:00  INF]  Request starting HTTP/2 GET https://localhost:7047/HomePageAssets/assets/css/style.css - -
[2024-01-13 11:56:21.905 -05:00  INF]  Request starting HTTP/2 GET https://localhost:7047/images/Kopke-brand-logo.png - -
[2024-01-13 11:56:21.905 -05:00  INF]  Request starting HTTP/2 GET https://localhost:7047/images/prohz-billboard.jpg - -
[2024-01-13 11:56:21.905 -05:00  INF]  Request starting HTTP/2 GET https://localhost:7047/images/prohz-billboard-mobile.jpg - -
[2024-01-13 11:56:21.907 -05:00  INF]  Request starting HTTP/2 GET https://localhost:7047/images/prohz-logo.jpg - -
[2024-01-13 11:56:21.907 -05:00  INF]  Request starting HTTP/2 GET https://localhost:7047/images/prohz-logo.png - -
[2024-01-13 11:56:21.907 -05:00  INF]  Request starting HTTP/2 GET https://localhost:7047/images/apple-app-store.png - -
[2024-01-13 11:56:21.907 -05:00  INF]  Request starting HTTP/2 GET https://localhost:7047/images/contractor-retiring.jpg - -
[2024-01-13 11:56:21.907 -05:00  INF]  Request starting HTTP/2 GET https://localhost:7047/images/join-the-prohz-network.png - -
[2024-01-13 11:56:21.910 -05:00  INF]  Sending file. Request path: '/images/apple-app-store.png'. Physical path: 'C:\Users\conno\Downloads\thegoodsv3\thegoodsv2\thegoods\KopkeHome-FMRS\KopkeHome-WebApp\wwwroot\images\apple-app-store.png'
[2024-01-13 11:56:21.910 -05:00  INF]  Sending file. Request path: '/images/Kopke-brand-logo.png'. Physical path: 'C:\Users\conno\Downloads\thegoodsv3\thegoodsv2\thegoods\KopkeHome-FMRS\KopkeHome-WebApp\wwwroot\images\Kopke-brand-logo.png'
[2024-01-13 11:56:21.910 -05:00  INF]  Sending file. Request path: '/HomePageAssets/assets/css/responsive.css'. Physical path: 'C:\Users\conno\Downloads\thegoodsv3\thegoodsv2\thegoods\KopkeHome-FMRS\KopkeHome-WebApp\wwwroot\HomePageAssets\assets\css\responsive.css'
[2024-01-13 11:56:21.910 -05:00  INF]  Sending file. Request path: '/images/prohz-logo.png'. Physical path: 'C:\Users\conno\Downloads\thegoodsv3\thegoodsv2\thegoods\KopkeHome-FMRS\KopkeHome-WebApp\wwwroot\images\prohz-logo.png'
[2024-01-13 11:56:21.910 -05:00  INF]  Sending file. Request path: '/HomePageAssets/assets/css/style.css'. Physical path: 'C:\Users\conno\Downloads\thegoodsv3\thegoodsv2\thegoods\KopkeHome-FMRS\KopkeHome-WebApp\wwwroot\HomePageAssets\assets\css\style.css'
[2024-01-13 11:56:21.910 -05:00  INF]  Sending file. Request path: '/images/prohz-logo.jpg'. Physical path: 'C:\Users\conno\Downloads\thegoodsv3\thegoodsv2\thegoods\KopkeHome-FMRS\KopkeHome-WebApp\wwwroot\images\prohz-logo.jpg'
[2024-01-13 11:56:21.910 -05:00  INF]  Request finished HTTP/2 GET https://localhost:7047/images/prohz-logo.jpg - - - 200 7006 image/jpeg 3.8526ms
[2024-01-13 11:56:21.910 -05:00  INF]  Request finished HTTP/2 GET https://localhost:7047/images/apple-app-store.png - - - 200 6796 image/png 3.6192ms
[2024-01-13 11:56:21.910 -05:00  INF]  Request finished HTTP/2 GET https://localhost:7047/HomePageAssets/assets/css/responsive.css - - - 200 11269 text/css 5.6245ms
[2024-01-13 11:56:21.910 -05:00  INF]  Request finished HTTP/2 GET https://localhost:7047/images/prohz-logo.png - - - 200 4810 image/png 3.8944ms
[2024-01-13 11:56:21.911 -05:00  INF]  Request finished HTTP/2 GET https://localhost:7047/images/Kopke-brand-logo.png - - - 200 6953 image/png 5.6661ms
[2024-01-13 11:56:21.911 -05:00  INF]  Sending file. Request path: '/images/join-the-prohz-network.png'. Physical path: 'C:\Users\conno\Downloads\thegoodsv3\thegoodsv2\thegoods\KopkeHome-FMRS\KopkeHome-WebApp\wwwroot\images\join-the-prohz-network.png'
[2024-01-13 11:56:21.911 -05:00  INF]  Request finished HTTP/2 GET https://localhost:7047/HomePageAssets/assets/css/style.css - - - 200 24850 text/css 5.9823ms
[2024-01-13 11:56:21.911 -05:00  INF]  Sending file. Request path: '/images/contractor-retiring.jpg'. Physical path: 'C:\Users\conno\Downloads\thegoodsv3\thegoodsv2\thegoods\KopkeHome-FMRS\KopkeHome-WebApp\wwwroot\images\contractor-retiring.jpg'
[2024-01-13 11:56:21.911 -05:00  INF]  Request finished HTTP/2 GET https://localhost:7047/images/join-the-prohz-network.png - - - 200 88555 image/png 3.9124ms
[2024-01-13 11:56:21.911 -05:00  INF]  Sending file. Request path: '/images/prohz-billboard-mobile.jpg'. Physical path: 'C:\Users\conno\Downloads\thegoodsv3\thegoodsv2\thegoods\KopkeHome-FMRS\KopkeHome-WebApp\wwwroot\images\prohz-billboard-mobile.jpg'
[2024-01-13 11:56:21.911 -05:00  INF]  Request finished HTTP/2 GET https://localhost:7047/images/contractor-retiring.jpg - - - 200 130521 image/jpeg 4.0073ms
[2024-01-13 11:56:21.911 -05:00  INF]  Request finished HTTP/2 GET https://localhost:7047/images/prohz-billboard-mobile.jpg - - - 200 167012 image/jpeg 5.7348ms
[2024-01-13 11:56:21.911 -05:00  INF]  Sending file. Request path: '/images/prohz-billboard.jpg'. Physical path: 'C:\Users\conno\Downloads\thegoodsv3\thegoodsv2\thegoods\KopkeHome-FMRS\KopkeHome-WebApp\wwwroot\images\prohz-billboard.jpg'
[2024-01-13 11:56:21.911 -05:00  INF]  Request finished HTTP/2 GET https://localhost:7047/images/prohz-billboard.jpg - - - 200 211068 image/jpeg 6.2823ms
[2024-01-13 11:56:23.080 -05:00  INF]  Request starting HTTP/2 GET https://localhost:7047/images/networking-background.jpg - -
[2024-01-13 11:56:23.080 -05:00  INF]  Request starting HTTP/2 GET https://localhost:7047/images/service-provider-list-section-background.jpg - -
[2024-01-13 11:56:23.080 -05:00  INF]  Request starting HTTP/2 GET https://localhost:7047/images/service-provider-list-pattern.jpg - -
[2024-01-13 11:56:23.081 -05:00  INF]  Sending file. Request path: '/images/service-provider-list-pattern.jpg'. Physical path: 'C:\Users\conno\Downloads\thegoodsv3\thegoodsv2\thegoods\KopkeHome-FMRS\KopkeHome-WebApp\wwwroot\images\service-provider-list-pattern.jpg'
[2024-01-13 11:56:23.081 -05:00  INF]  Sending file. Request path: '/images/networking-background.jpg'. Physical path: 'C:\Users\conno\Downloads\thegoodsv3\thegoodsv2\thegoods\KopkeHome-FMRS\KopkeHome-WebApp\wwwroot\images\networking-background.jpg'
[2024-01-13 11:56:23.082 -05:00  INF]  Request finished HTTP/2 GET https://localhost:7047/images/service-provider-list-pattern.jpg - - - 200 38024 image/jpeg 1.1061ms
[2024-01-13 11:56:23.082 -05:00  INF]  Request finished HTTP/2 GET https://localhost:7047/images/networking-background.jpg - - - 200 106218 image/jpeg 1.5806ms
[2024-01-13 11:56:23.082 -05:00  INF]  Sending file. Request path: '/images/service-provider-list-section-background.jpg'. Physical path: 'C:\Users\conno\Downloads\thegoodsv3\thegoodsv2\thegoods\KopkeHome-FMRS\KopkeHome-WebApp\wwwroot\images\service-provider-list-section-background.jpg'
[2024-01-13 11:56:23.082 -05:00  INF]  Request finished HTTP/2 GET https://localhost:7047/images/service-provider-list-section-background.jpg - - - 200 173468 image/jpeg 1.9589ms
[2024-01-13 11:56:23.151 -05:00  INF]  Request starting HTTP/2 GET https://localhost:7047/home/ProhzLegalFiles - -
[2024-01-13 11:56:23.151 -05:00  INF]  Request starting HTTP/2 GET https://localhost:7047/home/PromoVideos - -
[2024-01-13 11:56:23.153 -05:00  INF]  Executing endpoint 'KopkeHome_WebApp.Controllers.HomeController.ProhzLegalFiles (KopkeHome_WebApp)'
[2024-01-13 11:56:23.153 -05:00  INF]  Executing endpoint 'KopkeHome_WebApp.Controllers.HomeController.PromoVideos (KopkeHome_WebApp)'
[2024-01-13 11:56:23.155 -05:00  INF]  Route matched with {action = "ProhzLegalFiles", controller = "Home"}. Executing controller action with signature System.Threading.Tasks.Task`1[Microsoft.AspNetCore.Mvc.IActionResult] ProhzLegalFiles() on controller KopkeHome_WebApp.Controllers.HomeController (KopkeHome_WebApp).
[2024-01-13 11:56:23.155 -05:00  INF]  Route matched with {action = "PromoVideos", controller = "Home"}. Executing controller action with signature System.Threading.Tasks.Task`1[Microsoft.AspNetCore.Mvc.IActionResult] PromoVideos() on controller KopkeHome_WebApp.Controllers.HomeController (KopkeHome_WebApp).
[2024-01-13 11:56:23.329 -05:00  INF]  Request starting HTTP/2 GET https://localhost:7047/favicon.ico - -
[2024-01-13 11:56:23.329 -05:00  INF]  Sending file. Request path: '/favicon.ico'. Physical path: 'C:\Users\conno\Downloads\thegoodsv3\thegoodsv2\thegoods\KopkeHome-FMRS\KopkeHome-WebApp\wwwroot\favicon.ico'
[2024-01-13 11:56:23.329 -05:00  INF]  Request finished HTTP/2 GET https://localhost:7047/favicon.ico - - - 200 4286 image/x-icon 0.5392ms
[2024-01-13 11:56:27.297 -05:00  ERR]  No connection could be made because the target machine actively refused it. (localhost:7215)
[2024-01-13 11:56:27.297 -05:00  ERR]  No connection could be made because the target machine actively refused it. (localhost:7215)
[2024-01-13 11:56:27.299 -05:00  INF]  Executed action KopkeHome_WebApp.Controllers.HomeController.ProhzLegalFiles (KopkeHome_WebApp) in 4143.9376ms
[2024-01-13 11:56:27.299 -05:00  INF]  Executed action KopkeHome_WebApp.Controllers.HomeController.PromoVideos (KopkeHome_WebApp) in 4143.943ms
[2024-01-13 11:56:27.300 -05:00  INF]  Executed endpoint 'KopkeHome_WebApp.Controllers.HomeController.PromoVideos (KopkeHome_WebApp)'
[2024-01-13 11:56:27.300 -05:00  INF]  Executed endpoint 'KopkeHome_WebApp.Controllers.HomeController.ProhzLegalFiles (KopkeHome_WebApp)'
[2024-01-13 11:56:27.300 -05:00  ERR]  No connection could be made because the target machine actively refused it. (localhost:7215)
[2024-01-13 11:56:27.300 -05:00  ERR]  No connection could be made because the target machine actively refused it. (localhost:7215)
[2024-01-13 11:56:27.300 -05:00  INF]  Request finished HTTP/2 GET https://localhost:7047/home/ProhzLegalFiles - - - 302 0 - 4149.0788ms
[2024-01-13 11:56:27.300 -05:00  INF]  Request finished HTTP/2 GET https://localhost:7047/home/PromoVideos - - - 302 0 - 4149.0871ms
[2024-01-13 11:56:27.302 -05:00  INF]  Request starting HTTP/2 GET https://localhost:7047/Home/error - -
[2024-01-13 11:56:27.304 -05:00  INF]  Executing endpoint 'KopkeHome_WebApp.Controllers.HomeController.Error (KopkeHome_WebApp)'
[2024-01-13 11:56:27.305 -05:00  INF]  Route matched with {action = "Error", controller = "Home"}. Executing controller action with signature Microsoft.AspNetCore.Mvc.IActionResult Error() on controller KopkeHome_WebApp.Controllers.HomeController (KopkeHome_WebApp).
[2024-01-13 11:56:27.306 -05:00  INF]  Executing ViewResult, running view Error.
[2024-01-13 11:56:27.319 -05:00  INF]  Executed ViewResult - view Error executed in 13.2141ms.
[2024-01-13 11:56:27.319 -05:00  INF]  Executed action KopkeHome_WebApp.Controllers.HomeController.Error (KopkeHome_WebApp) in 13.8585ms
[2024-01-13 11:56:27.319 -05:00  INF]  Executed endpoint 'KopkeHome_WebApp.Controllers.HomeController.Error (KopkeHome_WebApp)'
[2024-01-13 11:56:27.319 -05:00  INF]  Request finished HTTP/2 GET https://localhost:7047/Home/error - - - 200 - text/html;+charset=utf-8 17.1435ms
[2024-01-13 11:56:27.319 -05:00  INF]  Request starting HTTP/2 GET https://localhost:7047/Home/error - -
[2024-01-13 11:56:27.320 -05:00  INF]  Executing endpoint 'KopkeHome_WebApp.Controllers.HomeController.Error (KopkeHome_WebApp)'
[2024-01-13 11:56:27.320 -05:00  INF]  Route matched with {action = "Error", controller = "Home"}. Executing controller action with signature Microsoft.AspNetCore.Mvc.IActionResult Error() on controller KopkeHome_WebApp.Controllers.HomeController (KopkeHome_WebApp).
[2024-01-13 11:56:27.320 -05:00  INF]  Executing ViewResult, running view Error.
[2024-01-13 11:56:27.320 -05:00  INF]  Executed ViewResult - view Error executed in 0.5092ms.
[2024-01-13 11:56:27.320 -05:00  INF]  Executed action KopkeHome_WebApp.Controllers.HomeController.Error (KopkeHome_WebApp) in 0.6285ms
[2024-01-13 11:56:27.320 -05:00  INF]  Executed endpoint 'KopkeHome_WebApp.Controllers.HomeController.Error (KopkeHome_WebApp)'
[2024-01-13 11:56:27.320 -05:00  INF]  Request finished HTTP/2 GET https://localhost:7047/Home/error - - - 200 - text/html;+charset=utf-8 1.0698ms
[2024-01-13 11:57:48.335 -05:00  INF]  Application is shutting down...
