[2023-06-16 23:35:27.858 +05:30  INF]  User profile is available. Using 'C:\Users\arshadm\AppData\Local\ASP.NET\DataProtection-Keys' as key repository and Windows DPAPI to encrypt keys at rest.
[2023-06-16 23:35:28.303 +05:30  INF]  Now listening on: https://localhost:7047
[2023-06-16 23:35:28.303 +05:30  INF]  Now listening on: http://localhost:5047
[2023-06-16 23:35:28.306 +05:30  INF]  Application started. Press Ctrl+C to shut down.
[2023-06-16 23:35:28.306 +05:30  INF]  Hosting environment: Development
[2023-06-16 23:35:28.306 +05:30  INF]  Content root path: D:\Arshad Backup\Backup\KopkeHome-FMRS\KopkeHome-FMRS\KopkeHome-WebApp\
[2023-06-16 23:35:35.680 +05:30  INF]  Request starting HTTP/2 GET https://localhost:7047/ - -
[2023-06-16 23:35:35.734 +05:30  INF]  Executing endpoint 'KopkeHome_WebApp.Controllers.HomeController.Index (KopkeHome_WebApp)'
[2023-06-16 23:35:35.744 +05:30  INF]  Route matched with {action = "Index", controller = "Home"}. Executing controller action with signature Microsoft.AspNetCore.Mvc.IActionResult Index() on controller KopkeHome_WebApp.Controllers.HomeController (KopkeHome_WebApp).
[2023-06-16 23:35:36.613 +05:30  INF]  Executing ViewResult, running view Index.
[2023-06-16 23:35:37.122 +05:30  INF]  Executed ViewResult - view Index executed in 511.4349ms.
[2023-06-16 23:35:37.131 +05:30  INF]  Executed action KopkeHome_WebApp.Controllers.HomeController.Index (KopkeHome_WebApp) in 1386.6317ms
[2023-06-16 23:35:37.131 +05:30  INF]  Executed endpoint 'KopkeHome_WebApp.Controllers.HomeController.Index (KopkeHome_WebApp)'
[2023-06-16 23:35:37.195 +05:30  INF]  Request finished HTTP/2 GET https://localhost:7047/ - - - 200 - text/html;+charset=utf-8 1517.2745ms
[2023-06-16 23:35:37.460 +05:30  INF]  Request starting HTTP/2 GET https://localhost:7047/HomePageAssets/assets/css/style.css - -
[2023-06-16 23:35:37.463 +05:30  INF]  The file /HomePageAssets/assets/css/style.css was not modified
[2023-06-16 23:35:37.464 +05:30  INF]  Request finished HTTP/2 GET https://localhost:7047/HomePageAssets/assets/css/style.css - - - 304 - text/css 4.2546ms
[2023-06-16 23:35:37.515 +05:30  INF]  Request starting HTTP/2 GET https://localhost:7047/_framework/aspnetcore-browser-refresh.js - -
[2023-06-16 23:35:37.518 +05:30  INF]  Request finished HTTP/2 GET https://localhost:7047/_framework/aspnetcore-browser-refresh.js - - - 200 11950 application/javascript;+charset=utf-8 2.7988ms
[2023-06-16 23:35:37.664 +05:30  INF]  Request starting HTTP/2 GET https://localhost:7047/home/PromoVideos - -
[2023-06-16 23:35:37.664 +05:30  INF]  Request starting HTTP/2 GET https://localhost:7047/home/ProhzLegalFiles - -
[2023-06-16 23:35:37.666 +05:30  INF]  Executing endpoint 'KopkeHome_WebApp.Controllers.HomeController.ProhzLegalFiles (KopkeHome_WebApp)'
[2023-06-16 23:35:37.666 +05:30  INF]  Executing endpoint 'KopkeHome_WebApp.Controllers.HomeController.PromoVideos (KopkeHome_WebApp)'
[2023-06-16 23:35:37.670 +05:30  INF]  Route matched with {action = "ProhzLegalFiles", controller = "Home"}. Executing controller action with signature System.Threading.Tasks.Task`1[Microsoft.AspNetCore.Mvc.IActionResult] ProhzLegalFiles() on controller KopkeHome_WebApp.Controllers.HomeController (KopkeHome_WebApp).
[2023-06-16 23:35:37.670 +05:30  INF]  Route matched with {action = "PromoVideos", controller = "Home"}. Executing controller action with signature System.Threading.Tasks.Task`1[Microsoft.AspNetCore.Mvc.IActionResult] PromoVideos() on controller KopkeHome_WebApp.Controllers.HomeController (KopkeHome_WebApp).
[2023-06-16 23:35:45.031 +05:30  INF]  Executing JsonResult, writing value of type 'System.Collections.Generic.List`1[[KopkeHome_ModelLayer.DataModel.ProhzLegalFiles, KopkeHome-ModelLayer, Version=1.0.0.0, Culture=neutral, PublicKeyToken=null]]'.
[2023-06-16 23:35:45.033 +05:30  INF]  Executed action KopkeHome_WebApp.Controllers.HomeController.ProhzLegalFiles (KopkeHome_WebApp) in 7363.4451ms
[2023-06-16 23:35:45.033 +05:30  INF]  Executed endpoint 'KopkeHome_WebApp.Controllers.HomeController.ProhzLegalFiles (KopkeHome_WebApp)'
[2023-06-16 23:35:45.033 +05:30  INF]  Request finished HTTP/2 GET https://localhost:7047/home/ProhzLegalFiles - - - 200 - application/json;+charset=utf-8 7369.0601ms
[2023-06-16 23:35:45.524 +05:30  INF]  Executing JsonResult, writing value of type 'null'.
[2023-06-16 23:35:45.524 +05:30  INF]  Executed action KopkeHome_WebApp.Controllers.HomeController.PromoVideos (KopkeHome_WebApp) in 7854.753ms
[2023-06-16 23:35:45.525 +05:30  INF]  Executed endpoint 'KopkeHome_WebApp.Controllers.HomeController.PromoVideos (KopkeHome_WebApp)'
[2023-06-16 23:35:45.525 +05:30  INF]  Request finished HTTP/2 GET https://localhost:7047/home/PromoVideos - - - 200 - application/json;+charset=utf-8 7860.7276ms
[2023-06-16 23:38:48.634 +05:30  INF]  Request starting HTTP/2 GET https://localhost:7047/ - -
[2023-06-16 23:38:48.638 +05:30  INF]  Executing endpoint 'KopkeHome_WebApp.Controllers.HomeController.Index (KopkeHome_WebApp)'
[2023-06-16 23:38:48.639 +05:30  INF]  Route matched with {action = "Index", controller = "Home"}. Executing controller action with signature Microsoft.AspNetCore.Mvc.IActionResult Index() on controller KopkeHome_WebApp.Controllers.HomeController (KopkeHome_WebApp).
[2023-06-16 23:38:48.640 +05:30  INF]  Executing ViewResult, running view Index.
[2023-06-16 23:38:48.667 +05:30  INF]  Executed ViewResult - view Index executed in 27.6716ms.
[2023-06-16 23:38:48.667 +05:30  INF]  Executed action KopkeHome_WebApp.Controllers.HomeController.Index (KopkeHome_WebApp) in 27.9572ms
[2023-06-16 23:38:48.667 +05:30  INF]  Executed endpoint 'KopkeHome_WebApp.Controllers.HomeController.Index (KopkeHome_WebApp)'
[2023-06-16 23:38:48.672 +05:30  INF]  Request finished HTTP/2 GET https://localhost:7047/ - - - 200 - text/html;+charset=utf-8 38.1005ms
[2023-06-16 23:38:48.682 +05:30  INF]  Request starting HTTP/2 GET https://localhost:7047/_framework/aspnetcore-browser-refresh.js - -
[2023-06-16 23:38:48.682 +05:30  INF]  Request finished HTTP/2 GET https://localhost:7047/_framework/aspnetcore-browser-refresh.js - - - 200 11950 application/javascript;+charset=utf-8 0.2074ms
[2023-06-16 23:38:48.717 +05:30  INF]  Request starting HTTP/2 GET https://localhost:7047/home/PromoVideos - -
[2023-06-16 23:38:48.717 +05:30  INF]  Request starting HTTP/2 GET https://localhost:7047/home/ProhzLegalFiles - -
[2023-06-16 23:38:48.718 +05:30  INF]  Executing endpoint 'KopkeHome_WebApp.Controllers.HomeController.ProhzLegalFiles (KopkeHome_WebApp)'
[2023-06-16 23:38:48.718 +05:30  INF]  Executing endpoint 'KopkeHome_WebApp.Controllers.HomeController.PromoVideos (KopkeHome_WebApp)'
[2023-06-16 23:38:48.725 +05:30  INF]  Route matched with {action = "ProhzLegalFiles", controller = "Home"}. Executing controller action with signature System.Threading.Tasks.Task`1[Microsoft.AspNetCore.Mvc.IActionResult] ProhzLegalFiles() on controller KopkeHome_WebApp.Controllers.HomeController (KopkeHome_WebApp).
[2023-06-16 23:38:48.725 +05:30  INF]  Route matched with {action = "PromoVideos", controller = "Home"}. Executing controller action with signature System.Threading.Tasks.Task`1[Microsoft.AspNetCore.Mvc.IActionResult] PromoVideos() on controller KopkeHome_WebApp.Controllers.HomeController (KopkeHome_WebApp).
[2023-06-16 23:38:49.018 +05:30  INF]  Executing JsonResult, writing value of type 'null'.
[2023-06-16 23:38:49.018 +05:30  INF]  Executed action KopkeHome_WebApp.Controllers.HomeController.PromoVideos (KopkeHome_WebApp) in 292.7818ms
[2023-06-16 23:38:49.018 +05:30  INF]  Executed endpoint 'KopkeHome_WebApp.Controllers.HomeController.PromoVideos (KopkeHome_WebApp)'
[2023-06-16 23:38:49.019 +05:30  INF]  Request finished HTTP/2 GET https://localhost:7047/home/PromoVideos - - - 200 - application/json;+charset=utf-8 301.2697ms
[2023-06-16 23:38:49.022 +05:30  INF]  Executing JsonResult, writing value of type 'System.Collections.Generic.List`1[[KopkeHome_ModelLayer.DataModel.ProhzLegalFiles, KopkeHome-ModelLayer, Version=1.0.0.0, Culture=neutral, PublicKeyToken=null]]'.
[2023-06-16 23:38:49.023 +05:30  INF]  Executed action KopkeHome_WebApp.Controllers.HomeController.ProhzLegalFiles (KopkeHome_WebApp) in 297.2914ms
[2023-06-16 23:38:49.023 +05:30  INF]  Executed endpoint 'KopkeHome_WebApp.Controllers.HomeController.ProhzLegalFiles (KopkeHome_WebApp)'
[2023-06-16 23:38:49.023 +05:30  INF]  Request finished HTTP/2 GET https://localhost:7047/home/ProhzLegalFiles - - - 200 - application/json;+charset=utf-8 305.4977ms
