[2023-06-07 14:49:19.094 +05:30  INF]  User profile is available. Using 'C:\Users\arshadm\AppData\Local\ASP.NET\DataProtection-Keys' as key repository and Windows DPAPI to encrypt keys at rest.
[2023-06-07 14:49:19.341 +05:30  INF]  Now listening on: https://localhost:7047
[2023-06-07 14:49:19.341 +05:30  INF]  Now listening on: http://localhost:5047
[2023-06-07 14:49:19.344 +05:30  INF]  Application started. Press Ctrl+C to shut down.
[2023-06-07 14:49:19.344 +05:30  INF]  Hosting environment: Development
[2023-06-07 14:49:19.344 +05:30  INF]  Content root path: D:\KopkeHome-FMRS\KopkeHome-FMRS\KopkeHome-WebApp\
[2023-06-07 14:49:20.063 +05:30  INF]  Request starting HTTP/2 GET https://localhost:7047/ - -
[2023-06-07 14:49:20.195 +05:30  INF]  Executing endpoint 'KopkeHome_WebApp.Controllers.HomeController.Index (KopkeHome_WebApp)'
[2023-06-07 14:49:20.204 +05:30  INF]  Route matched with {action = "Index", controller = "Home"}. Executing controller action with signature Microsoft.AspNetCore.Mvc.IActionResult Index() on controller KopkeHome_WebApp.Controllers.HomeController (KopkeHome_WebApp).
[2023-06-07 14:49:20.487 +05:30  INF]  Executing ViewResult, running view Index.
[2023-06-07 14:49:20.691 +05:30  INF]  Executed ViewResult - view Index executed in 206.7843ms.
[2023-06-07 14:49:20.694 +05:30  INF]  Executed action KopkeHome_WebApp.Controllers.HomeController.Index (KopkeHome_WebApp) in 489.508ms
[2023-06-07 14:49:20.695 +05:30  INF]  Executed endpoint 'KopkeHome_WebApp.Controllers.HomeController.Index (KopkeHome_WebApp)'
[2023-06-07 14:49:20.713 +05:30  INF]  Request finished HTTP/2 GET https://localhost:7047/ - - - 200 - text/html;+charset=utf-8 652.7597ms
[2023-06-07 14:49:20.720 +05:30  INF]  Request starting HTTP/2 GET https://localhost:7047/HomePageAssets/assets/css/style.css - -
[2023-06-07 14:49:20.908 +05:30  INF]  Request starting HTTP/2 GET https://localhost:7047/_framework/aspnetcore-browser-refresh.js - -
[2023-06-07 14:49:20.911 +05:30  INF]  Request finished HTTP/2 GET https://localhost:7047/_framework/aspnetcore-browser-refresh.js - - - 200 11950 application/javascript;+charset=utf-8 2.7231ms
[2023-06-07 14:49:20.911 +05:30  INF]  The file /HomePageAssets/assets/css/style.css was not modified
[2023-06-07 14:49:20.912 +05:30  INF]  Request finished HTTP/2 GET https://localhost:7047/HomePageAssets/assets/css/style.css - - - 304 - text/css 192.3172ms
[2023-06-07 14:49:21.201 +05:30  INF]  Request starting HTTP/2 GET https://localhost:7047/home/ProhzLegalFiles - -
[2023-06-07 14:49:21.201 +05:30  INF]  Request starting HTTP/2 GET https://localhost:7047/home/PromoVideos - -
[2023-06-07 14:49:21.203 +05:30  INF]  Executing endpoint 'KopkeHome_WebApp.Controllers.HomeController.PromoVideos (KopkeHome_WebApp)'
[2023-06-07 14:49:21.203 +05:30  INF]  Executing endpoint 'KopkeHome_WebApp.Controllers.HomeController.ProhzLegalFiles (KopkeHome_WebApp)'
[2023-06-07 14:49:21.208 +05:30  INF]  Route matched with {action = "ProhzLegalFiles", controller = "Home"}. Executing controller action with signature System.Threading.Tasks.Task`1[Microsoft.AspNetCore.Mvc.IActionResult] ProhzLegalFiles() on controller KopkeHome_WebApp.Controllers.HomeController (KopkeHome_WebApp).
[2023-06-07 14:49:21.208 +05:30  INF]  Route matched with {action = "PromoVideos", controller = "Home"}. Executing controller action with signature System.Threading.Tasks.Task`1[Microsoft.AspNetCore.Mvc.IActionResult] PromoVideos() on controller KopkeHome_WebApp.Controllers.HomeController (KopkeHome_WebApp).
[2023-06-07 14:49:23.590 +05:30  INF]  Request starting HTTP/2 GET https://localhost:7047/User/SignIn - -
[2023-06-07 14:49:23.591 +05:30  INF]  Executing endpoint 'KopkeHome_WebApp.Controllers.UserController.SignIn (KopkeHome_WebApp)'
[2023-06-07 14:49:23.592 +05:30  INF]  Route matched with {action = "SignIn", controller = "User"}. Executing controller action with signature Microsoft.AspNetCore.Mvc.IActionResult SignIn() on controller KopkeHome_WebApp.Controllers.UserController (KopkeHome_WebApp).
[2023-06-07 14:49:23.637 +05:30  INF]  Executing ViewResult, running view SignIn.
[2023-06-07 14:49:23.702 +05:30  INF]  Executed ViewResult - view SignIn executed in 65.7176ms.
[2023-06-07 14:49:23.702 +05:30  INF]  Executed action KopkeHome_WebApp.Controllers.UserController.SignIn (KopkeHome_WebApp) in 110.1901ms
[2023-06-07 14:49:23.702 +05:30  INF]  Executed endpoint 'KopkeHome_WebApp.Controllers.UserController.SignIn (KopkeHome_WebApp)'
[2023-06-07 14:49:23.703 +05:30  INF]  Request finished HTTP/2 GET https://localhost:7047/User/SignIn - - - 200 - text/html;+charset=utf-8 113.7256ms
[2023-06-07 14:49:23.715 +05:30  INF]  Request starting HTTP/2 GET https://localhost:7047/_framework/aspnetcore-browser-refresh.js - -
[2023-06-07 14:49:23.715 +05:30  INF]  Request finished HTTP/2 GET https://localhost:7047/_framework/aspnetcore-browser-refresh.js - - - 200 11950 application/javascript;+charset=utf-8 0.3489ms
[2023-06-07 14:49:23.743 +05:30  INF]  Request starting HTTP/2 GET https://localhost:7047/css/master.css?v=ozeRL4c82tSFqJn749QjDl_qTdlda5BDEpsv1__ewMA - -
[2023-06-07 14:49:23.743 +05:30  INF]  The file /css/master.css was not modified
[2023-06-07 14:49:23.744 +05:30  INF]  Request finished HTTP/2 GET https://localhost:7047/css/master.css?v=ozeRL4c82tSFqJn749QjDl_qTdlda5BDEpsv1__ewMA - - - 304 - text/css 0.7933ms
[2023-06-07 14:49:24.210 +05:30  INF]  Request starting HTTP/2 GET https://localhost:7047/User/StateList - -
[2023-06-07 14:49:24.213 +05:30  INF]  Executing endpoint 'KopkeHome_WebApp.Controllers.UserController.StateList (KopkeHome_WebApp)'
[2023-06-07 14:49:24.215 +05:30  INF]  Route matched with {action = "StateList", controller = "User"}. Executing controller action with signature System.Threading.Tasks.Task`1[System.Collections.Generic.List`1[KopkeHome_ModelLayer.DataModel.State]] StateList() on controller KopkeHome_WebApp.Controllers.UserController (KopkeHome_WebApp).
[2023-06-07 14:49:24.573 +05:30  INF]  Executing JsonResult, writing value of type 'System.Collections.Generic.List`1[[KopkeHome_ModelLayer.DataModel.ProhzLegalFiles, KopkeHome-ModelLayer, Version=1.0.0.0, Culture=neutral, PublicKeyToken=null]]'.
[2023-06-07 14:49:24.577 +05:30  INF]  Executed action KopkeHome_WebApp.Controllers.HomeController.ProhzLegalFiles (KopkeHome_WebApp) in 3368.7731ms
[2023-06-07 14:49:24.577 +05:30  INF]  Executed endpoint 'KopkeHome_WebApp.Controllers.HomeController.ProhzLegalFiles (KopkeHome_WebApp)'
[2023-06-07 14:49:24.577 +05:30  INF]  Request finished HTTP/2 GET https://localhost:7047/home/ProhzLegalFiles - - - 0 - application/json;+charset=utf-8 3376.4125ms
[2023-06-07 14:49:25.180 +05:30  INF]  Executing JsonResult, writing value of type 'null'.
[2023-06-07 14:49:25.181 +05:30  INF]  Executed action KopkeHome_WebApp.Controllers.HomeController.PromoVideos (KopkeHome_WebApp) in 3972.9689ms
[2023-06-07 14:49:25.181 +05:30  INF]  Executed endpoint 'KopkeHome_WebApp.Controllers.HomeController.PromoVideos (KopkeHome_WebApp)'
[2023-06-07 14:49:25.181 +05:30  INF]  Request finished HTTP/2 GET https://localhost:7047/home/PromoVideos - - - 0 - application/json;+charset=utf-8 3980.5607ms
[2023-06-07 14:49:25.191 +05:30  INF]  Executing ObjectResult, writing value of type 'System.Collections.Generic.List`1[[KopkeHome_ModelLayer.DataModel.State, KopkeHome-ModelLayer, Version=1.0.0.0, Culture=neutral, PublicKeyToken=null]]'.
[2023-06-07 14:49:25.192 +05:30  INF]  Executed action KopkeHome_WebApp.Controllers.UserController.StateList (KopkeHome_WebApp) in 977.5514ms
[2023-06-07 14:49:25.192 +05:30  INF]  Executed endpoint 'KopkeHome_WebApp.Controllers.UserController.StateList (KopkeHome_WebApp)'
[2023-06-07 14:49:25.192 +05:30  INF]  Request finished HTTP/2 GET https://localhost:7047/User/StateList - - - 200 - application/json;+charset=utf-8 982.3184ms
[2023-06-07 14:49:26.468 +05:30  INF]  Request starting HTTP/2 POST https://localhost:7047/User/SignIn application/x-www-form-urlencoded 266
[2023-06-07 14:49:26.472 +05:30  INF]  CORS policy execution successful.
[2023-06-07 14:49:26.472 +05:30  INF]  Executing endpoint 'KopkeHome_WebApp.Controllers.UserController.SignIn (KopkeHome_WebApp)'
[2023-06-07 14:49:26.484 +05:30  INF]  Route matched with {action = "SignIn", controller = "User"}. Executing controller action with signature System.Threading.Tasks.Task`1[Microsoft.AspNetCore.Mvc.IActionResult] SignIn(KopkeHome_ModelLayer.SignIn) on controller KopkeHome_WebApp.Controllers.UserController (KopkeHome_WebApp).
[2023-06-07 14:49:28.271 +05:30  INF]  Executing RedirectResult, redirecting to /admin/dashboard.
[2023-06-07 14:49:28.271 +05:30  INF]  Executed action KopkeHome_WebApp.Controllers.UserController.SignIn (KopkeHome_WebApp) in 1786.9712ms
[2023-06-07 14:49:28.271 +05:30  INF]  Executed endpoint 'KopkeHome_WebApp.Controllers.UserController.SignIn (KopkeHome_WebApp)'
[2023-06-07 14:49:28.271 +05:30  INF]  Session started; Key:cd1c9da7-976e-a488-609f-bd4fade0a158, Id:f75fe559-4978-1874-6501-1407c27c0075
[2023-06-07 14:49:28.272 +05:30  INF]  Request finished HTTP/2 POST https://localhost:7047/User/SignIn application/x-www-form-urlencoded 266 - 302 0 - 1804.0198ms
[2023-06-07 14:49:28.275 +05:30  INF]  Request starting HTTP/2 GET https://localhost:7047/admin/dashboard - -
[2023-06-07 14:49:28.276 +05:30  INF]  Executing endpoint 'KopkeHome_WebApp.Controllers.AdminController.Dashboard (KopkeHome_WebApp)'
[2023-06-07 14:49:28.277 +05:30  INF]  Route matched with {action = "Dashboard", controller = "Admin"}. Executing controller action with signature System.Threading.Tasks.Task`1[Microsoft.AspNetCore.Mvc.IActionResult] Dashboard() on controller KopkeHome_WebApp.Controllers.AdminController (KopkeHome_WebApp).
[2023-06-07 14:49:31.211 +05:30  INF]  Executing ViewResult, running view Dashboard.
[2023-06-07 14:49:31.232 +05:30  INF]  Executed ViewResult - view Dashboard executed in 21.4151ms.
[2023-06-07 14:49:31.233 +05:30  INF]  Executed action KopkeHome_WebApp.Controllers.AdminController.Dashboard (KopkeHome_WebApp) in 2955.7156ms
[2023-06-07 14:49:31.233 +05:30  INF]  Executed endpoint 'KopkeHome_WebApp.Controllers.AdminController.Dashboard (KopkeHome_WebApp)'
[2023-06-07 14:49:31.362 +05:30  INF]  Request finished HTTP/2 GET https://localhost:7047/admin/dashboard - - - 200 - text/html;+charset=utf-8 3087.3547ms
[2023-06-07 14:49:31.382 +05:30  INF]  Request starting HTTP/2 GET https://localhost:7047/Uploads/Images/DefaultProfile.png - -
[2023-06-07 14:49:31.384 +05:30  INF]  Request finished HTTP/2 GET https://localhost:7047/Uploads/Images/DefaultProfile.png - - - 404 0 - 1.6714ms
[2023-06-07 14:49:39.678 +05:30  INF]  Request starting HTTP/2 GET https://localhost:7047/admin/dashboard - -
[2023-06-07 14:49:39.682 +05:30  INF]  Executing endpoint 'KopkeHome_WebApp.Controllers.AdminController.Dashboard (KopkeHome_WebApp)'
[2023-06-07 14:49:39.682 +05:30  INF]  Route matched with {action = "Dashboard", controller = "Admin"}. Executing controller action with signature System.Threading.Tasks.Task`1[Microsoft.AspNetCore.Mvc.IActionResult] Dashboard() on controller KopkeHome_WebApp.Controllers.AdminController (KopkeHome_WebApp).
[2023-06-07 14:50:38.184 +05:30  INF]  User profile is available. Using 'C:\Users\arshadm\AppData\Local\ASP.NET\DataProtection-Keys' as key repository and Windows DPAPI to encrypt keys at rest.
[2023-06-07 14:50:38.386 +05:30  INF]  Now listening on: https://localhost:7047
[2023-06-07 14:50:38.386 +05:30  INF]  Now listening on: http://localhost:5047
[2023-06-07 14:50:38.389 +05:30  INF]  Application started. Press Ctrl+C to shut down.
[2023-06-07 14:50:38.390 +05:30  INF]  Hosting environment: Development
[2023-06-07 14:50:38.390 +05:30  INF]  Content root path: D:\KopkeHome-FMRS\KopkeHome-FMRS\KopkeHome-WebApp\
[2023-06-07 14:50:39.066 +05:30  INF]  Request starting HTTP/2 GET https://localhost:7047/ - -
[2023-06-07 14:50:39.121 +05:30  INF]  Executing endpoint 'KopkeHome_WebApp.Controllers.HomeController.Index (KopkeHome_WebApp)'
[2023-06-07 14:50:39.132 +05:30  INF]  Route matched with {action = "Index", controller = "Home"}. Executing controller action with signature Microsoft.AspNetCore.Mvc.IActionResult Index() on controller KopkeHome_WebApp.Controllers.HomeController (KopkeHome_WebApp).
[2023-06-07 14:50:39.169 +05:30  INF]  Executing ViewResult, running view Index.
[2023-06-07 14:50:39.310 +05:30  INF]  Executed ViewResult - view Index executed in 145.2983ms.
[2023-06-07 14:50:39.313 +05:30  INF]  Executed action KopkeHome_WebApp.Controllers.HomeController.Index (KopkeHome_WebApp) in 180.2009ms
[2023-06-07 14:50:39.313 +05:30  INF]  Executed endpoint 'KopkeHome_WebApp.Controllers.HomeController.Index (KopkeHome_WebApp)'
[2023-06-07 14:50:39.314 +05:30  INF]  Accessing expired session, Key:cd1c9da7-976e-a488-609f-bd4fade0a158
[2023-06-07 14:50:39.328 +05:30  INF]  Request finished HTTP/2 GET https://localhost:7047/ - - - 200 - text/html;+charset=utf-8 266.0519ms
[2023-06-07 14:50:39.343 +05:30  INF]  Request starting HTTP/2 GET https://localhost:7047/_framework/aspnetcore-browser-refresh.js - -
[2023-06-07 14:50:39.345 +05:30  INF]  Request finished HTTP/2 GET https://localhost:7047/_framework/aspnetcore-browser-refresh.js - - - 200 11950 application/javascript;+charset=utf-8 2.1628ms
[2023-06-07 14:50:39.450 +05:30  INF]  Request starting HTTP/2 GET https://localhost:7047/home/PromoVideos - -
[2023-06-07 14:50:39.451 +05:30  INF]  Request starting HTTP/2 GET https://localhost:7047/home/ProhzLegalFiles - -
[2023-06-07 14:50:39.452 +05:30  INF]  Executing endpoint 'KopkeHome_WebApp.Controllers.HomeController.PromoVideos (KopkeHome_WebApp)'
[2023-06-07 14:50:39.452 +05:30  INF]  Executing endpoint 'KopkeHome_WebApp.Controllers.HomeController.ProhzLegalFiles (KopkeHome_WebApp)'
[2023-06-07 14:50:39.457 +05:30  INF]  Route matched with {action = "ProhzLegalFiles", controller = "Home"}. Executing controller action with signature System.Threading.Tasks.Task`1[Microsoft.AspNetCore.Mvc.IActionResult] ProhzLegalFiles() on controller KopkeHome_WebApp.Controllers.HomeController (KopkeHome_WebApp).
[2023-06-07 14:50:39.457 +05:30  INF]  Route matched with {action = "PromoVideos", controller = "Home"}. Executing controller action with signature System.Threading.Tasks.Task`1[Microsoft.AspNetCore.Mvc.IActionResult] PromoVideos() on controller KopkeHome_WebApp.Controllers.HomeController (KopkeHome_WebApp).
[2023-06-07 14:50:42.614 +05:30  INF]  Request starting HTTP/2 GET https://localhost:7047/User/SignIn - -
[2023-06-07 14:50:42.616 +05:30  INF]  Executing endpoint 'KopkeHome_WebApp.Controllers.UserController.SignIn (KopkeHome_WebApp)'
[2023-06-07 14:50:42.616 +05:30  INF]  Route matched with {action = "SignIn", controller = "User"}. Executing controller action with signature Microsoft.AspNetCore.Mvc.IActionResult SignIn() on controller KopkeHome_WebApp.Controllers.UserController (KopkeHome_WebApp).
[2023-06-07 14:50:42.658 +05:30  INF]  Executing ViewResult, running view SignIn.
[2023-06-07 14:50:42.753 +05:30  INF]  Executed ViewResult - view SignIn executed in 96.0764ms.
[2023-06-07 14:50:42.753 +05:30  INF]  Executed action KopkeHome_WebApp.Controllers.UserController.SignIn (KopkeHome_WebApp) in 136.5371ms
[2023-06-07 14:50:42.753 +05:30  INF]  Executed endpoint 'KopkeHome_WebApp.Controllers.UserController.SignIn (KopkeHome_WebApp)'
[2023-06-07 14:50:42.753 +05:30  INF]  Accessing expired session, Key:cd1c9da7-976e-a488-609f-bd4fade0a158
[2023-06-07 14:50:42.754 +05:30  INF]  Request finished HTTP/2 GET https://localhost:7047/User/SignIn - - - 200 - text/html;+charset=utf-8 140.2418ms
[2023-06-07 14:50:42.768 +05:30  INF]  Request starting HTTP/2 GET https://localhost:7047/_framework/aspnetcore-browser-refresh.js - -
[2023-06-07 14:50:42.769 +05:30  INF]  Request finished HTTP/2 GET https://localhost:7047/_framework/aspnetcore-browser-refresh.js - - - 200 11950 application/javascript;+charset=utf-8 0.2477ms
[2023-06-07 14:50:42.775 +05:30  INF]  Executing JsonResult, writing value of type 'null'.
[2023-06-07 14:50:42.777 +05:30  INF]  Executed action KopkeHome_WebApp.Controllers.HomeController.PromoVideos (KopkeHome_WebApp) in 3319.4082ms
[2023-06-07 14:50:42.777 +05:30  INF]  Executed endpoint 'KopkeHome_WebApp.Controllers.HomeController.PromoVideos (KopkeHome_WebApp)'
[2023-06-07 14:50:42.777 +05:30  INF]  Accessing expired session, Key:cd1c9da7-976e-a488-609f-bd4fade0a158
[2023-06-07 14:50:42.777 +05:30  INF]  Request finished HTTP/2 GET https://localhost:7047/home/PromoVideos - - - 0 - application/json;+charset=utf-8 3326.7339ms
[2023-06-07 14:50:42.805 +05:30  INF]  Request starting HTTP/2 GET https://localhost:7047/User/StateList - -
[2023-06-07 14:50:42.808 +05:30  INF]  Executing endpoint 'KopkeHome_WebApp.Controllers.UserController.StateList (KopkeHome_WebApp)'
[2023-06-07 14:50:42.811 +05:30  INF]  Route matched with {action = "StateList", controller = "User"}. Executing controller action with signature System.Threading.Tasks.Task`1[System.Collections.Generic.List`1[KopkeHome_ModelLayer.DataModel.State]] StateList() on controller KopkeHome_WebApp.Controllers.UserController (KopkeHome_WebApp).
[2023-06-07 14:50:43.134 +05:30  INF]  Executing ObjectResult, writing value of type 'System.Collections.Generic.List`1[[KopkeHome_ModelLayer.DataModel.State, KopkeHome-ModelLayer, Version=1.0.0.0, Culture=neutral, PublicKeyToken=null]]'.
[2023-06-07 14:50:43.137 +05:30  INF]  Executed action KopkeHome_WebApp.Controllers.UserController.StateList (KopkeHome_WebApp) in 325.5287ms
[2023-06-07 14:50:43.137 +05:30  INF]  Executed endpoint 'KopkeHome_WebApp.Controllers.UserController.StateList (KopkeHome_WebApp)'
[2023-06-07 14:50:43.137 +05:30  INF]  Accessing expired session, Key:cd1c9da7-976e-a488-609f-bd4fade0a158
[2023-06-07 14:50:43.137 +05:30  INF]  Request finished HTTP/2 GET https://localhost:7047/User/StateList - - - 200 - application/json;+charset=utf-8 331.9115ms
[2023-06-07 14:50:43.505 +05:30  INF]  Executing JsonResult, writing value of type 'System.Collections.Generic.List`1[[KopkeHome_ModelLayer.DataModel.ProhzLegalFiles, KopkeHome-ModelLayer, Version=1.0.0.0, Culture=neutral, PublicKeyToken=null]]'.
[2023-06-07 14:50:43.506 +05:30  INF]  Executed action KopkeHome_WebApp.Controllers.HomeController.ProhzLegalFiles (KopkeHome_WebApp) in 4048.9698ms
[2023-06-07 14:50:43.506 +05:30  INF]  Executed endpoint 'KopkeHome_WebApp.Controllers.HomeController.ProhzLegalFiles (KopkeHome_WebApp)'
[2023-06-07 14:50:43.506 +05:30  INF]  Accessing expired session, Key:cd1c9da7-976e-a488-609f-bd4fade0a158
[2023-06-07 14:50:43.506 +05:30  INF]  Request finished HTTP/2 GET https://localhost:7047/home/ProhzLegalFiles - - - 0 - application/json;+charset=utf-8 4054.9811ms
[2023-06-07 14:50:44.057 +05:30  INF]  Request starting HTTP/2 POST https://localhost:7047/User/SignIn application/x-www-form-urlencoded 266
[2023-06-07 14:50:44.061 +05:30  INF]  CORS policy execution successful.
[2023-06-07 14:50:44.062 +05:30  INF]  Executing endpoint 'KopkeHome_WebApp.Controllers.UserController.SignIn (KopkeHome_WebApp)'
[2023-06-07 14:50:44.072 +05:30  INF]  Route matched with {action = "SignIn", controller = "User"}. Executing controller action with signature System.Threading.Tasks.Task`1[Microsoft.AspNetCore.Mvc.IActionResult] SignIn(KopkeHome_ModelLayer.SignIn) on controller KopkeHome_WebApp.Controllers.UserController (KopkeHome_WebApp).
[2023-06-07 14:50:46.672 +05:30  INF]  Accessing expired session, Key:cd1c9da7-976e-a488-609f-bd4fade0a158
[2023-06-07 14:50:56.259 +05:30  INF]  Executing RedirectResult, redirecting to /admin/dashboard.
[2023-06-07 14:50:56.259 +05:30  INF]  Executed action KopkeHome_WebApp.Controllers.UserController.SignIn (KopkeHome_WebApp) in 12187.2038ms
[2023-06-07 14:50:56.259 +05:30  INF]  Executed endpoint 'KopkeHome_WebApp.Controllers.UserController.SignIn (KopkeHome_WebApp)'
[2023-06-07 14:50:56.260 +05:30  INF]  Session started; Key:cd1c9da7-976e-a488-609f-bd4fade0a158, Id:1cf141c0-bd8c-9c95-f714-d3fda6f57d1c
[2023-06-07 14:50:56.261 +05:30  INF]  Request finished HTTP/2 POST https://localhost:7047/User/SignIn application/x-www-form-urlencoded 266 - 302 0 - 12203.2833ms
[2023-06-07 14:50:56.263 +05:30  INF]  Request starting HTTP/2 GET https://localhost:7047/admin/dashboard - -
[2023-06-07 14:50:56.264 +05:30  INF]  Executing endpoint 'KopkeHome_WebApp.Controllers.AdminController.Dashboard (KopkeHome_WebApp)'
[2023-06-07 14:50:56.265 +05:30  INF]  Route matched with {action = "Dashboard", controller = "Admin"}. Executing controller action with signature System.Threading.Tasks.Task`1[Microsoft.AspNetCore.Mvc.IActionResult] Dashboard() on controller KopkeHome_WebApp.Controllers.AdminController (KopkeHome_WebApp).
[2023-06-07 14:54:57.333 +05:30  INF]  User profile is available. Using 'C:\Users\arshadm\AppData\Local\ASP.NET\DataProtection-Keys' as key repository and Windows DPAPI to encrypt keys at rest.
[2023-06-07 14:54:57.629 +05:30  INF]  Now listening on: https://localhost:7047
[2023-06-07 14:54:57.629 +05:30  INF]  Now listening on: http://localhost:5047
[2023-06-07 14:54:57.632 +05:30  INF]  Application started. Press Ctrl+C to shut down.
[2023-06-07 14:54:57.632 +05:30  INF]  Hosting environment: Development
[2023-06-07 14:54:57.632 +05:30  INF]  Content root path: D:\KopkeHome-FMRS\KopkeHome-FMRS\KopkeHome-WebApp\
[2023-06-07 14:54:58.390 +05:30  INF]  Request starting HTTP/2 GET https://localhost:7047/ - -
[2023-06-07 14:54:58.443 +05:30  INF]  Executing endpoint 'KopkeHome_WebApp.Controllers.HomeController.Index (KopkeHome_WebApp)'
[2023-06-07 14:54:58.458 +05:30  INF]  Route matched with {action = "Index", controller = "Home"}. Executing controller action with signature Microsoft.AspNetCore.Mvc.IActionResult Index() on controller KopkeHome_WebApp.Controllers.HomeController (KopkeHome_WebApp).
[2023-06-07 14:54:58.595 +05:30  INF]  Executing ViewResult, running view Index.
[2023-06-07 14:54:58.742 +05:30  INF]  Executed ViewResult - view Index executed in 149.0096ms.
[2023-06-07 14:54:58.746 +05:30  INF]  Executed action KopkeHome_WebApp.Controllers.HomeController.Index (KopkeHome_WebApp) in 287.411ms
[2023-06-07 14:54:58.747 +05:30  INF]  Executed endpoint 'KopkeHome_WebApp.Controllers.HomeController.Index (KopkeHome_WebApp)'
[2023-06-07 14:54:58.748 +05:30  INF]  Accessing expired session, Key:cd1c9da7-976e-a488-609f-bd4fade0a158
[2023-06-07 14:54:58.765 +05:30  INF]  Request finished HTTP/2 GET https://localhost:7047/ - - - 200 - text/html;+charset=utf-8 378.2796ms
[2023-06-07 14:54:58.775 +05:30  INF]  Request starting HTTP/2 GET https://localhost:7047/_framework/aspnetcore-browser-refresh.js - -
[2023-06-07 14:54:58.778 +05:30  INF]  Request finished HTTP/2 GET https://localhost:7047/_framework/aspnetcore-browser-refresh.js - - - 200 11950 application/javascript;+charset=utf-8 2.9339ms
[2023-06-07 14:54:58.940 +05:30  INF]  Request starting HTTP/2 GET https://localhost:7047/home/PromoVideos - -
[2023-06-07 14:54:58.941 +05:30  INF]  Request starting HTTP/2 GET https://localhost:7047/home/ProhzLegalFiles - -
[2023-06-07 14:54:58.943 +05:30  INF]  Executing endpoint 'KopkeHome_WebApp.Controllers.HomeController.ProhzLegalFiles (KopkeHome_WebApp)'
[2023-06-07 14:54:58.943 +05:30  INF]  Executing endpoint 'KopkeHome_WebApp.Controllers.HomeController.PromoVideos (KopkeHome_WebApp)'
[2023-06-07 14:54:58.948 +05:30  INF]  Route matched with {action = "ProhzLegalFiles", controller = "Home"}. Executing controller action with signature System.Threading.Tasks.Task`1[Microsoft.AspNetCore.Mvc.IActionResult] ProhzLegalFiles() on controller KopkeHome_WebApp.Controllers.HomeController (KopkeHome_WebApp).
[2023-06-07 14:54:58.948 +05:30  INF]  Route matched with {action = "PromoVideos", controller = "Home"}. Executing controller action with signature System.Threading.Tasks.Task`1[Microsoft.AspNetCore.Mvc.IActionResult] PromoVideos() on controller KopkeHome_WebApp.Controllers.HomeController (KopkeHome_WebApp).
[2023-06-07 14:55:02.214 +05:30  INF]  Executing JsonResult, writing value of type 'System.Collections.Generic.List`1[[KopkeHome_ModelLayer.DataModel.ProhzLegalFiles, KopkeHome-ModelLayer, Version=1.0.0.0, Culture=neutral, PublicKeyToken=null]]'.
[2023-06-07 14:55:02.216 +05:30  INF]  Executed action KopkeHome_WebApp.Controllers.HomeController.ProhzLegalFiles (KopkeHome_WebApp) in 3268.5455ms
[2023-06-07 14:55:02.216 +05:30  INF]  Executed endpoint 'KopkeHome_WebApp.Controllers.HomeController.ProhzLegalFiles (KopkeHome_WebApp)'
[2023-06-07 14:55:02.216 +05:30  INF]  Accessing expired session, Key:cd1c9da7-976e-a488-609f-bd4fade0a158
[2023-06-07 14:55:02.216 +05:30  INF]  Request finished HTTP/2 GET https://localhost:7047/home/ProhzLegalFiles - - - 200 - application/json;+charset=utf-8 3275.6939ms
[2023-06-07 14:55:02.942 +05:30  INF]  Executing JsonResult, writing value of type 'null'.
[2023-06-07 14:55:02.943 +05:30  INF]  Executed action KopkeHome_WebApp.Controllers.HomeController.PromoVideos (KopkeHome_WebApp) in 3994.8582ms
[2023-06-07 14:55:02.943 +05:30  INF]  Executed endpoint 'KopkeHome_WebApp.Controllers.HomeController.PromoVideos (KopkeHome_WebApp)'
[2023-06-07 14:55:02.943 +05:30  INF]  Accessing expired session, Key:cd1c9da7-976e-a488-609f-bd4fade0a158
[2023-06-07 14:55:02.943 +05:30  INF]  Request finished HTTP/2 GET https://localhost:7047/home/PromoVideos - - - 200 - application/json;+charset=utf-8 4002.5006ms
[2023-06-07 14:55:03.438 +05:30  INF]  Request starting HTTP/2 GET https://localhost:7047/User/SignIn - -
[2023-06-07 14:55:03.440 +05:30  INF]  Executing endpoint 'KopkeHome_WebApp.Controllers.UserController.SignIn (KopkeHome_WebApp)'
[2023-06-07 14:55:03.441 +05:30  INF]  Route matched with {action = "SignIn", controller = "User"}. Executing controller action with signature Microsoft.AspNetCore.Mvc.IActionResult SignIn() on controller KopkeHome_WebApp.Controllers.UserController (KopkeHome_WebApp).
[2023-06-07 14:55:03.473 +05:30  INF]  Executing ViewResult, running view SignIn.
[2023-06-07 14:55:03.520 +05:30  INF]  Executed ViewResult - view SignIn executed in 47.6757ms.
[2023-06-07 14:55:03.520 +05:30  INF]  Executed action KopkeHome_WebApp.Controllers.UserController.SignIn (KopkeHome_WebApp) in 79.6811ms
[2023-06-07 14:55:03.520 +05:30  INF]  Executed endpoint 'KopkeHome_WebApp.Controllers.UserController.SignIn (KopkeHome_WebApp)'
[2023-06-07 14:55:03.520 +05:30  INF]  Accessing expired session, Key:cd1c9da7-976e-a488-609f-bd4fade0a158
[2023-06-07 14:55:03.521 +05:30  INF]  Request finished HTTP/2 GET https://localhost:7047/User/SignIn - - - 200 - text/html;+charset=utf-8 83.2423ms
[2023-06-07 14:55:03.533 +05:30  INF]  Request starting HTTP/2 GET https://localhost:7047/_framework/aspnetcore-browser-refresh.js - -
[2023-06-07 14:55:03.534 +05:30  INF]  Request finished HTTP/2 GET https://localhost:7047/_framework/aspnetcore-browser-refresh.js - - - 200 11950 application/javascript;+charset=utf-8 0.1951ms
[2023-06-07 14:55:03.840 +05:30  INF]  Request starting HTTP/2 GET https://localhost:7047/User/StateList - -
[2023-06-07 14:55:03.843 +05:30  INF]  Executing endpoint 'KopkeHome_WebApp.Controllers.UserController.StateList (KopkeHome_WebApp)'
[2023-06-07 14:55:03.844 +05:30  INF]  Route matched with {action = "StateList", controller = "User"}. Executing controller action with signature System.Threading.Tasks.Task`1[System.Collections.Generic.List`1[KopkeHome_ModelLayer.DataModel.State]] StateList() on controller KopkeHome_WebApp.Controllers.UserController (KopkeHome_WebApp).
[2023-06-07 14:55:04.140 +05:30  INF]  Executing ObjectResult, writing value of type 'System.Collections.Generic.List`1[[KopkeHome_ModelLayer.DataModel.State, KopkeHome-ModelLayer, Version=1.0.0.0, Culture=neutral, PublicKeyToken=null]]'.
[2023-06-07 14:55:04.141 +05:30  INF]  Executed action KopkeHome_WebApp.Controllers.UserController.StateList (KopkeHome_WebApp) in 296.8426ms
[2023-06-07 14:55:04.141 +05:30  INF]  Executed endpoint 'KopkeHome_WebApp.Controllers.UserController.StateList (KopkeHome_WebApp)'
[2023-06-07 14:55:04.141 +05:30  INF]  Accessing expired session, Key:cd1c9da7-976e-a488-609f-bd4fade0a158
[2023-06-07 14:55:04.141 +05:30  INF]  Request finished HTTP/2 GET https://localhost:7047/User/StateList - - - 200 - application/json;+charset=utf-8 301.2659ms
[2023-06-07 14:55:04.594 +05:30  INF]  Request starting HTTP/2 POST https://localhost:7047/User/SignIn application/x-www-form-urlencoded 266
[2023-06-07 14:55:04.598 +05:30  INF]  CORS policy execution successful.
[2023-06-07 14:55:04.599 +05:30  INF]  Executing endpoint 'KopkeHome_WebApp.Controllers.UserController.SignIn (KopkeHome_WebApp)'
[2023-06-07 14:55:04.611 +05:30  INF]  Route matched with {action = "SignIn", controller = "User"}. Executing controller action with signature System.Threading.Tasks.Task`1[Microsoft.AspNetCore.Mvc.IActionResult] SignIn(KopkeHome_ModelLayer.SignIn) on controller KopkeHome_WebApp.Controllers.UserController (KopkeHome_WebApp).
[2023-06-07 14:55:05.822 +05:30  INF]  Accessing expired session, Key:cd1c9da7-976e-a488-609f-bd4fade0a158
[2023-06-07 14:55:08.955 +05:30  INF]  Executing RedirectResult, redirecting to /admin/dashboard.
[2023-06-07 14:55:08.955 +05:30  INF]  Executed action KopkeHome_WebApp.Controllers.UserController.SignIn (KopkeHome_WebApp) in 4343.8675ms
[2023-06-07 14:55:08.955 +05:30  INF]  Executed endpoint 'KopkeHome_WebApp.Controllers.UserController.SignIn (KopkeHome_WebApp)'
[2023-06-07 14:55:08.956 +05:30  INF]  Session started; Key:cd1c9da7-976e-a488-609f-bd4fade0a158, Id:76ed12ec-f617-a6b0-b268-a35deb34cc74
[2023-06-07 14:55:08.957 +05:30  INF]  Request finished HTTP/2 POST https://localhost:7047/User/SignIn application/x-www-form-urlencoded 266 - 302 0 - 4362.5362ms
[2023-06-07 14:55:08.959 +05:30  INF]  Request starting HTTP/2 GET https://localhost:7047/admin/dashboard - -
[2023-06-07 14:55:08.960 +05:30  INF]  Executing endpoint 'KopkeHome_WebApp.Controllers.AdminController.Dashboard (KopkeHome_WebApp)'
[2023-06-07 14:55:08.962 +05:30  INF]  Route matched with {action = "Dashboard", controller = "Admin"}. Executing controller action with signature System.Threading.Tasks.Task`1[Microsoft.AspNetCore.Mvc.IActionResult] Dashboard() on controller KopkeHome_WebApp.Controllers.AdminController (KopkeHome_WebApp).
[2023-06-07 14:55:13.091 +05:30  INF]  Executing ViewResult, running view Dashboard.
[2023-06-07 14:55:13.107 +05:30  INF]  Executed ViewResult - view Dashboard executed in 16.3413ms.
[2023-06-07 14:55:13.108 +05:30  INF]  Executed action KopkeHome_WebApp.Controllers.AdminController.Dashboard (KopkeHome_WebApp) in 4146.4161ms
[2023-06-07 14:55:13.108 +05:30  INF]  Executed endpoint 'KopkeHome_WebApp.Controllers.AdminController.Dashboard (KopkeHome_WebApp)'
[2023-06-07 14:55:13.113 +05:30  INF]  Request finished HTTP/2 GET https://localhost:7047/admin/dashboard - - - 200 - text/html;+charset=utf-8 4153.7861ms
[2023-06-07 14:55:13.194 +05:30  INF]  Request starting HTTP/2 GET https://localhost:7047/_framework/aspnetcore-browser-refresh.js - -
[2023-06-07 14:55:13.194 +05:30  INF]  Request finished HTTP/2 GET https://localhost:7047/_framework/aspnetcore-browser-refresh.js - - - 200 11950 application/javascript;+charset=utf-8 0.1996ms
[2023-06-07 14:55:20.424 +05:30  INF]  Request starting HTTP/2 GET https://localhost:7047/admin/dashboard - -
[2023-06-07 14:55:20.427 +05:30  INF]  Executing endpoint 'KopkeHome_WebApp.Controllers.AdminController.Dashboard (KopkeHome_WebApp)'
[2023-06-07 14:55:20.427 +05:30  INF]  Route matched with {action = "Dashboard", controller = "Admin"}. Executing controller action with signature System.Threading.Tasks.Task`1[Microsoft.AspNetCore.Mvc.IActionResult] Dashboard() on controller KopkeHome_WebApp.Controllers.AdminController (KopkeHome_WebApp).
[2023-06-07 14:56:23.356 +05:30  INF]  Executing ViewResult, running view Dashboard.
[2023-06-07 14:56:23.360 +05:30  INF]  Executed ViewResult - view Dashboard executed in 4.1604ms.
[2023-06-07 14:56:23.360 +05:30  INF]  Executed action KopkeHome_WebApp.Controllers.AdminController.Dashboard (KopkeHome_WebApp) in 62932.5123ms
[2023-06-07 14:56:23.360 +05:30  INF]  Executed endpoint 'KopkeHome_WebApp.Controllers.AdminController.Dashboard (KopkeHome_WebApp)'
[2023-06-07 14:56:23.368 +05:30  INF]  Request finished HTTP/2 GET https://localhost:7047/admin/dashboard - - - 200 - text/html;+charset=utf-8 62944.2681ms
[2023-06-07 14:56:23.548 +05:30  INF]  Request starting HTTP/2 GET https://localhost:7047/Admin/css/style.css - -
[2023-06-07 14:56:23.559 +05:30  INF]  Sending file. Request path: '/Admin/css/style.css'. Physical path: 'D:\KopkeHome-FMRS\KopkeHome-FMRS\KopkeHome-WebApp\wwwroot\Admin\css\style.css'
[2023-06-07 14:56:23.559 +05:30  INF]  Request finished HTTP/2 GET https://localhost:7047/Admin/css/style.css - - - 200 10669 text/css 10.8846ms
[2023-06-07 14:56:23.560 +05:30  INF]  Request starting HTTP/2 GET https://localhost:7047/Admin/css/responsive.css - -
[2023-06-07 14:56:23.561 +05:30  INF]  Sending file. Request path: '/Admin/css/responsive.css'. Physical path: 'D:\KopkeHome-FMRS\KopkeHome-FMRS\KopkeHome-WebApp\wwwroot\Admin\css\responsive.css'
[2023-06-07 14:56:23.561 +05:30  INF]  Request finished HTTP/2 GET https://localhost:7047/Admin/css/responsive.css - - - 200 895 text/css 0.5634ms
[2023-06-07 14:56:23.703 +05:30  INF]  Request starting HTTP/2 GET https://localhost:7047/lib/jquery-validation-unobtrusive/jquery.validate.unobtrusive.js - -
[2023-06-07 14:56:23.705 +05:30  INF]  Sending file. Request path: '/lib/jquery-validation-unobtrusive/jquery.validate.unobtrusive.js'. Physical path: 'D:\KopkeHome-FMRS\KopkeHome-FMRS\KopkeHome-WebApp\wwwroot\lib\jquery-validation-unobtrusive\jquery.validate.unobtrusive.js'
[2023-06-07 14:56:23.706 +05:30  INF]  Request finished HTTP/2 GET https://localhost:7047/lib/jquery-validation-unobtrusive/jquery.validate.unobtrusive.js - - - 200 19366 application/javascript 2.5155ms
[2023-06-07 14:56:23.715 +05:30  INF]  Request starting HTTP/2 GET https://localhost:7047/Admin/js/Admin.js - -
[2023-06-07 14:56:23.716 +05:30  INF]  Sending file. Request path: '/Admin/js/Admin.js'. Physical path: 'D:\KopkeHome-FMRS\KopkeHome-FMRS\KopkeHome-WebApp\wwwroot\Admin\js\Admin.js'
[2023-06-07 14:56:23.716 +05:30  INF]  Request finished HTTP/2 GET https://localhost:7047/Admin/js/Admin.js - - - 200 21255 application/javascript 1.1770ms
[2023-06-07 14:56:23.718 +05:30  INF]  Request starting HTTP/2 GET https://localhost:7047/_framework/aspnetcore-browser-refresh.js - -
[2023-06-07 14:56:23.718 +05:30  INF]  Request finished HTTP/2 GET https://localhost:7047/_framework/aspnetcore-browser-refresh.js - - - 200 11950 application/javascript;+charset=utf-8 0.1962ms
[2023-06-07 14:56:23.722 +05:30  INF]  Request starting HTTP/2 GET https://localhost:7047/images/Kopke-brand-logo.png - -
[2023-06-07 14:56:23.723 +05:30  INF]  Request starting HTTP/2 GET https://localhost:7047/images/minilogo.png - -
[2023-06-07 14:56:23.723 +05:30  INF]  Sending file. Request path: '/images/Kopke-brand-logo.png'. Physical path: 'D:\KopkeHome-FMRS\KopkeHome-FMRS\KopkeHome-WebApp\wwwroot\images\Kopke-brand-logo.png'
[2023-06-07 14:56:23.723 +05:30  INF]  Request finished HTTP/2 GET https://localhost:7047/images/Kopke-brand-logo.png - - - 200 6953 image/png 1.7650ms
[2023-06-07 14:56:23.729 +05:30  INF]  Request starting HTTP/2 GET https://localhost:7047/Uploads/9a008e98-d9b8-4768-b5d6-708ae08a66220ta409ypae781.jpg - -
[2023-06-07 14:56:23.731 +05:30  INF]  Sending file. Request path: '/Uploads/9a008e98-d9b8-4768-b5d6-708ae08a66220ta409ypae781.jpg'. Physical path: 'D:\KopkeHome-FMRS\KopkeHome-FMRS\KopkeHome-WebApp\wwwroot\Uploads\9a008e98-d9b8-4768-b5d6-708ae08a66220ta409ypae781.jpg'
[2023-06-07 14:56:23.731 +05:30  INF]  Request finished HTTP/2 GET https://localhost:7047/Uploads/9a008e98-d9b8-4768-b5d6-708ae08a66220ta409ypae781.jpg - - - 200 50300 image/jpeg 1.1628ms
[2023-06-07 14:56:23.752 +05:30  INF]  Sending file. Request path: '/images/minilogo.png'. Physical path: 'D:\KopkeHome-FMRS\KopkeHome-FMRS\KopkeHome-WebApp\wwwroot\images\minilogo.png'
[2023-06-07 14:56:23.752 +05:30  INF]  Request finished HTTP/2 GET https://localhost:7047/images/minilogo.png - - - 200 1664 image/png 29.0153ms
[2023-06-07 14:56:24.079 +05:30  INF]  Request starting HTTP/2 GET https://localhost:7047/favicon.ico - -
[2023-06-07 14:56:24.081 +05:30  INF]  Sending file. Request path: '/favicon.ico'. Physical path: 'D:\KopkeHome-FMRS\KopkeHome-FMRS\KopkeHome-WebApp\wwwroot\favicon.ico'
[2023-06-07 14:56:24.081 +05:30  INF]  Request finished HTTP/2 GET https://localhost:7047/favicon.ico - - - 200 4286 image/x-icon 1.6244ms
[2023-06-07 15:04:59.911 +05:30  INF]  User profile is available. Using 'C:\Users\arshadm\AppData\Local\ASP.NET\DataProtection-Keys' as key repository and Windows DPAPI to encrypt keys at rest.
[2023-06-07 15:05:00.146 +05:30  INF]  Now listening on: https://localhost:7047
[2023-06-07 15:05:00.146 +05:30  INF]  Now listening on: http://localhost:5047
[2023-06-07 15:05:00.149 +05:30  INF]  Application started. Press Ctrl+C to shut down.
[2023-06-07 15:05:00.149 +05:30  INF]  Hosting environment: Development
[2023-06-07 15:05:00.149 +05:30  INF]  Content root path: D:\KopkeHome-FMRS\KopkeHome-FMRS\KopkeHome-WebApp\
[2023-06-07 15:05:00.804 +05:30  INF]  Request starting HTTP/2 GET https://localhost:7047/ - -
[2023-06-07 15:05:00.879 +05:30  INF]  Executing endpoint 'KopkeHome_WebApp.Controllers.HomeController.Index (KopkeHome_WebApp)'
[2023-06-07 15:05:00.897 +05:30  INF]  Route matched with {action = "Index", controller = "Home"}. Executing controller action with signature Microsoft.AspNetCore.Mvc.IActionResult Index() on controller KopkeHome_WebApp.Controllers.HomeController (KopkeHome_WebApp).
[2023-06-07 15:05:00.941 +05:30  INF]  Executing ViewResult, running view Index.
[2023-06-07 15:05:01.109 +05:30  INF]  Executed ViewResult - view Index executed in 171.6648ms.
[2023-06-07 15:05:01.112 +05:30  INF]  Executed action KopkeHome_WebApp.Controllers.HomeController.Index (KopkeHome_WebApp) in 213.5402ms
[2023-06-07 15:05:01.112 +05:30  INF]  Executed endpoint 'KopkeHome_WebApp.Controllers.HomeController.Index (KopkeHome_WebApp)'
[2023-06-07 15:05:01.113 +05:30  INF]  Accessing expired session, Key:cd1c9da7-976e-a488-609f-bd4fade0a158
[2023-06-07 15:05:01.132 +05:30  INF]  Request finished HTTP/2 GET https://localhost:7047/ - - - 200 - text/html;+charset=utf-8 331.4945ms
[2023-06-07 15:05:01.182 +05:30  INF]  Request starting HTTP/2 GET https://localhost:7047/_framework/aspnetcore-browser-refresh.js - -
[2023-06-07 15:05:01.185 +05:30  INF]  Request finished HTTP/2 GET https://localhost:7047/_framework/aspnetcore-browser-refresh.js - - - 200 11950 application/javascript;+charset=utf-8 2.7091ms
[2023-06-07 15:05:01.260 +05:30  INF]  Request starting HTTP/2 GET https://localhost:7047/home/PromoVideos - -
[2023-06-07 15:05:01.260 +05:30  INF]  Request starting HTTP/2 GET https://localhost:7047/home/ProhzLegalFiles - -
[2023-06-07 15:05:01.261 +05:30  INF]  Executing endpoint 'KopkeHome_WebApp.Controllers.HomeController.PromoVideos (KopkeHome_WebApp)'
[2023-06-07 15:05:01.261 +05:30  INF]  Executing endpoint 'KopkeHome_WebApp.Controllers.HomeController.ProhzLegalFiles (KopkeHome_WebApp)'
[2023-06-07 15:05:01.265 +05:30  INF]  Route matched with {action = "PromoVideos", controller = "Home"}. Executing controller action with signature System.Threading.Tasks.Task`1[Microsoft.AspNetCore.Mvc.IActionResult] PromoVideos() on controller KopkeHome_WebApp.Controllers.HomeController (KopkeHome_WebApp).
[2023-06-07 15:05:01.265 +05:30  INF]  Route matched with {action = "ProhzLegalFiles", controller = "Home"}. Executing controller action with signature System.Threading.Tasks.Task`1[Microsoft.AspNetCore.Mvc.IActionResult] ProhzLegalFiles() on controller KopkeHome_WebApp.Controllers.HomeController (KopkeHome_WebApp).
[2023-06-07 15:05:04.121 +05:30  INF]  Executing JsonResult, writing value of type 'System.Collections.Generic.List`1[[KopkeHome_ModelLayer.DataModel.ProhzLegalFiles, KopkeHome-ModelLayer, Version=1.0.0.0, Culture=neutral, PublicKeyToken=null]]'.
[2023-06-07 15:05:04.123 +05:30  INF]  Executed action KopkeHome_WebApp.Controllers.HomeController.ProhzLegalFiles (KopkeHome_WebApp) in 2857.5089ms
[2023-06-07 15:05:04.123 +05:30  INF]  Executed endpoint 'KopkeHome_WebApp.Controllers.HomeController.ProhzLegalFiles (KopkeHome_WebApp)'
[2023-06-07 15:05:04.123 +05:30  INF]  Accessing expired session, Key:cd1c9da7-976e-a488-609f-bd4fade0a158
[2023-06-07 15:05:04.123 +05:30  INF]  Request finished HTTP/2 GET https://localhost:7047/home/ProhzLegalFiles - - - 200 - application/json;+charset=utf-8 2863.0581ms
[2023-06-07 15:05:04.938 +05:30  INF]  Executing JsonResult, writing value of type 'null'.
[2023-06-07 15:05:04.938 +05:30  INF]  Executed action KopkeHome_WebApp.Controllers.HomeController.PromoVideos (KopkeHome_WebApp) in 3673.2517ms
[2023-06-07 15:05:04.938 +05:30  INF]  Executed endpoint 'KopkeHome_WebApp.Controllers.HomeController.PromoVideos (KopkeHome_WebApp)'
[2023-06-07 15:05:04.938 +05:30  INF]  Accessing expired session, Key:cd1c9da7-976e-a488-609f-bd4fade0a158
[2023-06-07 15:05:04.939 +05:30  INF]  Request finished HTTP/2 GET https://localhost:7047/home/PromoVideos - - - 200 - application/json;+charset=utf-8 3678.9505ms
[2023-06-07 15:05:22.201 +05:30  INF]  Request starting HTTP/2 GET https://localhost:7047/User/SignIn - -
[2023-06-07 15:05:22.203 +05:30  INF]  Executing endpoint 'KopkeHome_WebApp.Controllers.UserController.SignIn (KopkeHome_WebApp)'
[2023-06-07 15:05:22.204 +05:30  INF]  Route matched with {action = "SignIn", controller = "User"}. Executing controller action with signature Microsoft.AspNetCore.Mvc.IActionResult SignIn() on controller KopkeHome_WebApp.Controllers.UserController (KopkeHome_WebApp).
[2023-06-07 15:05:22.236 +05:30  INF]  Executing ViewResult, running view SignIn.
[2023-06-07 15:05:22.298 +05:30  INF]  Executed ViewResult - view SignIn executed in 62.7747ms.
[2023-06-07 15:05:22.298 +05:30  INF]  Executed action KopkeHome_WebApp.Controllers.UserController.SignIn (KopkeHome_WebApp) in 94.3407ms
[2023-06-07 15:05:22.298 +05:30  INF]  Executed endpoint 'KopkeHome_WebApp.Controllers.UserController.SignIn (KopkeHome_WebApp)'
[2023-06-07 15:05:22.298 +05:30  INF]  Accessing expired session, Key:cd1c9da7-976e-a488-609f-bd4fade0a158
[2023-06-07 15:05:22.299 +05:30  INF]  Request finished HTTP/2 GET https://localhost:7047/User/SignIn - - - 200 - text/html;+charset=utf-8 98.2200ms
[2023-06-07 15:05:22.312 +05:30  INF]  Request starting HTTP/2 GET https://localhost:7047/_framework/aspnetcore-browser-refresh.js - -
[2023-06-07 15:05:22.312 +05:30  INF]  Request finished HTTP/2 GET https://localhost:7047/_framework/aspnetcore-browser-refresh.js - - - 200 11950 application/javascript;+charset=utf-8 0.1892ms
[2023-06-07 15:05:22.592 +05:30  INF]  Request starting HTTP/2 GET https://localhost:7047/User/StateList - -
[2023-06-07 15:05:22.595 +05:30  INF]  Executing endpoint 'KopkeHome_WebApp.Controllers.UserController.StateList (KopkeHome_WebApp)'
[2023-06-07 15:05:22.597 +05:30  INF]  Route matched with {action = "StateList", controller = "User"}. Executing controller action with signature System.Threading.Tasks.Task`1[System.Collections.Generic.List`1[KopkeHome_ModelLayer.DataModel.State]] StateList() on controller KopkeHome_WebApp.Controllers.UserController (KopkeHome_WebApp).
[2023-06-07 15:05:22.894 +05:30  INF]  Executing ObjectResult, writing value of type 'System.Collections.Generic.List`1[[KopkeHome_ModelLayer.DataModel.State, KopkeHome-ModelLayer, Version=1.0.0.0, Culture=neutral, PublicKeyToken=null]]'.
[2023-06-07 15:05:22.895 +05:30  INF]  Executed action KopkeHome_WebApp.Controllers.UserController.StateList (KopkeHome_WebApp) in 298.513ms
[2023-06-07 15:05:22.895 +05:30  INF]  Executed endpoint 'KopkeHome_WebApp.Controllers.UserController.StateList (KopkeHome_WebApp)'
[2023-06-07 15:05:22.895 +05:30  INF]  Accessing expired session, Key:cd1c9da7-976e-a488-609f-bd4fade0a158
[2023-06-07 15:05:22.896 +05:30  INF]  Request finished HTTP/2 GET https://localhost:7047/User/StateList - - - 200 - application/json;+charset=utf-8 303.3742ms
[2023-06-07 15:05:26.502 +05:30  INF]  Request starting HTTP/2 POST https://localhost:7047/User/SignIn application/x-www-form-urlencoded 266
[2023-06-07 15:05:26.505 +05:30  INF]  CORS policy execution successful.
[2023-06-07 15:05:26.506 +05:30  INF]  Executing endpoint 'KopkeHome_WebApp.Controllers.UserController.SignIn (KopkeHome_WebApp)'
[2023-06-07 15:05:26.515 +05:30  INF]  Route matched with {action = "SignIn", controller = "User"}. Executing controller action with signature System.Threading.Tasks.Task`1[Microsoft.AspNetCore.Mvc.IActionResult] SignIn(KopkeHome_ModelLayer.SignIn) on controller KopkeHome_WebApp.Controllers.UserController (KopkeHome_WebApp).
[2023-06-07 15:05:28.840 +05:30  INF]  Accessing expired session, Key:cd1c9da7-976e-a488-609f-bd4fade0a158
[2023-06-07 15:05:33.105 +05:30  INF]  Executing RedirectResult, redirecting to /admin/dashboard.
[2023-06-07 15:05:33.105 +05:30  INF]  Executed action KopkeHome_WebApp.Controllers.UserController.SignIn (KopkeHome_WebApp) in 6589.6203ms
[2023-06-07 15:05:33.105 +05:30  INF]  Executed endpoint 'KopkeHome_WebApp.Controllers.UserController.SignIn (KopkeHome_WebApp)'
[2023-06-07 15:05:33.105 +05:30  INF]  Session started; Key:cd1c9da7-976e-a488-609f-bd4fade0a158, Id:9d67cc4e-feef-5dcb-e010-ed7b5c44615d
[2023-06-07 15:05:33.106 +05:30  INF]  Request finished HTTP/2 POST https://localhost:7047/User/SignIn application/x-www-form-urlencoded 266 - 302 0 - 6604.0305ms
[2023-06-07 15:05:33.108 +05:30  INF]  Request starting HTTP/2 GET https://localhost:7047/admin/dashboard - -
[2023-06-07 15:05:33.109 +05:30  INF]  Executing endpoint 'KopkeHome_WebApp.Controllers.AdminController.Dashboard (KopkeHome_WebApp)'
[2023-06-07 15:05:33.111 +05:30  INF]  Route matched with {action = "Dashboard", controller = "Admin"}. Executing controller action with signature System.Threading.Tasks.Task`1[Microsoft.AspNetCore.Mvc.IActionResult] Dashboard() on controller KopkeHome_WebApp.Controllers.AdminController (KopkeHome_WebApp).
[2023-06-07 15:05:36.375 +05:30  INF]  Executing ViewResult, running view Dashboard.
[2023-06-07 15:05:36.392 +05:30  INF]  Executed ViewResult - view Dashboard executed in 17.5561ms.
[2023-06-07 15:05:36.393 +05:30  INF]  Executed action KopkeHome_WebApp.Controllers.AdminController.Dashboard (KopkeHome_WebApp) in 3282.1113ms
[2023-06-07 15:05:36.393 +05:30  INF]  Executed endpoint 'KopkeHome_WebApp.Controllers.AdminController.Dashboard (KopkeHome_WebApp)'
[2023-06-07 15:05:36.397 +05:30  INF]  Request finished HTTP/2 GET https://localhost:7047/admin/dashboard - - - 200 - text/html;+charset=utf-8 3288.8108ms
[2023-06-07 15:05:36.434 +05:30  INF]  Request starting HTTP/2 GET https://localhost:7047/_framework/aspnetcore-browser-refresh.js - -
[2023-06-07 15:05:36.434 +05:30  INF]  Request finished HTTP/2 GET https://localhost:7047/_framework/aspnetcore-browser-refresh.js - - - 200 11950 application/javascript;+charset=utf-8 0.1923ms
[2023-06-07 15:10:46.464 +05:30  INF]  Request starting HTTP/2 GET https://localhost:7047/admin/dashboard - -
[2023-06-07 15:10:46.470 +05:30  INF]  Executing endpoint 'KopkeHome_WebApp.Controllers.AdminController.Dashboard (KopkeHome_WebApp)'
[2023-06-07 15:10:46.471 +05:30  INF]  Route matched with {action = "Dashboard", controller = "Admin"}. Executing controller action with signature System.Threading.Tasks.Task`1[Microsoft.AspNetCore.Mvc.IActionResult] Dashboard() on controller KopkeHome_WebApp.Controllers.AdminController (KopkeHome_WebApp).
[2023-06-07 15:14:25.960 +05:30  INF]  Executed action KopkeHome_WebApp.Controllers.AdminController.Dashboard (KopkeHome_WebApp) in 219489.7836ms
[2023-06-07 15:14:25.971 +05:30  INF]  Executed endpoint 'KopkeHome_WebApp.Controllers.AdminController.Dashboard (KopkeHome_WebApp)'
[2023-06-07 15:14:26.044 +05:30  ERR]  The request was canceled due to the configured HttpClient.Timeout of 100 seconds elapsing.
[2023-06-07 15:14:26.044 +05:30  INF]  Request finished HTTP/2 GET https://localhost:7047/admin/dashboard - - - 302 0 - 219580.3001ms
[2023-06-07 15:14:26.048 +05:30  INF]  Request starting HTTP/2 GET https://localhost:7047/Home/error - -
[2023-06-07 15:14:26.051 +05:30  INF]  Executing endpoint 'KopkeHome_WebApp.Controllers.HomeController.Error (KopkeHome_WebApp)'
[2023-06-07 15:14:26.052 +05:30  INF]  Route matched with {action = "Error", controller = "Home"}. Executing controller action with signature Microsoft.AspNetCore.Mvc.IActionResult Error() on controller KopkeHome_WebApp.Controllers.HomeController (KopkeHome_WebApp).
[2023-06-07 15:14:26.053 +05:30  INF]  Executing ViewResult, running view Error.
[2023-06-07 15:14:26.060 +05:30  INF]  Executed ViewResult - view Error executed in 7.3995ms.
[2023-06-07 15:14:26.060 +05:30  INF]  Executed action KopkeHome_WebApp.Controllers.HomeController.Error (KopkeHome_WebApp) in 8.3214ms
[2023-06-07 15:14:26.060 +05:30  INF]  Executed endpoint 'KopkeHome_WebApp.Controllers.HomeController.Error (KopkeHome_WebApp)'
[2023-06-07 15:14:26.061 +05:30  INF]  Request finished HTTP/2 GET https://localhost:7047/Home/error - - - 200 - text/html;+charset=utf-8 13.2862ms
[2023-06-07 15:14:26.075 +05:30  INF]  Request starting HTTP/2 GET https://localhost:7047/css/master.css?v=ozeRL4c82tSFqJn749QjDl_qTdlda5BDEpsv1__ewMA - -
[2023-06-07 15:14:26.084 +05:30  INF]  Sending file. Request path: '/css/master.css'. Physical path: 'D:\KopkeHome-FMRS\KopkeHome-FMRS\KopkeHome-WebApp\wwwroot\css\master.css'
[2023-06-07 15:14:26.084 +05:30  INF]  Request finished HTTP/2 GET https://localhost:7047/css/master.css?v=ozeRL4c82tSFqJn749QjDl_qTdlda5BDEpsv1__ewMA - - - 200 92694 text/css 9.1345ms
[2023-06-07 15:14:26.086 +05:30  INF]  Request starting HTTP/2 GET https://localhost:7047/css/responsive.css?v=t84IkLOJ5UNOy2kUBlzjqbeEELi2GguyDf9OYbVomok - -
[2023-06-07 15:14:26.087 +05:30  INF]  Sending file. Request path: '/css/responsive.css'. Physical path: 'D:\KopkeHome-FMRS\KopkeHome-FMRS\KopkeHome-WebApp\wwwroot\css\responsive.css'
[2023-06-07 15:14:26.087 +05:30  INF]  Request finished HTTP/2 GET https://localhost:7047/css/responsive.css?v=t84IkLOJ5UNOy2kUBlzjqbeEELi2GguyDf9OYbVomok - - - 200 49196 text/css 1.1209ms
[2023-06-07 15:14:26.089 +05:30  INF]  Request starting HTTP/2 GET https://localhost:7047/js/jquery.min.js - -
[2023-06-07 15:14:26.090 +05:30  INF]  Sending file. Request path: '/js/jquery.min.js'. Physical path: 'D:\KopkeHome-FMRS\KopkeHome-FMRS\KopkeHome-WebApp\wwwroot\js\jquery.min.js'
[2023-06-07 15:14:26.090 +05:30  INF]  Request finished HTTP/2 GET https://localhost:7047/js/jquery.min.js - - - 200 107748 application/javascript 1.0651ms
[2023-06-07 15:14:26.106 +05:30  INF]  Request starting HTTP/2 GET https://localhost:7047/js/popper.min.js - -
[2023-06-07 15:14:26.108 +05:30  INF]  Request starting HTTP/2 GET https://localhost:7047/js/bootstrap.bundle.min.js - -
[2023-06-07 15:14:26.121 +05:30  INF]  Sending file. Request path: '/js/popper.min.js'. Physical path: 'D:\KopkeHome-FMRS\KopkeHome-FMRS\KopkeHome-WebApp\wwwroot\js\popper.min.js'
[2023-06-07 15:14:26.122 +05:30  INF]  Request finished HTTP/2 GET https://localhost:7047/js/popper.min.js - - - 200 21236 application/javascript 15.5391ms
[2023-06-07 15:14:26.124 +05:30  INF]  Request starting HTTP/2 GET https://localhost:7047/lib/jquery-validation/dist/jquery.validate.js - -
[2023-06-07 15:14:26.125 +05:30  INF]  Sending file. Request path: '/lib/jquery-validation/dist/jquery.validate.js'. Physical path: 'D:\KopkeHome-FMRS\KopkeHome-FMRS\KopkeHome-WebApp\wwwroot\lib\jquery-validation\dist\jquery.validate.js'
[2023-06-07 15:14:26.125 +05:30  INF]  Request finished HTTP/2 GET https://localhost:7047/lib/jquery-validation/dist/jquery.validate.js - - - 200 48675 application/javascript 1.3984ms
[2023-06-07 15:14:26.149 +05:30  INF]  Request starting HTTP/2 GET https://localhost:7047/lib/jquery-validation-unobtrusive/jquery.validate.unobtrusive.js - -
[2023-06-07 15:14:26.150 +05:30  INF]  Sending file. Request path: '/lib/jquery-validation-unobtrusive/jquery.validate.unobtrusive.js'. Physical path: 'D:\KopkeHome-FMRS\KopkeHome-FMRS\KopkeHome-WebApp\wwwroot\lib\jquery-validation-unobtrusive\jquery.validate.unobtrusive.js'
[2023-06-07 15:14:26.150 +05:30  INF]  Request finished HTTP/2 GET https://localhost:7047/lib/jquery-validation-unobtrusive/jquery.validate.unobtrusive.js - - - 200 19366 application/javascript 0.9855ms
[2023-06-07 15:14:26.162 +05:30  INF]  Sending file. Request path: '/js/bootstrap.bundle.min.js'. Physical path: 'D:\KopkeHome-FMRS\KopkeHome-FMRS\KopkeHome-WebApp\wwwroot\js\bootstrap.bundle.min.js'
[2023-06-07 15:14:26.162 +05:30  INF]  Request finished HTTP/2 GET https://localhost:7047/js/bootstrap.bundle.min.js - - - 200 94682 application/javascript 53.9351ms
[2023-06-07 15:14:26.167 +05:30  INF]  Request starting HTTP/2 GET https://localhost:7047/js/site.js?v=KeHw2AQnUGnLG2yrXokJBdO-9vijPG749zpSXVVYjaQ - -
[2023-06-07 15:14:26.169 +05:30  INF]  Sending file. Request path: '/js/site.js'. Physical path: 'D:\KopkeHome-FMRS\KopkeHome-FMRS\KopkeHome-WebApp\wwwroot\js\site.js'
[2023-06-07 15:14:26.169 +05:30  INF]  Request finished HTTP/2 GET https://localhost:7047/js/site.js?v=KeHw2AQnUGnLG2yrXokJBdO-9vijPG749zpSXVVYjaQ - - - 200 38877 application/javascript 2.3456ms
[2023-06-07 15:14:26.182 +05:30  INF]  Request starting HTTP/2 GET https://localhost:7047/js/custom.js?v=1aC142VqxRCgIYcgzspiYsmBbxghDOPRHkhCLqY9Ncg - -
[2023-06-07 15:14:26.184 +05:30  INF]  Sending file. Request path: '/js/custom.js'. Physical path: 'D:\KopkeHome-FMRS\KopkeHome-FMRS\KopkeHome-WebApp\wwwroot\js\custom.js'
[2023-06-07 15:14:26.184 +05:30  INF]  Request finished HTTP/2 GET https://localhost:7047/js/custom.js?v=1aC142VqxRCgIYcgzspiYsmBbxghDOPRHkhCLqY9Ncg - - - 200 11880 application/javascript 1.5011ms
[2023-06-07 15:14:26.195 +05:30  INF]  Request starting HTTP/2 GET https://localhost:7047/js/ValidateForms.js?v=jPBpqFRmzi1loutYjAONoNUkHrHxIfTmGRmdAz6mPgc - -
[2023-06-07 15:14:26.196 +05:30  INF]  Sending file. Request path: '/js/ValidateForms.js'. Physical path: 'D:\KopkeHome-FMRS\KopkeHome-FMRS\KopkeHome-WebApp\wwwroot\js\ValidateForms.js'
[2023-06-07 15:14:26.196 +05:30  INF]  Request finished HTTP/2 GET https://localhost:7047/js/ValidateForms.js?v=jPBpqFRmzi1loutYjAONoNUkHrHxIfTmGRmdAz6mPgc - - - 200 32758 application/javascript 1.0894ms
[2023-06-07 15:14:26.313 +05:30  INF]  Request starting HTTP/2 GET https://localhost:7047/_framework/aspnetcore-browser-refresh.js - -
[2023-06-07 15:14:26.313 +05:30  INF]  Request finished HTTP/2 GET https://localhost:7047/_framework/aspnetcore-browser-refresh.js - - - 200 11950 application/javascript;+charset=utf-8 0.1265ms
[2023-06-07 15:14:26.318 +05:30  INF]  Request starting HTTP/2 GET https://localhost:7047/images/Kopke-brand-logo.png - -
[2023-06-07 15:14:26.319 +05:30  INF]  Sending file. Request path: '/images/Kopke-brand-logo.png'. Physical path: 'D:\KopkeHome-FMRS\KopkeHome-FMRS\KopkeHome-WebApp\wwwroot\images\Kopke-brand-logo.png'
[2023-06-07 15:14:26.319 +05:30  INF]  Request finished HTTP/2 GET https://localhost:7047/images/Kopke-brand-logo.png - - - 200 6953 image/png 1.0126ms
[2023-06-07 15:14:26.996 +05:30  INF]  Request starting HTTP/2 GET https://localhost:7047/User/StateList - -
[2023-06-07 15:14:26.996 +05:30  INF]  Executing endpoint 'KopkeHome_WebApp.Controllers.UserController.StateList (KopkeHome_WebApp)'
[2023-06-07 15:14:26.998 +05:30  INF]  Route matched with {action = "StateList", controller = "User"}. Executing controller action with signature System.Threading.Tasks.Task`1[System.Collections.Generic.List`1[KopkeHome_ModelLayer.DataModel.State]] StateList() on controller KopkeHome_WebApp.Controllers.UserController (KopkeHome_WebApp).
[2023-06-07 15:14:27.540 +05:30  INF]  Executing ObjectResult, writing value of type 'System.Collections.Generic.List`1[[KopkeHome_ModelLayer.DataModel.State, KopkeHome-ModelLayer, Version=1.0.0.0, Culture=neutral, PublicKeyToken=null]]'.
[2023-06-07 15:14:27.541 +05:30  INF]  Executed action KopkeHome_WebApp.Controllers.UserController.StateList (KopkeHome_WebApp) in 542.9128ms
[2023-06-07 15:14:27.541 +05:30  INF]  Executed endpoint 'KopkeHome_WebApp.Controllers.UserController.StateList (KopkeHome_WebApp)'
[2023-06-07 15:14:27.542 +05:30  INF]  Request finished HTTP/2 GET https://localhost:7047/User/StateList - - - 200 - application/json;+charset=utf-8 545.7903ms
[2023-06-07 15:15:10.921 +05:30  INF]  Request starting HTTP/2 GET https://localhost:7047/Home/error - -
[2023-06-07 15:15:10.923 +05:30  INF]  Executing endpoint 'KopkeHome_WebApp.Controllers.HomeController.Error (KopkeHome_WebApp)'
[2023-06-07 15:15:10.924 +05:30  INF]  Route matched with {action = "Error", controller = "Home"}. Executing controller action with signature Microsoft.AspNetCore.Mvc.IActionResult Error() on controller KopkeHome_WebApp.Controllers.HomeController (KopkeHome_WebApp).
[2023-06-07 15:15:10.925 +05:30  INF]  Executing ViewResult, running view Error.
[2023-06-07 15:15:10.928 +05:30  INF]  Executed ViewResult - view Error executed in 3.9688ms.
[2023-06-07 15:15:10.928 +05:30  INF]  Executed action KopkeHome_WebApp.Controllers.HomeController.Error (KopkeHome_WebApp) in 4.1051ms
[2023-06-07 15:15:10.928 +05:30  INF]  Executed endpoint 'KopkeHome_WebApp.Controllers.HomeController.Error (KopkeHome_WebApp)'
[2023-06-07 15:15:10.931 +05:30  INF]  Request finished HTTP/2 GET https://localhost:7047/Home/error - - - 200 - text/html;+charset=utf-8 9.1411ms
[2023-06-07 15:15:10.940 +05:30  INF]  Request starting HTTP/2 GET https://localhost:7047/css/master.css?v=ozeRL4c82tSFqJn749QjDl_qTdlda5BDEpsv1__ewMA - -
[2023-06-07 15:15:10.941 +05:30  INF]  Request starting HTTP/2 GET https://localhost:7047/css/responsive.css?v=t84IkLOJ5UNOy2kUBlzjqbeEELi2GguyDf9OYbVomok - -
[2023-06-07 15:15:10.959 +05:30  INF]  Request starting HTTP/2 GET https://localhost:7047/js/jquery.min.js - -
[2023-06-07 15:15:10.966 +05:30  INF]  Sending file. Request path: '/css/master.css'. Physical path: 'D:\KopkeHome-FMRS\KopkeHome-FMRS\KopkeHome-WebApp\wwwroot\css\master.css'
[2023-06-07 15:15:10.967 +05:30  INF]  Request finished HTTP/2 GET https://localhost:7047/css/master.css?v=ozeRL4c82tSFqJn749QjDl_qTdlda5BDEpsv1__ewMA - - - 200 92694 text/css 26.1252ms
[2023-06-07 15:15:10.967 +05:30  INF]  Request starting HTTP/2 GET https://localhost:7047/js/popper.min.js - -
[2023-06-07 15:15:10.969 +05:30  INF]  Request starting HTTP/2 GET https://localhost:7047/js/bootstrap.bundle.min.js - -
[2023-06-07 15:15:10.973 +05:30  INF]  Request starting HTTP/2 GET https://localhost:7047/lib/jquery-validation/dist/jquery.validate.js - -
[2023-06-07 15:15:10.973 +05:30  INF]  Sending file. Request path: '/css/responsive.css'. Physical path: 'D:\KopkeHome-FMRS\KopkeHome-FMRS\KopkeHome-WebApp\wwwroot\css\responsive.css'
[2023-06-07 15:15:10.973 +05:30  INF]  Request starting HTTP/2 GET https://localhost:7047/lib/jquery-validation-unobtrusive/jquery.validate.unobtrusive.js - -
[2023-06-07 15:15:10.974 +05:30  INF]  Request finished HTTP/2 GET https://localhost:7047/css/responsive.css?v=t84IkLOJ5UNOy2kUBlzjqbeEELi2GguyDf9OYbVomok - - - 200 49196 text/css 33.4018ms
[2023-06-07 15:15:10.974 +05:30  INF]  Sending file. Request path: '/js/popper.min.js'. Physical path: 'D:\KopkeHome-FMRS\KopkeHome-FMRS\KopkeHome-WebApp\wwwroot\js\popper.min.js'
[2023-06-07 15:15:10.974 +05:30  INF]  Request starting HTTP/2 GET https://localhost:7047/js/site.js?v=KeHw2AQnUGnLG2yrXokJBdO-9vijPG749zpSXVVYjaQ - -
[2023-06-07 15:15:10.976 +05:30  INF]  Request starting HTTP/2 GET https://localhost:7047/js/custom.js?v=1aC142VqxRCgIYcgzspiYsmBbxghDOPRHkhCLqY9Ncg - -
[2023-06-07 15:15:10.977 +05:30  INF]  Request finished HTTP/2 GET https://localhost:7047/js/popper.min.js - - - 200 21236 application/javascript 9.4524ms
[2023-06-07 15:15:10.977 +05:30  INF]  Request starting HTTP/2 GET https://localhost:7047/js/ValidateForms.js?v=jPBpqFRmzi1loutYjAONoNUkHrHxIfTmGRmdAz6mPgc - -
[2023-06-07 15:15:10.978 +05:30  INF]  Request starting HTTP/2 GET https://localhost:7047/_framework/aspnetcore-browser-refresh.js - -
[2023-06-07 15:15:10.981 +05:30  INF]  Request finished HTTP/2 GET https://localhost:7047/_framework/aspnetcore-browser-refresh.js - - - 200 11950 application/javascript;+charset=utf-8 0.1171ms
[2023-06-07 15:15:10.981 +05:30  INF]  Sending file. Request path: '/lib/jquery-validation-unobtrusive/jquery.validate.unobtrusive.js'. Physical path: 'D:\KopkeHome-FMRS\KopkeHome-FMRS\KopkeHome-WebApp\wwwroot\lib\jquery-validation-unobtrusive\jquery.validate.unobtrusive.js'
[2023-06-07 15:15:10.981 +05:30  INF]  Sending file. Request path: '/js/custom.js'. Physical path: 'D:\KopkeHome-FMRS\KopkeHome-FMRS\KopkeHome-WebApp\wwwroot\js\custom.js'
[2023-06-07 15:15:10.982 +05:30  INF]  Request starting HTTP/2 GET https://localhost:7047/images/Kopke-brand-logo.png - -
[2023-06-07 15:15:10.982 +05:30  INF]  Request finished HTTP/2 GET https://localhost:7047/js/custom.js?v=1aC142VqxRCgIYcgzspiYsmBbxghDOPRHkhCLqY9Ncg - - - 200 11880 application/javascript 5.8636ms
[2023-06-07 15:15:10.982 +05:30  INF]  Sending file. Request path: '/js/jquery.min.js'. Physical path: 'D:\KopkeHome-FMRS\KopkeHome-FMRS\KopkeHome-WebApp\wwwroot\js\jquery.min.js'
[2023-06-07 15:15:10.982 +05:30  INF]  Sending file. Request path: '/lib/jquery-validation/dist/jquery.validate.js'. Physical path: 'D:\KopkeHome-FMRS\KopkeHome-FMRS\KopkeHome-WebApp\wwwroot\lib\jquery-validation\dist\jquery.validate.js'
[2023-06-07 15:15:10.982 +05:30  INF]  Sending file. Request path: '/js/ValidateForms.js'. Physical path: 'D:\KopkeHome-FMRS\KopkeHome-FMRS\KopkeHome-WebApp\wwwroot\js\ValidateForms.js'
[2023-06-07 15:15:10.982 +05:30  INF]  Request finished HTTP/2 GET https://localhost:7047/js/jquery.min.js - - - 200 107748 application/javascript 23.6825ms
[2023-06-07 15:15:10.982 +05:30  INF]  Request finished HTTP/2 GET https://localhost:7047/lib/jquery-validation-unobtrusive/jquery.validate.unobtrusive.js - - - 200 19366 application/javascript 9.0246ms
[2023-06-07 15:15:10.982 +05:30  INF]  Request finished HTTP/2 GET https://localhost:7047/lib/jquery-validation/dist/jquery.validate.js - - - 200 48675 application/javascript 9.6956ms
[2023-06-07 15:15:10.985 +05:30  INF]  Request finished HTTP/2 GET https://localhost:7047/js/ValidateForms.js?v=jPBpqFRmzi1loutYjAONoNUkHrHxIfTmGRmdAz6mPgc - - - 200 32758 application/javascript 8.3513ms
[2023-06-07 15:15:10.986 +05:30  INF]  Sending file. Request path: '/images/Kopke-brand-logo.png'. Physical path: 'D:\KopkeHome-FMRS\KopkeHome-FMRS\KopkeHome-WebApp\wwwroot\images\Kopke-brand-logo.png'
[2023-06-07 15:15:10.986 +05:30  INF]  Request finished HTTP/2 GET https://localhost:7047/images/Kopke-brand-logo.png - - - 200 6953 image/png 4.0845ms
[2023-06-07 15:15:10.987 +05:30  INF]  Sending file. Request path: '/js/bootstrap.bundle.min.js'. Physical path: 'D:\KopkeHome-FMRS\KopkeHome-FMRS\KopkeHome-WebApp\wwwroot\js\bootstrap.bundle.min.js'
[2023-06-07 15:15:10.988 +05:30  INF]  Sending file. Request path: '/js/site.js'. Physical path: 'D:\KopkeHome-FMRS\KopkeHome-FMRS\KopkeHome-WebApp\wwwroot\js\site.js'
[2023-06-07 15:15:10.988 +05:30  INF]  Request finished HTTP/2 GET https://localhost:7047/js/bootstrap.bundle.min.js - - - 200 94682 application/javascript 18.3339ms
[2023-06-07 15:15:10.988 +05:30  INF]  Request finished HTTP/2 GET https://localhost:7047/js/site.js?v=KeHw2AQnUGnLG2yrXokJBdO-9vijPG749zpSXVVYjaQ - - - 200 38877 application/javascript 13.6717ms
[2023-06-07 15:15:11.291 +05:30  INF]  Request starting HTTP/2 GET https://localhost:7047/User/StateList - -
[2023-06-07 15:15:11.294 +05:30  INF]  Executing endpoint 'KopkeHome_WebApp.Controllers.UserController.StateList (KopkeHome_WebApp)'
[2023-06-07 15:15:11.294 +05:30  INF]  Route matched with {action = "StateList", controller = "User"}. Executing controller action with signature System.Threading.Tasks.Task`1[System.Collections.Generic.List`1[KopkeHome_ModelLayer.DataModel.State]] StateList() on controller KopkeHome_WebApp.Controllers.UserController (KopkeHome_WebApp).
[2023-06-07 15:15:12.438 +05:30  INF]  Request starting HTTP/2 GET https://localhost:7047/favicon.ico - -
[2023-06-07 15:15:12.440 +05:30  INF]  Sending file. Request path: '/favicon.ico'. Physical path: 'D:\KopkeHome-FMRS\KopkeHome-FMRS\KopkeHome-WebApp\wwwroot\favicon.ico'
[2023-06-07 15:15:12.440 +05:30  INF]  Request finished HTTP/2 GET https://localhost:7047/favicon.ico - - - 200 4286 image/x-icon 1.7543ms
[2023-06-07 15:15:12.487 +05:30  INF]  Executing ObjectResult, writing value of type 'System.Collections.Generic.List`1[[KopkeHome_ModelLayer.DataModel.State, KopkeHome-ModelLayer, Version=1.0.0.0, Culture=neutral, PublicKeyToken=null]]'.
[2023-06-07 15:15:12.488 +05:30  INF]  Executed action KopkeHome_WebApp.Controllers.UserController.StateList (KopkeHome_WebApp) in 1193.8212ms
[2023-06-07 15:15:12.488 +05:30  INF]  Executed endpoint 'KopkeHome_WebApp.Controllers.UserController.StateList (KopkeHome_WebApp)'
[2023-06-07 15:15:12.488 +05:30  INF]  Request finished HTTP/2 GET https://localhost:7047/User/StateList - - - 200 - application/json;+charset=utf-8 1196.9584ms
[2023-06-07 15:15:15.124 +05:30  INF]  Request starting HTTP/2 GET https://localhost:7047/User/SignIn - -
[2023-06-07 15:15:15.125 +05:30  INF]  Executing endpoint 'KopkeHome_WebApp.Controllers.UserController.SignIn (KopkeHome_WebApp)'
[2023-06-07 15:15:15.125 +05:30  INF]  Route matched with {action = "SignIn", controller = "User"}. Executing controller action with signature Microsoft.AspNetCore.Mvc.IActionResult SignIn() on controller KopkeHome_WebApp.Controllers.UserController (KopkeHome_WebApp).
[2023-06-07 15:15:15.126 +05:30  INF]  Executing ViewResult, running view SignIn.
[2023-06-07 15:15:15.135 +05:30  INF]  Executed ViewResult - view SignIn executed in 9.0811ms.
[2023-06-07 15:15:15.135 +05:30  INF]  Executed action KopkeHome_WebApp.Controllers.UserController.SignIn (KopkeHome_WebApp) in 9.2883ms
[2023-06-07 15:15:15.135 +05:30  INF]  Executed endpoint 'KopkeHome_WebApp.Controllers.UserController.SignIn (KopkeHome_WebApp)'
[2023-06-07 15:15:15.136 +05:30  INF]  Request finished HTTP/2 GET https://localhost:7047/User/SignIn - - - 200 - text/html;+charset=utf-8 11.5674ms
[2023-06-07 15:15:15.145 +05:30  INF]  Request starting HTTP/2 GET https://localhost:7047/_framework/aspnetcore-browser-refresh.js - -
[2023-06-07 15:15:15.145 +05:30  INF]  Request finished HTTP/2 GET https://localhost:7047/_framework/aspnetcore-browser-refresh.js - - - 200 11950 application/javascript;+charset=utf-8 0.2297ms
[2023-06-07 15:15:15.205 +05:30  INF]  Request starting HTTP/2 GET https://localhost:7047/Home/error - -
[2023-06-07 15:15:15.208 +05:30  INF]  Executing endpoint 'KopkeHome_WebApp.Controllers.HomeController.Error (KopkeHome_WebApp)'
[2023-06-07 15:15:15.208 +05:30  INF]  Route matched with {action = "Error", controller = "Home"}. Executing controller action with signature Microsoft.AspNetCore.Mvc.IActionResult Error() on controller KopkeHome_WebApp.Controllers.HomeController (KopkeHome_WebApp).
[2023-06-07 15:15:15.208 +05:30  INF]  Executing ViewResult, running view Error.
[2023-06-07 15:15:15.214 +05:30  INF]  Executed ViewResult - view Error executed in 6.1103ms.
[2023-06-07 15:15:15.214 +05:30  INF]  Executed action KopkeHome_WebApp.Controllers.HomeController.Error (KopkeHome_WebApp) in 6.2914ms
[2023-06-07 15:15:15.214 +05:30  INF]  Executed endpoint 'KopkeHome_WebApp.Controllers.HomeController.Error (KopkeHome_WebApp)'
[2023-06-07 15:15:15.215 +05:30  INF]  Request finished HTTP/2 GET https://localhost:7047/Home/error - - - 200 - text/html;+charset=utf-8 10.4103ms
[2023-06-07 15:15:15.222 +05:30  INF]  Request starting HTTP/2 GET https://localhost:7047/_framework/aspnetcore-browser-refresh.js - -
[2023-06-07 15:15:15.222 +05:30  INF]  Request finished HTTP/2 GET https://localhost:7047/_framework/aspnetcore-browser-refresh.js - - - 200 11950 application/javascript;+charset=utf-8 0.1614ms
[2023-06-07 15:15:15.238 +05:30  INF]  Request starting HTTP/2 GET https://localhost:7047/User/StateList - -
[2023-06-07 15:15:15.238 +05:30  INF]  Executing endpoint 'KopkeHome_WebApp.Controllers.UserController.StateList (KopkeHome_WebApp)'
[2023-06-07 15:15:15.239 +05:30  INF]  Route matched with {action = "StateList", controller = "User"}. Executing controller action with signature System.Threading.Tasks.Task`1[System.Collections.Generic.List`1[KopkeHome_ModelLayer.DataModel.State]] StateList() on controller KopkeHome_WebApp.Controllers.UserController (KopkeHome_WebApp).
[2023-06-07 15:15:15.315 +05:30  INF]  Request starting HTTP/2 GET https://localhost:7047/User/SignIn - -
[2023-06-07 15:15:15.316 +05:30  INF]  Executing endpoint 'KopkeHome_WebApp.Controllers.UserController.SignIn (KopkeHome_WebApp)'
[2023-06-07 15:15:15.316 +05:30  INF]  Route matched with {action = "SignIn", controller = "User"}. Executing controller action with signature Microsoft.AspNetCore.Mvc.IActionResult SignIn() on controller KopkeHome_WebApp.Controllers.UserController (KopkeHome_WebApp).
[2023-06-07 15:15:15.316 +05:30  INF]  Executing ViewResult, running view SignIn.
[2023-06-07 15:15:15.320 +05:30  INF]  Executed ViewResult - view SignIn executed in 3.7133ms.
[2023-06-07 15:15:15.320 +05:30  INF]  Executed action KopkeHome_WebApp.Controllers.UserController.SignIn (KopkeHome_WebApp) in 3.8334ms
[2023-06-07 15:15:15.320 +05:30  INF]  Executed endpoint 'KopkeHome_WebApp.Controllers.UserController.SignIn (KopkeHome_WebApp)'
[2023-06-07 15:15:15.321 +05:30  INF]  Request finished HTTP/2 GET https://localhost:7047/User/SignIn - - - 200 - text/html;+charset=utf-8 5.5001ms
[2023-06-07 15:15:15.327 +05:30  INF]  Request starting HTTP/2 GET https://localhost:7047/_framework/aspnetcore-browser-refresh.js - -
[2023-06-07 15:15:15.327 +05:30  INF]  Request finished HTTP/2 GET https://localhost:7047/_framework/aspnetcore-browser-refresh.js - - - 200 11950 application/javascript;+charset=utf-8 0.1559ms
[2023-06-07 15:15:15.347 +05:30  INF]  Request starting HTTP/2 GET https://localhost:7047/User/StateList - -
[2023-06-07 15:15:15.347 +05:30  INF]  Executing endpoint 'KopkeHome_WebApp.Controllers.UserController.StateList (KopkeHome_WebApp)'
[2023-06-07 15:15:15.347 +05:30  INF]  Route matched with {action = "StateList", controller = "User"}. Executing controller action with signature System.Threading.Tasks.Task`1[System.Collections.Generic.List`1[KopkeHome_ModelLayer.DataModel.State]] StateList() on controller KopkeHome_WebApp.Controllers.UserController (KopkeHome_WebApp).
[2023-06-07 15:15:15.349 +05:30  INF]  Request starting HTTP/2 GET https://localhost:7047/Home/error - -
[2023-06-07 15:15:15.350 +05:30  INF]  Executing endpoint 'KopkeHome_WebApp.Controllers.HomeController.Error (KopkeHome_WebApp)'
[2023-06-07 15:15:15.350 +05:30  INF]  Route matched with {action = "Error", controller = "Home"}. Executing controller action with signature Microsoft.AspNetCore.Mvc.IActionResult Error() on controller KopkeHome_WebApp.Controllers.HomeController (KopkeHome_WebApp).
[2023-06-07 15:15:15.351 +05:30  INF]  Executing ViewResult, running view Error.
[2023-06-07 15:15:15.354 +05:30  INF]  Executed ViewResult - view Error executed in 3.2756ms.
[2023-06-07 15:15:15.354 +05:30  INF]  Executed action KopkeHome_WebApp.Controllers.HomeController.Error (KopkeHome_WebApp) in 3.4484ms
[2023-06-07 15:15:15.354 +05:30  INF]  Executed endpoint 'KopkeHome_WebApp.Controllers.HomeController.Error (KopkeHome_WebApp)'
[2023-06-07 15:15:15.355 +05:30  INF]  Request finished HTTP/2 GET https://localhost:7047/Home/error - - - 200 - text/html;+charset=utf-8 5.3029ms
[2023-06-07 15:15:15.378 +05:30  INF]  Request starting HTTP/2 GET https://localhost:7047/_framework/aspnetcore-browser-refresh.js - -
[2023-06-07 15:15:15.378 +05:30  INF]  Request finished HTTP/2 GET https://localhost:7047/_framework/aspnetcore-browser-refresh.js - - - 200 11950 application/javascript;+charset=utf-8 0.4447ms
[2023-06-07 15:15:15.399 +05:30  INF]  Request starting HTTP/2 GET https://localhost:7047/User/StateList - -
[2023-06-07 15:15:15.400 +05:30  INF]  Executing endpoint 'KopkeHome_WebApp.Controllers.UserController.StateList (KopkeHome_WebApp)'
[2023-06-07 15:15:15.400 +05:30  INF]  Route matched with {action = "StateList", controller = "User"}. Executing controller action with signature System.Threading.Tasks.Task`1[System.Collections.Generic.List`1[KopkeHome_ModelLayer.DataModel.State]] StateList() on controller KopkeHome_WebApp.Controllers.UserController (KopkeHome_WebApp).
[2023-06-07 15:15:15.472 +05:30  INF]  Executing ObjectResult, writing value of type 'System.Collections.Generic.List`1[[KopkeHome_ModelLayer.DataModel.State, KopkeHome-ModelLayer, Version=1.0.0.0, Culture=neutral, PublicKeyToken=null]]'.
[2023-06-07 15:15:15.473 +05:30  INF]  Executed action KopkeHome_WebApp.Controllers.UserController.StateList (KopkeHome_WebApp) in 234.3823ms
[2023-06-07 15:15:15.473 +05:30  INF]  Executed endpoint 'KopkeHome_WebApp.Controllers.UserController.StateList (KopkeHome_WebApp)'
[2023-06-07 15:15:15.473 +05:30  INF]  Request finished HTTP/2 GET https://localhost:7047/User/StateList - - - 0 - application/json;+charset=utf-8 235.0298ms
[2023-06-07 15:15:15.572 +05:30  INF]  Executing ObjectResult, writing value of type 'System.Collections.Generic.List`1[[KopkeHome_ModelLayer.DataModel.State, KopkeHome-ModelLayer, Version=1.0.0.0, Culture=neutral, PublicKeyToken=null]]'.
[2023-06-07 15:15:15.573 +05:30  INF]  Executed action KopkeHome_WebApp.Controllers.UserController.StateList (KopkeHome_WebApp) in 225.711ms
[2023-06-07 15:15:15.573 +05:30  INF]  Executed endpoint 'KopkeHome_WebApp.Controllers.UserController.StateList (KopkeHome_WebApp)'
[2023-06-07 15:15:15.573 +05:30  INF]  Request finished HTTP/2 GET https://localhost:7047/User/StateList - - - 0 - application/json;+charset=utf-8 226.2091ms
[2023-06-07 15:15:16.575 +05:30  INF]  Executing ObjectResult, writing value of type 'System.Collections.Generic.List`1[[KopkeHome_ModelLayer.DataModel.State, KopkeHome-ModelLayer, Version=1.0.0.0, Culture=neutral, PublicKeyToken=null]]'.
[2023-06-07 15:15:16.575 +05:30  INF]  Executed action KopkeHome_WebApp.Controllers.UserController.StateList (KopkeHome_WebApp) in 1175.2209ms
[2023-06-07 15:15:16.575 +05:30  INF]  Executed endpoint 'KopkeHome_WebApp.Controllers.UserController.StateList (KopkeHome_WebApp)'
[2023-06-07 15:15:16.575 +05:30  INF]  Request finished HTTP/2 GET https://localhost:7047/User/StateList - - - 200 - application/json;+charset=utf-8 1175.6772ms
[2023-06-07 15:15:17.067 +05:30  INF]  Request starting HTTP/2 GET https://localhost:7047/dashboard - -
[2023-06-07 15:15:17.067 +05:30  INF]  Executing endpoint 'KopkeHome_WebApp.Controllers.DashboardController.Index (KopkeHome_WebApp)'
[2023-06-07 15:15:17.069 +05:30  INF]  Route matched with {action = "Index", controller = "Dashboard"}. Executing controller action with signature System.Threading.Tasks.Task`1[Microsoft.AspNetCore.Mvc.IActionResult] Index() on controller KopkeHome_WebApp.Controllers.DashboardController (KopkeHome_WebApp).
[2023-06-07 15:15:17.232 +05:30  INF]  Executing ViewResult, running view Index.
[2023-06-07 15:15:17.265 +05:30  INF]  Executed ViewResult - view Index executed in 33.6818ms.
[2023-06-07 15:15:17.265 +05:30  INF]  Executed action KopkeHome_WebApp.Controllers.DashboardController.Index (KopkeHome_WebApp) in 196.3292ms
[2023-06-07 15:15:17.265 +05:30  INF]  Executed endpoint 'KopkeHome_WebApp.Controllers.DashboardController.Index (KopkeHome_WebApp)'
[2023-06-07 15:15:17.266 +05:30  INF]  Request finished HTTP/2 GET https://localhost:7047/dashboard - - - 200 - text/html;+charset=utf-8 200.1051ms
[2023-06-07 15:15:17.314 +05:30  INF]  Request starting HTTP/2 GET https://localhost:7047/_framework/aspnetcore-browser-refresh.js - -
[2023-06-07 15:15:17.314 +05:30  INF]  Request finished HTTP/2 GET https://localhost:7047/_framework/aspnetcore-browser-refresh.js - - - 200 11950 application/javascript;+charset=utf-8 0.1215ms
[2023-06-07 15:15:17.479 +05:30  INF]  Request starting HTTP/2 GET https://localhost:7047/images/sort_both.png - -
[2023-06-07 15:15:17.479 +05:30  INF]  Request starting HTTP/2 GET https://localhost:7047/images/sort_asc.png - -
[2023-06-07 15:15:17.480 +05:30  INF]  Request finished HTTP/2 GET https://localhost:7047/images/sort_asc.png - - - 404 0 - 0.3522ms
[2023-06-07 15:15:17.480 +05:30  INF]  Request finished HTTP/2 GET https://localhost:7047/images/sort_both.png - - - 404 0 - 0.7224ms
[2023-06-07 15:15:20.196 +05:30  INF]  Request starting HTTP/2 GET https://localhost:7047/dashboard/Logout - -
[2023-06-07 15:15:20.197 +05:30  INF]  Executing endpoint 'KopkeHome_WebApp.Controllers.DashboardController.Logout (KopkeHome_WebApp)'
[2023-06-07 15:15:20.197 +05:30  INF]  Route matched with {action = "Logout", controller = "Dashboard"}. Executing controller action with signature Microsoft.AspNetCore.Mvc.IActionResult Logout() on controller KopkeHome_WebApp.Controllers.DashboardController (KopkeHome_WebApp).
[2023-06-07 15:15:20.198 +05:30  INF]  Executing RedirectResult, redirecting to /user/signin.
[2023-06-07 15:15:20.198 +05:30  INF]  Executed action KopkeHome_WebApp.Controllers.DashboardController.Logout (KopkeHome_WebApp) in 0.6813ms
[2023-06-07 15:15:20.198 +05:30  INF]  Executed endpoint 'KopkeHome_WebApp.Controllers.DashboardController.Logout (KopkeHome_WebApp)'
[2023-06-07 15:15:20.198 +05:30  INF]  Request finished HTTP/2 GET https://localhost:7047/dashboard/Logout - - - 302 0 - 2.6028ms
[2023-06-07 15:15:20.200 +05:30  INF]  Request starting HTTP/2 GET https://localhost:7047/user/signin - -
[2023-06-07 15:15:20.200 +05:30  INF]  Executing endpoint 'KopkeHome_WebApp.Controllers.UserController.SignIn (KopkeHome_WebApp)'
[2023-06-07 15:15:20.200 +05:30  INF]  Route matched with {action = "SignIn", controller = "User"}. Executing controller action with signature Microsoft.AspNetCore.Mvc.IActionResult SignIn() on controller KopkeHome_WebApp.Controllers.UserController (KopkeHome_WebApp).
[2023-06-07 15:15:20.200 +05:30  INF]  Executing ViewResult, running view SignIn.
[2023-06-07 15:15:20.206 +05:30  INF]  Executed ViewResult - view SignIn executed in 5.4348ms.
[2023-06-07 15:15:20.206 +05:30  INF]  Executed action KopkeHome_WebApp.Controllers.UserController.SignIn (KopkeHome_WebApp) in 5.5297ms
[2023-06-07 15:15:20.206 +05:30  INF]  Executed endpoint 'KopkeHome_WebApp.Controllers.UserController.SignIn (KopkeHome_WebApp)'
[2023-06-07 15:15:20.207 +05:30  INF]  Request finished HTTP/2 GET https://localhost:7047/user/signin - - - 200 - text/html;+charset=utf-8 6.7863ms
[2023-06-07 15:15:20.215 +05:30  INF]  Request starting HTTP/2 GET https://localhost:7047/_framework/aspnetcore-browser-refresh.js - -
[2023-06-07 15:15:20.215 +05:30  INF]  Request finished HTTP/2 GET https://localhost:7047/_framework/aspnetcore-browser-refresh.js - - - 200 11950 application/javascript;+charset=utf-8 0.1575ms
[2023-06-07 15:15:20.241 +05:30  INF]  Request starting HTTP/2 GET https://localhost:7047/User/StateList - -
[2023-06-07 15:15:20.241 +05:30  INF]  Executing endpoint 'KopkeHome_WebApp.Controllers.UserController.StateList (KopkeHome_WebApp)'
[2023-06-07 15:15:20.241 +05:30  INF]  Route matched with {action = "StateList", controller = "User"}. Executing controller action with signature System.Threading.Tasks.Task`1[System.Collections.Generic.List`1[KopkeHome_ModelLayer.DataModel.State]] StateList() on controller KopkeHome_WebApp.Controllers.UserController (KopkeHome_WebApp).
[2023-06-07 15:15:20.471 +05:30  INF]  Executing ObjectResult, writing value of type 'System.Collections.Generic.List`1[[KopkeHome_ModelLayer.DataModel.State, KopkeHome-ModelLayer, Version=1.0.0.0, Culture=neutral, PublicKeyToken=null]]'.
[2023-06-07 15:15:20.472 +05:30  INF]  Executed action KopkeHome_WebApp.Controllers.UserController.StateList (KopkeHome_WebApp) in 230.6728ms
[2023-06-07 15:15:20.472 +05:30  INF]  Executed endpoint 'KopkeHome_WebApp.Controllers.UserController.StateList (KopkeHome_WebApp)'
[2023-06-07 15:15:20.472 +05:30  INF]  Request finished HTTP/2 GET https://localhost:7047/User/StateList - - - 200 - application/json;+charset=utf-8 231.3155ms
[2023-06-07 15:15:21.865 +05:30  INF]  Request starting HTTP/2 POST https://localhost:7047/User/SignIn application/x-www-form-urlencoded 266
[2023-06-07 15:15:21.866 +05:30  INF]  CORS policy execution successful.
[2023-06-07 15:15:21.866 +05:30  INF]  Executing endpoint 'KopkeHome_WebApp.Controllers.UserController.SignIn (KopkeHome_WebApp)'
[2023-06-07 15:15:21.869 +05:30  INF]  Route matched with {action = "SignIn", controller = "User"}. Executing controller action with signature System.Threading.Tasks.Task`1[Microsoft.AspNetCore.Mvc.IActionResult] SignIn(KopkeHome_ModelLayer.SignIn) on controller KopkeHome_WebApp.Controllers.UserController (KopkeHome_WebApp).
[2023-06-07 15:15:28.216 +05:30  INF]  Executing RedirectResult, redirecting to /admin/dashboard.
[2023-06-07 15:15:28.216 +05:30  INF]  Executed action KopkeHome_WebApp.Controllers.UserController.SignIn (KopkeHome_WebApp) in 6346.9959ms
[2023-06-07 15:15:28.216 +05:30  INF]  Executed endpoint 'KopkeHome_WebApp.Controllers.UserController.SignIn (KopkeHome_WebApp)'
[2023-06-07 15:15:28.216 +05:30  INF]  Request finished HTTP/2 POST https://localhost:7047/User/SignIn application/x-www-form-urlencoded 266 - 302 0 - 6351.0463ms
[2023-06-07 15:15:28.218 +05:30  INF]  Request starting HTTP/2 GET https://localhost:7047/admin/dashboard - -
[2023-06-07 15:15:28.219 +05:30  INF]  Executing endpoint 'KopkeHome_WebApp.Controllers.AdminController.Dashboard (KopkeHome_WebApp)'
[2023-06-07 15:15:28.220 +05:30  INF]  Route matched with {action = "Dashboard", controller = "Admin"}. Executing controller action with signature System.Threading.Tasks.Task`1[Microsoft.AspNetCore.Mvc.IActionResult] Dashboard() on controller KopkeHome_WebApp.Controllers.AdminController (KopkeHome_WebApp).
[2023-06-07 15:15:31.709 +05:30  INF]  Executing ViewResult, running view Dashboard.
[2023-06-07 15:15:31.714 +05:30  INF]  Executed ViewResult - view Dashboard executed in 5.1338ms.
[2023-06-07 15:15:31.714 +05:30  INF]  Executed action KopkeHome_WebApp.Controllers.AdminController.Dashboard (KopkeHome_WebApp) in 3493.9151ms
[2023-06-07 15:15:31.714 +05:30  INF]  Executed endpoint 'KopkeHome_WebApp.Controllers.AdminController.Dashboard (KopkeHome_WebApp)'
[2023-06-07 15:15:31.719 +05:30  INF]  Request finished HTTP/2 GET https://localhost:7047/admin/dashboard - - - 200 - text/html;+charset=utf-8 3500.6556ms
[2023-06-07 15:15:31.738 +05:30  INF]  Request starting HTTP/2 GET https://localhost:7047/_framework/aspnetcore-browser-refresh.js - -
[2023-06-07 15:15:31.738 +05:30  INF]  Request finished HTTP/2 GET https://localhost:7047/_framework/aspnetcore-browser-refresh.js - - - 200 11950 application/javascript;+charset=utf-8 0.1760ms
