[2023-12-28 00:08:37.088 -05:00  INF]  Application is shutting down...
[2023-12-28 00:08:45.131 -05:00  INF]  User profile is available. Using 'C:\Users\Giuseppe\AppData\Local\ASP.NET\DataProtection-Keys' as key repository and Windows DPAPI to encrypt keys at rest.
[2023-12-28 00:08:45.253 -05:00  INF]  Now listening on: https://localhost:7047
[2023-12-28 00:08:45.254 -05:00  INF]  Now listening on: http://localhost:5047
[2023-12-28 00:08:45.256 -05:00  INF]  Application started. Press Ctrl+C to shut down.
[2023-12-28 00:08:45.257 -05:00  INF]  Hosting environment: Development
[2023-12-28 00:08:45.257 -05:00  INF]  Content root path: C:\Users\Giuseppe\Desktop\Personal Projects\Prohz\thegoods\KopkeHome-FMRS\KopkeHome-WebApp\
[2023-12-28 00:09:07.165 -05:00  INF]  Request starting HTTP/2 GET https://localhost:7047/ - -
[2023-12-28 00:09:07.205 -05:00  INF]  Executing endpoint 'KopkeHome_WebApp.Controllers.HomeController.Index (KopkeHome_WebApp)'
[2023-12-28 00:09:07.217 -05:00  INF]  Route matched with {action = "Index", controller = "Home"}. Executing controller action with signature Microsoft.AspNetCore.Mvc.IActionResult Index() on controller KopkeHome_WebApp.Controllers.HomeController (KopkeHome_WebApp).
[2023-12-28 00:09:07.244 -05:00  INF]  Executing ViewResult, running view Index.
[2023-12-28 00:09:07.331 -05:00  INF]  Executed ViewResult - view Index executed in 88.9814ms.
[2023-12-28 00:09:07.332 -05:00  INF]  Executed action KopkeHome_WebApp.Controllers.HomeController.Index (KopkeHome_WebApp) in 111.9794ms
[2023-12-28 00:09:07.332 -05:00  INF]  Executed endpoint 'KopkeHome_WebApp.Controllers.HomeController.Index (KopkeHome_WebApp)'
[2023-12-28 00:09:07.335 -05:00  INF]  Request finished HTTP/2 GET https://localhost:7047/ - - - 200 - text/html;+charset=utf-8 172.7448ms
[2023-12-28 00:09:07.363 -05:00  INF]  Request starting HTTP/2 GET https://localhost:7047/images/Kopke-brand-logo.png - -
[2023-12-28 00:09:07.363 -05:00  INF]  Request starting HTTP/2 GET https://localhost:7047/HomePageAssets/assets/css/responsive.css - -
[2023-12-28 00:09:07.363 -05:00  INF]  Request starting HTTP/2 GET https://localhost:7047/HomePageAssets/assets/image/prohz-logo-words.png - -
[2023-12-28 00:09:07.363 -05:00  INF]  Request starting HTTP/2 GET https://localhost:7047/HomePageAssets/assets/css/style.css - -
[2023-12-28 00:09:07.371 -05:00  INF]  Sending file. Request path: '/HomePageAssets/assets/css/responsive.css'. Physical path: 'C:\Users\Giuseppe\Desktop\Personal Projects\Prohz\thegoods\KopkeHome-FMRS\KopkeHome-WebApp\wwwroot\HomePageAssets\assets\css\responsive.css'
[2023-12-28 00:09:07.371 -05:00  INF]  Sending file. Request path: '/HomePageAssets/assets/image/prohz-logo-words.png'. Physical path: 'C:\Users\Giuseppe\Desktop\Personal Projects\Prohz\thegoods\KopkeHome-FMRS\KopkeHome-WebApp\wwwroot\HomePageAssets\assets\image\prohz-logo-words.png'
[2023-12-28 00:09:07.371 -05:00  INF]  Sending file. Request path: '/images/Kopke-brand-logo.png'. Physical path: 'C:\Users\Giuseppe\Desktop\Personal Projects\Prohz\thegoods\KopkeHome-FMRS\KopkeHome-WebApp\wwwroot\images\Kopke-brand-logo.png'
[2023-12-28 00:09:07.371 -05:00  INF]  Sending file. Request path: '/HomePageAssets/assets/css/style.css'. Physical path: 'C:\Users\Giuseppe\Desktop\Personal Projects\Prohz\thegoods\KopkeHome-FMRS\KopkeHome-WebApp\wwwroot\HomePageAssets\assets\css\style.css'
[2023-12-28 00:09:07.371 -05:00  INF]  Request finished HTTP/2 GET https://localhost:7047/HomePageAssets/assets/css/responsive.css - - - 200 11269 text/css 8.2551ms
[2023-12-28 00:09:07.372 -05:00  INF]  Request finished HTTP/2 GET https://localhost:7047/HomePageAssets/assets/image/prohz-logo-words.png - - - 200 79175 image/png 8.8109ms
[2023-12-28 00:09:07.372 -05:00  INF]  Request finished HTTP/2 GET https://localhost:7047/images/Kopke-brand-logo.png - - - 200 6953 image/png 8.8612ms
[2023-12-28 00:09:07.372 -05:00  INF]  Request finished HTTP/2 GET https://localhost:7047/HomePageAssets/assets/css/style.css - - - 200 22949 text/css 8.8688ms
[2023-12-28 00:09:07.427 -05:00  INF]  Request starting HTTP/2 GET https://localhost:7047/HomePageAssets/assets/image/banner-image.png - -
[2023-12-28 00:09:07.428 -05:00  INF]  Request starting HTTP/2 GET https://localhost:7047/HomePageAssets/assets/image/IndependentContractorHomePage.jpg - -
[2023-12-28 00:09:07.429 -05:00  INF]  Sending file. Request path: '/HomePageAssets/assets/image/banner-image.png'. Physical path: 'C:\Users\Giuseppe\Desktop\Personal Projects\Prohz\thegoods\KopkeHome-FMRS\KopkeHome-WebApp\wwwroot\HomePageAssets\assets\image\banner-image.png'
[2023-12-28 00:09:07.429 -05:00  INF]  Request finished HTTP/2 GET https://localhost:7047/HomePageAssets/assets/image/banner-image.png - - - 200 4143 image/png 1.8734ms
[2023-12-28 00:09:07.429 -05:00  INF]  Sending file. Request path: '/HomePageAssets/assets/image/IndependentContractorHomePage.jpg'. Physical path: 'C:\Users\Giuseppe\Desktop\Personal Projects\Prohz\thegoods\KopkeHome-FMRS\KopkeHome-WebApp\wwwroot\HomePageAssets\assets\image\IndependentContractorHomePage.jpg'
[2023-12-28 00:09:07.429 -05:00  INF]  Request finished HTTP/2 GET https://localhost:7047/HomePageAssets/assets/image/IndependentContractorHomePage.jpg - - - 200 70927 image/jpeg 1.3010ms
[2023-12-28 00:09:07.431 -05:00  INF]  Request starting HTTP/2 GET https://localhost:7047/HomePageAssets/assets/image/HomeOwnerHomePage.jpg - -
[2023-12-28 00:09:07.432 -05:00  INF]  Request starting HTTP/2 GET https://localhost:7047/HomePageAssets/assets/image/SubContarctorHomePage.jpg - -
[2023-12-28 00:09:07.434 -05:00  INF]  Sending file. Request path: '/HomePageAssets/assets/image/SubContarctorHomePage.jpg'. Physical path: 'C:\Users\Giuseppe\Desktop\Personal Projects\Prohz\thegoods\KopkeHome-FMRS\KopkeHome-WebApp\wwwroot\HomePageAssets\assets\image\SubContarctorHomePage.jpg'
[2023-12-28 00:09:07.434 -05:00  INF]  Request finished HTTP/2 GET https://localhost:7047/HomePageAssets/assets/image/SubContarctorHomePage.jpg - - - 200 43182 image/jpeg 1.5212ms
[2023-12-28 00:09:07.436 -05:00  INF]  Request starting HTTP/2 GET https://localhost:7047/HomePageAssets/assets/image/ContractorImageHomePage.jpg - -
[2023-12-28 00:09:07.439 -05:00  INF]  Sending file. Request path: '/HomePageAssets/assets/image/ContractorImageHomePage.jpg'. Physical path: 'C:\Users\Giuseppe\Desktop\Personal Projects\Prohz\thegoods\KopkeHome-FMRS\KopkeHome-WebApp\wwwroot\HomePageAssets\assets\image\ContractorImageHomePage.jpg'
[2023-12-28 00:09:07.439 -05:00  INF]  Request finished HTTP/2 GET https://localhost:7047/HomePageAssets/assets/image/ContractorImageHomePage.jpg - - - 200 119527 image/jpeg 2.9156ms
[2023-12-28 00:09:07.444 -05:00  INF]  Sending file. Request path: '/HomePageAssets/assets/image/HomeOwnerHomePage.jpg'. Physical path: 'C:\Users\Giuseppe\Desktop\Personal Projects\Prohz\thegoods\KopkeHome-FMRS\KopkeHome-WebApp\wwwroot\HomePageAssets\assets\image\HomeOwnerHomePage.jpg'
[2023-12-28 00:09:07.444 -05:00  INF]  Request finished HTTP/2 GET https://localhost:7047/HomePageAssets/assets/image/HomeOwnerHomePage.jpg - - - 200 1913458 image/jpeg 12.9677ms
[2023-12-28 00:09:07.844 -05:00  INF]  Request starting HTTP/2 GET https://localhost:7047/home/PromoVideos - -
[2023-12-28 00:09:07.845 -05:00  INF]  Request starting HTTP/2 GET https://localhost:7047/home/ProhzLegalFiles - -
[2023-12-28 00:09:07.846 -05:00  INF]  Executing endpoint 'KopkeHome_WebApp.Controllers.HomeController.PromoVideos (KopkeHome_WebApp)'
[2023-12-28 00:09:07.846 -05:00  INF]  Executing endpoint 'KopkeHome_WebApp.Controllers.HomeController.ProhzLegalFiles (KopkeHome_WebApp)'
[2023-12-28 00:09:07.850 -05:00  INF]  Route matched with {action = "ProhzLegalFiles", controller = "Home"}. Executing controller action with signature System.Threading.Tasks.Task`1[Microsoft.AspNetCore.Mvc.IActionResult] ProhzLegalFiles() on controller KopkeHome_WebApp.Controllers.HomeController (KopkeHome_WebApp).
[2023-12-28 00:09:07.850 -05:00  INF]  Route matched with {action = "PromoVideos", controller = "Home"}. Executing controller action with signature System.Threading.Tasks.Task`1[Microsoft.AspNetCore.Mvc.IActionResult] PromoVideos() on controller KopkeHome_WebApp.Controllers.HomeController (KopkeHome_WebApp).
[2023-12-28 00:09:08.106 -05:00  INF]  Request starting HTTP/2 GET https://localhost:7047/favicon.ico - -
[2023-12-28 00:09:08.107 -05:00  INF]  Sending file. Request path: '/favicon.ico'. Physical path: 'C:\Users\Giuseppe\Desktop\Personal Projects\Prohz\thegoods\KopkeHome-FMRS\KopkeHome-WebApp\wwwroot\favicon.ico'
[2023-12-28 00:09:08.107 -05:00  INF]  Request finished HTTP/2 GET https://localhost:7047/favicon.ico - - - 200 4286 image/x-icon 1.6128ms
[2023-12-28 00:09:11.915 -05:00  ERR]  No connection could be made because the target machine actively refused it. (localhost:7215)
[2023-12-28 00:09:11.915 -05:00  ERR]  No connection could be made because the target machine actively refused it. (localhost:7215)
[2023-12-28 00:09:11.918 -05:00  INF]  Executed action KopkeHome_WebApp.Controllers.HomeController.PromoVideos (KopkeHome_WebApp) in 4068.2101ms
[2023-12-28 00:09:11.918 -05:00  INF]  Executed action KopkeHome_WebApp.Controllers.HomeController.ProhzLegalFiles (KopkeHome_WebApp) in 4068.3063ms
[2023-12-28 00:09:11.919 -05:00  INF]  Executed endpoint 'KopkeHome_WebApp.Controllers.HomeController.ProhzLegalFiles (KopkeHome_WebApp)'
[2023-12-28 00:09:11.919 -05:00  INF]  Executed endpoint 'KopkeHome_WebApp.Controllers.HomeController.PromoVideos (KopkeHome_WebApp)'
[2023-12-28 00:09:11.919 -05:00  ERR]  No connection could be made because the target machine actively refused it. (localhost:7215)
[2023-12-28 00:09:11.919 -05:00  ERR]  No connection could be made because the target machine actively refused it. (localhost:7215)
[2023-12-28 00:09:11.920 -05:00  INF]  Request finished HTTP/2 GET https://localhost:7047/home/PromoVideos - - - 302 0 - 4076.0956ms
[2023-12-28 00:09:11.920 -05:00  INF]  Request finished HTTP/2 GET https://localhost:7047/home/ProhzLegalFiles - - - 302 0 - 4074.4480ms
[2023-12-28 00:09:11.928 -05:00  INF]  Request starting HTTP/2 GET https://localhost:7047/Home/error - -
[2023-12-28 00:09:11.930 -05:00  INF]  Request starting HTTP/2 GET https://localhost:7047/Home/error - -
[2023-12-28 00:09:11.933 -05:00  INF]  Executing endpoint 'KopkeHome_WebApp.Controllers.HomeController.Error (KopkeHome_WebApp)'
[2023-12-28 00:09:11.933 -05:00  INF]  Executing endpoint 'KopkeHome_WebApp.Controllers.HomeController.Error (KopkeHome_WebApp)'
[2023-12-28 00:09:11.934 -05:00  INF]  Route matched with {action = "Error", controller = "Home"}. Executing controller action with signature Microsoft.AspNetCore.Mvc.IActionResult Error() on controller KopkeHome_WebApp.Controllers.HomeController (KopkeHome_WebApp).
[2023-12-28 00:09:11.934 -05:00  INF]  Route matched with {action = "Error", controller = "Home"}. Executing controller action with signature Microsoft.AspNetCore.Mvc.IActionResult Error() on controller KopkeHome_WebApp.Controllers.HomeController (KopkeHome_WebApp).
[2023-12-28 00:09:11.935 -05:00  INF]  Executing ViewResult, running view Error.
[2023-12-28 00:09:11.935 -05:00  INF]  Executing ViewResult, running view Error.
[2023-12-28 00:09:11.957 -05:00  INF]  Executed ViewResult - view Error executed in 21.7974ms.
[2023-12-28 00:09:11.957 -05:00  INF]  Executed ViewResult - view Error executed in 21.7973ms.
[2023-12-28 00:09:11.957 -05:00  INF]  Executed action KopkeHome_WebApp.Controllers.HomeController.Error (KopkeHome_WebApp) in 22.5949ms
[2023-12-28 00:09:11.957 -05:00  INF]  Executed action KopkeHome_WebApp.Controllers.HomeController.Error (KopkeHome_WebApp) in 22.5925ms
[2023-12-28 00:09:11.957 -05:00  INF]  Executed endpoint 'KopkeHome_WebApp.Controllers.HomeController.Error (KopkeHome_WebApp)'
[2023-12-28 00:09:11.957 -05:00  INF]  Executed endpoint 'KopkeHome_WebApp.Controllers.HomeController.Error (KopkeHome_WebApp)'
[2023-12-28 00:09:11.957 -05:00  INF]  Request finished HTTP/2 GET https://localhost:7047/Home/error - - - 200 - text/html;+charset=utf-8 26.8696ms
[2023-12-28 00:09:11.957 -05:00  INF]  Request finished HTTP/2 GET https://localhost:7047/Home/error - - - 200 - text/html;+charset=utf-8 28.3540ms
[2023-12-28 00:09:30.087 -05:00  INF]  Application is shutting down...
[2023-12-28 00:09:33.818 -05:00  INF]  User profile is available. Using 'C:\Users\Giuseppe\AppData\Local\ASP.NET\DataProtection-Keys' as key repository and Windows DPAPI to encrypt keys at rest.
[2023-12-28 00:09:33.943 -05:00  INF]  Now listening on: https://localhost:7047
[2023-12-28 00:09:33.943 -05:00  INF]  Now listening on: http://localhost:5047
[2023-12-28 00:09:33.946 -05:00  INF]  Application started. Press Ctrl+C to shut down.
[2023-12-28 00:09:33.946 -05:00  INF]  Hosting environment: Development
[2023-12-28 00:09:33.946 -05:00  INF]  Content root path: C:\Users\Giuseppe\Desktop\Personal Projects\Prohz\thegoods\KopkeHome-FMRS\KopkeHome-WebApp\
[2023-12-28 00:09:37.791 -05:00  INF]  Request starting HTTP/2 GET https://localhost:7047/ - -
[2023-12-28 00:09:37.830 -05:00  INF]  Executing endpoint 'KopkeHome_WebApp.Controllers.HomeController.Index (KopkeHome_WebApp)'
[2023-12-28 00:09:37.841 -05:00  INF]  Route matched with {action = "Index", controller = "Home"}. Executing controller action with signature Microsoft.AspNetCore.Mvc.IActionResult Index() on controller KopkeHome_WebApp.Controllers.HomeController (KopkeHome_WebApp).
[2023-12-28 00:09:37.866 -05:00  INF]  Executing ViewResult, running view Index.
[2023-12-28 00:09:37.950 -05:00  INF]  Executed ViewResult - view Index executed in 85.3529ms.
[2023-12-28 00:09:37.951 -05:00  INF]  Executed action KopkeHome_WebApp.Controllers.HomeController.Index (KopkeHome_WebApp) in 107.1452ms
[2023-12-28 00:09:37.951 -05:00  INF]  Executed endpoint 'KopkeHome_WebApp.Controllers.HomeController.Index (KopkeHome_WebApp)'
[2023-12-28 00:09:37.954 -05:00  INF]  Request finished HTTP/2 GET https://localhost:7047/ - - - 200 - text/html;+charset=utf-8 166.0667ms
[2023-12-28 00:09:37.978 -05:00  INF]  Request starting HTTP/2 GET https://localhost:7047/HomePageAssets/assets/css/responsive.css - -
[2023-12-28 00:09:37.978 -05:00  INF]  Request starting HTTP/2 GET https://localhost:7047/HomePageAssets/assets/image/prohz-logo-words.png - -
[2023-12-28 00:09:37.978 -05:00  INF]  Request starting HTTP/2 GET https://localhost:7047/images/Kopke-brand-logo.png - -
[2023-12-28 00:09:37.978 -05:00  INF]  Request starting HTTP/2 GET https://localhost:7047/HomePageAssets/assets/css/style.css - -
[2023-12-28 00:09:37.987 -05:00  INF]  Sending file. Request path: '/HomePageAssets/assets/css/responsive.css'. Physical path: 'C:\Users\Giuseppe\Desktop\Personal Projects\Prohz\thegoods\KopkeHome-FMRS\KopkeHome-WebApp\wwwroot\HomePageAssets\assets\css\responsive.css'
[2023-12-28 00:09:37.987 -05:00  INF]  Sending file. Request path: '/images/Kopke-brand-logo.png'. Physical path: 'C:\Users\Giuseppe\Desktop\Personal Projects\Prohz\thegoods\KopkeHome-FMRS\KopkeHome-WebApp\wwwroot\images\Kopke-brand-logo.png'
[2023-12-28 00:09:37.987 -05:00  INF]  Sending file. Request path: '/HomePageAssets/assets/image/prohz-logo-words.png'. Physical path: 'C:\Users\Giuseppe\Desktop\Personal Projects\Prohz\thegoods\KopkeHome-FMRS\KopkeHome-WebApp\wwwroot\HomePageAssets\assets\image\prohz-logo-words.png'
[2023-12-28 00:09:37.987 -05:00  INF]  Sending file. Request path: '/HomePageAssets/assets/css/style.css'. Physical path: 'C:\Users\Giuseppe\Desktop\Personal Projects\Prohz\thegoods\KopkeHome-FMRS\KopkeHome-WebApp\wwwroot\HomePageAssets\assets\css\style.css'
[2023-12-28 00:09:37.987 -05:00  INF]  Request finished HTTP/2 GET https://localhost:7047/images/Kopke-brand-logo.png - - - 200 6953 image/png 8.6886ms
[2023-12-28 00:09:37.987 -05:00  INF]  Request finished HTTP/2 GET https://localhost:7047/HomePageAssets/assets/css/responsive.css - - - 200 11269 text/css 8.6945ms
[2023-12-28 00:09:37.988 -05:00  INF]  Request finished HTTP/2 GET https://localhost:7047/HomePageAssets/assets/css/style.css - - - 200 22948 text/css 9.9247ms
[2023-12-28 00:09:37.988 -05:00  INF]  Request finished HTTP/2 GET https://localhost:7047/HomePageAssets/assets/image/prohz-logo-words.png - - - 200 79175 image/png 9.9895ms
[2023-12-28 00:09:38.037 -05:00  INF]  Request starting HTTP/2 GET https://localhost:7047/HomePageAssets/assets/image/banner-image.png - -
[2023-12-28 00:09:38.038 -05:00  INF]  Request starting HTTP/2 GET https://localhost:7047/HomePageAssets/assets/image/IndependentContractorHomePage.jpg - -
[2023-12-28 00:09:38.039 -05:00  INF]  Sending file. Request path: '/HomePageAssets/assets/image/banner-image.png'. Physical path: 'C:\Users\Giuseppe\Desktop\Personal Projects\Prohz\thegoods\KopkeHome-FMRS\KopkeHome-WebApp\wwwroot\HomePageAssets\assets\image\banner-image.png'
[2023-12-28 00:09:38.039 -05:00  INF]  Request finished HTTP/2 GET https://localhost:7047/HomePageAssets/assets/image/banner-image.png - - - 200 4143 image/png 1.6422ms
[2023-12-28 00:09:38.040 -05:00  INF]  Sending file. Request path: '/HomePageAssets/assets/image/IndependentContractorHomePage.jpg'. Physical path: 'C:\Users\Giuseppe\Desktop\Personal Projects\Prohz\thegoods\KopkeHome-FMRS\KopkeHome-WebApp\wwwroot\HomePageAssets\assets\image\IndependentContractorHomePage.jpg'
[2023-12-28 00:09:38.040 -05:00  INF]  Request finished HTTP/2 GET https://localhost:7047/HomePageAssets/assets/image/IndependentContractorHomePage.jpg - - - 200 70927 image/jpeg 1.2707ms
[2023-12-28 00:09:38.042 -05:00  INF]  Request starting HTTP/2 GET https://localhost:7047/HomePageAssets/assets/image/HomeOwnerHomePage.jpg - -
[2023-12-28 00:09:38.042 -05:00  INF]  Request starting HTTP/2 GET https://localhost:7047/HomePageAssets/assets/image/SubContarctorHomePage.jpg - -
[2023-12-28 00:09:38.043 -05:00  INF]  Sending file. Request path: '/HomePageAssets/assets/image/SubContarctorHomePage.jpg'. Physical path: 'C:\Users\Giuseppe\Desktop\Personal Projects\Prohz\thegoods\KopkeHome-FMRS\KopkeHome-WebApp\wwwroot\HomePageAssets\assets\image\SubContarctorHomePage.jpg'
[2023-12-28 00:09:38.043 -05:00  INF]  Request finished HTTP/2 GET https://localhost:7047/HomePageAssets/assets/image/SubContarctorHomePage.jpg - - - 200 43182 image/jpeg 1.0593ms
[2023-12-28 00:09:38.044 -05:00  INF]  Request starting HTTP/2 GET https://localhost:7047/HomePageAssets/assets/image/ContractorImageHomePage.jpg - -
[2023-12-28 00:09:38.045 -05:00  INF]  Sending file. Request path: '/HomePageAssets/assets/image/ContractorImageHomePage.jpg'. Physical path: 'C:\Users\Giuseppe\Desktop\Personal Projects\Prohz\thegoods\KopkeHome-FMRS\KopkeHome-WebApp\wwwroot\HomePageAssets\assets\image\ContractorImageHomePage.jpg'
[2023-12-28 00:09:38.045 -05:00  INF]  Request finished HTTP/2 GET https://localhost:7047/HomePageAssets/assets/image/ContractorImageHomePage.jpg - - - 200 119527 image/jpeg 1.4056ms
[2023-12-28 00:09:38.051 -05:00  INF]  Sending file. Request path: '/HomePageAssets/assets/image/HomeOwnerHomePage.jpg'. Physical path: 'C:\Users\Giuseppe\Desktop\Personal Projects\Prohz\thegoods\KopkeHome-FMRS\KopkeHome-WebApp\wwwroot\HomePageAssets\assets\image\HomeOwnerHomePage.jpg'
[2023-12-28 00:09:38.051 -05:00  INF]  Request finished HTTP/2 GET https://localhost:7047/HomePageAssets/assets/image/HomeOwnerHomePage.jpg - - - 200 1913458 image/jpeg 8.5755ms
[2023-12-28 00:09:38.608 -05:00  INF]  Request starting HTTP/2 GET https://localhost:7047/home/PromoVideos - -
[2023-12-28 00:09:38.608 -05:00  INF]  Request starting HTTP/2 GET https://localhost:7047/home/ProhzLegalFiles - -
[2023-12-28 00:09:38.610 -05:00  INF]  Executing endpoint 'KopkeHome_WebApp.Controllers.HomeController.ProhzLegalFiles (KopkeHome_WebApp)'
[2023-12-28 00:09:38.610 -05:00  INF]  Executing endpoint 'KopkeHome_WebApp.Controllers.HomeController.PromoVideos (KopkeHome_WebApp)'
[2023-12-28 00:09:38.614 -05:00  INF]  Route matched with {action = "PromoVideos", controller = "Home"}. Executing controller action with signature System.Threading.Tasks.Task`1[Microsoft.AspNetCore.Mvc.IActionResult] PromoVideos() on controller KopkeHome_WebApp.Controllers.HomeController (KopkeHome_WebApp).
[2023-12-28 00:09:38.614 -05:00  INF]  Route matched with {action = "ProhzLegalFiles", controller = "Home"}. Executing controller action with signature System.Threading.Tasks.Task`1[Microsoft.AspNetCore.Mvc.IActionResult] ProhzLegalFiles() on controller KopkeHome_WebApp.Controllers.HomeController (KopkeHome_WebApp).
[2023-12-28 00:09:38.859 -05:00  INF]  Request starting HTTP/2 GET https://localhost:7047/favicon.ico - -
[2023-12-28 00:09:38.859 -05:00  INF]  Sending file. Request path: '/favicon.ico'. Physical path: 'C:\Users\Giuseppe\Desktop\Personal Projects\Prohz\thegoods\KopkeHome-FMRS\KopkeHome-WebApp\wwwroot\favicon.ico'
[2023-12-28 00:09:38.859 -05:00  INF]  Request finished HTTP/2 GET https://localhost:7047/favicon.ico - - - 200 4286 image/x-icon 0.9259ms
[2023-12-28 00:09:42.680 -05:00  ERR]  No connection could be made because the target machine actively refused it. (localhost:7215)
[2023-12-28 00:09:42.680 -05:00  ERR]  No connection could be made because the target machine actively refused it. (localhost:7215)
[2023-12-28 00:09:42.683 -05:00  INF]  Executed action KopkeHome_WebApp.Controllers.HomeController.PromoVideos (KopkeHome_WebApp) in 4068.9862ms
[2023-12-28 00:09:42.683 -05:00  INF]  Executed action KopkeHome_WebApp.Controllers.HomeController.ProhzLegalFiles (KopkeHome_WebApp) in 4068.8806ms
[2023-12-28 00:09:42.683 -05:00  INF]  Executed endpoint 'KopkeHome_WebApp.Controllers.HomeController.PromoVideos (KopkeHome_WebApp)'
[2023-12-28 00:09:42.683 -05:00  INF]  Executed endpoint 'KopkeHome_WebApp.Controllers.HomeController.ProhzLegalFiles (KopkeHome_WebApp)'
[2023-12-28 00:09:42.684 -05:00  ERR]  No connection could be made because the target machine actively refused it. (localhost:7215)
[2023-12-28 00:09:42.684 -05:00  ERR]  No connection could be made because the target machine actively refused it. (localhost:7215)
[2023-12-28 00:09:42.685 -05:00  INF]  Request finished HTTP/2 GET https://localhost:7047/home/PromoVideos - - - 302 0 - 4076.6879ms
[2023-12-28 00:09:42.685 -05:00  INF]  Request finished HTTP/2 GET https://localhost:7047/home/ProhzLegalFiles - - - 302 0 - 4076.1333ms
[2023-12-28 00:09:42.691 -05:00  INF]  Request starting HTTP/2 GET https://localhost:7047/Home/error - -
[2023-12-28 00:09:42.692 -05:00  INF]  Request starting HTTP/2 GET https://localhost:7047/Home/error - -
[2023-12-28 00:09:42.696 -05:00  INF]  Executing endpoint 'KopkeHome_WebApp.Controllers.HomeController.Error (KopkeHome_WebApp)'
[2023-12-28 00:09:42.696 -05:00  INF]  Executing endpoint 'KopkeHome_WebApp.Controllers.HomeController.Error (KopkeHome_WebApp)'
[2023-12-28 00:09:42.697 -05:00  INF]  Route matched with {action = "Error", controller = "Home"}. Executing controller action with signature Microsoft.AspNetCore.Mvc.IActionResult Error() on controller KopkeHome_WebApp.Controllers.HomeController (KopkeHome_WebApp).
[2023-12-28 00:09:42.697 -05:00  INF]  Route matched with {action = "Error", controller = "Home"}. Executing controller action with signature Microsoft.AspNetCore.Mvc.IActionResult Error() on controller KopkeHome_WebApp.Controllers.HomeController (KopkeHome_WebApp).
[2023-12-28 00:09:42.698 -05:00  INF]  Executing ViewResult, running view Error.
[2023-12-28 00:09:42.698 -05:00  INF]  Executing ViewResult, running view Error.
[2023-12-28 00:09:42.719 -05:00  INF]  Executed ViewResult - view Error executed in 21.6312ms.
[2023-12-28 00:09:42.719 -05:00  INF]  Executed action KopkeHome_WebApp.Controllers.HomeController.Error (KopkeHome_WebApp) in 22.4035ms
[2023-12-28 00:09:42.719 -05:00  INF]  Executed endpoint 'KopkeHome_WebApp.Controllers.HomeController.Error (KopkeHome_WebApp)'
[2023-12-28 00:09:42.720 -05:00  INF]  Request finished HTTP/2 GET https://localhost:7047/Home/error - - - 200 - text/html;+charset=utf-8 27.7798ms
[2023-12-28 00:09:42.720 -05:00  INF]  Executed ViewResult - view Error executed in 22.3101ms.
[2023-12-28 00:09:42.720 -05:00  INF]  Executed action KopkeHome_WebApp.Controllers.HomeController.Error (KopkeHome_WebApp) in 23.1072ms
[2023-12-28 00:09:42.720 -05:00  INF]  Executed endpoint 'KopkeHome_WebApp.Controllers.HomeController.Error (KopkeHome_WebApp)'
[2023-12-28 00:09:42.720 -05:00  INF]  Request finished HTTP/2 GET https://localhost:7047/Home/error - - - 200 - text/html;+charset=utf-8 29.4131ms
[2023-12-28 00:10:55.039 -05:00  INF]  Application is shutting down...
[2023-12-28 00:10:59.295 -05:00  INF]  User profile is available. Using 'C:\Users\Giuseppe\AppData\Local\ASP.NET\DataProtection-Keys' as key repository and Windows DPAPI to encrypt keys at rest.
[2023-12-28 00:10:59.419 -05:00  INF]  Now listening on: https://localhost:7047
[2023-12-28 00:10:59.419 -05:00  INF]  Now listening on: http://localhost:5047
[2023-12-28 00:10:59.421 -05:00  INF]  Application started. Press Ctrl+C to shut down.
[2023-12-28 00:10:59.422 -05:00  INF]  Hosting environment: Development
[2023-12-28 00:10:59.422 -05:00  INF]  Content root path: C:\Users\Giuseppe\Desktop\Personal Projects\Prohz\thegoods\KopkeHome-FMRS\KopkeHome-WebApp\
[2023-12-28 00:11:16.005 -05:00  INF]  Request starting HTTP/2 GET https://localhost:7047/ - -
[2023-12-28 00:11:16.044 -05:00  INF]  Executing endpoint 'KopkeHome_WebApp.Controllers.HomeController.Index (KopkeHome_WebApp)'
[2023-12-28 00:11:16.055 -05:00  INF]  Route matched with {action = "Index", controller = "Home"}. Executing controller action with signature Microsoft.AspNetCore.Mvc.IActionResult Index() on controller KopkeHome_WebApp.Controllers.HomeController (KopkeHome_WebApp).
[2023-12-28 00:11:16.080 -05:00  INF]  Executing ViewResult, running view Index.
[2023-12-28 00:11:16.163 -05:00  INF]  Executed ViewResult - view Index executed in 84.0374ms.
[2023-12-28 00:11:16.164 -05:00  INF]  Executed action KopkeHome_WebApp.Controllers.HomeController.Index (KopkeHome_WebApp) in 106.0822ms
[2023-12-28 00:11:16.164 -05:00  INF]  Executed endpoint 'KopkeHome_WebApp.Controllers.HomeController.Index (KopkeHome_WebApp)'
[2023-12-28 00:11:16.167 -05:00  INF]  Request finished HTTP/2 GET https://localhost:7047/ - - - 200 - text/html;+charset=utf-8 164.6881ms
[2023-12-28 00:11:16.222 -05:00  INF]  Request starting HTTP/2 GET https://localhost:7047/HomePageAssets/assets/image/prohz-logo-words.png - -
[2023-12-28 00:11:16.222 -05:00  INF]  Request starting HTTP/2 GET https://localhost:7047/images/Kopke-brand-logo.png - -
[2023-12-28 00:11:16.222 -05:00  INF]  Request starting HTTP/2 GET https://localhost:7047/HomePageAssets/assets/css/style.css - -
[2023-12-28 00:11:16.222 -05:00  INF]  Request starting HTTP/2 GET https://localhost:7047/HomePageAssets/assets/css/responsive.css - -
[2023-12-28 00:11:16.230 -05:00  INF]  Sending file. Request path: '/images/Kopke-brand-logo.png'. Physical path: 'C:\Users\Giuseppe\Desktop\Personal Projects\Prohz\thegoods\KopkeHome-FMRS\KopkeHome-WebApp\wwwroot\images\Kopke-brand-logo.png'
[2023-12-28 00:11:16.230 -05:00  INF]  Sending file. Request path: '/HomePageAssets/assets/css/style.css'. Physical path: 'C:\Users\Giuseppe\Desktop\Personal Projects\Prohz\thegoods\KopkeHome-FMRS\KopkeHome-WebApp\wwwroot\HomePageAssets\assets\css\style.css'
[2023-12-28 00:11:16.230 -05:00  INF]  Sending file. Request path: '/HomePageAssets/assets/css/responsive.css'. Physical path: 'C:\Users\Giuseppe\Desktop\Personal Projects\Prohz\thegoods\KopkeHome-FMRS\KopkeHome-WebApp\wwwroot\HomePageAssets\assets\css\responsive.css'
[2023-12-28 00:11:16.230 -05:00  INF]  Sending file. Request path: '/HomePageAssets/assets/image/prohz-logo-words.png'. Physical path: 'C:\Users\Giuseppe\Desktop\Personal Projects\Prohz\thegoods\KopkeHome-FMRS\KopkeHome-WebApp\wwwroot\HomePageAssets\assets\image\prohz-logo-words.png'
[2023-12-28 00:11:16.231 -05:00  INF]  Request finished HTTP/2 GET https://localhost:7047/images/Kopke-brand-logo.png - - - 200 6953 image/png 8.4337ms
[2023-12-28 00:11:16.231 -05:00  INF]  Request finished HTTP/2 GET https://localhost:7047/HomePageAssets/assets/image/prohz-logo-words.png - - - 200 79175 image/png 9.2589ms
[2023-12-28 00:11:16.231 -05:00  INF]  Request finished HTTP/2 GET https://localhost:7047/HomePageAssets/assets/css/responsive.css - - - 200 11269 text/css 9.2795ms
[2023-12-28 00:11:16.231 -05:00  INF]  Request finished HTTP/2 GET https://localhost:7047/HomePageAssets/assets/css/style.css - - - 200 23019 text/css 9.2714ms
[2023-12-28 00:11:16.254 -05:00  INF]  Request starting HTTP/2 GET https://localhost:7047/HomePageAssets/assets/image/banner-image.png - -
[2023-12-28 00:11:16.256 -05:00  INF]  Request starting HTTP/2 GET https://localhost:7047/HomePageAssets/assets/image/IndependentContractorHomePage.jpg - -
[2023-12-28 00:11:16.256 -05:00  INF]  Sending file. Request path: '/HomePageAssets/assets/image/banner-image.png'. Physical path: 'C:\Users\Giuseppe\Desktop\Personal Projects\Prohz\thegoods\KopkeHome-FMRS\KopkeHome-WebApp\wwwroot\HomePageAssets\assets\image\banner-image.png'
[2023-12-28 00:11:16.256 -05:00  INF]  Request finished HTTP/2 GET https://localhost:7047/HomePageAssets/assets/image/banner-image.png - - - 200 4143 image/png 1.5507ms
[2023-12-28 00:11:16.256 -05:00  INF]  Sending file. Request path: '/HomePageAssets/assets/image/IndependentContractorHomePage.jpg'. Physical path: 'C:\Users\Giuseppe\Desktop\Personal Projects\Prohz\thegoods\KopkeHome-FMRS\KopkeHome-WebApp\wwwroot\HomePageAssets\assets\image\IndependentContractorHomePage.jpg'
[2023-12-28 00:11:16.257 -05:00  INF]  Request finished HTTP/2 GET https://localhost:7047/HomePageAssets/assets/image/IndependentContractorHomePage.jpg - - - 200 70927 image/jpeg 1.0842ms
[2023-12-28 00:11:16.258 -05:00  INF]  Request starting HTTP/2 GET https://localhost:7047/HomePageAssets/assets/image/HomeOwnerHomePage.jpg - -
[2023-12-28 00:11:16.260 -05:00  INF]  Request starting HTTP/2 GET https://localhost:7047/HomePageAssets/assets/image/SubContarctorHomePage.jpg - -
[2023-12-28 00:11:16.261 -05:00  INF]  Sending file. Request path: '/HomePageAssets/assets/image/SubContarctorHomePage.jpg'. Physical path: 'C:\Users\Giuseppe\Desktop\Personal Projects\Prohz\thegoods\KopkeHome-FMRS\KopkeHome-WebApp\wwwroot\HomePageAssets\assets\image\SubContarctorHomePage.jpg'
[2023-12-28 00:11:16.261 -05:00  INF]  Request finished HTTP/2 GET https://localhost:7047/HomePageAssets/assets/image/SubContarctorHomePage.jpg - - - 200 43182 image/jpeg 0.9972ms
[2023-12-28 00:11:16.262 -05:00  INF]  Request starting HTTP/2 GET https://localhost:7047/HomePageAssets/assets/image/ContractorImageHomePage.jpg - -
[2023-12-28 00:11:16.264 -05:00  INF]  Sending file. Request path: '/HomePageAssets/assets/image/ContractorImageHomePage.jpg'. Physical path: 'C:\Users\Giuseppe\Desktop\Personal Projects\Prohz\thegoods\KopkeHome-FMRS\KopkeHome-WebApp\wwwroot\HomePageAssets\assets\image\ContractorImageHomePage.jpg'
[2023-12-28 00:11:16.264 -05:00  INF]  Request finished HTTP/2 GET https://localhost:7047/HomePageAssets/assets/image/ContractorImageHomePage.jpg - - - 200 119527 image/jpeg 1.7480ms
[2023-12-28 00:11:16.267 -05:00  INF]  Sending file. Request path: '/HomePageAssets/assets/image/HomeOwnerHomePage.jpg'. Physical path: 'C:\Users\Giuseppe\Desktop\Personal Projects\Prohz\thegoods\KopkeHome-FMRS\KopkeHome-WebApp\wwwroot\HomePageAssets\assets\image\HomeOwnerHomePage.jpg'
[2023-12-28 00:11:16.267 -05:00  INF]  Request finished HTTP/2 GET https://localhost:7047/HomePageAssets/assets/image/HomeOwnerHomePage.jpg - - - 200 1913458 image/jpeg 9.3474ms
[2023-12-28 00:11:16.707 -05:00  INF]  Request starting HTTP/2 GET https://localhost:7047/home/PromoVideos - -
[2023-12-28 00:11:16.709 -05:00  INF]  Executing endpoint 'KopkeHome_WebApp.Controllers.HomeController.PromoVideos (KopkeHome_WebApp)'
[2023-12-28 00:11:16.715 -05:00  INF]  Route matched with {action = "PromoVideos", controller = "Home"}. Executing controller action with signature System.Threading.Tasks.Task`1[Microsoft.AspNetCore.Mvc.IActionResult] PromoVideos() on controller KopkeHome_WebApp.Controllers.HomeController (KopkeHome_WebApp).
[2023-12-28 00:11:16.718 -05:00  INF]  Request starting HTTP/2 GET https://localhost:7047/home/ProhzLegalFiles - -
[2023-12-28 00:11:16.727 -05:00  INF]  Executing endpoint 'KopkeHome_WebApp.Controllers.HomeController.ProhzLegalFiles (KopkeHome_WebApp)'
[2023-12-28 00:11:16.733 -05:00  INF]  Route matched with {action = "ProhzLegalFiles", controller = "Home"}. Executing controller action with signature System.Threading.Tasks.Task`1[Microsoft.AspNetCore.Mvc.IActionResult] ProhzLegalFiles() on controller KopkeHome_WebApp.Controllers.HomeController (KopkeHome_WebApp).
[2023-12-28 00:11:16.993 -05:00  INF]  Request starting HTTP/2 GET https://localhost:7047/favicon.ico - -
[2023-12-28 00:11:16.994 -05:00  INF]  Sending file. Request path: '/favicon.ico'. Physical path: 'C:\Users\Giuseppe\Desktop\Personal Projects\Prohz\thegoods\KopkeHome-FMRS\KopkeHome-WebApp\wwwroot\favicon.ico'
[2023-12-28 00:11:16.994 -05:00  INF]  Request finished HTTP/2 GET https://localhost:7047/favicon.ico - - - 200 4286 image/x-icon 0.9413ms
[2023-12-28 00:11:20.806 -05:00  ERR]  No connection could be made because the target machine actively refused it. (localhost:7215)
[2023-12-28 00:11:20.806 -05:00  ERR]  No connection could be made because the target machine actively refused it. (localhost:7215)
[2023-12-28 00:11:20.810 -05:00  INF]  Executed action KopkeHome_WebApp.Controllers.HomeController.ProhzLegalFiles (KopkeHome_WebApp) in 4075.9566ms
[2023-12-28 00:11:20.810 -05:00  INF]  Executed action KopkeHome_WebApp.Controllers.HomeController.PromoVideos (KopkeHome_WebApp) in 4094.3405ms
[2023-12-28 00:11:20.810 -05:00  INF]  Executed endpoint 'KopkeHome_WebApp.Controllers.HomeController.PromoVideos (KopkeHome_WebApp)'
[2023-12-28 00:11:20.810 -05:00  INF]  Executed endpoint 'KopkeHome_WebApp.Controllers.HomeController.ProhzLegalFiles (KopkeHome_WebApp)'
[2023-12-28 00:11:20.810 -05:00  ERR]  No connection could be made because the target machine actively refused it. (localhost:7215)
[2023-12-28 00:11:20.810 -05:00  ERR]  No connection could be made because the target machine actively refused it. (localhost:7215)
[2023-12-28 00:11:20.811 -05:00  INF]  Request finished HTTP/2 GET https://localhost:7047/home/PromoVideos - - - 302 0 - 4104.7899ms
[2023-12-28 00:11:20.811 -05:00  INF]  Request finished HTTP/2 GET https://localhost:7047/home/ProhzLegalFiles - - - 302 0 - 4093.1773ms
[2023-12-28 00:11:20.818 -05:00  INF]  Request starting HTTP/2 GET https://localhost:7047/Home/error - -
[2023-12-28 00:11:20.818 -05:00  INF]  Executing endpoint 'KopkeHome_WebApp.Controllers.HomeController.Error (KopkeHome_WebApp)'
[2023-12-28 00:11:20.819 -05:00  INF]  Request starting HTTP/2 GET https://localhost:7047/Home/error - -
[2023-12-28 00:11:20.819 -05:00  INF]  Route matched with {action = "Error", controller = "Home"}. Executing controller action with signature Microsoft.AspNetCore.Mvc.IActionResult Error() on controller KopkeHome_WebApp.Controllers.HomeController (KopkeHome_WebApp).
[2023-12-28 00:11:20.819 -05:00  INF]  Executing endpoint 'KopkeHome_WebApp.Controllers.HomeController.Error (KopkeHome_WebApp)'
[2023-12-28 00:11:20.819 -05:00  INF]  Route matched with {action = "Error", controller = "Home"}. Executing controller action with signature Microsoft.AspNetCore.Mvc.IActionResult Error() on controller KopkeHome_WebApp.Controllers.HomeController (KopkeHome_WebApp).
[2023-12-28 00:11:20.821 -05:00  INF]  Executing ViewResult, running view Error.
[2023-12-28 00:11:20.821 -05:00  INF]  Executing ViewResult, running view Error.
[2023-12-28 00:11:20.844 -05:00  INF]  Executed ViewResult - view Error executed in 23.4976ms.
[2023-12-28 00:11:20.844 -05:00  INF]  Executed action KopkeHome_WebApp.Controllers.HomeController.Error (KopkeHome_WebApp) in 24.5258ms
[2023-12-28 00:11:20.844 -05:00  INF]  Executed endpoint 'KopkeHome_WebApp.Controllers.HomeController.Error (KopkeHome_WebApp)'
[2023-12-28 00:11:20.844 -05:00  INF]  Request finished HTTP/2 GET https://localhost:7047/Home/error - - - 200 - text/html;+charset=utf-8 25.0248ms
[2023-12-28 00:11:20.845 -05:00  INF]  Executed ViewResult - view Error executed in 24.6968ms.
[2023-12-28 00:11:20.845 -05:00  INF]  Executed action KopkeHome_WebApp.Controllers.HomeController.Error (KopkeHome_WebApp) in 25.7968ms
[2023-12-28 00:11:20.845 -05:00  INF]  Executed endpoint 'KopkeHome_WebApp.Controllers.HomeController.Error (KopkeHome_WebApp)'
[2023-12-28 00:11:20.845 -05:00  INF]  Request finished HTTP/2 GET https://localhost:7047/Home/error - - - 200 - text/html;+charset=utf-8 27.7329ms
