[2023-12-22 09:48:34.846 -05:00  INF]  User profile is available. Using 'C:\Users\conno\AppData\Local\ASP.NET\DataProtection-Keys' as key repository and Windows DPAPI to encrypt keys at rest.
[2023-12-22 09:48:35.006 -05:00  INF]  Now listening on: https://localhost:7047
[2023-12-22 09:48:35.006 -05:00  INF]  Now listening on: http://localhost:5047
[2023-12-22 09:48:35.008 -05:00  INF]  Application started. Press Ctrl+C to shut down.
[2023-12-22 09:48:35.008 -05:00  INF]  Hosting environment: Development
[2023-12-22 09:48:35.008 -05:00  INF]  Content root path: E:\AWS Stuff\huevosec\clients\kopke\KopkeHome-FMRS(ltst)\KopkeHome-FMRS\KopkeHome-WebApp\
[2023-12-22 09:51:20.366 -05:00  INF]  Request starting HTTP/1.1 GET http://localhost:5047/ - -
[2023-12-22 09:51:20.373 -05:00  INF]  Request finished HTTP/1.1 GET http://localhost:5047/ - - - 307 0 - 9.3568ms
[2023-12-22 09:51:20.430 -05:00  INF]  Request starting HTTP/2 GET https://localhost:7047/ - -
[2023-12-22 09:51:20.452 -05:00  INF]  Executing endpoint 'KopkeHome_WebApp.Controllers.HomeController.Index (KopkeHome_WebApp)'
[2023-12-22 09:51:20.459 -05:00  INF]  Route matched with {action = "Index", controller = "Home"}. Executing controller action with signature Microsoft.AspNetCore.Mvc.IActionResult Index() on controller KopkeHome_WebApp.Controllers.HomeController (KopkeHome_WebApp).
[2023-12-22 09:51:20.489 -05:00  INF]  Executing ViewResult, running view Index.
[2023-12-22 09:51:20.542 -05:00  INF]  Executed ViewResult - view Index executed in 54.0701ms.
[2023-12-22 09:51:20.543 -05:00  INF]  Executed action KopkeHome_WebApp.Controllers.HomeController.Index (KopkeHome_WebApp) in 82.3942ms
[2023-12-22 09:51:20.543 -05:00  INF]  Executed endpoint 'KopkeHome_WebApp.Controllers.HomeController.Index (KopkeHome_WebApp)'
[2023-12-22 09:51:20.546 -05:00  INF]  Request finished HTTP/2 GET https://localhost:7047/ - - - 200 - text/html;+charset=utf-8 115.8295ms
[2023-12-22 09:51:20.561 -05:00  INF]  Request starting HTTP/2 GET https://localhost:7047/HomePageAssets/assets/css/style.css - -
[2023-12-22 09:51:20.561 -05:00  INF]  Request starting HTTP/2 GET https://localhost:7047/HomePageAssets/assets/css/responsive.css - -
[2023-12-22 09:51:20.561 -05:00  INF]  Request starting HTTP/2 GET https://localhost:7047/HomePageAssets/assets/image/prohz-logo-words.png - -
[2023-12-22 09:51:20.561 -05:00  INF]  Request starting HTTP/2 GET https://localhost:7047/images/Kopke-brand-logo.png - -
[2023-12-22 09:51:20.631 -05:00  INF]  Sending file. Request path: '/HomePageAssets/assets/css/responsive.css'. Physical path: 'E:\AWS Stuff\huevosec\clients\kopke\KopkeHome-FMRS(ltst)\KopkeHome-FMRS\KopkeHome-WebApp\wwwroot\HomePageAssets\assets\css\responsive.css'
[2023-12-22 09:51:20.631 -05:00  INF]  Request finished HTTP/2 GET https://localhost:7047/HomePageAssets/assets/css/responsive.css - - - 200 11269 text/css 70.1939ms
[2023-12-22 09:51:20.637 -05:00  INF]  Sending file. Request path: '/HomePageAssets/assets/css/style.css'. Physical path: 'E:\AWS Stuff\huevosec\clients\kopke\KopkeHome-FMRS(ltst)\KopkeHome-FMRS\KopkeHome-WebApp\wwwroot\HomePageAssets\assets\css\style.css'
[2023-12-22 09:51:20.637 -05:00  INF]  Request finished HTTP/2 GET https://localhost:7047/HomePageAssets/assets/css/style.css - - - 200 21917 text/css 76.8039ms
[2023-12-22 09:51:20.646 -05:00  INF]  Sending file. Request path: '/images/Kopke-brand-logo.png'. Physical path: 'E:\AWS Stuff\huevosec\clients\kopke\KopkeHome-FMRS(ltst)\KopkeHome-FMRS\KopkeHome-WebApp\wwwroot\images\Kopke-brand-logo.png'
[2023-12-22 09:51:20.646 -05:00  INF]  Request finished HTTP/2 GET https://localhost:7047/images/Kopke-brand-logo.png - - - 200 6953 image/png 85.2740ms
[2023-12-22 09:51:20.678 -05:00  INF]  Sending file. Request path: '/HomePageAssets/assets/image/prohz-logo-words.png'. Physical path: 'E:\AWS Stuff\huevosec\clients\kopke\KopkeHome-FMRS(ltst)\KopkeHome-FMRS\KopkeHome-WebApp\wwwroot\HomePageAssets\assets\image\prohz-logo-words.png'
[2023-12-22 09:51:20.678 -05:00  INF]  Request finished HTTP/2 GET https://localhost:7047/HomePageAssets/assets/image/prohz-logo-words.png - - - 200 79175 image/png 117.5737ms
[2023-12-22 09:51:20.769 -05:00  INF]  Request starting HTTP/2 GET https://localhost:7047/HomePageAssets/assets/image/banner-image.png - -
[2023-12-22 09:51:20.769 -05:00  INF]  Request starting HTTP/2 GET https://localhost:7047/HomePageAssets/assets/image/IndependentContractorHomePage.jpg - -
[2023-12-22 09:51:20.769 -05:00  INF]  Request starting HTTP/2 GET https://localhost:7047/HomePageAssets/assets/image/HomeOwnerHomePage.jpg - -
[2023-12-22 09:51:20.770 -05:00  INF]  Request starting HTTP/2 GET https://localhost:7047/HomePageAssets/assets/image/SubContarctorHomePage.jpg - -
[2023-12-22 09:51:20.770 -05:00  INF]  Request starting HTTP/2 GET https://localhost:7047/HomePageAssets/assets/image/ContractorImageHomePage.jpg - -
[2023-12-22 09:51:20.791 -05:00  INF]  Sending file. Request path: '/HomePageAssets/assets/image/banner-image.png'. Physical path: 'E:\AWS Stuff\huevosec\clients\kopke\KopkeHome-FMRS(ltst)\KopkeHome-FMRS\KopkeHome-WebApp\wwwroot\HomePageAssets\assets\image\banner-image.png'
[2023-12-22 09:51:20.792 -05:00  INF]  Request finished HTTP/2 GET https://localhost:7047/HomePageAssets/assets/image/banner-image.png - - - 200 4143 image/png 22.6457ms
[2023-12-22 09:51:20.877 -05:00  INF]  Sending file. Request path: '/HomePageAssets/assets/image/IndependentContractorHomePage.jpg'. Physical path: 'E:\AWS Stuff\huevosec\clients\kopke\KopkeHome-FMRS(ltst)\KopkeHome-FMRS\KopkeHome-WebApp\wwwroot\HomePageAssets\assets\image\IndependentContractorHomePage.jpg'
[2023-12-22 09:51:20.878 -05:00  INF]  Request finished HTTP/2 GET https://localhost:7047/HomePageAssets/assets/image/IndependentContractorHomePage.jpg - - - 200 70927 image/jpeg 108.0625ms
[2023-12-22 09:51:20.882 -05:00  INF]  Sending file. Request path: '/HomePageAssets/assets/image/SubContarctorHomePage.jpg'. Physical path: 'E:\AWS Stuff\huevosec\clients\kopke\KopkeHome-FMRS(ltst)\KopkeHome-FMRS\KopkeHome-WebApp\wwwroot\HomePageAssets\assets\image\SubContarctorHomePage.jpg'
[2023-12-22 09:51:20.882 -05:00  INF]  Request finished HTTP/2 GET https://localhost:7047/HomePageAssets/assets/image/SubContarctorHomePage.jpg - - - 200 43182 image/jpeg 112.7451ms
[2023-12-22 09:51:20.892 -05:00  INF]  Sending file. Request path: '/HomePageAssets/assets/image/ContractorImageHomePage.jpg'. Physical path: 'E:\AWS Stuff\huevosec\clients\kopke\KopkeHome-FMRS(ltst)\KopkeHome-FMRS\KopkeHome-WebApp\wwwroot\HomePageAssets\assets\image\ContractorImageHomePage.jpg'
[2023-12-22 09:51:20.892 -05:00  INF]  Request finished HTTP/2 GET https://localhost:7047/HomePageAssets/assets/image/ContractorImageHomePage.jpg - - - 200 119527 image/jpeg 122.3235ms
[2023-12-22 09:51:20.930 -05:00  INF]  Sending file. Request path: '/HomePageAssets/assets/image/HomeOwnerHomePage.jpg'. Physical path: 'E:\AWS Stuff\huevosec\clients\kopke\KopkeHome-FMRS(ltst)\KopkeHome-FMRS\KopkeHome-WebApp\wwwroot\HomePageAssets\assets\image\HomeOwnerHomePage.jpg'
[2023-12-22 09:51:20.930 -05:00  INF]  Request finished HTTP/2 GET https://localhost:7047/HomePageAssets/assets/image/HomeOwnerHomePage.jpg - - - 200 1913458 image/jpeg 160.6623ms
[2023-12-22 09:51:21.742 -05:00  INF]  Request starting HTTP/2 GET https://localhost:7047/home/PromoVideos - -
[2023-12-22 09:51:21.742 -05:00  INF]  Request starting HTTP/2 GET https://localhost:7047/home/ProhzLegalFiles - -
[2023-12-22 09:51:21.742 -05:00  INF]  Request starting HTTP/2 GET https://localhost:7047/favicon.ico - -
[2023-12-22 09:51:21.743 -05:00  INF]  Executing endpoint 'KopkeHome_WebApp.Controllers.HomeController.ProhzLegalFiles (KopkeHome_WebApp)'
[2023-12-22 09:51:21.743 -05:00  INF]  Executing endpoint 'KopkeHome_WebApp.Controllers.HomeController.PromoVideos (KopkeHome_WebApp)'
[2023-12-22 09:51:21.746 -05:00  INF]  Route matched with {action = "PromoVideos", controller = "Home"}. Executing controller action with signature System.Threading.Tasks.Task`1[Microsoft.AspNetCore.Mvc.IActionResult] PromoVideos() on controller KopkeHome_WebApp.Controllers.HomeController (KopkeHome_WebApp).
[2023-12-22 09:51:21.746 -05:00  INF]  Route matched with {action = "ProhzLegalFiles", controller = "Home"}. Executing controller action with signature System.Threading.Tasks.Task`1[Microsoft.AspNetCore.Mvc.IActionResult] ProhzLegalFiles() on controller KopkeHome_WebApp.Controllers.HomeController (KopkeHome_WebApp).
[2023-12-22 09:51:21.763 -05:00  INF]  Sending file. Request path: '/favicon.ico'. Physical path: 'E:\AWS Stuff\huevosec\clients\kopke\KopkeHome-FMRS(ltst)\KopkeHome-FMRS\KopkeHome-WebApp\wwwroot\favicon.ico'
[2023-12-22 09:51:21.763 -05:00  INF]  Request finished HTTP/2 GET https://localhost:7047/favicon.ico - - - 200 4286 image/x-icon 20.8204ms
[2023-12-22 09:51:24.379 -05:00  INF]  Executing JsonResult, writing value of type 'KopkeHome_ModelLayer.DataModel.PromoVideos'.
[2023-12-22 09:51:24.379 -05:00  INF]  Executing JsonResult, writing value of type 'System.Collections.Generic.List`1[[KopkeHome_ModelLayer.DataModel.ProhzLegalFiles, KopkeHome-ModelLayer, Version=1.0.0.0, Culture=neutral, PublicKeyToken=null]]'.
[2023-12-22 09:51:24.381 -05:00  INF]  Executed action KopkeHome_WebApp.Controllers.HomeController.ProhzLegalFiles (KopkeHome_WebApp) in 2634.5866ms
[2023-12-22 09:51:24.381 -05:00  INF]  Executed action KopkeHome_WebApp.Controllers.HomeController.PromoVideos (KopkeHome_WebApp) in 2634.6029ms
[2023-12-22 09:51:24.381 -05:00  INF]  Executed endpoint 'KopkeHome_WebApp.Controllers.HomeController.PromoVideos (KopkeHome_WebApp)'
[2023-12-22 09:51:24.381 -05:00  INF]  Executed endpoint 'KopkeHome_WebApp.Controllers.HomeController.ProhzLegalFiles (KopkeHome_WebApp)'
[2023-12-22 09:51:24.381 -05:00  INF]  Request finished HTTP/2 GET https://localhost:7047/home/ProhzLegalFiles - - - 200 - application/json;+charset=utf-8 2639.2616ms
[2023-12-22 09:51:24.381 -05:00  INF]  Request finished HTTP/2 GET https://localhost:7047/home/PromoVideos - - - 200 - application/json;+charset=utf-8 2639.6254ms
[2023-12-22 09:57:09.682 -05:00  INF]  Request starting HTTP/2 GET https://localhost:7047/User/SignIn - -
[2023-12-22 09:57:09.684 -05:00  INF]  Executing endpoint 'KopkeHome_WebApp.Controllers.UserController.SignIn (KopkeHome_WebApp)'
[2023-12-22 09:57:09.685 -05:00  INF]  Route matched with {action = "SignIn", controller = "User"}. Executing controller action with signature Microsoft.AspNetCore.Mvc.IActionResult SignIn() on controller KopkeHome_WebApp.Controllers.UserController (KopkeHome_WebApp).
[2023-12-22 09:57:09.789 -05:00  INF]  Executing ViewResult, running view SignIn.
[2023-12-22 09:57:09.953 -05:00  INF]  Executed ViewResult - view SignIn executed in 164.8276ms.
[2023-12-22 09:57:09.953 -05:00  INF]  Executed action KopkeHome_WebApp.Controllers.UserController.SignIn (KopkeHome_WebApp) in 268.0808ms
[2023-12-22 09:57:09.953 -05:00  INF]  Executed endpoint 'KopkeHome_WebApp.Controllers.UserController.SignIn (KopkeHome_WebApp)'
[2023-12-22 09:57:09.953 -05:00  INF]  Request finished HTTP/2 GET https://localhost:7047/User/SignIn - - - 200 - text/html;+charset=utf-8 271.1989ms
[2023-12-22 09:57:09.962 -05:00  INF]  Request starting HTTP/2 GET https://localhost:7047/css/master.css?v=YADigxjAT3TeaH8eBBf-iaXeVY1rShVe858PUVTb0lY - -
[2023-12-22 09:57:09.962 -05:00  INF]  Request starting HTTP/2 GET https://localhost:7047/css/responsive.css?v=t84IkLOJ5UNOy2kUBlzjqbeEELi2GguyDf9OYbVomok - -
[2023-12-22 09:57:09.963 -05:00  INF]  Request starting HTTP/2 GET https://localhost:7047/js/jquery.min.js - -
[2023-12-22 09:57:09.963 -05:00  INF]  Request starting HTTP/2 GET https://localhost:7047/lib/jquery-validation-unobtrusive/jquery.validate.unobtrusive.js - -
[2023-12-22 09:57:09.963 -05:00  INF]  Request starting HTTP/2 GET https://localhost:7047/js/site.js?v=KeHw2AQnUGnLG2yrXokJBdO-9vijPG749zpSXVVYjaQ - -
[2023-12-22 09:57:09.963 -05:00  INF]  Request starting HTTP/2 GET https://localhost:7047/lib/jquery-validation/dist/jquery.validate.js - -
[2023-12-22 09:57:09.964 -05:00  INF]  Request starting HTTP/2 GET https://localhost:7047/js/popper.min.js - -
[2023-12-22 09:57:09.964 -05:00  INF]  Request starting HTTP/2 GET https://localhost:7047/js/bootstrap.bundle.min.js - -
[2023-12-22 09:57:09.964 -05:00  INF]  Request starting HTTP/2 GET https://localhost:7047/js/ValidateForms.js?v=jPBpqFRmzi1loutYjAONoNUkHrHxIfTmGRmdAz6mPgc - -
[2023-12-22 09:57:09.966 -05:00  INF]  Request starting HTTP/2 GET https://localhost:7047/js/custom.js?v=1aC142VqxRCgIYcgzspiYsmBbxghDOPRHkhCLqY9Ncg - -
[2023-12-22 09:57:09.970 -05:00  INF]  Sending file. Request path: '/js/custom.js'. Physical path: 'E:\AWS Stuff\huevosec\clients\kopke\KopkeHome-FMRS(ltst)\KopkeHome-FMRS\KopkeHome-WebApp\wwwroot\js\custom.js'
[2023-12-22 09:57:09.970 -05:00  INF]  Request finished HTTP/2 GET https://localhost:7047/js/custom.js?v=1aC142VqxRCgIYcgzspiYsmBbxghDOPRHkhCLqY9Ncg - - - 200 11880 application/javascript 4.2731ms
[2023-12-22 09:57:09.970 -05:00  INF]  Sending file. Request path: '/css/responsive.css'. Physical path: 'E:\AWS Stuff\huevosec\clients\kopke\KopkeHome-FMRS(ltst)\KopkeHome-FMRS\KopkeHome-WebApp\wwwroot\css\responsive.css'
[2023-12-22 09:57:09.970 -05:00  INF]  Request finished HTTP/2 GET https://localhost:7047/css/responsive.css?v=t84IkLOJ5UNOy2kUBlzjqbeEELi2GguyDf9OYbVomok - - - 200 49196 text/css 8.2070ms
[2023-12-22 09:57:09.971 -05:00  INF]  Sending file. Request path: '/js/ValidateForms.js'. Physical path: 'E:\AWS Stuff\huevosec\clients\kopke\KopkeHome-FMRS(ltst)\KopkeHome-FMRS\KopkeHome-WebApp\wwwroot\js\ValidateForms.js'
[2023-12-22 09:57:09.971 -05:00  INF]  Sending file. Request path: '/css/master.css'. Physical path: 'E:\AWS Stuff\huevosec\clients\kopke\KopkeHome-FMRS(ltst)\KopkeHome-FMRS\KopkeHome-WebApp\wwwroot\css\master.css'
[2023-12-22 09:57:09.971 -05:00  INF]  Request finished HTTP/2 GET https://localhost:7047/js/ValidateForms.js?v=jPBpqFRmzi1loutYjAONoNUkHrHxIfTmGRmdAz6mPgc - - - 200 32758 application/javascript 6.3762ms
[2023-12-22 09:57:09.971 -05:00  INF]  Request finished HTTP/2 GET https://localhost:7047/css/master.css?v=YADigxjAT3TeaH8eBBf-iaXeVY1rShVe858PUVTb0lY - - - 200 92701 text/css 8.5669ms
[2023-12-22 09:57:09.971 -05:00  INF]  Sending file. Request path: '/js/site.js'. Physical path: 'E:\AWS Stuff\huevosec\clients\kopke\KopkeHome-FMRS(ltst)\KopkeHome-FMRS\KopkeHome-WebApp\wwwroot\js\site.js'
[2023-12-22 09:57:09.971 -05:00  INF]  Request finished HTTP/2 GET https://localhost:7047/js/site.js?v=KeHw2AQnUGnLG2yrXokJBdO-9vijPG749zpSXVVYjaQ - - - 200 38877 application/javascript 7.8252ms
[2023-12-22 09:57:09.981 -05:00  INF]  Sending file. Request path: '/lib/jquery-validation-unobtrusive/jquery.validate.unobtrusive.js'. Physical path: 'E:\AWS Stuff\huevosec\clients\kopke\KopkeHome-FMRS(ltst)\KopkeHome-FMRS\KopkeHome-WebApp\wwwroot\lib\jquery-validation-unobtrusive\jquery.validate.unobtrusive.js'
[2023-12-22 09:57:09.981 -05:00  INF]  Request finished HTTP/2 GET https://localhost:7047/lib/jquery-validation-unobtrusive/jquery.validate.unobtrusive.js - - - 200 19366 application/javascript 17.9545ms
[2023-12-22 09:57:09.983 -05:00  INF]  Sending file. Request path: '/lib/jquery-validation/dist/jquery.validate.js'. Physical path: 'E:\AWS Stuff\huevosec\clients\kopke\KopkeHome-FMRS(ltst)\KopkeHome-FMRS\KopkeHome-WebApp\wwwroot\lib\jquery-validation\dist\jquery.validate.js'
[2023-12-22 09:57:09.984 -05:00  INF]  Request finished HTTP/2 GET https://localhost:7047/lib/jquery-validation/dist/jquery.validate.js - - - 200 48675 application/javascript 20.5456ms
[2023-12-22 09:57:09.998 -05:00  INF]  Sending file. Request path: '/js/popper.min.js'. Physical path: 'E:\AWS Stuff\huevosec\clients\kopke\KopkeHome-FMRS(ltst)\KopkeHome-FMRS\KopkeHome-WebApp\wwwroot\js\popper.min.js'
[2023-12-22 09:57:09.998 -05:00  INF]  Request finished HTTP/2 GET https://localhost:7047/js/popper.min.js - - - 200 21236 application/javascript 34.2328ms
[2023-12-22 09:57:10.008 -05:00  INF]  Sending file. Request path: '/js/jquery.min.js'. Physical path: 'E:\AWS Stuff\huevosec\clients\kopke\KopkeHome-FMRS(ltst)\KopkeHome-FMRS\KopkeHome-WebApp\wwwroot\js\jquery.min.js'
[2023-12-22 09:57:10.008 -05:00  INF]  Request finished HTTP/2 GET https://localhost:7047/js/jquery.min.js - - - 200 107748 application/javascript 45.6761ms
[2023-12-22 09:57:10.059 -05:00  INF]  Sending file. Request path: '/js/bootstrap.bundle.min.js'. Physical path: 'E:\AWS Stuff\huevosec\clients\kopke\KopkeHome-FMRS(ltst)\KopkeHome-FMRS\KopkeHome-WebApp\wwwroot\js\bootstrap.bundle.min.js'
[2023-12-22 09:57:10.059 -05:00  INF]  Request finished HTTP/2 GET https://localhost:7047/js/bootstrap.bundle.min.js - - - 200 94682 application/javascript 95.4724ms
[2023-12-22 09:57:10.238 -05:00  INF]  Request starting HTTP/2 GET https://localhost:7047/images/login1.jpg - -
[2023-12-22 09:57:10.249 -05:00  INF]  Request starting HTTP/2 GET https://localhost:7047/User/StateList - -
[2023-12-22 09:57:10.252 -05:00  INF]  Executing endpoint 'KopkeHome_WebApp.Controllers.UserController.StateList (KopkeHome_WebApp)'
[2023-12-22 09:57:10.254 -05:00  INF]  Route matched with {action = "StateList", controller = "User"}. Executing controller action with signature System.Threading.Tasks.Task`1[System.Collections.Generic.List`1[KopkeHome_ModelLayer.DataModel.State]] StateList() on controller KopkeHome_WebApp.Controllers.UserController (KopkeHome_WebApp).
[2023-12-22 09:57:10.340 -05:00  INF]  Sending file. Request path: '/images/login1.jpg'. Physical path: 'E:\AWS Stuff\huevosec\clients\kopke\KopkeHome-FMRS(ltst)\KopkeHome-FMRS\KopkeHome-WebApp\wwwroot\images\login1.jpg'
[2023-12-22 09:57:10.340 -05:00  INF]  Request finished HTTP/2 GET https://localhost:7047/images/login1.jpg - - - 200 662027 image/jpeg 102.3481ms
[2023-12-22 09:57:10.388 -05:00  INF]  Executing ObjectResult, writing value of type 'System.Collections.Generic.List`1[[KopkeHome_ModelLayer.DataModel.State, KopkeHome-ModelLayer, Version=1.0.0.0, Culture=neutral, PublicKeyToken=null]]'.
[2023-12-22 09:57:10.389 -05:00  INF]  Executed action KopkeHome_WebApp.Controllers.UserController.StateList (KopkeHome_WebApp) in 134.8423ms
[2023-12-22 09:57:10.389 -05:00  INF]  Executed endpoint 'KopkeHome_WebApp.Controllers.UserController.StateList (KopkeHome_WebApp)'
[2023-12-22 09:57:10.390 -05:00  INF]  Request finished HTTP/2 GET https://localhost:7047/User/StateList - - - 200 - application/json;+charset=utf-8 140.8929ms
[2023-12-22 09:57:18.153 -05:00  INF]  Request starting HTTP/2 POST https://localhost:7047/User/SignIn application/x-www-form-urlencoded 255
[2023-12-22 09:57:18.156 -05:00  INF]  CORS policy execution successful.
[2023-12-22 09:57:18.157 -05:00  INF]  Executing endpoint 'KopkeHome_WebApp.Controllers.UserController.SignIn (KopkeHome_WebApp)'
[2023-12-22 09:57:18.168 -05:00  INF]  Route matched with {action = "SignIn", controller = "User"}. Executing controller action with signature System.Threading.Tasks.Task`1[Microsoft.AspNetCore.Mvc.IActionResult] SignIn(KopkeHome_ModelLayer.SignIn) on controller KopkeHome_WebApp.Controllers.UserController (KopkeHome_WebApp).
[2023-12-22 09:57:19.971 -05:00  INF]  Executing RedirectResult, redirecting to /Dashboard.
[2023-12-22 09:57:19.971 -05:00  INF]  Executed action KopkeHome_WebApp.Controllers.UserController.SignIn (KopkeHome_WebApp) in 1802.5981ms
[2023-12-22 09:57:19.971 -05:00  INF]  Executed endpoint 'KopkeHome_WebApp.Controllers.UserController.SignIn (KopkeHome_WebApp)'
[2023-12-22 09:57:19.972 -05:00  INF]  Session started; Key:89ebf232-8b2b-0305-1d50-378d0ad3fa41, Id:18a07c6d-3fb5-cfa7-d91a-6e0eec3cb9ab
[2023-12-22 09:57:19.976 -05:00  INF]  Request finished HTTP/2 POST https://localhost:7047/User/SignIn application/x-www-form-urlencoded 255 - 302 0 - 1822.4886ms
[2023-12-22 09:57:19.977 -05:00  INF]  Request starting HTTP/2 GET https://localhost:7047/Dashboard - -
[2023-12-22 09:57:19.977 -05:00  INF]  Executing endpoint 'KopkeHome_WebApp.Controllers.DashboardController.Index (KopkeHome_WebApp)'
[2023-12-22 09:57:19.979 -05:00  INF]  Route matched with {action = "Index", controller = "Dashboard"}. Executing controller action with signature System.Threading.Tasks.Task`1[Microsoft.AspNetCore.Mvc.IActionResult] Index() on controller KopkeHome_WebApp.Controllers.DashboardController (KopkeHome_WebApp).
[2023-12-22 09:57:20.235 -05:00  INF]  Executing ViewResult, running view Index.
[2023-12-22 09:57:20.361 -05:00  INF]  Executed ViewResult - view Index executed in 126.6324ms.
[2023-12-22 09:57:20.361 -05:00  INF]  Executed action KopkeHome_WebApp.Controllers.DashboardController.Index (KopkeHome_WebApp) in 381.1854ms
[2023-12-22 09:57:20.361 -05:00  INF]  Executed endpoint 'KopkeHome_WebApp.Controllers.DashboardController.Index (KopkeHome_WebApp)'
[2023-12-22 09:57:20.361 -05:00  INF]  Request finished HTTP/2 GET https://localhost:7047/Dashboard - - - 200 - text/html;+charset=utf-8 384.5094ms
[2023-12-22 09:57:20.366 -05:00  INF]  Request starting HTTP/2 GET https://localhost:7047/css/bootstrap.min.css - -
[2023-12-22 09:57:20.367 -05:00  INF]  Request starting HTTP/2 GET https://localhost:7047/css/datatables.min.css - -
[2023-12-22 09:57:20.369 -05:00  INF]  Request starting HTTP/2 GET https://localhost:7047/css/responsive.bootstrap.min.css - -
[2023-12-22 09:57:20.369 -05:00  INF]  Request starting HTTP/2 GET https://localhost:7047/css/jquery.dataTables.min.css - -
[2023-12-22 09:57:20.369 -05:00  INF]  Request starting HTTP/2 GET https://localhost:7047/images/available.png - -
[2023-12-22 09:57:20.369 -05:00  INF]  Request starting HTTP/2 GET https://localhost:7047/Uploads/686d4c50-3c3f-4307-b612-2515c9d7e835koke photo.jpg - -
[2023-12-22 09:57:20.370 -05:00  INF]  Request starting HTTP/2 GET https://localhost:7047/js/Dashboard.js - -
[2023-12-22 09:57:20.370 -05:00  INF]  Request starting HTTP/2 GET https://localhost:7047/js/Subscription.js - -
[2023-12-22 09:57:20.370 -05:00  INF]  Request finished HTTP/2 GET https://localhost:7047/Uploads/686d4c50-3c3f-4307-b612-2515c9d7e835koke photo.jpg - - - 404 0 - 1.0054ms
[2023-12-22 09:57:20.370 -05:00  INF]  Request starting HTTP/2 GET https://localhost:7047/js/jquery.dataTables.min.js - -
[2023-12-22 09:57:20.370 -05:00  INF]  Request starting HTTP/2 GET https://localhost:7047/js/jquery.dataTables.min1.js - -
[2023-12-22 09:57:20.370 -05:00  INF]  Request starting HTTP/2 GET https://localhost:7047/js/jquery.dataTables.min2.js - -
[2023-12-22 09:57:20.375 -05:00  INF]  Request starting HTTP/2 GET https://localhost:7047/images/AccountVerified.png - -
[2023-12-22 09:57:20.392 -05:00  INF]  Sending file. Request path: '/css/jquery.dataTables.min.css'. Physical path: 'E:\AWS Stuff\huevosec\clients\kopke\KopkeHome-FMRS(ltst)\KopkeHome-FMRS\KopkeHome-WebApp\wwwroot\css\jquery.dataTables.min.css'
[2023-12-22 09:57:20.392 -05:00  INF]  Request finished HTTP/2 GET https://localhost:7047/css/jquery.dataTables.min.css - - - 200 14660 text/css 23.2703ms
[2023-12-22 09:57:20.392 -05:00  INF]  Request starting HTTP/2 GET https://localhost:7047/images/appoint.png - -
[2023-12-22 09:57:20.394 -05:00  INF]  Request starting HTTP/2 GET https://localhost:7047/images/booked.png - -
[2023-12-22 09:57:20.395 -05:00  INF]  Sending file. Request path: '/js/Subscription.js'. Physical path: 'E:\AWS Stuff\huevosec\clients\kopke\KopkeHome-FMRS(ltst)\KopkeHome-FMRS\KopkeHome-WebApp\wwwroot\js\Subscription.js'
[2023-12-22 09:57:20.395 -05:00  INF]  Request finished HTTP/2 GET https://localhost:7047/js/Subscription.js - - - 200 19282 application/javascript 25.2586ms
[2023-12-22 09:57:20.395 -05:00  INF]  Sending file. Request path: '/js/Dashboard.js'. Physical path: 'E:\AWS Stuff\huevosec\clients\kopke\KopkeHome-FMRS(ltst)\KopkeHome-FMRS\KopkeHome-WebApp\wwwroot\js\Dashboard.js'
[2023-12-22 09:57:20.396 -05:00  INF]  Request finished HTTP/2 GET https://localhost:7047/js/Dashboard.js - - - 200 39546 application/javascript 25.7055ms
[2023-12-22 09:57:20.396 -05:00  INF]  Sending file. Request path: '/css/datatables.min.css'. Physical path: 'E:\AWS Stuff\huevosec\clients\kopke\KopkeHome-FMRS(ltst)\KopkeHome-FMRS\KopkeHome-WebApp\wwwroot\css\datatables.min.css'
[2023-12-22 09:57:20.396 -05:00  INF]  Request finished HTTP/2 GET https://localhost:7047/css/datatables.min.css - - - 200 18981 text/css 28.8950ms
[2023-12-22 09:57:20.410 -05:00  INF]  Sending file. Request path: '/js/jquery.dataTables.min.js'. Physical path: 'E:\AWS Stuff\huevosec\clients\kopke\KopkeHome-FMRS(ltst)\KopkeHome-FMRS\KopkeHome-WebApp\wwwroot\js\jquery.dataTables.min.js'
[2023-12-22 09:57:20.410 -05:00  INF]  Request finished HTTP/2 GET https://localhost:7047/js/jquery.dataTables.min.js - - - 200 83224 application/javascript 40.1979ms
[2023-12-22 09:57:20.415 -05:00  INF]  Sending file. Request path: '/js/jquery.dataTables.min2.js'. Physical path: 'E:\AWS Stuff\huevosec\clients\kopke\KopkeHome-FMRS(ltst)\KopkeHome-FMRS\KopkeHome-WebApp\wwwroot\js\jquery.dataTables.min2.js'
[2023-12-22 09:57:20.416 -05:00  INF]  Request finished HTTP/2 GET https://localhost:7047/js/jquery.dataTables.min2.js - - - 200 83433 application/javascript 45.1502ms
[2023-12-22 09:57:20.422 -05:00  INF]  Sending file. Request path: '/images/AccountVerified.png'. Physical path: 'E:\AWS Stuff\huevosec\clients\kopke\KopkeHome-FMRS(ltst)\KopkeHome-FMRS\KopkeHome-WebApp\wwwroot\images\AccountVerified.png'
[2023-12-22 09:57:20.423 -05:00  INF]  Request finished HTTP/2 GET https://localhost:7047/images/AccountVerified.png - - - 200 1315 image/png 47.5101ms
[2023-12-22 09:57:20.431 -05:00  INF]  Sending file. Request path: '/js/jquery.dataTables.min1.js'. Physical path: 'E:\AWS Stuff\huevosec\clients\kopke\KopkeHome-FMRS(ltst)\KopkeHome-FMRS\KopkeHome-WebApp\wwwroot\js\jquery.dataTables.min1.js'
[2023-12-22 09:57:20.431 -05:00  INF]  Request finished HTTP/2 GET https://localhost:7047/js/jquery.dataTables.min1.js - - - 200 86715 application/javascript 60.8797ms
[2023-12-22 09:57:20.432 -05:00  INF]  Sending file. Request path: '/css/responsive.bootstrap.min.css'. Physical path: 'E:\AWS Stuff\huevosec\clients\kopke\KopkeHome-FMRS(ltst)\KopkeHome-FMRS\KopkeHome-WebApp\wwwroot\css\responsive.bootstrap.min.css'
[2023-12-22 09:57:20.432 -05:00  INF]  Request finished HTTP/2 GET https://localhost:7047/css/responsive.bootstrap.min.css - - - 200 3968 text/css 63.3857ms
[2023-12-22 09:57:20.467 -05:00  INF]  Sending file. Request path: '/images/booked.png'. Physical path: 'E:\AWS Stuff\huevosec\clients\kopke\KopkeHome-FMRS(ltst)\KopkeHome-FMRS\KopkeHome-WebApp\wwwroot\images\booked.png'
[2023-12-22 09:57:20.467 -05:00  INF]  Request finished HTTP/2 GET https://localhost:7047/images/booked.png - - - 200 25556 image/png 72.9416ms
[2023-12-22 09:57:20.469 -05:00  INF]  Sending file. Request path: '/images/appoint.png'. Physical path: 'E:\AWS Stuff\huevosec\clients\kopke\KopkeHome-FMRS(ltst)\KopkeHome-FMRS\KopkeHome-WebApp\wwwroot\images\appoint.png'
[2023-12-22 09:57:20.469 -05:00  INF]  Request finished HTTP/2 GET https://localhost:7047/images/appoint.png - - - 200 26246 image/png 76.8840ms
[2023-12-22 09:57:20.474 -05:00  INF]  Sending file. Request path: '/images/available.png'. Physical path: 'E:\AWS Stuff\huevosec\clients\kopke\KopkeHome-FMRS(ltst)\KopkeHome-FMRS\KopkeHome-WebApp\wwwroot\images\available.png'
[2023-12-22 09:57:20.474 -05:00  INF]  Request finished HTTP/2 GET https://localhost:7047/images/available.png - - - 200 24255 image/png 105.7448ms
[2023-12-22 09:57:20.492 -05:00  INF]  Sending file. Request path: '/css/bootstrap.min.css'. Physical path: 'E:\AWS Stuff\huevosec\clients\kopke\KopkeHome-FMRS(ltst)\KopkeHome-FMRS\KopkeHome-WebApp\wwwroot\css\bootstrap.min.css'
[2023-12-22 09:57:20.492 -05:00  INF]  Request finished HTTP/2 GET https://localhost:7047/css/bootstrap.min.css - - - 200 162023 text/css 125.8314ms
[2023-12-22 09:57:20.498 -05:00  INF]  Request starting HTTP/2 GET https://localhost:7047/Uploads/686d4c50-3c3f-4307-b612-2515c9d7e835koke photo.jpg - -
[2023-12-22 09:57:20.498 -05:00  INF]  Request finished HTTP/2 GET https://localhost:7047/Uploads/686d4c50-3c3f-4307-b612-2515c9d7e835koke photo.jpg - - - 404 0 - 0.4661ms
[2023-12-22 09:57:20.534 -05:00  INF]  Request starting HTTP/2 GET https://localhost:7047/images/sort_both.png - -
[2023-12-22 09:57:20.535 -05:00  INF]  Request finished HTTP/2 GET https://localhost:7047/images/sort_both.png - - - 404 0 - 0.4541ms
[2023-12-22 09:57:20.541 -05:00  INF]  Request starting HTTP/2 GET https://localhost:7047/images/sort_asc.png - -
[2023-12-22 09:57:20.541 -05:00  INF]  Request finished HTTP/2 GET https://localhost:7047/images/sort_asc.png - - - 404 0 - 0.4817ms
[2023-12-22 09:57:27.268 -05:00  INF]  Request starting HTTP/2 POST https://localhost:7047/Dashboard/ZipcodeList application/x-www-form-urlencoded;+charset=UTF-8 200
[2023-12-22 09:57:27.268 -05:00  INF]  CORS policy execution successful.
[2023-12-22 09:57:27.269 -05:00  INF]  Executing endpoint 'KopkeHome_WebApp.Controllers.DashboardController.ZipcodeList (KopkeHome_WebApp)'
[2023-12-22 09:57:27.272 -05:00  INF]  Route matched with {action = "ZipcodeList", controller = "Dashboard"}. Executing controller action with signature System.Threading.Tasks.Task`1[System.Collections.Generic.List`1[KopkeHome_ModelLayer.DataModel.ZipCode]] ZipcodeList(System.String, System.String) on controller KopkeHome_WebApp.Controllers.DashboardController (KopkeHome_WebApp).
[2023-12-22 09:57:27.456 -05:00  INF]  Executing ObjectResult, writing value of type 'System.Collections.Generic.List`1[[KopkeHome_ModelLayer.DataModel.ZipCode, KopkeHome-ModelLayer, Version=1.0.0.0, Culture=neutral, PublicKeyToken=null]]'.
[2023-12-22 09:57:27.457 -05:00  INF]  Executed action KopkeHome_WebApp.Controllers.DashboardController.ZipcodeList (KopkeHome_WebApp) in 185.4829ms
[2023-12-22 09:57:27.458 -05:00  INF]  Executed endpoint 'KopkeHome_WebApp.Controllers.DashboardController.ZipcodeList (KopkeHome_WebApp)'
[2023-12-22 09:57:27.458 -05:00  INF]  Request finished HTTP/2 POST https://localhost:7047/Dashboard/ZipcodeList application/x-www-form-urlencoded;+charset=UTF-8 200 - 200 - application/json;+charset=utf-8 189.4831ms
[2023-12-22 09:58:03.046 -05:00  INF]  Request starting HTTP/2 POST https://localhost:7047/Dashboard/CategoriesList application/x-www-form-urlencoded;+charset=UTF-8 218
[2023-12-22 09:58:03.046 -05:00  INF]  CORS policy execution successful.
[2023-12-22 09:58:03.056 -05:00  INF]  Executing endpoint 'KopkeHome_WebApp.Controllers.DashboardController.CategoriesList (KopkeHome_WebApp)'
[2023-12-22 09:58:03.059 -05:00  INF]  Route matched with {action = "CategoriesList", controller = "Dashboard"}. Executing controller action with signature System.Threading.Tasks.Task`1[System.Collections.Generic.List`1[KopkeHome_ModelLayer.DataModel.Categories]] CategoriesList(System.String, System.String) on controller KopkeHome_WebApp.Controllers.DashboardController (KopkeHome_WebApp).
[2023-12-22 09:58:03.316 -05:00  INF]  Executing ObjectResult, writing value of type 'System.Collections.Generic.List`1[[KopkeHome_ModelLayer.DataModel.Categories, KopkeHome-ModelLayer, Version=1.0.0.0, Culture=neutral, PublicKeyToken=null]]'.
[2023-12-22 09:58:03.316 -05:00  INF]  Executed action KopkeHome_WebApp.Controllers.DashboardController.CategoriesList (KopkeHome_WebApp) in 256.969ms
[2023-12-22 09:58:03.316 -05:00  INF]  Executed endpoint 'KopkeHome_WebApp.Controllers.DashboardController.CategoriesList (KopkeHome_WebApp)'
[2023-12-22 09:58:03.316 -05:00  INF]  Request finished HTTP/2 POST https://localhost:7047/Dashboard/CategoriesList application/x-www-form-urlencoded;+charset=UTF-8 218 - 200 - application/json;+charset=utf-8 270.7484ms
[2023-12-22 09:58:03.326 -05:00  INF]  Request starting HTTP/2 GET https://localhost:7047/images/ProhzGreyLogo.new.png - -
[2023-12-22 09:58:03.327 -05:00  INF]  Request starting HTTP/2 GET https://localhost:7047/images/circle-info-solid.svg - -
[2023-12-22 09:58:03.333 -05:00  INF]  Sending file. Request path: '/images/circle-info-solid.svg'. Physical path: 'E:\AWS Stuff\huevosec\clients\kopke\KopkeHome-FMRS(ltst)\KopkeHome-FMRS\KopkeHome-WebApp\wwwroot\images\circle-info-solid.svg'
[2023-12-22 09:58:03.333 -05:00  INF]  Request finished HTTP/2 GET https://localhost:7047/images/circle-info-solid.svg - - - 200 563 image/svg+xml 6.5046ms
[2023-12-22 09:58:03.371 -05:00  INF]  Sending file. Request path: '/images/ProhzGreyLogo.new.png'. Physical path: 'E:\AWS Stuff\huevosec\clients\kopke\KopkeHome-FMRS(ltst)\KopkeHome-FMRS\KopkeHome-WebApp\wwwroot\images\ProhzGreyLogo.new.png'
[2023-12-22 09:58:03.372 -05:00  INF]  Request finished HTTP/2 GET https://localhost:7047/images/ProhzGreyLogo.new.png - - - 200 38567 image/png 45.7082ms
[2023-12-22 09:58:27.404 -05:00  INF]  Request starting HTTP/2 POST https://localhost:7047/Dashboard/CategoriesList application/x-www-form-urlencoded;+charset=UTF-8 222
[2023-12-22 09:58:27.404 -05:00  INF]  CORS policy execution successful.
[2023-12-22 09:58:27.404 -05:00  INF]  Executing endpoint 'KopkeHome_WebApp.Controllers.DashboardController.CategoriesList (KopkeHome_WebApp)'
[2023-12-22 09:58:27.405 -05:00  INF]  Route matched with {action = "CategoriesList", controller = "Dashboard"}. Executing controller action with signature System.Threading.Tasks.Task`1[System.Collections.Generic.List`1[KopkeHome_ModelLayer.DataModel.Categories]] CategoriesList(System.String, System.String) on controller KopkeHome_WebApp.Controllers.DashboardController (KopkeHome_WebApp).
[2023-12-22 09:58:27.596 -05:00  INF]  Executing ObjectResult, writing value of type 'System.Collections.Generic.List`1[[KopkeHome_ModelLayer.DataModel.Categories, KopkeHome-ModelLayer, Version=1.0.0.0, Culture=neutral, PublicKeyToken=null]]'.
[2023-12-22 09:58:27.597 -05:00  INF]  Executed action KopkeHome_WebApp.Controllers.DashboardController.CategoriesList (KopkeHome_WebApp) in 191.9531ms
[2023-12-22 09:58:27.597 -05:00  INF]  Executed endpoint 'KopkeHome_WebApp.Controllers.DashboardController.CategoriesList (KopkeHome_WebApp)'
[2023-12-22 09:58:27.597 -05:00  INF]  Request finished HTTP/2 POST https://localhost:7047/Dashboard/CategoriesList application/x-www-form-urlencoded;+charset=UTF-8 222 - 200 - application/json;+charset=utf-8 192.7819ms
[2023-12-22 09:58:28.072 -05:00  INF]  Request starting HTTP/2 GET https://localhost:7047/Dashboard/SearchContractors?UserId=6&ZipCode=48312&Categories=Flooring+Companies - -
[2023-12-22 09:58:28.075 -05:00  INF]  Executing endpoint 'KopkeHome_WebApp.Controllers.DashboardController.SearchContractors (KopkeHome_WebApp)'
[2023-12-22 09:58:28.080 -05:00  INF]  Route matched with {action = "SearchContractors", controller = "Dashboard"}. Executing controller action with signature System.Threading.Tasks.Task`1[Microsoft.AspNetCore.Mvc.IActionResult] SearchContractors(KopkeHome_ModelLayer.ViewModels.DashboardViewModels.SearchContractorsViewModel) on controller KopkeHome_WebApp.Controllers.DashboardController (KopkeHome_WebApp).
[2023-12-22 09:58:28.642 -05:00  INF]  Executing ViewResult, running view Index.
[2023-12-22 09:58:28.650 -05:00  INF]  Executed ViewResult - view Index executed in 7.8389ms.
[2023-12-22 09:58:28.650 -05:00  INF]  Executed action KopkeHome_WebApp.Controllers.DashboardController.SearchContractors (KopkeHome_WebApp) in 569.6137ms
[2023-12-22 09:58:28.650 -05:00  INF]  Executed endpoint 'KopkeHome_WebApp.Controllers.DashboardController.SearchContractors (KopkeHome_WebApp)'
[2023-12-22 09:58:28.650 -05:00  INF]  Request finished HTTP/2 GET https://localhost:7047/Dashboard/SearchContractors?UserId=6&ZipCode=48312&Categories=Flooring+Companies - - - 200 - text/html;+charset=utf-8 578.1627ms
[2023-12-22 09:58:28.657 -05:00  INF]  Request starting HTTP/2 GET https://localhost:7047/Uploads/686d4c50-3c3f-4307-b612-2515c9d7e835koke photo.jpg - -
[2023-12-22 09:58:28.657 -05:00  INF]  Request starting HTTP/2 GET https://localhost:7047/Uploads/10218485-4c55-4d5c-a357-0fe275c9806ePicture of Dave.JPG - -
[2023-12-22 09:58:28.657 -05:00  INF]  Request finished HTTP/2 GET https://localhost:7047/Uploads/10218485-4c55-4d5c-a357-0fe275c9806ePicture of Dave.JPG - - - 404 0 - 0.5974ms
[2023-12-22 09:58:28.658 -05:00  INF]  Request finished HTTP/2 GET https://localhost:7047/Uploads/686d4c50-3c3f-4307-b612-2515c9d7e835koke photo.jpg - - - 404 0 - 0.9491ms
[2023-12-22 09:58:28.664 -05:00  INF]  Request starting HTTP/2 GET https://localhost:7047/Uploads/686d4c50-3c3f-4307-b612-2515c9d7e835koke photo.jpg - -
[2023-12-22 09:58:28.665 -05:00  INF]  Request finished HTTP/2 GET https://localhost:7047/Uploads/686d4c50-3c3f-4307-b612-2515c9d7e835koke photo.jpg - - - 404 0 - 0.3084ms
[2023-12-22 09:58:28.672 -05:00  INF]  Request starting HTTP/2 GET https://localhost:7047/images/DefaultProfile.png - -
[2023-12-22 09:58:28.694 -05:00  INF]  Request starting HTTP/2 GET https://localhost:7047/images/sort_both.png - -
[2023-12-22 09:58:28.695 -05:00  INF]  Request finished HTTP/2 GET https://localhost:7047/images/sort_both.png - - - 404 0 - 0.7984ms
[2023-12-22 09:58:28.702 -05:00  INF]  Request starting HTTP/2 GET https://localhost:7047/images/sort_asc.png - -
[2023-12-22 09:58:28.702 -05:00  INF]  Request finished HTTP/2 GET https://localhost:7047/images/sort_asc.png - - - 404 0 - 0.3129ms
[2023-12-22 09:58:28.716 -05:00  INF]  Sending file. Request path: '/images/DefaultProfile.png'. Physical path: 'E:\AWS Stuff\huevosec\clients\kopke\KopkeHome-FMRS(ltst)\KopkeHome-FMRS\KopkeHome-WebApp\wwwroot\images\DefaultProfile.png'
[2023-12-22 09:58:28.716 -05:00  INF]  Request finished HTTP/2 GET https://localhost:7047/images/DefaultProfile.png - - - 200 188041 image/png 44.1222ms
[2023-12-22 09:58:34.090 -05:00  INF]  Request starting HTTP/2 POST https://localhost:7047/Dashboard/CategoriesList application/x-www-form-urlencoded;+charset=UTF-8 221
[2023-12-22 09:58:34.091 -05:00  INF]  CORS policy execution successful.
[2023-12-22 09:58:34.092 -05:00  INF]  Executing endpoint 'KopkeHome_WebApp.Controllers.DashboardController.CategoriesList (KopkeHome_WebApp)'
[2023-12-22 09:58:34.092 -05:00  INF]  Route matched with {action = "CategoriesList", controller = "Dashboard"}. Executing controller action with signature System.Threading.Tasks.Task`1[System.Collections.Generic.List`1[KopkeHome_ModelLayer.DataModel.Categories]] CategoriesList(System.String, System.String) on controller KopkeHome_WebApp.Controllers.DashboardController (KopkeHome_WebApp).
[2023-12-22 09:58:34.292 -05:00  INF]  Executing ObjectResult, writing value of type 'System.Collections.Generic.List`1[[KopkeHome_ModelLayer.DataModel.Categories, KopkeHome-ModelLayer, Version=1.0.0.0, Culture=neutral, PublicKeyToken=null]]'.
[2023-12-22 09:58:34.293 -05:00  INF]  Executed action KopkeHome_WebApp.Controllers.DashboardController.CategoriesList (KopkeHome_WebApp) in 200.3644ms
[2023-12-22 09:58:34.293 -05:00  INF]  Executed endpoint 'KopkeHome_WebApp.Controllers.DashboardController.CategoriesList (KopkeHome_WebApp)'
[2023-12-22 09:58:34.293 -05:00  INF]  Request finished HTTP/2 POST https://localhost:7047/Dashboard/CategoriesList application/x-www-form-urlencoded;+charset=UTF-8 221 - 200 - application/json;+charset=utf-8 202.4571ms
[2023-12-22 09:59:59.552 -05:00  INF]  Request starting HTTP/2 GET https://localhost:7047/dashboard/UserProfileDetails - -
[2023-12-22 09:59:59.552 -05:00  INF]  Executing endpoint 'KopkeHome_WebApp.Controllers.DashboardController.UserProfileDetails (KopkeHome_WebApp)'
[2023-12-22 09:59:59.554 -05:00  INF]  Route matched with {action = "UserProfileDetails", controller = "Dashboard"}. Executing controller action with signature Microsoft.AspNetCore.Mvc.IActionResult UserProfileDetails() on controller KopkeHome_WebApp.Controllers.DashboardController (KopkeHome_WebApp).
[2023-12-22 09:59:59.556 -05:00  INF]  Executing ViewResult, running view UserProfileDetails.
[2023-12-22 09:59:59.582 -05:00  INF]  Executed ViewResult - view UserProfileDetails executed in 26.8806ms.
[2023-12-22 09:59:59.582 -05:00  INF]  Executed action KopkeHome_WebApp.Controllers.DashboardController.UserProfileDetails (KopkeHome_WebApp) in 27.7698ms
[2023-12-22 09:59:59.582 -05:00  INF]  Executed endpoint 'KopkeHome_WebApp.Controllers.DashboardController.UserProfileDetails (KopkeHome_WebApp)'
[2023-12-22 09:59:59.582 -05:00  INF]  Request finished HTTP/2 GET https://localhost:7047/dashboard/UserProfileDetails - - - 200 - text/html;+charset=utf-8 30.1002ms
[2023-12-22 09:59:59.590 -05:00  INF]  Request starting HTTP/2 GET https://localhost:7047/lib/jquery-validation/dist/jquery.validate.min.js - -
[2023-12-22 09:59:59.591 -05:00  INF]  Request starting HTTP/2 GET https://localhost:7047/Uploads/686d4c50-3c3f-4307-b612-2515c9d7e835koke photo.jpg - -
[2023-12-22 09:59:59.591 -05:00  INF]  Request finished HTTP/2 GET https://localhost:7047/Uploads/686d4c50-3c3f-4307-b612-2515c9d7e835koke photo.jpg - - - 404 0 - 0.3830ms
[2023-12-22 09:59:59.596 -05:00  INF]  Request starting HTTP/2 GET https://localhost:7047/Uploads/686d4c50-3c3f-4307-b612-2515c9d7e835koke photo.jpg - -
[2023-12-22 09:59:59.597 -05:00  INF]  Request finished HTTP/2 GET https://localhost:7047/Uploads/686d4c50-3c3f-4307-b612-2515c9d7e835koke photo.jpg - - - 404 0 - 0.5927ms
[2023-12-22 09:59:59.637 -05:00  INF]  Sending file. Request path: '/lib/jquery-validation/dist/jquery.validate.min.js'. Physical path: 'E:\AWS Stuff\huevosec\clients\kopke\KopkeHome-FMRS(ltst)\KopkeHome-FMRS\KopkeHome-WebApp\wwwroot\lib\jquery-validation\dist\jquery.validate.min.js'
[2023-12-22 09:59:59.638 -05:00  INF]  Request finished HTTP/2 GET https://localhost:7047/lib/jquery-validation/dist/jquery.validate.min.js - - - 200 23261 application/javascript 47.1737ms
[2023-12-22 09:59:59.684 -05:00  INF]  Request starting HTTP/2 GET https://localhost:7047/User/StateList - -
[2023-12-22 09:59:59.684 -05:00  INF]  Executing endpoint 'KopkeHome_WebApp.Controllers.UserController.StateList (KopkeHome_WebApp)'
[2023-12-22 09:59:59.684 -05:00  INF]  Route matched with {action = "StateList", controller = "User"}. Executing controller action with signature System.Threading.Tasks.Task`1[System.Collections.Generic.List`1[KopkeHome_ModelLayer.DataModel.State]] StateList() on controller KopkeHome_WebApp.Controllers.UserController (KopkeHome_WebApp).
[2023-12-22 09:59:59.740 -05:00  INF]  Executing ObjectResult, writing value of type 'System.Collections.Generic.List`1[[KopkeHome_ModelLayer.DataModel.State, KopkeHome-ModelLayer, Version=1.0.0.0, Culture=neutral, PublicKeyToken=null]]'.
[2023-12-22 09:59:59.740 -05:00  INF]  Executed action KopkeHome_WebApp.Controllers.UserController.StateList (KopkeHome_WebApp) in 56.0245ms
[2023-12-22 09:59:59.740 -05:00  INF]  Executed endpoint 'KopkeHome_WebApp.Controllers.UserController.StateList (KopkeHome_WebApp)'
[2023-12-22 09:59:59.741 -05:00  INF]  Request finished HTTP/2 GET https://localhost:7047/User/StateList - - - 200 - application/json;+charset=utf-8 56.8274ms
[2023-12-22 10:00:07.086 -05:00  INF]  Request starting HTTP/2 GET https://localhost:7047/dashboard - -
[2023-12-22 10:00:07.086 -05:00  INF]  Executing endpoint 'KopkeHome_WebApp.Controllers.DashboardController.Index (KopkeHome_WebApp)'
[2023-12-22 10:00:07.087 -05:00  INF]  Route matched with {action = "Index", controller = "Dashboard"}. Executing controller action with signature System.Threading.Tasks.Task`1[Microsoft.AspNetCore.Mvc.IActionResult] Index() on controller KopkeHome_WebApp.Controllers.DashboardController (KopkeHome_WebApp).
[2023-12-22 10:00:07.094 -05:00  INF]  Executing ViewResult, running view Index.
[2023-12-22 10:00:07.097 -05:00  INF]  Executed ViewResult - view Index executed in 3.0148ms.
[2023-12-22 10:00:07.097 -05:00  INF]  Executed action KopkeHome_WebApp.Controllers.DashboardController.Index (KopkeHome_WebApp) in 9.9943ms
[2023-12-22 10:00:07.097 -05:00  INF]  Executed endpoint 'KopkeHome_WebApp.Controllers.DashboardController.Index (KopkeHome_WebApp)'
[2023-12-22 10:00:07.097 -05:00  INF]  Request finished HTTP/2 GET https://localhost:7047/dashboard - - - 200 - text/html;+charset=utf-8 10.8097ms
[2023-12-22 10:00:07.101 -05:00  INF]  Request starting HTTP/2 GET https://localhost:7047/Uploads/686d4c50-3c3f-4307-b612-2515c9d7e835koke photo.jpg - -
[2023-12-22 10:00:07.102 -05:00  INF]  Request finished HTTP/2 GET https://localhost:7047/Uploads/686d4c50-3c3f-4307-b612-2515c9d7e835koke photo.jpg - - - 404 0 - 0.3694ms
[2023-12-22 10:00:07.127 -05:00  INF]  Request starting HTTP/2 GET https://localhost:7047/images/sort_both.png - -
[2023-12-22 10:00:07.128 -05:00  INF]  Request finished HTTP/2 GET https://localhost:7047/images/sort_both.png - - - 404 0 - 0.4184ms
[2023-12-22 10:00:07.134 -05:00  INF]  Request starting HTTP/2 GET https://localhost:7047/images/sort_asc.png - -
[2023-12-22 10:00:07.135 -05:00  INF]  Request finished HTTP/2 GET https://localhost:7047/images/sort_asc.png - - - 404 0 - 0.3615ms
[2023-12-22 10:00:08.990 -05:00  INF]  Request starting HTTP/2 GET https://localhost:7047/dashboard/businessprofiledetail - -
[2023-12-22 10:00:08.991 -05:00  INF]  Executing endpoint 'KopkeHome_WebApp.Controllers.DashboardController.businessprofiledetail (KopkeHome_WebApp)'
[2023-12-22 10:00:08.993 -05:00  INF]  Route matched with {action = "businessprofiledetail", controller = "Dashboard"}. Executing controller action with signature System.Threading.Tasks.Task`1[Microsoft.AspNetCore.Mvc.IActionResult] businessprofiledetail() on controller KopkeHome_WebApp.Controllers.DashboardController (KopkeHome_WebApp).
[2023-12-22 10:00:09.359 -05:00  INF]  Executing ViewResult, running view businessprofiledetail.
[2023-12-22 10:00:09.372 -05:00  INF]  Executed ViewResult - view businessprofiledetail executed in 12.9425ms.
[2023-12-22 10:00:09.372 -05:00  INF]  Executed action KopkeHome_WebApp.Controllers.DashboardController.businessprofiledetail (KopkeHome_WebApp) in 378.4093ms
[2023-12-22 10:00:09.372 -05:00  INF]  Executed endpoint 'KopkeHome_WebApp.Controllers.DashboardController.businessprofiledetail (KopkeHome_WebApp)'
[2023-12-22 10:00:09.372 -05:00  INF]  Request finished HTTP/2 GET https://localhost:7047/dashboard/businessprofiledetail - - - 200 - text/html;+charset=utf-8 382.0113ms
[2023-12-22 10:00:09.377 -05:00  INF]  Request starting HTTP/2 GET https://localhost:7047/Uploads/686d4c50-3c3f-4307-b612-2515c9d7e835koke photo.jpg - -
[2023-12-22 10:00:09.377 -05:00  INF]  Request starting HTTP/2 GET https://localhost:7047/images/FileIcon.png - -
[2023-12-22 10:00:09.377 -05:00  INF]  Request finished HTTP/2 GET https://localhost:7047/Uploads/686d4c50-3c3f-4307-b612-2515c9d7e835koke photo.jpg - - - 404 0 - 0.5411ms
[2023-12-22 10:00:09.382 -05:00  INF]  Sending file. Request path: '/images/FileIcon.png'. Physical path: 'E:\AWS Stuff\huevosec\clients\kopke\KopkeHome-FMRS(ltst)\KopkeHome-FMRS\KopkeHome-WebApp\wwwroot\images\FileIcon.png'
[2023-12-22 10:00:09.382 -05:00  INF]  Request finished HTTP/2 GET https://localhost:7047/images/FileIcon.png - - - 200 429 image/png 4.8114ms
[2023-12-22 10:00:09.400 -05:00  INF]  Request starting HTTP/2 GET https://localhost:7047/User/StateList - -
[2023-12-22 10:00:09.401 -05:00  INF]  Executing endpoint 'KopkeHome_WebApp.Controllers.UserController.StateList (KopkeHome_WebApp)'
[2023-12-22 10:00:09.401 -05:00  INF]  Route matched with {action = "StateList", controller = "User"}. Executing controller action with signature System.Threading.Tasks.Task`1[System.Collections.Generic.List`1[KopkeHome_ModelLayer.DataModel.State]] StateList() on controller KopkeHome_WebApp.Controllers.UserController (KopkeHome_WebApp).
[2023-12-22 10:00:09.449 -05:00  INF]  Executing ObjectResult, writing value of type 'System.Collections.Generic.List`1[[KopkeHome_ModelLayer.DataModel.State, KopkeHome-ModelLayer, Version=1.0.0.0, Culture=neutral, PublicKeyToken=null]]'.
[2023-12-22 10:00:09.449 -05:00  INF]  Executed action KopkeHome_WebApp.Controllers.UserController.StateList (KopkeHome_WebApp) in 48.0818ms
[2023-12-22 10:00:09.449 -05:00  INF]  Executed endpoint 'KopkeHome_WebApp.Controllers.UserController.StateList (KopkeHome_WebApp)'
[2023-12-22 10:00:09.449 -05:00  INF]  Request finished HTTP/2 GET https://localhost:7047/User/StateList - - - 200 - application/json;+charset=utf-8 48.6063ms
[2023-12-22 10:01:48.839 -05:00  INF]  Request starting HTTP/2 GET https://localhost:7047/dashboard/othercontractorbusinessprofile - -
[2023-12-22 10:01:48.839 -05:00  INF]  Executing endpoint 'KopkeHome_WebApp.Controllers.DashboardController.OtherContractorBusinessProfile (KopkeHome_WebApp)'
[2023-12-22 10:01:48.840 -05:00  INF]  Route matched with {action = "OtherContractorBusinessProfile", controller = "Dashboard"}. Executing controller action with signature Microsoft.AspNetCore.Mvc.IActionResult OtherContractorBusinessProfile() on controller KopkeHome_WebApp.Controllers.DashboardController (KopkeHome_WebApp).
[2023-12-22 10:01:48.848 -05:00  INF]  Executing ViewResult, running view OtherContractorBusinessProfile.
[2023-12-22 10:01:48.966 -05:00  INF]  Executed ViewResult - view OtherContractorBusinessProfile executed in 119.2646ms.
[2023-12-22 10:01:48.966 -05:00  INF]  Executed action KopkeHome_WebApp.Controllers.DashboardController.OtherContractorBusinessProfile (KopkeHome_WebApp) in 125.7416ms
[2023-12-22 10:01:48.966 -05:00  INF]  Executed endpoint 'KopkeHome_WebApp.Controllers.DashboardController.OtherContractorBusinessProfile (KopkeHome_WebApp)'
[2023-12-22 10:01:48.966 -05:00  INF]  Request finished HTTP/2 GET https://localhost:7047/dashboard/othercontractorbusinessprofile - - - 200 - text/html;+charset=utf-8 127.8663ms
[2023-12-22 10:01:48.972 -05:00  INF]  Request starting HTTP/2 GET https://localhost:7047/Uploads/686d4c50-3c3f-4307-b612-2515c9d7e835koke photo.jpg - -
[2023-12-22 10:01:48.972 -05:00  INF]  Request finished HTTP/2 GET https://localhost:7047/Uploads/686d4c50-3c3f-4307-b612-2515c9d7e835koke photo.jpg - - - 404 0 - 0.3758ms
[2023-12-22 10:01:49.001 -05:00  INF]  Request starting HTTP/2 GET https://localhost:7047/User/StateList - -
[2023-12-22 10:01:49.001 -05:00  INF]  Executing endpoint 'KopkeHome_WebApp.Controllers.UserController.StateList (KopkeHome_WebApp)'
[2023-12-22 10:01:49.001 -05:00  INF]  Route matched with {action = "StateList", controller = "User"}. Executing controller action with signature System.Threading.Tasks.Task`1[System.Collections.Generic.List`1[KopkeHome_ModelLayer.DataModel.State]] StateList() on controller KopkeHome_WebApp.Controllers.UserController (KopkeHome_WebApp).
[2023-12-22 10:01:49.049 -05:00  INF]  Executing ObjectResult, writing value of type 'System.Collections.Generic.List`1[[KopkeHome_ModelLayer.DataModel.State, KopkeHome-ModelLayer, Version=1.0.0.0, Culture=neutral, PublicKeyToken=null]]'.
[2023-12-22 10:01:49.049 -05:00  INF]  Executed action KopkeHome_WebApp.Controllers.UserController.StateList (KopkeHome_WebApp) in 48.6064ms
[2023-12-22 10:01:49.049 -05:00  INF]  Executed endpoint 'KopkeHome_WebApp.Controllers.UserController.StateList (KopkeHome_WebApp)'
[2023-12-22 10:01:49.050 -05:00  INF]  Request finished HTTP/2 GET https://localhost:7047/User/StateList - - - 200 - application/json;+charset=utf-8 48.9818ms
[2023-12-22 10:03:49.607 -05:00  INF]  Request starting HTTP/2 GET https://localhost:7047/dashboard/businessprofiledetail - -
[2023-12-22 10:03:49.608 -05:00  INF]  Executing endpoint 'KopkeHome_WebApp.Controllers.DashboardController.businessprofiledetail (KopkeHome_WebApp)'
[2023-12-22 10:03:49.608 -05:00  INF]  Route matched with {action = "businessprofiledetail", controller = "Dashboard"}. Executing controller action with signature System.Threading.Tasks.Task`1[Microsoft.AspNetCore.Mvc.IActionResult] businessprofiledetail() on controller KopkeHome_WebApp.Controllers.DashboardController (KopkeHome_WebApp).
[2023-12-22 10:03:49.941 -05:00  INF]  Executing ViewResult, running view businessprofiledetail.
[2023-12-22 10:03:49.943 -05:00  INF]  Executed ViewResult - view businessprofiledetail executed in 2.1689ms.
[2023-12-22 10:03:49.943 -05:00  INF]  Executed action KopkeHome_WebApp.Controllers.DashboardController.businessprofiledetail (KopkeHome_WebApp) in 334.8489ms
[2023-12-22 10:03:49.943 -05:00  INF]  Executed endpoint 'KopkeHome_WebApp.Controllers.DashboardController.businessprofiledetail (KopkeHome_WebApp)'
[2023-12-22 10:03:49.943 -05:00  INF]  Request finished HTTP/2 GET https://localhost:7047/dashboard/businessprofiledetail - - - 200 - text/html;+charset=utf-8 335.6642ms
[2023-12-22 10:03:49.950 -05:00  INF]  Request starting HTTP/2 GET https://localhost:7047/Uploads/686d4c50-3c3f-4307-b612-2515c9d7e835koke photo.jpg - -
[2023-12-22 10:03:49.951 -05:00  INF]  Request finished HTTP/2 GET https://localhost:7047/Uploads/686d4c50-3c3f-4307-b612-2515c9d7e835koke photo.jpg - - - 404 0 - 0.6636ms
[2023-12-22 10:03:49.953 -05:00  INF]  Request starting HTTP/2 GET https://localhost:7047/Uploads/686d4c50-3c3f-4307-b612-2515c9d7e835koke photo.jpg - -
[2023-12-22 10:03:49.954 -05:00  INF]  Request finished HTTP/2 GET https://localhost:7047/Uploads/686d4c50-3c3f-4307-b612-2515c9d7e835koke photo.jpg - - - 404 0 - 0.3540ms
[2023-12-22 10:03:49.979 -05:00  INF]  Request starting HTTP/2 GET https://localhost:7047/User/StateList - -
[2023-12-22 10:03:49.979 -05:00  INF]  Executing endpoint 'KopkeHome_WebApp.Controllers.UserController.StateList (KopkeHome_WebApp)'
[2023-12-22 10:03:49.979 -05:00  INF]  Route matched with {action = "StateList", controller = "User"}. Executing controller action with signature System.Threading.Tasks.Task`1[System.Collections.Generic.List`1[KopkeHome_ModelLayer.DataModel.State]] StateList() on controller KopkeHome_WebApp.Controllers.UserController (KopkeHome_WebApp).
[2023-12-22 10:03:50.032 -05:00  INF]  Executing ObjectResult, writing value of type 'System.Collections.Generic.List`1[[KopkeHome_ModelLayer.DataModel.State, KopkeHome-ModelLayer, Version=1.0.0.0, Culture=neutral, PublicKeyToken=null]]'.
[2023-12-22 10:03:50.033 -05:00  INF]  Executed action KopkeHome_WebApp.Controllers.UserController.StateList (KopkeHome_WebApp) in 53.177ms
[2023-12-22 10:03:50.033 -05:00  INF]  Executed endpoint 'KopkeHome_WebApp.Controllers.UserController.StateList (KopkeHome_WebApp)'
[2023-12-22 10:03:50.033 -05:00  INF]  Request finished HTTP/2 GET https://localhost:7047/User/StateList - - - 200 - application/json;+charset=utf-8 53.9115ms
[2023-12-22 10:03:52.654 -05:00  INF]  Request starting HTTP/2 GET https://localhost:7047/dashboard/othercontractorbusinessprofile - -
[2023-12-22 10:03:52.655 -05:00  INF]  Executing endpoint 'KopkeHome_WebApp.Controllers.DashboardController.OtherContractorBusinessProfile (KopkeHome_WebApp)'
[2023-12-22 10:03:52.655 -05:00  INF]  Route matched with {action = "OtherContractorBusinessProfile", controller = "Dashboard"}. Executing controller action with signature Microsoft.AspNetCore.Mvc.IActionResult OtherContractorBusinessProfile() on controller KopkeHome_WebApp.Controllers.DashboardController (KopkeHome_WebApp).
[2023-12-22 10:03:52.655 -05:00  INF]  Executing ViewResult, running view OtherContractorBusinessProfile.
[2023-12-22 10:03:52.660 -05:00  INF]  Executed ViewResult - view OtherContractorBusinessProfile executed in 4.4213ms.
[2023-12-22 10:03:52.660 -05:00  INF]  Executed action KopkeHome_WebApp.Controllers.DashboardController.OtherContractorBusinessProfile (KopkeHome_WebApp) in 4.8656ms
[2023-12-22 10:03:52.660 -05:00  INF]  Executed endpoint 'KopkeHome_WebApp.Controllers.DashboardController.OtherContractorBusinessProfile (KopkeHome_WebApp)'
[2023-12-22 10:03:52.660 -05:00  INF]  Request finished HTTP/2 GET https://localhost:7047/dashboard/othercontractorbusinessprofile - - - 200 - text/html;+charset=utf-8 5.6259ms
[2023-12-22 10:03:52.665 -05:00  INF]  Request starting HTTP/2 GET https://localhost:7047/Uploads/686d4c50-3c3f-4307-b612-2515c9d7e835koke photo.jpg - -
[2023-12-22 10:03:52.665 -05:00  INF]  Request finished HTTP/2 GET https://localhost:7047/Uploads/686d4c50-3c3f-4307-b612-2515c9d7e835koke photo.jpg - - - 404 0 - 0.3182ms
[2023-12-22 10:03:52.690 -05:00  INF]  Request starting HTTP/2 GET https://localhost:7047/User/StateList - -
[2023-12-22 10:03:52.690 -05:00  INF]  Executing endpoint 'KopkeHome_WebApp.Controllers.UserController.StateList (KopkeHome_WebApp)'
[2023-12-22 10:03:52.690 -05:00  INF]  Route matched with {action = "StateList", controller = "User"}. Executing controller action with signature System.Threading.Tasks.Task`1[System.Collections.Generic.List`1[KopkeHome_ModelLayer.DataModel.State]] StateList() on controller KopkeHome_WebApp.Controllers.UserController (KopkeHome_WebApp).
[2023-12-22 10:03:52.744 -05:00  INF]  Executing ObjectResult, writing value of type 'System.Collections.Generic.List`1[[KopkeHome_ModelLayer.DataModel.State, KopkeHome-ModelLayer, Version=1.0.0.0, Culture=neutral, PublicKeyToken=null]]'.
[2023-12-22 10:03:52.744 -05:00  INF]  Executed action KopkeHome_WebApp.Controllers.UserController.StateList (KopkeHome_WebApp) in 53.6723ms
[2023-12-22 10:03:52.744 -05:00  INF]  Executed endpoint 'KopkeHome_WebApp.Controllers.UserController.StateList (KopkeHome_WebApp)'
[2023-12-22 10:03:52.744 -05:00  INF]  Request finished HTTP/2 GET https://localhost:7047/User/StateList - - - 200 - application/json;+charset=utf-8 54.2564ms
[2023-12-22 10:05:07.079 -05:00  INF]  Request starting HTTP/2 GET https://localhost:7047/dashboard/ViewMembershipPlan - -
[2023-12-22 10:05:07.079 -05:00  INF]  Executing endpoint 'KopkeHome_WebApp.Controllers.DashboardController.ViewMembershipPlan (KopkeHome_WebApp)'
[2023-12-22 10:05:07.081 -05:00  INF]  Route matched with {action = "ViewMembershipPlan", controller = "Dashboard"}. Executing controller action with signature System.Threading.Tasks.Task`1[Microsoft.AspNetCore.Mvc.IActionResult] ViewMembershipPlan() on controller KopkeHome_WebApp.Controllers.DashboardController (KopkeHome_WebApp).
[2023-12-22 10:05:07.300 -05:00  INF]  Executing ViewResult, running view ViewMembershipPlan.
[2023-12-22 10:05:07.311 -05:00  INF]  Executed ViewResult - view ViewMembershipPlan executed in 10.979ms.
[2023-12-22 10:05:07.311 -05:00  INF]  Executed action KopkeHome_WebApp.Controllers.DashboardController.ViewMembershipPlan (KopkeHome_WebApp) in 229.1768ms
[2023-12-22 10:05:07.311 -05:00  INF]  Executed endpoint 'KopkeHome_WebApp.Controllers.DashboardController.ViewMembershipPlan (KopkeHome_WebApp)'
[2023-12-22 10:05:07.311 -05:00  INF]  Request finished HTTP/2 GET https://localhost:7047/dashboard/ViewMembershipPlan - - - 200 - text/html;+charset=utf-8 232.0290ms
[2023-12-22 10:05:07.318 -05:00  INF]  Request starting HTTP/2 GET https://localhost:7047/images/success-gif1.gif - -
[2023-12-22 10:05:07.318 -05:00  INF]  Request starting HTTP/2 GET https://localhost:7047/Uploads/686d4c50-3c3f-4307-b612-2515c9d7e835koke photo.jpg - -
[2023-12-22 10:05:07.318 -05:00  INF]  Request finished HTTP/2 GET https://localhost:7047/Uploads/686d4c50-3c3f-4307-b612-2515c9d7e835koke photo.jpg - - - 404 0 - 0.5286ms
[2023-12-22 10:05:07.322 -05:00  INF]  Request starting HTTP/2 GET https://localhost:7047/Uploads/686d4c50-3c3f-4307-b612-2515c9d7e835koke photo.jpg - -
[2023-12-22 10:05:07.323 -05:00  INF]  Request finished HTTP/2 GET https://localhost:7047/Uploads/686d4c50-3c3f-4307-b612-2515c9d7e835koke photo.jpg - - - 404 0 - 0.3829ms
[2023-12-22 10:05:07.343 -05:00  INF]  Sending file. Request path: '/images/success-gif1.gif'. Physical path: 'E:\AWS Stuff\huevosec\clients\kopke\KopkeHome-FMRS(ltst)\KopkeHome-FMRS\KopkeHome-WebApp\wwwroot\images\success-gif1.gif'
[2023-12-22 10:05:07.343 -05:00  INF]  Request finished HTTP/2 GET https://localhost:7047/images/success-gif1.gif - - - 200 29995 image/gif 25.4350ms
[2023-12-22 10:05:07.348 -05:00  INF]  Request starting HTTP/2 GET https://localhost:7047/User/StateList - -
[2023-12-22 10:05:07.348 -05:00  INF]  Executing endpoint 'KopkeHome_WebApp.Controllers.UserController.StateList (KopkeHome_WebApp)'
[2023-12-22 10:05:07.348 -05:00  INF]  Route matched with {action = "StateList", controller = "User"}. Executing controller action with signature System.Threading.Tasks.Task`1[System.Collections.Generic.List`1[KopkeHome_ModelLayer.DataModel.State]] StateList() on controller KopkeHome_WebApp.Controllers.UserController (KopkeHome_WebApp).
[2023-12-22 10:05:07.401 -05:00  INF]  Executing ObjectResult, writing value of type 'System.Collections.Generic.List`1[[KopkeHome_ModelLayer.DataModel.State, KopkeHome-ModelLayer, Version=1.0.0.0, Culture=neutral, PublicKeyToken=null]]'.
[2023-12-22 10:05:07.401 -05:00  INF]  Executed action KopkeHome_WebApp.Controllers.UserController.StateList (KopkeHome_WebApp) in 52.246ms
[2023-12-22 10:05:07.401 -05:00  INF]  Executed endpoint 'KopkeHome_WebApp.Controllers.UserController.StateList (KopkeHome_WebApp)'
[2023-12-22 10:05:07.401 -05:00  INF]  Request finished HTTP/2 GET https://localhost:7047/User/StateList - - - 200 - application/json;+charset=utf-8 53.0493ms
[2023-12-22 10:08:32.916 -05:00  INF]  Request starting HTTP/2 GET https://localhost:7047/dashboard - -
[2023-12-22 10:08:32.916 -05:00  INF]  Executing endpoint 'KopkeHome_WebApp.Controllers.DashboardController.Index (KopkeHome_WebApp)'
[2023-12-22 10:08:32.916 -05:00  INF]  Route matched with {action = "Index", controller = "Dashboard"}. Executing controller action with signature System.Threading.Tasks.Task`1[Microsoft.AspNetCore.Mvc.IActionResult] Index() on controller KopkeHome_WebApp.Controllers.DashboardController (KopkeHome_WebApp).
[2023-12-22 10:08:32.923 -05:00  INF]  Executing ViewResult, running view Index.
[2023-12-22 10:08:32.926 -05:00  INF]  Executed ViewResult - view Index executed in 2.6282ms.
[2023-12-22 10:08:32.926 -05:00  INF]  Executed action KopkeHome_WebApp.Controllers.DashboardController.Index (KopkeHome_WebApp) in 9.3728ms
[2023-12-22 10:08:32.926 -05:00  INF]  Executed endpoint 'KopkeHome_WebApp.Controllers.DashboardController.Index (KopkeHome_WebApp)'
[2023-12-22 10:08:32.926 -05:00  INF]  Request finished HTTP/2 GET https://localhost:7047/dashboard - - - 200 - text/html;+charset=utf-8 10.0613ms
[2023-12-22 10:08:32.932 -05:00  INF]  Request starting HTTP/2 GET https://localhost:7047/Uploads/686d4c50-3c3f-4307-b612-2515c9d7e835koke photo.jpg - -
[2023-12-22 10:08:32.932 -05:00  INF]  Request finished HTTP/2 GET https://localhost:7047/Uploads/686d4c50-3c3f-4307-b612-2515c9d7e835koke photo.jpg - - - 404 0 - 0.4619ms
[2023-12-22 10:08:32.936 -05:00  INF]  Request starting HTTP/2 GET https://localhost:7047/Uploads/686d4c50-3c3f-4307-b612-2515c9d7e835koke photo.jpg - -
[2023-12-22 10:08:32.937 -05:00  INF]  Request finished HTTP/2 GET https://localhost:7047/Uploads/686d4c50-3c3f-4307-b612-2515c9d7e835koke photo.jpg - - - 404 0 - 0.3695ms
[2023-12-22 10:08:35.799 -05:00  INF]  Request starting HTTP/2 POST https://localhost:7047/Dashboard/ZipcodeList application/x-www-form-urlencoded;+charset=UTF-8 200
[2023-12-22 10:08:35.799 -05:00  INF]  CORS policy execution successful.
[2023-12-22 10:08:35.799 -05:00  INF]  Executing endpoint 'KopkeHome_WebApp.Controllers.DashboardController.ZipcodeList (KopkeHome_WebApp)'
[2023-12-22 10:08:35.800 -05:00  INF]  Route matched with {action = "ZipcodeList", controller = "Dashboard"}. Executing controller action with signature System.Threading.Tasks.Task`1[System.Collections.Generic.List`1[KopkeHome_ModelLayer.DataModel.ZipCode]] ZipcodeList(System.String, System.String) on controller KopkeHome_WebApp.Controllers.DashboardController (KopkeHome_WebApp).
[2023-12-22 10:08:35.939 -05:00  INF]  Executing ObjectResult, writing value of type 'System.Collections.Generic.List`1[[KopkeHome_ModelLayer.DataModel.ZipCode, KopkeHome-ModelLayer, Version=1.0.0.0, Culture=neutral, PublicKeyToken=null]]'.
[2023-12-22 10:08:35.939 -05:00  INF]  Executed action KopkeHome_WebApp.Controllers.DashboardController.ZipcodeList (KopkeHome_WebApp) in 139.6743ms
[2023-12-22 10:08:35.940 -05:00  INF]  Executed endpoint 'KopkeHome_WebApp.Controllers.DashboardController.ZipcodeList (KopkeHome_WebApp)'
[2023-12-22 10:08:35.940 -05:00  INF]  Request finished HTTP/2 POST https://localhost:7047/Dashboard/ZipcodeList application/x-www-form-urlencoded;+charset=UTF-8 200 - 200 - application/json;+charset=utf-8 140.5454ms
[2023-12-22 10:08:55.382 -05:00  INF]  Request starting HTTP/2 POST https://localhost:7047/Dashboard/CategoriesList application/x-www-form-urlencoded;+charset=UTF-8 222
[2023-12-22 10:08:55.382 -05:00  INF]  CORS policy execution successful.
[2023-12-22 10:08:55.382 -05:00  INF]  Executing endpoint 'KopkeHome_WebApp.Controllers.DashboardController.CategoriesList (KopkeHome_WebApp)'
[2023-12-22 10:08:55.382 -05:00  INF]  Route matched with {action = "CategoriesList", controller = "Dashboard"}. Executing controller action with signature System.Threading.Tasks.Task`1[System.Collections.Generic.List`1[KopkeHome_ModelLayer.DataModel.Categories]] CategoriesList(System.String, System.String) on controller KopkeHome_WebApp.Controllers.DashboardController (KopkeHome_WebApp).
[2023-12-22 10:08:55.569 -05:00  INF]  Executing ObjectResult, writing value of type 'System.Collections.Generic.List`1[[KopkeHome_ModelLayer.DataModel.Categories, KopkeHome-ModelLayer, Version=1.0.0.0, Culture=neutral, PublicKeyToken=null]]'.
[2023-12-22 10:08:55.569 -05:00  INF]  Executed action KopkeHome_WebApp.Controllers.DashboardController.CategoriesList (KopkeHome_WebApp) in 186.8283ms
[2023-12-22 10:08:55.569 -05:00  INF]  Executed endpoint 'KopkeHome_WebApp.Controllers.DashboardController.CategoriesList (KopkeHome_WebApp)'
[2023-12-22 10:08:55.569 -05:00  INF]  Request finished HTTP/2 POST https://localhost:7047/Dashboard/CategoriesList application/x-www-form-urlencoded;+charset=UTF-8 222 - 200 - application/json;+charset=utf-8 187.6547ms
[2023-12-22 10:08:56.466 -05:00  INF]  Request starting HTTP/2 GET https://localhost:7047/Dashboard/SearchContractors?UserId=6&ZipCode=48312&Categories=Flooring+Companies - -
[2023-12-22 10:08:56.466 -05:00  INF]  Executing endpoint 'KopkeHome_WebApp.Controllers.DashboardController.SearchContractors (KopkeHome_WebApp)'
[2023-12-22 10:08:56.466 -05:00  INF]  Route matched with {action = "SearchContractors", controller = "Dashboard"}. Executing controller action with signature System.Threading.Tasks.Task`1[Microsoft.AspNetCore.Mvc.IActionResult] SearchContractors(KopkeHome_ModelLayer.ViewModels.DashboardViewModels.SearchContractorsViewModel) on controller KopkeHome_WebApp.Controllers.DashboardController (KopkeHome_WebApp).
[2023-12-22 10:08:56.946 -05:00  INF]  Executing ViewResult, running view Index.
[2023-12-22 10:08:56.948 -05:00  INF]  Executed ViewResult - view Index executed in 2.6938ms.
[2023-12-22 10:08:56.948 -05:00  INF]  Executed action KopkeHome_WebApp.Controllers.DashboardController.SearchContractors (KopkeHome_WebApp) in 481.8615ms
[2023-12-22 10:08:56.948 -05:00  INF]  Executed endpoint 'KopkeHome_WebApp.Controllers.DashboardController.SearchContractors (KopkeHome_WebApp)'
[2023-12-22 10:08:56.948 -05:00  INF]  Request finished HTTP/2 GET https://localhost:7047/Dashboard/SearchContractors?UserId=6&ZipCode=48312&Categories=Flooring+Companies - - - 200 - text/html;+charset=utf-8 482.6289ms
[2023-12-22 10:08:56.957 -05:00  INF]  Request starting HTTP/2 GET https://localhost:7047/Uploads/686d4c50-3c3f-4307-b612-2515c9d7e835koke photo.jpg - -
[2023-12-22 10:08:56.959 -05:00  INF]  Request finished HTTP/2 GET https://localhost:7047/Uploads/686d4c50-3c3f-4307-b612-2515c9d7e835koke photo.jpg - - - 404 0 - 1.4856ms
[2023-12-22 10:08:56.959 -05:00  INF]  Request starting HTTP/2 GET https://localhost:7047/Uploads/10218485-4c55-4d5c-a357-0fe275c9806ePicture of Dave.JPG - -
[2023-12-22 10:08:56.959 -05:00  INF]  Request finished HTTP/2 GET https://localhost:7047/Uploads/10218485-4c55-4d5c-a357-0fe275c9806ePicture of Dave.JPG - - - 404 0 - 0.3830ms
[2023-12-22 10:09:49.861 -05:00  INF]  Request starting HTTP/2 GET https://localhost:7047/Dashboard/GetContractorDetails?edit=8 - -
[2023-12-22 10:09:49.862 -05:00  INF]  Executing endpoint 'KopkeHome_WebApp.Controllers.DashboardController.GetContractorDetails (KopkeHome_WebApp)'
[2023-12-22 10:09:49.865 -05:00  INF]  Route matched with {action = "GetContractorDetails", controller = "Dashboard"}. Executing controller action with signature System.Threading.Tasks.Task`1[Microsoft.AspNetCore.Mvc.IActionResult] GetContractorDetails(System.String) on controller KopkeHome_WebApp.Controllers.DashboardController (KopkeHome_WebApp).
[2023-12-22 10:09:50.250 -05:00  INF]  Executing JsonResult, writing value of type 'System.Int32'.
[2023-12-22 10:09:50.250 -05:00  INF]  Executed action KopkeHome_WebApp.Controllers.DashboardController.GetContractorDetails (KopkeHome_WebApp) in 385.5348ms
[2023-12-22 10:09:50.251 -05:00  INF]  Executed endpoint 'KopkeHome_WebApp.Controllers.DashboardController.GetContractorDetails (KopkeHome_WebApp)'
[2023-12-22 10:09:50.251 -05:00  INF]  Request finished HTTP/2 GET https://localhost:7047/Dashboard/GetContractorDetails?edit=8 - - - 200 - application/json;+charset=utf-8 389.3690ms
[2023-12-22 10:09:50.254 -05:00  INF]  Request starting HTTP/2 GET https://localhost:7047/Dashboard/contractorsdetails - -
[2023-12-22 10:09:50.254 -05:00  INF]  Executing endpoint 'KopkeHome_WebApp.Controllers.DashboardController.contractorsdetails (KopkeHome_WebApp)'
[2023-12-22 10:09:50.255 -05:00  INF]  Route matched with {action = "contractorsdetails", controller = "Dashboard"}. Executing controller action with signature Microsoft.AspNetCore.Mvc.IActionResult contractorsdetails() on controller KopkeHome_WebApp.Controllers.DashboardController (KopkeHome_WebApp).
[2023-12-22 10:09:50.260 -05:00  INF]  Executing ViewResult, running view contractorsdetails.
[2023-12-22 10:09:50.276 -05:00  INF]  Executed ViewResult - view contractorsdetails executed in 17.2409ms.
[2023-12-22 10:09:50.276 -05:00  INF]  Executed action KopkeHome_WebApp.Controllers.DashboardController.contractorsdetails (KopkeHome_WebApp) in 20.7635ms
[2023-12-22 10:09:50.276 -05:00  INF]  Executed endpoint 'KopkeHome_WebApp.Controllers.DashboardController.contractorsdetails (KopkeHome_WebApp)'
[2023-12-22 10:09:50.276 -05:00  INF]  Request finished HTTP/2 GET https://localhost:7047/Dashboard/contractorsdetails - - - 200 - text/html;+charset=utf-8 22.8949ms
[2023-12-22 10:09:50.282 -05:00  INF]  Request starting HTTP/2 GET https://localhost:7047/Uploads/686d4c50-3c3f-4307-b612-2515c9d7e835koke photo.jpg - -
[2023-12-22 10:09:50.282 -05:00  INF]  Request starting HTTP/2 GET https://localhost:7047/Uploads/10218485-4c55-4d5c-a357-0fe275c9806ePicture of Dave.JPG - -
[2023-12-22 10:09:50.283 -05:00  INF]  Request finished HTTP/2 GET https://localhost:7047/Uploads/686d4c50-3c3f-4307-b612-2515c9d7e835koke photo.jpg - - - 404 0 - 0.2420ms
[2023-12-22 10:09:50.283 -05:00  INF]  Request finished HTTP/2 GET https://localhost:7047/Uploads/10218485-4c55-4d5c-a357-0fe275c9806ePicture of Dave.JPG - - - 404 0 - 0.5663ms
[2023-12-22 10:09:50.287 -05:00  INF]  Request starting HTTP/2 GET https://localhost:7047/Uploads/686d4c50-3c3f-4307-b612-2515c9d7e835koke photo.jpg - -
[2023-12-22 10:09:50.287 -05:00  INF]  Request finished HTTP/2 GET https://localhost:7047/Uploads/686d4c50-3c3f-4307-b612-2515c9d7e835koke photo.jpg - - - 404 0 - 0.2344ms
[2023-12-22 10:09:50.319 -05:00  INF]  Request starting HTTP/2 GET https://localhost:7047/User/StateList - -
[2023-12-22 10:09:50.319 -05:00  INF]  Executing endpoint 'KopkeHome_WebApp.Controllers.UserController.StateList (KopkeHome_WebApp)'
[2023-12-22 10:09:50.319 -05:00  INF]  Route matched with {action = "StateList", controller = "User"}. Executing controller action with signature System.Threading.Tasks.Task`1[System.Collections.Generic.List`1[KopkeHome_ModelLayer.DataModel.State]] StateList() on controller KopkeHome_WebApp.Controllers.UserController (KopkeHome_WebApp).
[2023-12-22 10:09:50.369 -05:00  INF]  Executing ObjectResult, writing value of type 'System.Collections.Generic.List`1[[KopkeHome_ModelLayer.DataModel.State, KopkeHome-ModelLayer, Version=1.0.0.0, Culture=neutral, PublicKeyToken=null]]'.
[2023-12-22 10:09:50.369 -05:00  INF]  Executed action KopkeHome_WebApp.Controllers.UserController.StateList (KopkeHome_WebApp) in 49.859ms
[2023-12-22 10:09:50.369 -05:00  INF]  Executed endpoint 'KopkeHome_WebApp.Controllers.UserController.StateList (KopkeHome_WebApp)'
[2023-12-22 10:09:50.369 -05:00  INF]  Request finished HTTP/2 GET https://localhost:7047/User/StateList - - - 200 - application/json;+charset=utf-8 50.3248ms
[2023-12-22 10:10:36.951 -05:00  INF]  Request starting HTTP/2 GET https://localhost:7047/dashboard/businessprofiledetail - -
[2023-12-22 10:10:36.951 -05:00  INF]  Executing endpoint 'KopkeHome_WebApp.Controllers.DashboardController.businessprofiledetail (KopkeHome_WebApp)'
[2023-12-22 10:10:36.952 -05:00  INF]  Route matched with {action = "businessprofiledetail", controller = "Dashboard"}. Executing controller action with signature System.Threading.Tasks.Task`1[Microsoft.AspNetCore.Mvc.IActionResult] businessprofiledetail() on controller KopkeHome_WebApp.Controllers.DashboardController (KopkeHome_WebApp).
[2023-12-22 10:10:37.274 -05:00  INF]  Executing ViewResult, running view businessprofiledetail.
[2023-12-22 10:10:37.276 -05:00  INF]  Executed ViewResult - view businessprofiledetail executed in 1.9541ms.
[2023-12-22 10:10:37.276 -05:00  INF]  Executed action KopkeHome_WebApp.Controllers.DashboardController.businessprofiledetail (KopkeHome_WebApp) in 324.0572ms
[2023-12-22 10:10:37.276 -05:00  INF]  Executed endpoint 'KopkeHome_WebApp.Controllers.DashboardController.businessprofiledetail (KopkeHome_WebApp)'
[2023-12-22 10:10:37.276 -05:00  INF]  Request finished HTTP/2 GET https://localhost:7047/dashboard/businessprofiledetail - - - 200 - text/html;+charset=utf-8 324.7656ms
[2023-12-22 10:10:37.281 -05:00  INF]  Request starting HTTP/2 GET https://localhost:7047/Uploads/686d4c50-3c3f-4307-b612-2515c9d7e835koke photo.jpg - -
[2023-12-22 10:10:37.282 -05:00  INF]  Request finished HTTP/2 GET https://localhost:7047/Uploads/686d4c50-3c3f-4307-b612-2515c9d7e835koke photo.jpg - - - 404 0 - 0.2482ms
[2023-12-22 10:10:37.284 -05:00  INF]  Request starting HTTP/2 GET https://localhost:7047/Uploads/686d4c50-3c3f-4307-b612-2515c9d7e835koke photo.jpg - -
[2023-12-22 10:10:37.285 -05:00  INF]  Request finished HTTP/2 GET https://localhost:7047/Uploads/686d4c50-3c3f-4307-b612-2515c9d7e835koke photo.jpg - - - 404 0 - 0.5454ms
[2023-12-22 10:10:37.308 -05:00  INF]  Request starting HTTP/2 GET https://localhost:7047/User/StateList - -
[2023-12-22 10:10:37.308 -05:00  INF]  Executing endpoint 'KopkeHome_WebApp.Controllers.UserController.StateList (KopkeHome_WebApp)'
[2023-12-22 10:10:37.309 -05:00  INF]  Route matched with {action = "StateList", controller = "User"}. Executing controller action with signature System.Threading.Tasks.Task`1[System.Collections.Generic.List`1[KopkeHome_ModelLayer.DataModel.State]] StateList() on controller KopkeHome_WebApp.Controllers.UserController (KopkeHome_WebApp).
[2023-12-22 10:10:37.366 -05:00  INF]  Executing ObjectResult, writing value of type 'System.Collections.Generic.List`1[[KopkeHome_ModelLayer.DataModel.State, KopkeHome-ModelLayer, Version=1.0.0.0, Culture=neutral, PublicKeyToken=null]]'.
[2023-12-22 10:10:37.366 -05:00  INF]  Executed action KopkeHome_WebApp.Controllers.UserController.StateList (KopkeHome_WebApp) in 57.4036ms
[2023-12-22 10:10:37.366 -05:00  INF]  Executed endpoint 'KopkeHome_WebApp.Controllers.UserController.StateList (KopkeHome_WebApp)'
[2023-12-22 10:10:37.366 -05:00  INF]  Request finished HTTP/2 GET https://localhost:7047/User/StateList - - - 200 - application/json;+charset=utf-8 58.0391ms
[2023-12-22 10:10:43.885 -05:00  INF]  Request starting HTTP/2 GET https://localhost:7047/Dashboard/contractorsdetails - -
[2023-12-22 10:10:43.886 -05:00  INF]  Executing endpoint 'KopkeHome_WebApp.Controllers.DashboardController.contractorsdetails (KopkeHome_WebApp)'
[2023-12-22 10:10:43.886 -05:00  INF]  Route matched with {action = "contractorsdetails", controller = "Dashboard"}. Executing controller action with signature Microsoft.AspNetCore.Mvc.IActionResult contractorsdetails() on controller KopkeHome_WebApp.Controllers.DashboardController (KopkeHome_WebApp).
[2023-12-22 10:10:43.886 -05:00  INF]  Executing ViewResult, running view contractorsdetails.
[2023-12-22 10:10:43.888 -05:00  INF]  Executed ViewResult - view contractorsdetails executed in 1.7308ms.
[2023-12-22 10:10:43.888 -05:00  INF]  Executed action KopkeHome_WebApp.Controllers.DashboardController.contractorsdetails (KopkeHome_WebApp) in 2.1482ms
[2023-12-22 10:10:43.888 -05:00  INF]  Executed endpoint 'KopkeHome_WebApp.Controllers.DashboardController.contractorsdetails (KopkeHome_WebApp)'
[2023-12-22 10:10:43.888 -05:00  INF]  Request finished HTTP/2 GET https://localhost:7047/Dashboard/contractorsdetails - - - 200 - text/html;+charset=utf-8 2.8117ms
[2023-12-22 10:17:09.410 -05:00  INF]  Request starting HTTP/2 GET https://localhost:7047/Dashboard/SearchContractors?UserId=6&ZipCode=48312&Categories=Flooring+Companies - -
[2023-12-22 10:17:09.411 -05:00  INF]  Executing endpoint 'KopkeHome_WebApp.Controllers.DashboardController.SearchContractors (KopkeHome_WebApp)'
[2023-12-22 10:17:09.411 -05:00  INF]  Route matched with {action = "SearchContractors", controller = "Dashboard"}. Executing controller action with signature System.Threading.Tasks.Task`1[Microsoft.AspNetCore.Mvc.IActionResult] SearchContractors(KopkeHome_ModelLayer.ViewModels.DashboardViewModels.SearchContractorsViewModel) on controller KopkeHome_WebApp.Controllers.DashboardController (KopkeHome_WebApp).
[2023-12-22 10:17:10.137 -05:00  INF]  Executing ViewResult, running view Index.
[2023-12-22 10:17:10.140 -05:00  INF]  Executed ViewResult - view Index executed in 2.926ms.
[2023-12-22 10:17:10.140 -05:00  INF]  Executed action KopkeHome_WebApp.Controllers.DashboardController.SearchContractors (KopkeHome_WebApp) in 729.4009ms
[2023-12-22 10:17:10.140 -05:00  INF]  Executed endpoint 'KopkeHome_WebApp.Controllers.DashboardController.SearchContractors (KopkeHome_WebApp)'
[2023-12-22 10:17:10.140 -05:00  INF]  Request finished HTTP/2 GET https://localhost:7047/Dashboard/SearchContractors?UserId=6&ZipCode=48312&Categories=Flooring+Companies - - - 200 - text/html;+charset=utf-8 730.2021ms
[2023-12-22 10:17:22.961 -05:00  INF]  Request starting HTTP/2 GET https://localhost:7047/dashboard/businessprofiledetail - -
[2023-12-22 10:17:22.961 -05:00  INF]  Executing endpoint 'KopkeHome_WebApp.Controllers.DashboardController.businessprofiledetail (KopkeHome_WebApp)'
[2023-12-22 10:17:22.961 -05:00  INF]  Route matched with {action = "businessprofiledetail", controller = "Dashboard"}. Executing controller action with signature System.Threading.Tasks.Task`1[Microsoft.AspNetCore.Mvc.IActionResult] businessprofiledetail() on controller KopkeHome_WebApp.Controllers.DashboardController (KopkeHome_WebApp).
[2023-12-22 10:17:23.277 -05:00  INF]  Executing ViewResult, running view businessprofiledetail.
[2023-12-22 10:17:23.279 -05:00  INF]  Executed ViewResult - view businessprofiledetail executed in 2.124ms.
[2023-12-22 10:17:23.279 -05:00  INF]  Executed action KopkeHome_WebApp.Controllers.DashboardController.businessprofiledetail (KopkeHome_WebApp) in 318.1837ms
[2023-12-22 10:17:23.279 -05:00  INF]  Executed endpoint 'KopkeHome_WebApp.Controllers.DashboardController.businessprofiledetail (KopkeHome_WebApp)'
[2023-12-22 10:17:23.280 -05:00  INF]  Request finished HTTP/2 GET https://localhost:7047/dashboard/businessprofiledetail - - - 200 - text/html;+charset=utf-8 318.9100ms
[2023-12-22 10:17:23.285 -05:00  INF]  Request starting HTTP/2 GET https://localhost:7047/Uploads/686d4c50-3c3f-4307-b612-2515c9d7e835koke photo.jpg - -
[2023-12-22 10:17:23.286 -05:00  INF]  Request finished HTTP/2 GET https://localhost:7047/Uploads/686d4c50-3c3f-4307-b612-2515c9d7e835koke photo.jpg - - - 404 0 - 0.6680ms
[2023-12-22 10:17:23.310 -05:00  INF]  Request starting HTTP/2 GET https://localhost:7047/User/StateList - -
[2023-12-22 10:17:23.310 -05:00  INF]  Executing endpoint 'KopkeHome_WebApp.Controllers.UserController.StateList (KopkeHome_WebApp)'
[2023-12-22 10:17:23.311 -05:00  INF]  Route matched with {action = "StateList", controller = "User"}. Executing controller action with signature System.Threading.Tasks.Task`1[System.Collections.Generic.List`1[KopkeHome_ModelLayer.DataModel.State]] StateList() on controller KopkeHome_WebApp.Controllers.UserController (KopkeHome_WebApp).
[2023-12-22 10:17:23.362 -05:00  INF]  Executing ObjectResult, writing value of type 'System.Collections.Generic.List`1[[KopkeHome_ModelLayer.DataModel.State, KopkeHome-ModelLayer, Version=1.0.0.0, Culture=neutral, PublicKeyToken=null]]'.
[2023-12-22 10:17:23.362 -05:00  INF]  Executed action KopkeHome_WebApp.Controllers.UserController.StateList (KopkeHome_WebApp) in 51.2569ms
[2023-12-22 10:17:23.362 -05:00  INF]  Executed endpoint 'KopkeHome_WebApp.Controllers.UserController.StateList (KopkeHome_WebApp)'
[2023-12-22 10:17:23.362 -05:00  INF]  Request finished HTTP/2 GET https://localhost:7047/User/StateList - - - 200 - application/json;+charset=utf-8 52.0145ms
[2023-12-22 10:21:26.385 -05:00  INF]  Application is shutting down...
